2025-07-13 23:47:50 - INFO - Logging initialized. Log file: logs\pinterest_multilevel_20250713_234750.log
2025-07-13 23:47:50 - INFO - Loaded 217 processed pins from history
2025-07-13 23:47:50 - INFO - Pinterest Multi-Level Scraper initialized
2025-07-13 23:47:50 - INFO - Found 217 previously processed pins
2025-07-13 23:47:50 - INFO - 🚀 Starting Pinterest Multi-Level Scraper
2025-07-13 23:47:50 - INFO - Keyword: 'Mexico Docs', Main pins: 5, Similar per main: 2
2025-07-13 23:47:50 - INFO - 🚀 Starting pin collection
2025-07-13 23:47:50 - INFO - 🔍 STEP 1: Getting 5 main pins for keyword: 'Mexico Docs'
2025-07-13 23:47:50 - DEBUG - Search URL: https://www.pinterest.com/search/pins/?q=Mexico+Docs
2025-07-13 23:47:51 - INFO - Navigating to search page
2025-07-13 23:47:55 - INFO - Setting page zoom to 25%
2025-07-13 23:47:56 - INFO - Waiting for page to fully load...
2025-07-13 23:47:56 - DEBUG - Waiting for page to be fully loaded...
2025-07-13 23:47:56 - DEBUG - DOM content loaded
2025-07-13 23:48:00 - DEBUG - Network idle achieved
2025-07-13 23:48:00 - DEBUG - Found selector: div[data-test-id='pin']
2025-07-13 23:48:02 - DEBUG - Page loading complete
2025-07-13 23:48:05 - DEBUG - Extracting main pin URLs from search page
2025-07-13 23:48:05 - DEBUG - Extracting pin ID from URL: https://www.pinterest.com/pin/579205202120185045/
2025-07-13 23:48:05 - DEBUG - Extracted pin ID (standard format): 579205202120185045
2025-07-13 23:48:05 - DEBUG - Extracting pin ID from URL: https://www.pinterest.com/pin/579205202120185045/
2025-07-13 23:48:05 - DEBUG - Extracted pin ID (standard format): 579205202120185045
2025-07-13 23:48:05 - DEBUG - Extracting pin ID from URL: https://www.pinterest.com/pin/37788084368666521/
2025-07-13 23:48:05 - DEBUG - Extracted pin ID (standard format): 37788084368666521
2025-07-13 23:48:05 - DEBUG - Extracting pin ID from URL: https://www.pinterest.com/pin/37788084368666521/
2025-07-13 23:48:05 - DEBUG - Extracted pin ID (standard format): 37788084368666521
2025-07-13 23:48:05 - DEBUG - Extracting pin ID from URL: https://www.pinterest.com/pin/308426274498905068/
2025-07-13 23:48:05 - DEBUG - Extracted pin ID (standard format): 308426274498905068
2025-07-13 23:48:05 - DEBUG - Extracting pin ID from URL: https://www.pinterest.com/pin/308426274498905068/
2025-07-13 23:48:05 - DEBUG - Extracted pin ID (standard format): 308426274498905068
2025-07-13 23:48:05 - DEBUG - Extracting pin ID from URL: https://www.pinterest.com/pin/205476801744462258/
2025-07-13 23:48:05 - DEBUG - Extracted pin ID (standard format): 205476801744462258
2025-07-13 23:48:05 - DEBUG - Extracting pin ID from URL: https://www.pinterest.com/pin/205476801744462258/
2025-07-13 23:48:05 - DEBUG - Extracted pin ID (standard format): 205476801744462258
2025-07-13 23:48:05 - DEBUG - Extracting pin ID from URL: https://www.pinterest.com/pin/844493672599093/
2025-07-13 23:48:05 - DEBUG - Extracted pin ID (standard format): 844493672599093
2025-07-13 23:48:05 - INFO - ✅ Successfully extracted 5 main pin URLs
2025-07-13 23:48:06 - INFO - 🔍 STEP 2: Getting similar pins from 5 main pins
2025-07-13 23:48:06 - DEBUG - Extracting pin ID from URL: https://www.pinterest.com/pin/844493672599093/
2025-07-13 23:48:06 - DEBUG - Extracted pin ID (standard format): 844493672599093
2025-07-13 23:48:06 - INFO - Processing main pin: 844493672599093
2025-07-13 23:48:06 - DEBUG - Extracting pin ID from URL: https://www.pinterest.com/pin/844493672599093/
2025-07-13 23:48:06 - DEBUG - Extracted pin ID (standard format): 844493672599093
2025-07-13 23:48:06 - DEBUG - Getting similar pins from pin 844493672599093
2025-07-13 23:48:07 - DEBUG - Navigating to pin page: https://www.pinterest.com/pin/844493672599093/
2025-07-13 23:48:08 - DEBUG - Waiting for page to be fully loaded...
2025-07-13 23:48:08 - DEBUG - DOM content loaded
2025-07-13 23:48:28 - DEBUG - Network idle timeout: Timeout 20000ms exceeded.
2025-07-13 23:48:29 - DEBUG - Found selector: div[data-test-id='pin']
2025-07-13 23:48:31 - DEBUG - Page loading complete
2025-07-13 23:48:33 - DEBUG - Extracting pin ID from URL: https://www.pinterest.com/pin/844493672599093/repin/
2025-07-13 23:48:33 - DEBUG - Extracted pin ID (standard format): 844493672599093
2025-07-13 23:48:33 - DEBUG - Extracting pin ID from URL: https://www.pinterest.com/pin/20969954511686421/
2025-07-13 23:48:33 - DEBUG - Extracted pin ID (standard format): 20969954511686421
2025-07-13 23:48:33 - DEBUG - Extracting pin ID from URL: https://www.pinterest.com/pin/20969954511686421/
2025-07-13 23:48:33 - DEBUG - Extracted pin ID (standard format): 20969954511686421
2025-07-13 23:48:33 - DEBUG - Extracting pin ID from URL: https://www.pinterest.com/pin/413064597092624602/
2025-07-13 23:48:33 - DEBUG - Extracted pin ID (standard format): 413064597092624602
2025-07-13 23:48:33 - DEBUG - Extracting pin ID from URL: https://www.pinterest.com/pin/413064597092624602/
2025-07-13 23:48:33 - DEBUG - Extracted pin ID (standard format): 413064597092624602
2025-07-13 23:48:33 - DEBUG - Extracting pin ID from URL: https://www.pinterest.com/pin/57139489017200072/
2025-07-13 23:48:33 - DEBUG - Extracted pin ID (standard format): 57139489017200072
2025-07-13 23:48:33 - DEBUG - Extracting pin ID from URL: https://www.pinterest.com/pin/57139489017200072/
2025-07-13 23:48:33 - DEBUG - Extracted pin ID (standard format): 57139489017200072
2025-07-13 23:48:33 - DEBUG - Extracting pin ID from URL: https://www.pinterest.com/pin/doc-martens--844493672561241/
2025-07-13 23:48:33 - DEBUG - Extracted pin ID (description format): 844493672561241
2025-07-13 23:48:33 - DEBUG - Extracting pin ID from URL: https://www.pinterest.com/pin/doc-martens--844493672561241/
2025-07-13 23:48:33 - DEBUG - Extracted pin ID (description format): 844493672561241
2025-07-13 23:48:33 - DEBUG - Extracting pin ID from URL: https://www.pinterest.com/pin/60235713760233863/
2025-07-13 23:48:33 - DEBUG - Extracted pin ID (standard format): 60235713760233863
2025-07-13 23:48:33 - DEBUG - Extracting pin ID from URL: https://www.pinterest.com/pin/60235713760233863/
2025-07-13 23:48:33 - DEBUG - Extracted pin ID (standard format): 60235713760233863
2025-07-13 23:48:33 - DEBUG - Extracting pin ID from URL: https://www.pinterest.com/pin/my-style-in-2025--15551561209026788/
2025-07-13 23:48:33 - DEBUG - Extracted pin ID (description format): 15551561209026788
2025-07-13 23:48:33 - DEBUG - Extracting pin ID from URL: https://www.pinterest.com/pin/my-style-in-2025--15551561209026788/
2025-07-13 23:48:33 - DEBUG - Extracted pin ID (description format): 15551561209026788
2025-07-13 23:48:33 - DEBUG - Extracting pin ID from URL: https://www.pinterest.com/pin/2181499812591705/
2025-07-13 23:48:33 - DEBUG - Extracted pin ID (standard format): 2181499812591705
2025-07-13 23:48:33 - DEBUG - Extracting pin ID from URL: https://www.pinterest.com/pin/2181499812591705/
2025-07-13 23:48:33 - DEBUG - Extracted pin ID (standard format): 2181499812591705
2025-07-13 23:48:33 - DEBUG - Extracting pin ID from URL: https://www.pinterest.com/pin/1548181181634169/
2025-07-13 23:48:33 - DEBUG - Extracted pin ID (standard format): 1548181181634169
2025-07-13 23:48:33 - DEBUG - Extracting pin ID from URL: https://www.pinterest.com/pin/1548181181634169/
2025-07-13 23:48:33 - DEBUG - Extracted pin ID (standard format): 1548181181634169
2025-07-13 23:48:33 - DEBUG - Extracting pin ID from URL: https://www.pinterest.com/pin/149041068913695270/
2025-07-13 23:48:33 - DEBUG - Extracted pin ID (standard format): 149041068913695270
2025-07-13 23:48:33 - DEBUG - Extracting pin ID from URL: https://www.pinterest.com/pin/149041068913695270/
2025-07-13 23:48:33 - DEBUG - Extracted pin ID (standard format): 149041068913695270
2025-07-13 23:48:33 - DEBUG - Extracting pin ID from URL: https://www.pinterest.com/pin/351912466462651/
2025-07-13 23:48:33 - DEBUG - Extracted pin ID (standard format): 351912466462651
2025-07-13 23:48:33 - DEBUG - Extracting pin ID from URL: https://www.pinterest.com/pin/351912466462651/
2025-07-13 23:48:33 - DEBUG - Extracted pin ID (standard format): 351912466462651
2025-07-13 23:48:33 - DEBUG - Extracting pin ID from URL: https://www.pinterest.com/pin/151785449936741171/
2025-07-13 23:48:33 - DEBUG - Extracted pin ID (standard format): 151785449936741171
2025-07-13 23:48:33 - DEBUG - Extracting pin ID from URL: https://www.pinterest.com/pin/151785449936741171/
2025-07-13 23:48:33 - DEBUG - Extracted pin ID (standard format): 151785449936741171
2025-07-13 23:48:36 - DEBUG - Found 2 similar pins for pin 844493672599093
2025-07-13 23:48:36 - DEBUG - Added 2 new similar pins from main pin 844493672599093
2025-07-13 23:48:37 - ERROR - Critical error in run method: Set changed size during iteration
2025-07-13 23:48:37 - INFO - === MULTI-LEVEL SCRAPING COMPLETED ===
2025-07-13 23:48:37 - INFO - Duration: 0:00:47.148702
2025-07-13 23:48:37 - INFO - Main pins found: 5
2025-07-13 23:48:37 - INFO - Similar pins found: 0
2025-07-13 23:48:37 - INFO - Total unique pins: 0
2025-07-13 23:48:37 - INFO - Successful downloads: 0
2025-07-13 23:48:37 - INFO - Skipped duplicates: 0
2025-07-13 23:48:37 - INFO - Failed downloads: 0
2025-07-13 23:48:37 - INFO - Total processed pins in history: 217
