2025-07-14 12:49:15 - INFO - Logging initialized. Log file: logs\pinterest_multilevel_20250714_124915.log
2025-07-14 12:49:15 - INFO - Loaded 90 processed pins from history
2025-07-14 12:49:15 - INFO - Pinterest Multi-Level Scraper initialized
2025-07-14 12:49:15 - INFO - Found 90 previously processed pins
2025-07-14 12:49:15 - INFO - 🚀 Starting Pinterest Multi-Level Scraper
2025-07-14 12:49:15 - INFO - Keyword: 'Australia Medicare Number', Main pins: 100, Similar per main: 10
2025-07-14 12:49:15 - INFO - 🚀 Starting pin collection
2025-07-14 12:49:15 - INFO - 🔍 STEP 1: Getting 100 NEW main pins for keyword: 'Australia Medicare Number'
2025-07-14 12:49:15 - DEBUG - Search URL: https://www.pinterest.com/search/pins/?q=Australia+Medicare+Number
2025-07-14 12:49:17 - INFO - Navigating to search page
2025-07-14 12:49:21 - INFO - Setting page zoom to 25%
2025-07-14 12:49:22 - INFO - Waiting for page to fully load...
2025-07-14 12:49:22 - DEBUG - Waiting for page to be fully loaded...
2025-07-14 12:49:22 - DEBUG - DOM content loaded
2025-07-14 12:49:42 - DEBUG - Network idle timeout: Timeout 20000ms exceeded.
2025-07-14 12:49:42 - DEBUG - Found selector: div[data-test-id='pin']
2025-07-14 12:49:44 - DEBUG - Page loading complete
2025-07-14 12:49:47 - DEBUG - Scrolling to load more pins (scroll #1)
2025-07-14 12:49:50 - DEBUG - Extracting pin ID from URL: https://www.pinterest.com/pin/809240626794869080/
2025-07-14 12:49:50 - DEBUG - Extracted pin ID (standard format): 809240626794869080
2025-07-14 12:49:50 - DEBUG - Pin 809240626794869080 already processed - skipping
2025-07-14 12:49:50 - DEBUG - Skipped already processed pin: 809240626794869080
2025-07-14 12:49:50 - DEBUG - Extracting pin ID from URL: https://www.pinterest.com/pin/809240626794869080/
2025-07-14 12:49:50 - DEBUG - Extracted pin ID (standard format): 809240626794869080
2025-07-14 12:49:50 - DEBUG - Extracting pin ID from URL: https://www.pinterest.com/pin/43839796368899054/
2025-07-14 12:49:50 - DEBUG - Extracted pin ID (standard format): 43839796368899054
2025-07-14 12:49:50 - DEBUG - Pin 43839796368899054 already processed - skipping
2025-07-14 12:49:50 - DEBUG - Skipped already processed pin: 43839796368899054
2025-07-14 12:49:50 - DEBUG - Extracting pin ID from URL: https://www.pinterest.com/pin/43839796368899054/
2025-07-14 12:49:50 - DEBUG - Extracted pin ID (standard format): 43839796368899054
2025-07-14 12:49:50 - DEBUG - Extracting pin ID from URL: https://www.pinterest.com/pin/124482377174773309/
2025-07-14 12:49:50 - DEBUG - Extracted pin ID (standard format): 124482377174773309
2025-07-14 12:49:50 - DEBUG - Pin 124482377174773309 already processed - skipping
2025-07-14 12:49:50 - DEBUG - Skipped already processed pin: 124482377174773309
2025-07-14 12:49:50 - DEBUG - Extracting pin ID from URL: https://www.pinterest.com/pin/124482377174773309/
2025-07-14 12:49:50 - DEBUG - Extracted pin ID (standard format): 124482377174773309
2025-07-14 12:49:50 - DEBUG - Extracting pin ID from URL: https://www.pinterest.com/pin/549298485812406548/
2025-07-14 12:49:50 - DEBUG - Extracted pin ID (standard format): 549298485812406548
2025-07-14 12:49:50 - DEBUG - Pin 549298485812406548 already processed - skipping
2025-07-14 12:49:50 - DEBUG - Skipped already processed pin: 549298485812406548
2025-07-14 12:49:50 - DEBUG - Extracting pin ID from URL: https://www.pinterest.com/pin/549298485812406548/
2025-07-14 12:49:50 - DEBUG - Extracted pin ID (standard format): 549298485812406548
2025-07-14 12:49:50 - DEBUG - Extracting pin ID from URL: https://www.pinterest.com/pin/359725089008564552/
2025-07-14 12:49:50 - DEBUG - Extracted pin ID (standard format): 359725089008564552
2025-07-14 12:49:50 - DEBUG - Pin 359725089008564552 already processed - skipping
2025-07-14 12:49:50 - DEBUG - Skipped already processed pin: 359725089008564552
2025-07-14 12:49:50 - DEBUG - Extracting pin ID from URL: https://www.pinterest.com/pin/359725089008564552/
2025-07-14 12:49:50 - DEBUG - Extracted pin ID (standard format): 359725089008564552
2025-07-14 12:49:50 - DEBUG - Extracting pin ID from URL: https://www.pinterest.com/pin/159244536819836264/
2025-07-14 12:49:50 - DEBUG - Extracted pin ID (standard format): 159244536819836264
2025-07-14 12:49:50 - DEBUG - Pin 159244536819836264 already processed - skipping
2025-07-14 12:49:50 - DEBUG - Skipped already processed pin: 159244536819836264
2025-07-14 12:49:50 - DEBUG - Extracting pin ID from URL: https://www.pinterest.com/pin/159244536819836264/
2025-07-14 12:49:50 - DEBUG - Extracted pin ID (standard format): 159244536819836264
2025-07-14 12:49:50 - DEBUG - Extracting pin ID from URL: https://www.pinterest.com/pin/381257924715916208/
2025-07-14 12:49:50 - DEBUG - Extracted pin ID (standard format): 381257924715916208
2025-07-14 12:49:50 - DEBUG - Pin 381257924715916208 already processed - skipping
2025-07-14 12:49:50 - DEBUG - Skipped already processed pin: 381257924715916208
2025-07-14 12:49:50 - DEBUG - Extracting pin ID from URL: https://www.pinterest.com/pin/381257924715916208/
2025-07-14 12:49:50 - DEBUG - Extracted pin ID (standard format): 381257924715916208
2025-07-14 12:49:50 - DEBUG - Extracting pin ID from URL: https://www.pinterest.com/pin/43839796368899086/
2025-07-14 12:49:50 - DEBUG - Extracted pin ID (standard format): 43839796368899086
2025-07-14 12:49:50 - DEBUG - Pin 43839796368899086 already processed - skipping
2025-07-14 12:49:50 - DEBUG - Skipped already processed pin: 43839796368899086
2025-07-14 12:49:50 - DEBUG - Extracting pin ID from URL: https://www.pinterest.com/pin/43839796368899086/
2025-07-14 12:49:50 - DEBUG - Extracted pin ID (standard format): 43839796368899086
2025-07-14 12:49:50 - DEBUG - Extracting pin ID from URL: https://www.pinterest.com/pin/43839796368899056/
2025-07-14 12:49:50 - DEBUG - Extracted pin ID (standard format): 43839796368899056
2025-07-14 12:49:50 - DEBUG - Pin 43839796368899056 already processed - skipping
2025-07-14 12:49:50 - DEBUG - Skipped already processed pin: 43839796368899056
2025-07-14 12:49:50 - DEBUG - Extracting pin ID from URL: https://www.pinterest.com/pin/43839796368899056/
2025-07-14 12:49:50 - DEBUG - Extracted pin ID (standard format): 43839796368899056
2025-07-14 12:49:50 - DEBUG - Extracting pin ID from URL: https://www.pinterest.com/pin/96123773272730120/
2025-07-14 12:49:50 - DEBUG - Extracted pin ID (standard format): 96123773272730120
2025-07-14 12:49:50 - DEBUG - Pin 96123773272730120 already processed - skipping
2025-07-14 12:49:50 - DEBUG - Skipped already processed pin: 96123773272730120
2025-07-14 12:49:50 - DEBUG - Extracting pin ID from URL: https://www.pinterest.com/pin/96123773272730120/
2025-07-14 12:49:50 - DEBUG - Extracted pin ID (standard format): 96123773272730120
2025-07-14 12:49:50 - DEBUG - Extracting pin ID from URL: https://www.pinterest.com/pin/630996597811195205/
2025-07-14 12:49:50 - DEBUG - Extracted pin ID (standard format): 630996597811195205
2025-07-14 12:49:50 - DEBUG - Pin 630996597811195205 already processed - skipping
2025-07-14 12:49:50 - DEBUG - Skipped already processed pin: 630996597811195205
2025-07-14 12:49:50 - DEBUG - Extracting pin ID from URL: https://www.pinterest.com/pin/630996597811195205/
2025-07-14 12:49:50 - DEBUG - Extracted pin ID (standard format): 630996597811195205
2025-07-14 12:49:50 - DEBUG - Extracting pin ID from URL: https://www.pinterest.com/pin/328059154126316752/
2025-07-14 12:49:50 - DEBUG - Extracted pin ID (standard format): 328059154126316752
2025-07-14 12:49:50 - DEBUG - Pin 328059154126316752 already processed - skipping
2025-07-14 12:49:50 - DEBUG - Skipped already processed pin: 328059154126316752
2025-07-14 12:49:50 - DEBUG - Extracting pin ID from URL: https://www.pinterest.com/pin/328059154126316752/
2025-07-14 12:49:50 - DEBUG - Extracted pin ID (standard format): 328059154126316752
2025-07-14 12:49:50 - DEBUG - Extracting pin ID from URL: https://www.pinterest.com/pin/1127588825440931666/
2025-07-14 12:49:50 - DEBUG - Extracted pin ID (standard format): 1127588825440931666
2025-07-14 12:49:50 - DEBUG - Pin 1127588825440931666 already processed - skipping
2025-07-14 12:49:50 - DEBUG - Skipped already processed pin: 1127588825440931666
2025-07-14 12:49:50 - DEBUG - Extracting pin ID from URL: https://www.pinterest.com/pin/1127588825440931666/
2025-07-14 12:49:50 - DEBUG - Extracted pin ID (standard format): 1127588825440931666
2025-07-14 12:49:50 - DEBUG - Extracting pin ID from URL: https://www.pinterest.com/pin/404620347742704172/
2025-07-14 12:49:50 - DEBUG - Extracted pin ID (standard format): 404620347742704172
2025-07-14 12:49:50 - DEBUG - Pin 404620347742704172 already processed - skipping
2025-07-14 12:49:50 - DEBUG - Skipped already processed pin: 404620347742704172
2025-07-14 12:49:50 - DEBUG - Extracting pin ID from URL: https://www.pinterest.com/pin/404620347742704172/
2025-07-14 12:49:50 - DEBUG - Extracted pin ID (standard format): 404620347742704172
2025-07-14 12:49:50 - DEBUG - Extracting pin ID from URL: https://www.pinterest.com/pin/132152570302316167/
2025-07-14 12:49:50 - DEBUG - Extracted pin ID (standard format): 132152570302316167
2025-07-14 12:49:50 - DEBUG - Pin 132152570302316167 already processed - skipping
2025-07-14 12:49:50 - DEBUG - Skipped already processed pin: 132152570302316167
2025-07-14 12:49:50 - DEBUG - Extracting pin ID from URL: https://www.pinterest.com/pin/132152570302316167/
2025-07-14 12:49:50 - DEBUG - Extracted pin ID (standard format): 132152570302316167
2025-07-14 12:49:50 - DEBUG - Extracting pin ID from URL: https://www.pinterest.com/pin/1056868237559033496/
2025-07-14 12:49:50 - DEBUG - Extracted pin ID (standard format): 1056868237559033496
2025-07-14 12:49:50 - DEBUG - Pin 1056868237559033496 already processed - skipping
2025-07-14 12:49:50 - DEBUG - Skipped already processed pin: 1056868237559033496
2025-07-14 12:49:50 - DEBUG - Extracting pin ID from URL: https://www.pinterest.com/pin/1056868237559033496/
2025-07-14 12:49:50 - DEBUG - Extracted pin ID (standard format): 1056868237559033496
2025-07-14 12:49:50 - DEBUG - Extracting pin ID from URL: https://www.pinterest.com/pin/303852306112018304/
2025-07-14 12:49:50 - DEBUG - Extracted pin ID (standard format): 303852306112018304
2025-07-14 12:49:50 - DEBUG - Pin 303852306112018304 already processed - skipping
2025-07-14 12:49:50 - DEBUG - Skipped already processed pin: 303852306112018304
2025-07-14 12:49:50 - DEBUG - Extracting pin ID from URL: https://www.pinterest.com/pin/303852306112018304/
2025-07-14 12:49:50 - DEBUG - Extracted pin ID (standard format): 303852306112018304
2025-07-14 12:49:50 - DEBUG - Extracting pin ID from URL: https://www.pinterest.com/pin/44543483793739338/
2025-07-14 12:49:50 - DEBUG - Extracted pin ID (standard format): 44543483793739338
2025-07-14 12:49:50 - DEBUG - Pin 44543483793739338 already processed - skipping
2025-07-14 12:49:50 - DEBUG - Skipped already processed pin: 44543483793739338
2025-07-14 12:49:50 - DEBUG - Extracting pin ID from URL: https://www.pinterest.com/pin/44543483793739338/
2025-07-14 12:49:50 - DEBUG - Extracted pin ID (standard format): 44543483793739338
2025-07-14 12:49:50 - DEBUG - Extracting pin ID from URL: https://www.pinterest.com/pin/4785143351063594/
2025-07-14 12:49:50 - DEBUG - Extracted pin ID (standard format): 4785143351063594
2025-07-14 12:49:50 - DEBUG - Found NEW pin 1/100: 4785143351063594
2025-07-14 12:49:50 - DEBUG - Extracting pin ID from URL: https://www.pinterest.com/pin/4785143351063594/
2025-07-14 12:49:50 - DEBUG - Extracted pin ID (standard format): 4785143351063594
2025-07-14 12:49:50 - DEBUG - Total pins on page: 38, NEW pins found: 1/100
2025-07-14 12:49:55 - DEBUG - Scrolling to load more pins (scroll #2)
2025-07-14 12:49:58 - DEBUG - Total pins on page: 38, NEW pins found: 1/100
2025-07-14 12:50:03 - DEBUG - Scrolling to load more pins (scroll #3)
2025-07-14 12:50:06 - DEBUG - Total pins on page: 38, NEW pins found: 1/100
2025-07-14 12:50:11 - DEBUG - Scrolling to load more pins (scroll #4)
2025-07-14 12:50:14 - DEBUG - Total pins on page: 38, NEW pins found: 1/100
2025-07-14 12:50:19 - DEBUG - Scrolling to load more pins (scroll #5)
2025-07-14 12:50:22 - DEBUG - Total pins on page: 38, NEW pins found: 1/100
2025-07-14 12:50:27 - DEBUG - Scrolling to load more pins (scroll #6)
2025-07-14 12:50:30 - DEBUG - No new pins loading from page, stopping scroll
2025-07-14 12:50:30 - INFO - ✅ Successfully extracted 1 NEW main pin URLs
2025-07-14 12:50:31 - INFO - 🔍 STEP 2: Getting 10 NEW similar pins from each of 1 main pins
2025-07-14 12:50:31 - DEBUG - Extracting pin ID from URL: https://www.pinterest.com/pin/4785143351063594/
2025-07-14 12:50:31 - DEBUG - Extracted pin ID (standard format): 4785143351063594
2025-07-14 12:50:31 - INFO - Processing main pin 1/1: 4785143351063594
2025-07-14 12:50:31 - DEBUG - Extracting pin ID from URL: https://www.pinterest.com/pin/4785143351063594/
2025-07-14 12:50:31 - DEBUG - Extracted pin ID (standard format): 4785143351063594
2025-07-14 12:50:31 - DEBUG - Getting 10 NEW similar pins from pin 4785143351063594
2025-07-14 12:50:32 - DEBUG - Navigating to pin page: https://www.pinterest.com/pin/4785143351063594/
2025-07-14 12:50:34 - DEBUG - Waiting for page to be fully loaded...
2025-07-14 12:50:34 - DEBUG - DOM content loaded
2025-07-14 12:50:54 - DEBUG - Network idle timeout: Timeout 20000ms exceeded.
2025-07-14 12:50:54 - DEBUG - Found selector: div[data-test-id='pin']
2025-07-14 12:50:56 - DEBUG - Page loading complete
2025-07-14 12:50:58 - DEBUG - Extracting pin ID from URL: https://www.pinterest.com/pin/4785143351063594/repin/
2025-07-14 12:50:58 - DEBUG - Extracted pin ID (standard format): 4785143351063594
2025-07-14 12:50:58 - DEBUG - Extracting pin ID from URL: https://www.pinterest.com/pin/pharmacy-day-is-a-global-celebration-recognizing-the-crucial-role-of-pharmacists-and-healthcare-prof-in-2025--302726406223718311/
2025-07-14 12:50:58 - DEBUG - Extracted pin ID (description format): 302726406223718311
2025-07-14 12:50:58 - DEBUG - Found NEW similar pin 1/10: 302726406223718311
2025-07-14 12:50:58 - DEBUG - Extracting pin ID from URL: https://www.pinterest.com/pin/pharmacy-day-is-a-global-celebration-recognizing-the-crucial-role-of-pharmacists-and-healthcare-prof-in-2025--302726406223718311/
2025-07-14 12:50:58 - DEBUG - Extracted pin ID (description format): 302726406223718311
2025-07-14 12:50:58 - DEBUG - Extracting pin ID from URL: https://www.pinterest.com/pin/innovative-behandlungsmethoden-in-der-medizin--585960601547699414/
2025-07-14 12:50:58 - DEBUG - Extracted pin ID (description format): 585960601547699414
2025-07-14 12:50:58 - DEBUG - Found NEW similar pin 2/10: 585960601547699414
2025-07-14 12:50:58 - DEBUG - Extracting pin ID from URL: https://www.pinterest.com/pin/innovative-behandlungsmethoden-in-der-medizin--585960601547699414/
2025-07-14 12:50:58 - DEBUG - Extracted pin ID (description format): 585960601547699414
2025-07-14 12:50:58 - DEBUG - Extracting pin ID from URL: https://www.pinterest.com/pin/352195633378886982/
2025-07-14 12:50:58 - DEBUG - Extracted pin ID (standard format): 352195633378886982
2025-07-14 12:50:58 - DEBUG - Found NEW similar pin 3/10: 352195633378886982
2025-07-14 12:50:58 - DEBUG - Extracting pin ID from URL: https://www.pinterest.com/pin/352195633378886982/
2025-07-14 12:50:58 - DEBUG - Extracted pin ID (standard format): 352195633378886982
2025-07-14 12:50:58 - DEBUG - Extracting pin ID from URL: https://www.pinterest.com/pin/310678074315366555/
2025-07-14 12:50:58 - DEBUG - Extracted pin ID (standard format): 310678074315366555
2025-07-14 12:50:58 - DEBUG - Found NEW similar pin 4/10: 310678074315366555
2025-07-14 12:50:58 - DEBUG - Extracting pin ID from URL: https://www.pinterest.com/pin/310678074315366555/
2025-07-14 12:50:58 - DEBUG - Extracted pin ID (standard format): 310678074315366555
2025-07-14 12:50:58 - DEBUG - Extracting pin ID from URL: https://www.pinterest.com/pin/188236459420084097/
2025-07-14 12:50:58 - DEBUG - Extracted pin ID (standard format): 188236459420084097
2025-07-14 12:50:58 - DEBUG - Found NEW similar pin 5/10: 188236459420084097
2025-07-14 12:50:58 - DEBUG - Extracting pin ID from URL: https://www.pinterest.com/pin/188236459420084097/
2025-07-14 12:50:58 - DEBUG - Extracted pin ID (standard format): 188236459420084097
2025-07-14 12:50:58 - DEBUG - Extracting pin ID from URL: https://www.pinterest.com/pin/the-modern-medicare-agency-your-local-medicare-advantage-plan-experts--1056868237551415966/
2025-07-14 12:50:58 - DEBUG - Extracted pin ID (description format): 1056868237551415966
2025-07-14 12:50:58 - DEBUG - Found NEW similar pin 6/10: 1056868237551415966
2025-07-14 12:50:58 - DEBUG - Extracting pin ID from URL: https://www.pinterest.com/pin/the-modern-medicare-agency-your-local-medicare-advantage-plan-experts--1056868237551415966/
2025-07-14 12:50:58 - DEBUG - Extracted pin ID (description format): 1056868237551415966
2025-07-14 12:50:58 - DEBUG - Extracting pin ID from URL: https://www.pinterest.com/pin/top-quality-pharmaceutical-products--19492210981181006/
2025-07-14 12:50:58 - DEBUG - Extracted pin ID (description format): 19492210981181006
2025-07-14 12:50:58 - DEBUG - Found NEW similar pin 7/10: 19492210981181006
2025-07-14 12:50:58 - DEBUG - Extracting pin ID from URL: https://www.pinterest.com/pin/top-quality-pharmaceutical-products--19492210981181006/
2025-07-14 12:50:58 - DEBUG - Extracted pin ID (description format): 19492210981181006
2025-07-14 12:50:58 - DEBUG - Extracting pin ID from URL: https://www.pinterest.com/pin/pharmacy-day-celebrating-the-heart-of-healthcarepharmacyday-heartofhealthcare-pharmacists-healt-in-2025--617626536437915544/
2025-07-14 12:50:58 - DEBUG - Extracted pin ID (description format): 617626536437915544
2025-07-14 12:50:58 - DEBUG - Found NEW similar pin 8/10: 617626536437915544
2025-07-14 12:50:58 - DEBUG - Extracting pin ID from URL: https://www.pinterest.com/pin/pharmacy-day-celebrating-the-heart-of-healthcarepharmacyday-heartofhealthcare-pharmacists-healt-in-2025--617626536437915544/
2025-07-14 12:50:58 - DEBUG - Extracted pin ID (description format): 617626536437915544
2025-07-14 12:50:58 - DEBUG - Extracting pin ID from URL: https://www.pinterest.com/pin/511299363965659209/
2025-07-14 12:50:58 - DEBUG - Extracted pin ID (standard format): 511299363965659209
2025-07-14 12:50:58 - DEBUG - Found NEW similar pin 9/10: 511299363965659209
2025-07-14 12:50:58 - DEBUG - Extracting pin ID from URL: https://www.pinterest.com/pin/511299363965659209/
2025-07-14 12:50:58 - DEBUG - Extracted pin ID (standard format): 511299363965659209
2025-07-14 12:50:58 - DEBUG - Extracting pin ID from URL: https://www.pinterest.com/pin/603200943879009855/
2025-07-14 12:50:58 - DEBUG - Extracted pin ID (standard format): 603200943879009855
2025-07-14 12:50:58 - DEBUG - Found NEW similar pin 10/10: 603200943879009855
2025-07-14 12:51:01 - DEBUG - Found 10 NEW similar pins for pin 4785143351063594
2025-07-14 12:51:02 - DEBUG - Added 10 new similar pins from main pin 4785143351063594
2025-07-14 12:51:03 - INFO - ✅ Total unique pins collected: 11
2025-07-14 12:51:03 - INFO - 🔽 STEP 3: Downloading 11 pins
2025-07-14 12:51:03 - DEBUG - Extracting pin ID from URL: https://www.pinterest.com/pin/310678074315366555/
2025-07-14 12:51:03 - DEBUG - Extracted pin ID (standard format): 310678074315366555
2025-07-14 12:51:03 - DEBUG - Extracting pin ID from URL: https://www.pinterest.com/pin/310678074315366555/
2025-07-14 12:51:03 - DEBUG - Extracted pin ID (standard format): 310678074315366555
2025-07-14 12:51:03 - INFO - Processing pin: 310678074315366555
2025-07-14 12:51:03 - DEBUG - Extracting image URL from pin page: https://www.pinterest.com/pin/310678074315366555/
2025-07-14 12:51:04 - DEBUG - Navigating to pin page
2025-07-14 12:51:06 - DEBUG - Waiting for og:image meta tag
2025-07-14 12:51:07 - DEBUG - Successfully extracted image URL: https://i.pinimg.com/736x/32/25/be/3225be9a90b57e14c8a0dddfd7f27a64.jpg
2025-07-14 12:51:07 - DEBUG - Getting highest quality URL for: https://i.pinimg.com/736x/32/25/be/3225be9a90b57e14c8a0dddfd7f27a64.jpg
2025-07-14 12:51:07 - DEBUG - Original quality URL available
2025-07-14 12:51:07 - INFO - Downloading image from: https://i.pinimg.com/736x/32/25/be/3225be9a90b57e14c8a0dddfd7f27a64.jpg
2025-07-14 12:51:07 - DEBUG - Saved 91 processed pins to history
2025-07-14 12:51:07 - DEBUG - Marked pin 310678074315366555 as processed
2025-07-14 12:51:07 - INFO - Successfully downloaded pin 310678074315366555 - Size: 60755 bytes
2025-07-14 12:51:07 - DEBUG - Extracting pin ID from URL: https://www.pinterest.com/pin/511299363965659209/
2025-07-14 12:51:07 - DEBUG - Extracted pin ID (standard format): 511299363965659209
2025-07-14 12:51:07 - DEBUG - Extracting pin ID from URL: https://www.pinterest.com/pin/511299363965659209/
2025-07-14 12:51:07 - DEBUG - Extracted pin ID (standard format): 511299363965659209
2025-07-14 12:51:07 - INFO - Processing pin: 511299363965659209
2025-07-14 12:51:07 - DEBUG - Extracting image URL from pin page: https://www.pinterest.com/pin/511299363965659209/
2025-07-14 12:51:09 - DEBUG - Navigating to pin page
2025-07-14 12:51:11 - DEBUG - Waiting for og:image meta tag
2025-07-14 12:51:11 - DEBUG - Successfully extracted image URL: https://i.pinimg.com/736x/21/56/0d/21560de896100d4eab29c48f23f6fec0.jpg
2025-07-14 12:51:11 - DEBUG - Getting highest quality URL for: https://i.pinimg.com/736x/21/56/0d/21560de896100d4eab29c48f23f6fec0.jpg
2025-07-14 12:51:11 - DEBUG - Original quality URL available
2025-07-14 12:51:11 - INFO - Downloading image from: https://i.pinimg.com/736x/21/56/0d/21560de896100d4eab29c48f23f6fec0.jpg
2025-07-14 12:51:11 - DEBUG - Saved 92 processed pins to history
2025-07-14 12:51:11 - DEBUG - Marked pin 511299363965659209 as processed
2025-07-14 12:51:11 - INFO - Successfully downloaded pin 511299363965659209 - Size: 126796 bytes
2025-07-14 12:51:12 - DEBUG - Extracting pin ID from URL: https://www.pinterest.com/pin/603200943879009855/
2025-07-14 12:51:12 - DEBUG - Extracted pin ID (standard format): 603200943879009855
2025-07-14 12:51:12 - DEBUG - Extracting pin ID from URL: https://www.pinterest.com/pin/603200943879009855/
2025-07-14 12:51:12 - DEBUG - Extracted pin ID (standard format): 603200943879009855
2025-07-14 12:51:12 - INFO - Processing pin: 603200943879009855
2025-07-14 12:51:12 - DEBUG - Extracting image URL from pin page: https://www.pinterest.com/pin/603200943879009855/
2025-07-14 12:51:13 - DEBUG - Navigating to pin page
2025-07-14 12:51:15 - DEBUG - Waiting for og:image meta tag
2025-07-14 12:51:15 - DEBUG - Successfully extracted image URL: https://i.pinimg.com/736x/66/85/8e/66858e719acdc3ae2ed7b3c8d5a11426.jpg
2025-07-14 12:51:15 - DEBUG - Getting highest quality URL for: https://i.pinimg.com/736x/66/85/8e/66858e719acdc3ae2ed7b3c8d5a11426.jpg
2025-07-14 12:51:15 - DEBUG - Original quality URL available
2025-07-14 12:51:15 - INFO - Downloading image from: https://i.pinimg.com/736x/66/85/8e/66858e719acdc3ae2ed7b3c8d5a11426.jpg
2025-07-14 12:51:15 - DEBUG - Saved 93 processed pins to history
2025-07-14 12:51:15 - DEBUG - Marked pin 603200943879009855 as processed
2025-07-14 12:51:15 - INFO - Successfully downloaded pin 603200943879009855 - Size: 102766 bytes
2025-07-14 12:51:16 - DEBUG - Extracting pin ID from URL: https://www.pinterest.com/pin/innovative-behandlungsmethoden-in-der-medizin--585960601547699414/
2025-07-14 12:51:16 - DEBUG - Extracted pin ID (description format): 585960601547699414
2025-07-14 12:51:16 - DEBUG - Extracting pin ID from URL: https://www.pinterest.com/pin/innovative-behandlungsmethoden-in-der-medizin--585960601547699414/
2025-07-14 12:51:16 - DEBUG - Extracted pin ID (description format): 585960601547699414
2025-07-14 12:51:16 - INFO - Processing pin: 585960601547699414
2025-07-14 12:51:16 - DEBUG - Extracting image URL from pin page: https://www.pinterest.com/pin/innovative-behandlungsmethoden-in-der-medizin--585960601547699414/
2025-07-14 12:51:18 - DEBUG - Navigating to pin page
2025-07-14 12:51:19 - DEBUG - Waiting for og:image meta tag
2025-07-14 12:51:19 - DEBUG - Successfully extracted image URL: https://i.pinimg.com/736x/34/e4/cc/34e4cc21207dc88777345dae1c2f4451.jpg
2025-07-14 12:51:19 - DEBUG - Getting highest quality URL for: https://i.pinimg.com/736x/34/e4/cc/34e4cc21207dc88777345dae1c2f4451.jpg
2025-07-14 12:51:19 - DEBUG - Original quality URL available
2025-07-14 12:51:19 - INFO - Downloading image from: https://i.pinimg.com/736x/34/e4/cc/34e4cc21207dc88777345dae1c2f4451.jpg
2025-07-14 12:51:19 - DEBUG - Saved 94 processed pins to history
2025-07-14 12:51:19 - DEBUG - Marked pin 585960601547699414 as processed
2025-07-14 12:51:19 - INFO - Successfully downloaded pin 585960601547699414 - Size: 44886 bytes
2025-07-14 12:51:20 - DEBUG - Extracting pin ID from URL: https://www.pinterest.com/pin/188236459420084097/
2025-07-14 12:51:20 - DEBUG - Extracted pin ID (standard format): 188236459420084097
2025-07-14 12:51:20 - DEBUG - Extracting pin ID from URL: https://www.pinterest.com/pin/188236459420084097/
2025-07-14 12:51:20 - DEBUG - Extracted pin ID (standard format): 188236459420084097
2025-07-14 12:51:20 - INFO - Processing pin: 188236459420084097
2025-07-14 12:51:20 - DEBUG - Extracting image URL from pin page: https://www.pinterest.com/pin/188236459420084097/
2025-07-14 12:51:21 - DEBUG - Navigating to pin page
2025-07-14 12:51:23 - DEBUG - Waiting for og:image meta tag
2025-07-14 12:51:23 - DEBUG - Successfully extracted image URL: https://i.pinimg.com/736x/44/d0/0d/44d00d91cec7d81f97ca02df968b791f.jpg
2025-07-14 12:51:23 - DEBUG - Getting highest quality URL for: https://i.pinimg.com/736x/44/d0/0d/44d00d91cec7d81f97ca02df968b791f.jpg
2025-07-14 12:51:23 - DEBUG - Original quality URL available
2025-07-14 12:51:23 - INFO - Downloading image from: https://i.pinimg.com/736x/44/d0/0d/44d00d91cec7d81f97ca02df968b791f.jpg
2025-07-14 12:51:23 - DEBUG - Saved 95 processed pins to history
2025-07-14 12:51:23 - DEBUG - Marked pin 188236459420084097 as processed
2025-07-14 12:51:23 - INFO - Successfully downloaded pin 188236459420084097 - Size: 139770 bytes
2025-07-14 12:51:24 - DEBUG - Extracting pin ID from URL: https://www.pinterest.com/pin/pharmacy-day-is-a-global-celebration-recognizing-the-crucial-role-of-pharmacists-and-healthcare-prof-in-2025--302726406223718311/
2025-07-14 12:51:24 - DEBUG - Extracted pin ID (description format): 302726406223718311
2025-07-14 12:51:24 - DEBUG - Extracting pin ID from URL: https://www.pinterest.com/pin/pharmacy-day-is-a-global-celebration-recognizing-the-crucial-role-of-pharmacists-and-healthcare-prof-in-2025--302726406223718311/
2025-07-14 12:51:24 - DEBUG - Extracted pin ID (description format): 302726406223718311
2025-07-14 12:51:24 - INFO - Processing pin: 302726406223718311
2025-07-14 12:51:24 - DEBUG - Extracting image URL from pin page: https://www.pinterest.com/pin/pharmacy-day-is-a-global-celebration-recognizing-the-crucial-role-of-pharmacists-and-healthcare-prof-in-2025--302726406223718311/
2025-07-14 12:51:26 - DEBUG - Navigating to pin page
2025-07-14 12:51:27 - DEBUG - Waiting for og:image meta tag
2025-07-14 12:51:29 - DEBUG - Successfully extracted image URL: https://i.pinimg.com/736x/cf/cb/ec/cfcbec57b9cce056db5f294f33e7d599.jpg
2025-07-14 12:51:29 - DEBUG - Getting highest quality URL for: https://i.pinimg.com/736x/cf/cb/ec/cfcbec57b9cce056db5f294f33e7d599.jpg
2025-07-14 12:51:29 - DEBUG - Original quality URL available
2025-07-14 12:51:29 - INFO - Downloading image from: https://i.pinimg.com/736x/cf/cb/ec/cfcbec57b9cce056db5f294f33e7d599.jpg
2025-07-14 12:51:29 - DEBUG - Saved 96 processed pins to history
2025-07-14 12:51:29 - DEBUG - Marked pin 302726406223718311 as processed
2025-07-14 12:51:29 - INFO - Successfully downloaded pin 302726406223718311 - Size: 80832 bytes
2025-07-14 12:51:29 - DEBUG - Extracting pin ID from URL: https://www.pinterest.com/pin/pharmacy-day-celebrating-the-heart-of-healthcarepharmacyday-heartofhealthcare-pharmacists-healt-in-2025--617626536437915544/
2025-07-14 12:51:29 - DEBUG - Extracted pin ID (description format): 617626536437915544
2025-07-14 12:51:29 - DEBUG - Extracting pin ID from URL: https://www.pinterest.com/pin/pharmacy-day-celebrating-the-heart-of-healthcarepharmacyday-heartofhealthcare-pharmacists-healt-in-2025--617626536437915544/
2025-07-14 12:51:29 - DEBUG - Extracted pin ID (description format): 617626536437915544
2025-07-14 12:51:29 - INFO - Processing pin: 617626536437915544
2025-07-14 12:51:29 - DEBUG - Extracting image URL from pin page: https://www.pinterest.com/pin/pharmacy-day-celebrating-the-heart-of-healthcarepharmacyday-heartofhealthcare-pharmacists-healt-in-2025--617626536437915544/
2025-07-14 12:51:31 - DEBUG - Navigating to pin page
2025-07-14 12:51:33 - DEBUG - Waiting for og:image meta tag
2025-07-14 12:51:33 - DEBUG - Successfully extracted image URL: https://i.pinimg.com/736x/9a/4a/38/9a4a38f74fd05d693368e39c73a59fd9.jpg
2025-07-14 12:51:33 - DEBUG - Getting highest quality URL for: https://i.pinimg.com/736x/9a/4a/38/9a4a38f74fd05d693368e39c73a59fd9.jpg
2025-07-14 12:51:33 - DEBUG - Original quality URL available
2025-07-14 12:51:33 - INFO - Downloading image from: https://i.pinimg.com/736x/9a/4a/38/9a4a38f74fd05d693368e39c73a59fd9.jpg
2025-07-14 12:51:33 - DEBUG - Saved 97 processed pins to history
2025-07-14 12:51:33 - DEBUG - Marked pin 617626536437915544 as processed
2025-07-14 12:51:33 - INFO - Successfully downloaded pin 617626536437915544 - Size: 112631 bytes
2025-07-14 12:51:34 - DEBUG - Extracting pin ID from URL: https://www.pinterest.com/pin/the-modern-medicare-agency-your-local-medicare-advantage-plan-experts--1056868237551415966/
2025-07-14 12:51:34 - DEBUG - Extracted pin ID (description format): 1056868237551415966
2025-07-14 12:51:34 - DEBUG - Extracting pin ID from URL: https://www.pinterest.com/pin/the-modern-medicare-agency-your-local-medicare-advantage-plan-experts--1056868237551415966/
2025-07-14 12:51:34 - DEBUG - Extracted pin ID (description format): 1056868237551415966
2025-07-14 12:51:34 - INFO - Processing pin: 1056868237551415966
2025-07-14 12:51:34 - DEBUG - Extracting image URL from pin page: https://www.pinterest.com/pin/the-modern-medicare-agency-your-local-medicare-advantage-plan-experts--1056868237551415966/
2025-07-14 12:51:36 - DEBUG - Navigating to pin page
2025-07-14 12:51:40 - DEBUG - Waiting for og:image meta tag
2025-07-14 12:51:40 - DEBUG - Successfully extracted image URL: https://i.pinimg.com/736x/32/d1/fd/32d1fdea9477b6858f4ed76e8e6434c6.jpg
2025-07-14 12:51:40 - DEBUG - Getting highest quality URL for: https://i.pinimg.com/736x/32/d1/fd/32d1fdea9477b6858f4ed76e8e6434c6.jpg
2025-07-14 12:51:40 - DEBUG - Original quality URL available
2025-07-14 12:51:40 - INFO - Downloading image from: https://i.pinimg.com/736x/32/d1/fd/32d1fdea9477b6858f4ed76e8e6434c6.jpg
2025-07-14 12:51:40 - DEBUG - Saved 98 processed pins to history
2025-07-14 12:51:40 - DEBUG - Marked pin 1056868237551415966 as processed
2025-07-14 12:51:40 - INFO - Successfully downloaded pin 1056868237551415966 - Size: 97868 bytes
2025-07-14 12:51:40 - DEBUG - Extracting pin ID from URL: https://www.pinterest.com/pin/top-quality-pharmaceutical-products--19492210981181006/
2025-07-14 12:51:40 - DEBUG - Extracted pin ID (description format): 19492210981181006
2025-07-14 12:51:40 - DEBUG - Extracting pin ID from URL: https://www.pinterest.com/pin/top-quality-pharmaceutical-products--19492210981181006/
2025-07-14 12:51:40 - DEBUG - Extracted pin ID (description format): 19492210981181006
2025-07-14 12:51:40 - INFO - Processing pin: 19492210981181006
2025-07-14 12:51:40 - DEBUG - Extracting image URL from pin page: https://www.pinterest.com/pin/top-quality-pharmaceutical-products--19492210981181006/
2025-07-14 12:51:42 - DEBUG - Navigating to pin page
2025-07-14 12:51:43 - DEBUG - Waiting for og:image meta tag
2025-07-14 12:51:44 - DEBUG - Successfully extracted image URL: https://i.pinimg.com/736x/e8/11/dc/e811dc79d0754488c550d9174bc2dfce.jpg
2025-07-14 12:51:44 - DEBUG - Getting highest quality URL for: https://i.pinimg.com/736x/e8/11/dc/e811dc79d0754488c550d9174bc2dfce.jpg
2025-07-14 12:51:44 - DEBUG - Original quality URL available
2025-07-14 12:51:44 - INFO - Downloading image from: https://i.pinimg.com/736x/e8/11/dc/e811dc79d0754488c550d9174bc2dfce.jpg
2025-07-14 12:51:44 - DEBUG - Saved 99 processed pins to history
2025-07-14 12:51:44 - DEBUG - Marked pin 19492210981181006 as processed
2025-07-14 12:51:44 - INFO - Successfully downloaded pin 19492210981181006 - Size: 99347 bytes
2025-07-14 12:51:44 - DEBUG - Extracting pin ID from URL: https://www.pinterest.com/pin/352195633378886982/
2025-07-14 12:51:44 - DEBUG - Extracted pin ID (standard format): 352195633378886982
2025-07-14 12:51:44 - DEBUG - Extracting pin ID from URL: https://www.pinterest.com/pin/352195633378886982/
2025-07-14 12:51:44 - DEBUG - Extracted pin ID (standard format): 352195633378886982
2025-07-14 12:51:44 - INFO - Processing pin: 352195633378886982
2025-07-14 12:51:44 - DEBUG - Extracting image URL from pin page: https://www.pinterest.com/pin/352195633378886982/
2025-07-14 12:51:46 - DEBUG - Navigating to pin page
2025-07-14 12:51:47 - DEBUG - Waiting for og:image meta tag
2025-07-14 12:51:48 - DEBUG - Successfully extracted image URL: https://i.pinimg.com/736x/6a/70/d5/6a70d51b07e6bbf2b664f704dceb4bad.jpg
2025-07-14 12:51:48 - DEBUG - Getting highest quality URL for: https://i.pinimg.com/736x/6a/70/d5/6a70d51b07e6bbf2b664f704dceb4bad.jpg
2025-07-14 12:51:48 - DEBUG - Original quality URL available
2025-07-14 12:51:48 - INFO - Downloading image from: https://i.pinimg.com/736x/6a/70/d5/6a70d51b07e6bbf2b664f704dceb4bad.jpg
2025-07-14 12:51:48 - DEBUG - Saved 100 processed pins to history
2025-07-14 12:51:48 - DEBUG - Marked pin 352195633378886982 as processed
2025-07-14 12:51:48 - INFO - Successfully downloaded pin 352195633378886982 - Size: 88859 bytes
2025-07-14 12:51:48 - DEBUG - Extracting pin ID from URL: https://www.pinterest.com/pin/4785143351063594/
2025-07-14 12:51:48 - DEBUG - Extracted pin ID (standard format): 4785143351063594
2025-07-14 12:51:48 - DEBUG - Extracting pin ID from URL: https://www.pinterest.com/pin/4785143351063594/
2025-07-14 12:51:48 - DEBUG - Extracted pin ID (standard format): 4785143351063594
2025-07-14 12:51:48 - INFO - Processing pin: 4785143351063594
2025-07-14 12:51:48 - DEBUG - Extracting image URL from pin page: https://www.pinterest.com/pin/4785143351063594/
2025-07-14 12:51:50 - DEBUG - Navigating to pin page
2025-07-14 12:51:51 - DEBUG - Waiting for og:image meta tag
2025-07-14 12:51:52 - DEBUG - Successfully extracted image URL: https://i.pinimg.com/736x/8c/72/51/8c72510381acacbb9c9c5a5a638b540f.jpg
2025-07-14 12:51:52 - DEBUG - Getting highest quality URL for: https://i.pinimg.com/736x/8c/72/51/8c72510381acacbb9c9c5a5a638b540f.jpg
2025-07-14 12:51:52 - DEBUG - Original quality URL available
2025-07-14 12:51:52 - INFO - Downloading image from: https://i.pinimg.com/736x/8c/72/51/8c72510381acacbb9c9c5a5a638b540f.jpg
2025-07-14 12:51:52 - DEBUG - Saved 101 processed pins to history
2025-07-14 12:51:52 - DEBUG - Marked pin 4785143351063594 as processed
2025-07-14 12:51:52 - INFO - Successfully downloaded pin 4785143351063594 - Size: 90017 bytes
2025-07-14 12:51:52 - INFO - === MULTI-LEVEL SCRAPING COMPLETED ===
2025-07-14 12:51:52 - INFO - Duration: 0:02:37.292492
2025-07-14 12:51:52 - INFO - Main pins found: 1
2025-07-14 12:51:52 - INFO - Similar pins found: 10
2025-07-14 12:51:52 - INFO - Total unique pins: 11
2025-07-14 12:51:52 - INFO - Successful downloads: 11
2025-07-14 12:51:52 - INFO - Skipped duplicates: 0
2025-07-14 12:51:52 - INFO - Failed downloads: 0
2025-07-14 12:51:52 - INFO - Total processed pins in history: 101
