2025-07-14 02:15:30 - INFO - Logging initialized. Log file: logs\pinterest_multilevel_20250714_021530.log
2025-07-14 02:15:30 - INFO - Loaded 218 processed pins from history
2025-07-14 02:15:30 - INFO - Pinterest Multi-Level Scraper initialized
2025-07-14 02:15:30 - INFO - Found 218 previously processed pins
2025-07-14 02:15:30 - INFO - 🚀 Starting Pinterest Multi-Level Scraper
2025-07-14 02:15:30 - INFO - Keyword: 'Mexico docs', Main pins: 3, Similar per main: 3
2025-07-14 02:15:30 - INFO - 🚀 Starting pin collection
2025-07-14 02:15:30 - INFO - 🔍 STEP 1: Getting 3 main pins for keyword: 'Mexico docs'
2025-07-14 02:15:30 - DEBUG - Search URL: https://www.pinterest.com/search/pins/?q=Mexico+docs
2025-07-14 02:15:31 - INFO - Navigating to search page
2025-07-14 02:15:32 - INFO - Setting page zoom to 25%
2025-07-14 02:15:32 - INFO - Waiting for page to fully load...
2025-07-14 02:15:32 - DEBUG - Waiting for page to be fully loaded...
2025-07-14 02:15:32 - DEBUG - DOM content loaded
2025-07-14 02:15:35 - DEBUG - Network idle achieved
2025-07-14 02:15:35 - DEBUG - Found selector: div[data-test-id='pin']
2025-07-14 02:15:37 - DEBUG - Page loading complete
2025-07-14 02:15:40 - DEBUG - Extracting main pin URLs from search page
2025-07-14 02:15:40 - DEBUG - Extracting pin ID from URL: https://www.pinterest.com/pin/210543351620708794/
2025-07-14 02:15:40 - DEBUG - Extracted pin ID (standard format): 210543351620708794
2025-07-14 02:15:40 - DEBUG - Extracting pin ID from URL: https://www.pinterest.com/pin/210543351620708794/
2025-07-14 02:15:40 - DEBUG - Extracted pin ID (standard format): 210543351620708794
2025-07-14 02:15:40 - DEBUG - Extracting pin ID from URL: https://www.pinterest.com/pin/844493673053633/
2025-07-14 02:15:40 - DEBUG - Extracted pin ID (standard format): 844493673053633
2025-07-14 02:15:40 - DEBUG - Extracting pin ID from URL: https://www.pinterest.com/pin/844493673053633/
2025-07-14 02:15:40 - DEBUG - Extracted pin ID (standard format): 844493673053633
2025-07-14 02:15:40 - DEBUG - Extracting pin ID from URL: https://www.pinterest.com/pin/653444227202441927/
2025-07-14 02:15:40 - DEBUG - Extracted pin ID (standard format): 653444227202441927
2025-07-14 02:15:40 - INFO - ✅ Successfully extracted 3 main pin URLs
2025-07-14 02:15:40 - INFO - 🔍 STEP 2: Getting similar pins from 3 main pins
2025-07-14 02:15:40 - DEBUG - Extracting pin ID from URL: https://www.pinterest.com/pin/210543351620708794/
2025-07-14 02:15:40 - DEBUG - Extracted pin ID (standard format): 210543351620708794
2025-07-14 02:15:40 - INFO - Processing main pin 1/3: 210543351620708794
2025-07-14 02:15:40 - DEBUG - Extracting pin ID from URL: https://www.pinterest.com/pin/210543351620708794/
2025-07-14 02:15:40 - DEBUG - Extracted pin ID (standard format): 210543351620708794
2025-07-14 02:15:40 - DEBUG - Getting similar pins from pin 210543351620708794
2025-07-14 02:15:41 - DEBUG - Navigating to pin page: https://www.pinterest.com/pin/210543351620708794/
2025-07-14 02:15:42 - DEBUG - Waiting for page to be fully loaded...
2025-07-14 02:15:42 - DEBUG - DOM content loaded
2025-07-14 02:15:47 - DEBUG - Network idle achieved
2025-07-14 02:15:47 - DEBUG - Found selector: div[data-test-id='pin']
2025-07-14 02:15:49 - DEBUG - Page loading complete
2025-07-14 02:15:51 - DEBUG - Extracting pin ID from URL: https://www.pinterest.com/pin/210543351620708794/repin/
2025-07-14 02:15:51 - DEBUG - Extracted pin ID (standard format): 210543351620708794
2025-07-14 02:15:51 - DEBUG - Extracting pin ID from URL: https://www.pinterest.com/pin/844493672770241/
2025-07-14 02:15:51 - DEBUG - Extracted pin ID (standard format): 844493672770241
2025-07-14 02:15:51 - DEBUG - Extracting pin ID from URL: https://www.pinterest.com/pin/844493672770241/
2025-07-14 02:15:51 - DEBUG - Extracted pin ID (standard format): 844493672770241
2025-07-14 02:15:51 - DEBUG - Extracting pin ID from URL: https://www.pinterest.com/pin/maroon-doc-martens-mens-size-11--119415827613897725/
2025-07-14 02:15:51 - DEBUG - Extracted pin ID (description format): 119415827613897725
2025-07-14 02:15:51 - DEBUG - Extracting pin ID from URL: https://www.pinterest.com/pin/maroon-doc-martens-mens-size-11--119415827613897725/
2025-07-14 02:15:51 - DEBUG - Extracted pin ID (description format): 119415827613897725
2025-07-14 02:15:51 - DEBUG - Extracting pin ID from URL: https://www.pinterest.com/pin/1970393582456838/
2025-07-14 02:15:51 - DEBUG - Extracted pin ID (standard format): 1970393582456838
2025-07-14 02:15:51 - DEBUG - Extracting pin ID from URL: https://www.pinterest.com/pin/1970393582456838/
2025-07-14 02:15:51 - DEBUG - Extracted pin ID (standard format): 1970393582456838
2025-07-14 02:15:51 - DEBUG - Extracting pin ID from URL: https://www.pinterest.com/pin/57561701484260178/
2025-07-14 02:15:51 - DEBUG - Extracted pin ID (standard format): 57561701484260178
2025-07-14 02:15:51 - DEBUG - Extracting pin ID from URL: https://www.pinterest.com/pin/57561701484260178/
2025-07-14 02:15:51 - DEBUG - Extracted pin ID (standard format): 57561701484260178
2025-07-14 02:15:52 - DEBUG - Extracting pin ID from URL: https://www.pinterest.com/pin/844493675647247/
2025-07-14 02:15:52 - DEBUG - Extracted pin ID (standard format): 844493675647247
2025-07-14 02:15:52 - DEBUG - Extracting pin ID from URL: https://www.pinterest.com/pin/844493675647247/
2025-07-14 02:15:52 - DEBUG - Extracted pin ID (standard format): 844493675647247
2025-07-14 02:15:52 - DEBUG - Extracting pin ID from URL: https://www.pinterest.com/pin/doc-martens-in-2025--844493675290234/
2025-07-14 02:15:52 - DEBUG - Extracted pin ID (description format): 844493675290234
2025-07-14 02:15:52 - DEBUG - Extracting pin ID from URL: https://www.pinterest.com/pin/doc-martens-in-2025--844493675290234/
2025-07-14 02:15:52 - DEBUG - Extracted pin ID (description format): 844493675290234
2025-07-14 02:15:52 - DEBUG - Extracting pin ID from URL: https://www.pinterest.com/pin/40954677857869319/
2025-07-14 02:15:52 - DEBUG - Extracted pin ID (standard format): 40954677857869319
2025-07-14 02:15:52 - DEBUG - Extracting pin ID from URL: https://www.pinterest.com/pin/40954677857869319/
2025-07-14 02:15:52 - DEBUG - Extracted pin ID (standard format): 40954677857869319
2025-07-14 02:15:52 - DEBUG - Extracting pin ID from URL: https://www.pinterest.com/pin/doc-martens-cherry-red-vegan-boots-docmartens--266979084136236161/
2025-07-14 02:15:52 - DEBUG - Extracted pin ID (description format): 266979084136236161
2025-07-14 02:15:52 - DEBUG - Extracting pin ID from URL: https://www.pinterest.com/pin/doc-martens-cherry-red-vegan-boots-docmartens--266979084136236161/
2025-07-14 02:15:52 - DEBUG - Extracted pin ID (description format): 266979084136236161
2025-07-14 02:15:52 - DEBUG - Extracting pin ID from URL: https://www.pinterest.com/pin/351912466462651/
2025-07-14 02:15:52 - DEBUG - Extracted pin ID (standard format): 351912466462651
2025-07-14 02:15:52 - DEBUG - Extracting pin ID from URL: https://www.pinterest.com/pin/351912466462651/
2025-07-14 02:15:52 - DEBUG - Extracted pin ID (standard format): 351912466462651
2025-07-14 02:15:52 - DEBUG - Extracting pin ID from URL: https://www.pinterest.com/pin/76983474877209216/
2025-07-14 02:15:52 - DEBUG - Extracted pin ID (standard format): 76983474877209216
2025-07-14 02:15:52 - DEBUG - Extracting pin ID from URL: https://www.pinterest.com/pin/76983474877209216/
2025-07-14 02:15:52 - DEBUG - Extracted pin ID (standard format): 76983474877209216
2025-07-14 02:15:52 - DEBUG - Extracting pin ID from URL: https://www.pinterest.com/pin/dr-martens-1460-vegan-leather-boot-cherry-red--1064749537060444788/
2025-07-14 02:15:52 - DEBUG - Extracted pin ID (description format): 1064749537060444788
2025-07-14 02:15:52 - DEBUG - Extracting pin ID from URL: https://www.pinterest.com/pin/dr-martens-1460-vegan-leather-boot-cherry-red--1064749537060444788/
2025-07-14 02:15:52 - DEBUG - Extracted pin ID (description format): 1064749537060444788
2025-07-14 02:15:52 - DEBUG - Extracting pin ID from URL: https://www.pinterest.com/pin/doc-martens--844493672549177/
2025-07-14 02:15:52 - DEBUG - Extracted pin ID (description format): 844493672549177
2025-07-14 02:15:52 - DEBUG - Extracting pin ID from URL: https://www.pinterest.com/pin/doc-martens--844493672549177/
2025-07-14 02:15:52 - DEBUG - Extracted pin ID (description format): 844493672549177
2025-07-14 02:15:52 - DEBUG - Found 3 similar pins for pin 210543351620708794
2025-07-14 02:15:52 - DEBUG - Added 3 new similar pins from main pin 210543351620708794
2025-07-14 02:15:53 - DEBUG - Extracting pin ID from URL: https://www.pinterest.com/pin/844493673053633/
2025-07-14 02:15:53 - DEBUG - Extracted pin ID (standard format): 844493673053633
2025-07-14 02:15:53 - INFO - Processing main pin 2/3: 844493673053633
2025-07-14 02:15:53 - DEBUG - Extracting pin ID from URL: https://www.pinterest.com/pin/844493673053633/
2025-07-14 02:15:53 - DEBUG - Extracted pin ID (standard format): 844493673053633
2025-07-14 02:15:53 - DEBUG - Getting similar pins from pin 844493673053633
2025-07-14 02:15:53 - DEBUG - Navigating to pin page: https://www.pinterest.com/pin/844493673053633/
2025-07-14 02:15:54 - DEBUG - Waiting for page to be fully loaded...
2025-07-14 02:15:54 - DEBUG - DOM content loaded
2025-07-14 02:15:59 - DEBUG - Network idle achieved
2025-07-14 02:15:59 - DEBUG - Found selector: div[data-test-id='pin']
2025-07-14 02:16:01 - DEBUG - Page loading complete
2025-07-14 02:16:03 - DEBUG - Extracting pin ID from URL: https://www.pinterest.com/pin/844493673053633/repin/
2025-07-14 02:16:03 - DEBUG - Extracted pin ID (standard format): 844493673053633
2025-07-14 02:16:03 - DEBUG - Extracting pin ID from URL: https://www.pinterest.com/pin/17099673581816611/
2025-07-14 02:16:03 - DEBUG - Extracted pin ID (standard format): 17099673581816611
2025-07-14 02:16:03 - DEBUG - Extracting pin ID from URL: https://www.pinterest.com/pin/17099673581816611/
2025-07-14 02:16:03 - DEBUG - Extracted pin ID (standard format): 17099673581816611
2025-07-14 02:16:03 - DEBUG - Extracting pin ID from URL: https://www.pinterest.com/pin/1014928466031143832/
2025-07-14 02:16:03 - DEBUG - Extracted pin ID (standard format): 1014928466031143832
2025-07-14 02:16:03 - DEBUG - Extracting pin ID from URL: https://www.pinterest.com/pin/1014928466031143832/
2025-07-14 02:16:03 - DEBUG - Extracted pin ID (standard format): 1014928466031143832
2025-07-14 02:16:03 - DEBUG - Extracting pin ID from URL: https://www.pinterest.com/pin/sndag--7318418139363865/
2025-07-14 02:16:03 - DEBUG - Extracted pin ID (description format): 7318418139363865
2025-07-14 02:16:03 - DEBUG - Extracting pin ID from URL: https://www.pinterest.com/pin/sndag--7318418139363865/
2025-07-14 02:16:03 - DEBUG - Extracted pin ID (description format): 7318418139363865
2025-07-14 02:16:03 - DEBUG - Extracting pin ID from URL: https://www.pinterest.com/pin/16747829861336043/
2025-07-14 02:16:03 - DEBUG - Extracted pin ID (standard format): 16747829861336043
2025-07-14 02:16:03 - DEBUG - Extracting pin ID from URL: https://www.pinterest.com/pin/16747829861336043/
2025-07-14 02:16:03 - DEBUG - Extracted pin ID (standard format): 16747829861336043
2025-07-14 02:16:03 - DEBUG - Extracting pin ID from URL: https://www.pinterest.com/pin/18295942230489807/
2025-07-14 02:16:03 - DEBUG - Extracted pin ID (standard format): 18295942230489807
2025-07-14 02:16:03 - DEBUG - Extracting pin ID from URL: https://www.pinterest.com/pin/18295942230489807/
2025-07-14 02:16:03 - DEBUG - Extracted pin ID (standard format): 18295942230489807
2025-07-14 02:16:03 - DEBUG - Extracting pin ID from URL: https://www.pinterest.com/pin/dr-martens-outfits--844493673038417/
2025-07-14 02:16:03 - DEBUG - Extracted pin ID (description format): 844493673038417
2025-07-14 02:16:03 - DEBUG - Extracting pin ID from URL: https://www.pinterest.com/pin/dr-martens-outfits--844493673038417/
2025-07-14 02:16:03 - DEBUG - Extracted pin ID (description format): 844493673038417
2025-07-14 02:16:03 - DEBUG - Extracting pin ID from URL: https://www.pinterest.com/pin/23784704277180844/
2025-07-14 02:16:03 - DEBUG - Extracted pin ID (standard format): 23784704277180844
2025-07-14 02:16:03 - DEBUG - Extracting pin ID from URL: https://www.pinterest.com/pin/23784704277180844/
2025-07-14 02:16:03 - DEBUG - Extracted pin ID (standard format): 23784704277180844
2025-07-14 02:16:03 - DEBUG - Extracting pin ID from URL: https://www.pinterest.com/pin/204350901837523665/
2025-07-14 02:16:03 - DEBUG - Extracted pin ID (standard format): 204350901837523665
2025-07-14 02:16:03 - DEBUG - Extracting pin ID from URL: https://www.pinterest.com/pin/204350901837523665/
2025-07-14 02:16:03 - DEBUG - Extracted pin ID (standard format): 204350901837523665
2025-07-14 02:16:03 - DEBUG - Extracting pin ID from URL: https://www.pinterest.com/pin/844493675058886/
2025-07-14 02:16:03 - DEBUG - Extracted pin ID (standard format): 844493675058886
2025-07-14 02:16:03 - DEBUG - Extracting pin ID from URL: https://www.pinterest.com/pin/844493675058886/
2025-07-14 02:16:03 - DEBUG - Extracted pin ID (standard format): 844493675058886
2025-07-14 02:16:03 - DEBUG - Extracting pin ID from URL: https://www.pinterest.com/pin/dr-martens-outfits--844493671361976/
2025-07-14 02:16:03 - DEBUG - Extracted pin ID (description format): 844493671361976
2025-07-14 02:16:03 - DEBUG - Extracting pin ID from URL: https://www.pinterest.com/pin/dr-martens-outfits--844493671361976/
2025-07-14 02:16:03 - DEBUG - Extracted pin ID (description format): 844493671361976
2025-07-14 02:16:03 - DEBUG - Extracting pin ID from URL: https://www.pinterest.com/pin/844493675287745/
2025-07-14 02:16:03 - DEBUG - Extracted pin ID (standard format): 844493675287745
2025-07-14 02:16:03 - DEBUG - Extracting pin ID from URL: https://www.pinterest.com/pin/844493675287745/
2025-07-14 02:16:03 - DEBUG - Extracted pin ID (standard format): 844493675287745
2025-07-14 02:16:03 - DEBUG - Extracting pin ID from URL: https://www.pinterest.com/pin/1196337403508288/
2025-07-14 02:16:03 - DEBUG - Extracted pin ID (standard format): 1196337403508288
2025-07-14 02:16:03 - DEBUG - Extracting pin ID from URL: https://www.pinterest.com/pin/1196337403508288/
2025-07-14 02:16:03 - DEBUG - Extracted pin ID (standard format): 1196337403508288
2025-07-14 02:16:03 - DEBUG - Found 3 similar pins for pin 844493673053633
2025-07-14 02:16:03 - DEBUG - Added 3 new similar pins from main pin 844493673053633
2025-07-14 02:16:04 - DEBUG - Extracting pin ID from URL: https://www.pinterest.com/pin/653444227202441927/
2025-07-14 02:16:04 - DEBUG - Extracted pin ID (standard format): 653444227202441927
2025-07-14 02:16:04 - INFO - Processing main pin 3/3: 653444227202441927
2025-07-14 02:16:04 - DEBUG - Extracting pin ID from URL: https://www.pinterest.com/pin/653444227202441927/
2025-07-14 02:16:04 - DEBUG - Extracted pin ID (standard format): 653444227202441927
2025-07-14 02:16:04 - DEBUG - Getting similar pins from pin 653444227202441927
2025-07-14 02:16:05 - DEBUG - Navigating to pin page: https://www.pinterest.com/pin/653444227202441927/
2025-07-14 02:16:06 - DEBUG - Waiting for page to be fully loaded...
2025-07-14 02:16:06 - DEBUG - DOM content loaded
2025-07-14 02:16:11 - DEBUG - Network idle achieved
2025-07-14 02:16:11 - DEBUG - Found selector: div[data-test-id='pin']
2025-07-14 02:16:13 - DEBUG - Page loading complete
2025-07-14 02:16:15 - DEBUG - Extracting pin ID from URL: https://www.pinterest.com/pin/653444227202441927/repin/
2025-07-14 02:16:15 - DEBUG - Extracted pin ID (standard format): 653444227202441927
2025-07-14 02:16:15 - DEBUG - Extracting pin ID from URL: https://www.pinterest.com/pin/42925002692745136/
2025-07-14 02:16:15 - DEBUG - Extracted pin ID (standard format): 42925002692745136
2025-07-14 02:16:15 - DEBUG - Extracting pin ID from URL: https://www.pinterest.com/pin/42925002692745136/
2025-07-14 02:16:15 - DEBUG - Extracted pin ID (standard format): 42925002692745136
2025-07-14 02:16:15 - DEBUG - Extracting pin ID from URL: https://www.pinterest.com/pin/73605775154862862/
2025-07-14 02:16:15 - DEBUG - Extracted pin ID (standard format): 73605775154862862
2025-07-14 02:16:15 - DEBUG - Extracting pin ID from URL: https://www.pinterest.com/pin/73605775154862862/
2025-07-14 02:16:15 - DEBUG - Extracted pin ID (standard format): 73605775154862862
2025-07-14 02:16:15 - DEBUG - Extracting pin ID from URL: https://www.pinterest.com/pin/11047961581707535/
2025-07-14 02:16:15 - DEBUG - Extracted pin ID (standard format): 11047961581707535
2025-07-14 02:16:15 - DEBUG - Extracting pin ID from URL: https://www.pinterest.com/pin/11047961581707535/
2025-07-14 02:16:15 - DEBUG - Extracted pin ID (standard format): 11047961581707535
2025-07-14 02:16:15 - DEBUG - Extracting pin ID from URL: https://www.pinterest.com/pin/15199717491124077/
2025-07-14 02:16:15 - DEBUG - Extracted pin ID (standard format): 15199717491124077
2025-07-14 02:16:15 - DEBUG - Extracting pin ID from URL: https://www.pinterest.com/pin/15199717491124077/
2025-07-14 02:16:15 - DEBUG - Extracted pin ID (standard format): 15199717491124077
2025-07-14 02:16:15 - DEBUG - Extracting pin ID from URL: https://www.pinterest.com/pin/33073378510008567/
2025-07-14 02:16:15 - DEBUG - Extracted pin ID (standard format): 33073378510008567
2025-07-14 02:16:15 - DEBUG - Extracting pin ID from URL: https://www.pinterest.com/pin/33073378510008567/
2025-07-14 02:16:15 - DEBUG - Extracted pin ID (standard format): 33073378510008567
2025-07-14 02:16:15 - DEBUG - Extracting pin ID from URL: https://www.pinterest.com/pin/6262886977226900/
2025-07-14 02:16:15 - DEBUG - Extracted pin ID (standard format): 6262886977226900
2025-07-14 02:16:15 - DEBUG - Extracting pin ID from URL: https://www.pinterest.com/pin/6262886977226900/
2025-07-14 02:16:15 - DEBUG - Extracted pin ID (standard format): 6262886977226900
2025-07-14 02:16:15 - DEBUG - Extracting pin ID from URL: https://www.pinterest.com/pin/958774208176957751/
2025-07-14 02:16:15 - DEBUG - Extracted pin ID (standard format): 958774208176957751
2025-07-14 02:16:15 - DEBUG - Extracting pin ID from URL: https://www.pinterest.com/pin/958774208176957751/
2025-07-14 02:16:15 - DEBUG - Extracted pin ID (standard format): 958774208176957751
2025-07-14 02:16:15 - DEBUG - Extracting pin ID from URL: https://www.pinterest.com/pin/2533343537543218/
2025-07-14 02:16:15 - DEBUG - Extracted pin ID (standard format): 2533343537543218
2025-07-14 02:16:15 - DEBUG - Extracting pin ID from URL: https://www.pinterest.com/pin/2533343537543218/
2025-07-14 02:16:15 - DEBUG - Extracted pin ID (standard format): 2533343537543218
2025-07-14 02:16:15 - DEBUG - Extracting pin ID from URL: https://www.pinterest.com/pin/just-aesthetics--96194142036279652/
2025-07-14 02:16:15 - DEBUG - Extracted pin ID (description format): 96194142036279652
2025-07-14 02:16:15 - DEBUG - Extracting pin ID from URL: https://www.pinterest.com/pin/just-aesthetics--96194142036279652/
2025-07-14 02:16:15 - DEBUG - Extracted pin ID (description format): 96194142036279652
2025-07-14 02:16:15 - DEBUG - Extracting pin ID from URL: https://www.pinterest.com/pin/351703052172190248/
2025-07-14 02:16:15 - DEBUG - Extracted pin ID (standard format): 351703052172190248
2025-07-14 02:16:15 - DEBUG - Extracting pin ID from URL: https://www.pinterest.com/pin/351703052172190248/
2025-07-14 02:16:15 - DEBUG - Extracted pin ID (standard format): 351703052172190248
2025-07-14 02:16:15 - DEBUG - Extracting pin ID from URL: https://www.pinterest.com/pin/67131850691282681/
2025-07-14 02:16:15 - DEBUG - Extracted pin ID (standard format): 67131850691282681
2025-07-14 02:16:15 - DEBUG - Extracting pin ID from URL: https://www.pinterest.com/pin/67131850691282681/
2025-07-14 02:16:15 - DEBUG - Extracted pin ID (standard format): 67131850691282681
2025-07-14 02:16:15 - DEBUG - Extracting pin ID from URL: https://www.pinterest.com/pin/225743000068548541/
2025-07-14 02:16:15 - DEBUG - Extracted pin ID (standard format): 225743000068548541
2025-07-14 02:16:15 - DEBUG - Extracting pin ID from URL: https://www.pinterest.com/pin/225743000068548541/
2025-07-14 02:16:15 - DEBUG - Extracted pin ID (standard format): 225743000068548541
2025-07-14 02:16:15 - DEBUG - Extracting pin ID from URL: https://www.pinterest.com/pin/jacks-collection-in-2024--22799541857793275/
2025-07-14 02:16:15 - DEBUG - Extracted pin ID (description format): 22799541857793275
2025-07-14 02:16:16 - DEBUG - Extracting pin ID from URL: https://www.pinterest.com/pin/jacks-collection-in-2024--22799541857793275/
2025-07-14 02:16:16 - DEBUG - Extracted pin ID (description format): 22799541857793275
2025-07-14 02:16:16 - DEBUG - Extracting pin ID from URL: https://www.pinterest.com/pin/70087337949274306/
2025-07-14 02:16:16 - DEBUG - Extracted pin ID (standard format): 70087337949274306
2025-07-14 02:16:16 - DEBUG - Extracting pin ID from URL: https://www.pinterest.com/pin/70087337949274306/
2025-07-14 02:16:16 - DEBUG - Extracted pin ID (standard format): 70087337949274306
2025-07-14 02:16:16 - DEBUG - Found 3 similar pins for pin 653444227202441927
2025-07-14 02:16:16 - DEBUG - Added 3 new similar pins from main pin 653444227202441927
2025-07-14 02:16:17 - INFO - ✅ Total unique pins collected: 12
2025-07-14 02:16:17 - INFO - 🔽 STEP 3: Downloading 12 pins
2025-07-14 02:16:17 - DEBUG - Extracting pin ID from URL: https://www.pinterest.com/pin/17099673581816611/
2025-07-14 02:16:17 - DEBUG - Extracted pin ID (standard format): 17099673581816611
2025-07-14 02:16:17 - DEBUG - Pin 17099673581816611 already processed - skipping
2025-07-14 02:16:17 - DEBUG - Extracting pin ID from URL: https://www.pinterest.com/pin/844493672770241/
2025-07-14 02:16:17 - DEBUG - Extracted pin ID (standard format): 844493672770241
2025-07-14 02:16:17 - DEBUG - Pin 844493672770241 already processed - skipping
2025-07-14 02:16:17 - DEBUG - Extracting pin ID from URL: https://www.pinterest.com/pin/73605775154862862/
2025-07-14 02:16:17 - DEBUG - Extracted pin ID (standard format): 73605775154862862
2025-07-14 02:16:17 - DEBUG - Pin 73605775154862862 already processed - skipping
2025-07-14 02:16:17 - DEBUG - Extracting pin ID from URL: https://www.pinterest.com/pin/11047961581707535/
2025-07-14 02:16:17 - DEBUG - Extracted pin ID (standard format): 11047961581707535
2025-07-14 02:16:17 - DEBUG - Pin 11047961581707535 already processed - skipping
2025-07-14 02:16:17 - DEBUG - Extracting pin ID from URL: https://www.pinterest.com/pin/653444227202441927/
2025-07-14 02:16:17 - DEBUG - Extracted pin ID (standard format): 653444227202441927
2025-07-14 02:16:17 - DEBUG - Pin 653444227202441927 already processed - skipping
2025-07-14 02:16:17 - DEBUG - Extracting pin ID from URL: https://www.pinterest.com/pin/210543351620708794/
2025-07-14 02:16:17 - DEBUG - Extracted pin ID (standard format): 210543351620708794
2025-07-14 02:16:17 - DEBUG - Pin 210543351620708794 already processed - skipping
2025-07-14 02:16:17 - DEBUG - Extracting pin ID from URL: https://www.pinterest.com/pin/sndag--7318418139363865/
2025-07-14 02:16:17 - DEBUG - Extracted pin ID (description format): 7318418139363865
2025-07-14 02:16:17 - DEBUG - Pin 7318418139363865 already processed - skipping
2025-07-14 02:16:17 - DEBUG - Extracting pin ID from URL: https://www.pinterest.com/pin/42925002692745136/
2025-07-14 02:16:17 - DEBUG - Extracted pin ID (standard format): 42925002692745136
2025-07-14 02:16:17 - DEBUG - Pin 42925002692745136 already processed - skipping
2025-07-14 02:16:17 - DEBUG - Extracting pin ID from URL: https://www.pinterest.com/pin/maroon-doc-martens-mens-size-11--119415827613897725/
2025-07-14 02:16:17 - DEBUG - Extracted pin ID (description format): 119415827613897725
2025-07-14 02:16:17 - DEBUG - Pin 119415827613897725 already processed - skipping
2025-07-14 02:16:17 - DEBUG - Extracting pin ID from URL: https://www.pinterest.com/pin/1014928466031143832/
2025-07-14 02:16:17 - DEBUG - Extracted pin ID (standard format): 1014928466031143832
2025-07-14 02:16:17 - DEBUG - Extracting pin ID from URL: https://www.pinterest.com/pin/1014928466031143832/
2025-07-14 02:16:17 - DEBUG - Extracted pin ID (standard format): 1014928466031143832
2025-07-14 02:16:17 - INFO - Processing pin: 1014928466031143832
2025-07-14 02:16:17 - DEBUG - Extracting image URL from pin page: https://www.pinterest.com/pin/1014928466031143832/
2025-07-14 02:16:17 - DEBUG - Navigating to pin page
2025-07-14 02:16:19 - DEBUG - Waiting for og:image meta tag
2025-07-14 02:16:19 - DEBUG - Successfully extracted image URL: https://i.pinimg.com/736x/e6/8e/1f/e68e1f6eae5b7e8ff88192f516e9a4fe.jpg
2025-07-14 02:16:20 - DEBUG - Getting highest quality URL for: https://i.pinimg.com/736x/e6/8e/1f/e68e1f6eae5b7e8ff88192f516e9a4fe.jpg
2025-07-14 02:16:20 - DEBUG - Original quality URL available
2025-07-14 02:16:20 - INFO - Downloading image from: https://i.pinimg.com/736x/e6/8e/1f/e68e1f6eae5b7e8ff88192f516e9a4fe.jpg
2025-07-14 02:16:20 - DEBUG - Saved 219 processed pins to history
2025-07-14 02:16:20 - DEBUG - Marked pin 1014928466031143832 as processed
2025-07-14 02:16:20 - INFO - Successfully downloaded pin 1014928466031143832 - Size: 102998 bytes
2025-07-14 02:16:20 - DEBUG - Extracting pin ID from URL: https://www.pinterest.com/pin/844493673053633/
2025-07-14 02:16:20 - DEBUG - Extracted pin ID (standard format): 844493673053633
2025-07-14 02:16:20 - DEBUG - Pin 844493673053633 already processed - skipping
2025-07-14 02:16:20 - DEBUG - Extracting pin ID from URL: https://www.pinterest.com/pin/1970393582456838/
2025-07-14 02:16:20 - DEBUG - Extracted pin ID (standard format): 1970393582456838
2025-07-14 02:16:20 - DEBUG - Pin 1970393582456838 already processed - skipping
2025-07-14 02:16:20 - INFO - === MULTI-LEVEL SCRAPING COMPLETED ===
2025-07-14 02:16:20 - INFO - Duration: 0:00:49.841895
2025-07-14 02:16:20 - INFO - Main pins found: 3
2025-07-14 02:16:20 - INFO - Similar pins found: 9
2025-07-14 02:16:20 - INFO - Total unique pins: 12
2025-07-14 02:16:20 - INFO - Successful downloads: 1
2025-07-14 02:16:20 - INFO - Skipped duplicates: 11
2025-07-14 02:16:20 - INFO - Failed downloads: 0
2025-07-14 02:16:20 - INFO - Total processed pins in history: 219
