2025-07-14 17:49:04 - INFO - Logging initialized. Log file: logs\pinterest_multilevel_20250714_174904.log
2025-07-14 17:49:04 - INFO - Loaded 418 processed pins from history
2025-07-14 17:49:04 - INFO - Pinterest Multi-Level Scraper initialized
2025-07-14 17:49:04 - INFO - Found 418 previously processed pins
2025-07-14 17:49:04 - INFO - 🚀 Starting Pinterest Multi-Level Scraper
2025-07-14 17:49:04 - INFO - Keyword: 'Australia Passport number', Main pins: 200, Similar pins: Disabled
2025-07-14 17:49:04 - INFO - 🚀 Starting pin collection
2025-07-14 17:49:04 - INFO - 🔍 STEP 1: Getting 200 NEW main pins for keyword: 'Australia Passport number'
2025-07-14 17:49:04 - DEBUG - Search URL: https://www.pinterest.com/search/pins/?q=Australia+Passport+number
2025-07-14 17:49:05 - INFO - Navigating to search page
2025-07-14 17:49:06 - INFO - Setting page zoom to 25%
2025-07-14 17:49:07 - INFO - Waiting for page to fully load...
2025-07-14 17:49:07 - DEBUG - Waiting for page to be fully loaded...
2025-07-14 17:49:07 - DEBUG - DOM content loaded
2025-07-14 17:49:27 - DEBUG - Network idle timeout: Timeout 20000ms exceeded.
2025-07-14 17:49:27 - DEBUG - Found selector: div[data-test-id='pin']
2025-07-14 17:49:29 - DEBUG - Page loading complete
2025-07-14 17:49:32 - DEBUG - Scrolling to load more pins (scroll #1)
2025-07-14 17:49:35 - DEBUG - Extracting pin ID from URL: https://www.pinterest.com/pin/626563366947762497/
2025-07-14 17:49:35 - DEBUG - Extracted pin ID (standard format): 626563366947762497
2025-07-14 17:49:35 - DEBUG - Pin 626563366947762497 already processed - skipping
2025-07-14 17:49:35 - DEBUG - Skipped already processed pin: 626563366947762497
2025-07-14 17:49:35 - DEBUG - Extracting pin ID from URL: https://www.pinterest.com/pin/626563366947762497/
2025-07-14 17:49:35 - DEBUG - Extracted pin ID (standard format): 626563366947762497
2025-07-14 17:49:35 - DEBUG - Extracting pin ID from URL: https://www.pinterest.com/pin/1266706140370671/
2025-07-14 17:49:35 - DEBUG - Extracted pin ID (standard format): 1266706140370671
2025-07-14 17:49:35 - DEBUG - Pin 1266706140370671 already processed - skipping
2025-07-14 17:49:35 - DEBUG - Skipped already processed pin: 1266706140370671
2025-07-14 17:49:35 - DEBUG - Extracting pin ID from URL: https://www.pinterest.com/pin/1266706140370671/
2025-07-14 17:49:35 - DEBUG - Extracted pin ID (standard format): 1266706140370671
2025-07-14 17:49:35 - DEBUG - Extracting pin ID from URL: https://www.pinterest.com/pin/370491506865543567/
2025-07-14 17:49:35 - DEBUG - Extracted pin ID (standard format): 370491506865543567
2025-07-14 17:49:35 - DEBUG - Pin 370491506865543567 already processed - skipping
2025-07-14 17:49:35 - DEBUG - Skipped already processed pin: 370491506865543567
2025-07-14 17:49:35 - DEBUG - Extracting pin ID from URL: https://www.pinterest.com/pin/370491506865543567/
2025-07-14 17:49:35 - DEBUG - Extracted pin ID (standard format): 370491506865543567
2025-07-14 17:49:35 - DEBUG - Extracting pin ID from URL: https://www.pinterest.com/pin/575334921123049650/
2025-07-14 17:49:35 - DEBUG - Extracted pin ID (standard format): 575334921123049650
2025-07-14 17:49:35 - DEBUG - Pin 575334921123049650 already processed - skipping
2025-07-14 17:49:35 - DEBUG - Skipped already processed pin: 575334921123049650
2025-07-14 17:49:35 - DEBUG - Extracting pin ID from URL: https://www.pinterest.com/pin/575334921123049650/
2025-07-14 17:49:35 - DEBUG - Extracted pin ID (standard format): 575334921123049650
2025-07-14 17:49:35 - DEBUG - Extracting pin ID from URL: https://www.pinterest.com/pin/8303580558181087/
2025-07-14 17:49:35 - DEBUG - Extracted pin ID (standard format): 8303580558181087
2025-07-14 17:49:35 - DEBUG - Pin 8303580558181087 already processed - skipping
2025-07-14 17:49:35 - DEBUG - Skipped already processed pin: 8303580558181087
2025-07-14 17:49:35 - DEBUG - Extracting pin ID from URL: https://www.pinterest.com/pin/8303580558181087/
2025-07-14 17:49:35 - DEBUG - Extracted pin ID (standard format): 8303580558181087
2025-07-14 17:49:35 - DEBUG - Extracting pin ID from URL: https://www.pinterest.com/pin/705939310377929774/
2025-07-14 17:49:35 - DEBUG - Extracted pin ID (standard format): 705939310377929774
2025-07-14 17:49:35 - DEBUG - Pin 705939310377929774 already processed - skipping
2025-07-14 17:49:35 - DEBUG - Skipped already processed pin: 705939310377929774
2025-07-14 17:49:35 - DEBUG - Extracting pin ID from URL: https://www.pinterest.com/pin/705939310377929774/
2025-07-14 17:49:35 - DEBUG - Extracted pin ID (standard format): 705939310377929774
2025-07-14 17:49:35 - DEBUG - Extracting pin ID from URL: https://www.pinterest.com/pin/414190497002894621/
2025-07-14 17:49:35 - DEBUG - Extracted pin ID (standard format): 414190497002894621
2025-07-14 17:49:35 - DEBUG - Pin 414190497002894621 already processed - skipping
2025-07-14 17:49:35 - DEBUG - Skipped already processed pin: 414190497002894621
2025-07-14 17:49:35 - DEBUG - Extracting pin ID from URL: https://www.pinterest.com/pin/414190497002894621/
2025-07-14 17:49:35 - DEBUG - Extracted pin ID (standard format): 414190497002894621
2025-07-14 17:49:35 - DEBUG - Extracting pin ID from URL: https://www.pinterest.com/pin/216032113370607279/
2025-07-14 17:49:35 - DEBUG - Extracted pin ID (standard format): 216032113370607279
2025-07-14 17:49:35 - DEBUG - Pin 216032113370607279 already processed - skipping
2025-07-14 17:49:35 - DEBUG - Skipped already processed pin: 216032113370607279
2025-07-14 17:49:35 - DEBUG - Extracting pin ID from URL: https://www.pinterest.com/pin/216032113370607279/
2025-07-14 17:49:35 - DEBUG - Extracted pin ID (standard format): 216032113370607279
2025-07-14 17:49:35 - DEBUG - Extracting pin ID from URL: https://www.pinterest.com/pin/89649848826793611/
2025-07-14 17:49:35 - DEBUG - Extracted pin ID (standard format): 89649848826793611
2025-07-14 17:49:35 - DEBUG - Pin 89649848826793611 already processed - skipping
2025-07-14 17:49:35 - DEBUG - Skipped already processed pin: 89649848826793611
2025-07-14 17:49:35 - DEBUG - Extracting pin ID from URL: https://www.pinterest.com/pin/89649848826793611/
2025-07-14 17:49:35 - DEBUG - Extracted pin ID (standard format): 89649848826793611
2025-07-14 17:49:35 - DEBUG - Extracting pin ID from URL: https://www.pinterest.com/pin/200339883417373084/
2025-07-14 17:49:35 - DEBUG - Extracted pin ID (standard format): 200339883417373084
2025-07-14 17:49:35 - DEBUG - Pin 200339883417373084 already processed - skipping
2025-07-14 17:49:35 - DEBUG - Skipped already processed pin: 200339883417373084
2025-07-14 17:49:35 - DEBUG - Extracting pin ID from URL: https://www.pinterest.com/pin/200339883417373084/
2025-07-14 17:49:35 - DEBUG - Extracted pin ID (standard format): 200339883417373084
2025-07-14 17:49:35 - DEBUG - Extracting pin ID from URL: https://www.pinterest.com/pin/151785449935812432/
2025-07-14 17:49:35 - DEBUG - Extracted pin ID (standard format): 151785449935812432
2025-07-14 17:49:35 - DEBUG - Pin 151785449935812432 already processed - skipping
2025-07-14 17:49:35 - DEBUG - Skipped already processed pin: 151785449935812432
2025-07-14 17:49:35 - DEBUG - Extracting pin ID from URL: https://www.pinterest.com/pin/151785449935812432/
2025-07-14 17:49:35 - DEBUG - Extracted pin ID (standard format): 151785449935812432
2025-07-14 17:49:35 - DEBUG - Extracting pin ID from URL: https://www.pinterest.com/pin/313211349104280234/
2025-07-14 17:49:35 - DEBUG - Extracted pin ID (standard format): 313211349104280234
2025-07-14 17:49:35 - DEBUG - Pin 313211349104280234 already processed - skipping
2025-07-14 17:49:35 - DEBUG - Skipped already processed pin: 313211349104280234
2025-07-14 17:49:35 - DEBUG - Extracting pin ID from URL: https://www.pinterest.com/pin/313211349104280234/
2025-07-14 17:49:35 - DEBUG - Extracted pin ID (standard format): 313211349104280234
2025-07-14 17:49:35 - DEBUG - Extracting pin ID from URL: https://www.pinterest.com/pin/429671620716350731/
2025-07-14 17:49:35 - DEBUG - Extracted pin ID (standard format): 429671620716350731
2025-07-14 17:49:35 - DEBUG - Pin 429671620716350731 already processed - skipping
2025-07-14 17:49:35 - DEBUG - Skipped already processed pin: 429671620716350731
2025-07-14 17:49:35 - DEBUG - Extracting pin ID from URL: https://www.pinterest.com/pin/429671620716350731/
2025-07-14 17:49:35 - DEBUG - Extracted pin ID (standard format): 429671620716350731
2025-07-14 17:49:35 - DEBUG - Extracting pin ID from URL: https://www.pinterest.com/pin/673569688055002900/
2025-07-14 17:49:35 - DEBUG - Extracted pin ID (standard format): 673569688055002900
2025-07-14 17:49:35 - DEBUG - Pin 673569688055002900 already processed - skipping
2025-07-14 17:49:35 - DEBUG - Skipped already processed pin: 673569688055002900
2025-07-14 17:49:35 - DEBUG - Extracting pin ID from URL: https://www.pinterest.com/pin/673569688055002900/
2025-07-14 17:49:35 - DEBUG - Extracted pin ID (standard format): 673569688055002900
2025-07-14 17:49:35 - DEBUG - Extracting pin ID from URL: https://www.pinterest.com/pin/180003317644305347/
2025-07-14 17:49:35 - DEBUG - Extracted pin ID (standard format): 180003317644305347
2025-07-14 17:49:35 - DEBUG - Pin 180003317644305347 already processed - skipping
2025-07-14 17:49:35 - DEBUG - Skipped already processed pin: 180003317644305347
2025-07-14 17:49:35 - DEBUG - Extracting pin ID from URL: https://www.pinterest.com/pin/180003317644305347/
2025-07-14 17:49:35 - DEBUG - Extracted pin ID (standard format): 180003317644305347
2025-07-14 17:49:35 - DEBUG - Extracting pin ID from URL: https://www.pinterest.com/pin/71635450322355361/
2025-07-14 17:49:35 - DEBUG - Extracted pin ID (standard format): 71635450322355361
2025-07-14 17:49:35 - DEBUG - Pin 71635450322355361 already processed - skipping
2025-07-14 17:49:35 - DEBUG - Skipped already processed pin: 71635450322355361
2025-07-14 17:49:35 - DEBUG - Extracting pin ID from URL: https://www.pinterest.com/pin/71635450322355361/
2025-07-14 17:49:35 - DEBUG - Extracted pin ID (standard format): 71635450322355361
2025-07-14 17:49:35 - DEBUG - Extracting pin ID from URL: https://www.pinterest.com/pin/625296729551032501/
2025-07-14 17:49:35 - DEBUG - Extracted pin ID (standard format): 625296729551032501
2025-07-14 17:49:35 - DEBUG - Pin 625296729551032501 already processed - skipping
2025-07-14 17:49:35 - DEBUG - Skipped already processed pin: 625296729551032501
2025-07-14 17:49:35 - DEBUG - Extracting pin ID from URL: https://www.pinterest.com/pin/625296729551032501/
2025-07-14 17:49:35 - DEBUG - Extracted pin ID (standard format): 625296729551032501
2025-07-14 17:49:35 - DEBUG - Extracting pin ID from URL: https://www.pinterest.com/pin/12455336469886759/
2025-07-14 17:49:35 - DEBUG - Extracted pin ID (standard format): 12455336469886759
2025-07-14 17:49:35 - DEBUG - Pin 12455336469886759 already processed - skipping
2025-07-14 17:49:35 - DEBUG - Skipped already processed pin: 12455336469886759
2025-07-14 17:49:35 - DEBUG - Extracting pin ID from URL: https://www.pinterest.com/pin/12455336469886759/
2025-07-14 17:49:35 - DEBUG - Extracted pin ID (standard format): 12455336469886759
2025-07-14 17:49:35 - DEBUG - Total pins on page: 36, NEW pins found: 0/200
2025-07-14 17:49:40 - DEBUG - Scrolling to load more pins (scroll #2)
2025-07-14 17:49:43 - DEBUG - Total pins on page: 36, NEW pins found: 0/200
2025-07-14 17:49:48 - DEBUG - Scrolling to load more pins (scroll #3)
2025-07-14 17:49:51 - DEBUG - Total pins on page: 36, NEW pins found: 0/200
2025-07-14 17:49:56 - DEBUG - Scrolling to load more pins (scroll #4)
2025-07-14 17:49:59 - DEBUG - Total pins on page: 36, NEW pins found: 0/200
2025-07-14 17:50:04 - DEBUG - Scrolling to load more pins (scroll #5)
2025-07-14 17:50:07 - DEBUG - Total pins on page: 36, NEW pins found: 0/200
2025-07-14 17:50:12 - DEBUG - Scrolling to load more pins (scroll #6)
2025-07-14 17:50:15 - DEBUG - No new pins loading from page, stopping scroll
2025-07-14 17:50:15 - INFO - ✅ Successfully extracted 0 NEW main pin URLs
2025-07-14 17:50:15 - ERROR - No main pins found
2025-07-14 17:50:15 - WARNING - No pins collected
