2025-07-16 11:13:55 - INFO - Logging initialized. Log file: logs\pinterest_multilevel_20250716_111355.log
2025-07-16 11:13:55 - ERROR - Error loading processed pins: Illegal trailing comma before end of array: line 236 column 23 (char 5469)
2025-07-16 11:13:55 - INFO - Pinterest Multi-Level Scraper initialized
2025-07-16 11:13:55 - INFO - Found 0 previously processed pins
2025-07-16 11:13:55 - INFO - 🚀 Starting Pinterest Multi-Level Scraper
2025-07-16 11:13:55 - INFO - Keyword: 'Australia Passport Number', Main pins: 100, Similar per main: 30
2025-07-16 11:13:55 - INFO - 🚀 Starting pin collection
2025-07-16 11:13:55 - INFO - 🔍 STEP 1: Getting 100 NEW main pins for keyword: 'Australia Passport Number'
2025-07-16 11:13:55 - DEBUG - Search URL: https://www.pinterest.com/search/pins/?q=Australia+Passport+Number
2025-07-16 11:13:57 - INFO - Navigating to search page
2025-07-16 11:13:58 - INFO - Setting page zoom to 25%
2025-07-16 11:13:58 - INFO - Waiting for page to fully load...
2025-07-16 11:13:58 - DEBUG - Waiting for page to be fully loaded...
2025-07-16 11:13:58 - DEBUG - DOM content loaded
2025-07-16 11:14:04 - DEBUG - Network idle achieved
2025-07-16 11:14:04 - DEBUG - Found selector: div[data-test-id='pin']
2025-07-16 11:14:06 - DEBUG - Page loading complete
2025-07-16 11:14:09 - DEBUG - Scrolling to load more pins (scroll #1)
2025-07-16 11:14:12 - DEBUG - Extracting pin ID from URL: https://www.pinterest.com/pin/626563366947762497/
2025-07-16 11:14:12 - DEBUG - Extracted pin ID (standard format): 626563366947762497
2025-07-16 11:14:12 - DEBUG - Found NEW pin 1/100: 626563366947762497
2025-07-16 11:14:12 - DEBUG - Extracting pin ID from URL: https://www.pinterest.com/pin/626563366947762497/
2025-07-16 11:14:12 - DEBUG - Extracted pin ID (standard format): 626563366947762497
2025-07-16 11:14:12 - DEBUG - Extracting pin ID from URL: https://www.pinterest.com/pin/1266706140370671/
2025-07-16 11:14:12 - DEBUG - Extracted pin ID (standard format): 1266706140370671
2025-07-16 11:14:12 - DEBUG - Found NEW pin 2/100: 1266706140370671
2025-07-16 11:14:12 - DEBUG - Extracting pin ID from URL: https://www.pinterest.com/pin/1266706140370671/
2025-07-16 11:14:12 - DEBUG - Extracted pin ID (standard format): 1266706140370671
2025-07-16 11:14:12 - DEBUG - Extracting pin ID from URL: https://www.pinterest.com/pin/370491506865543567/
2025-07-16 11:14:12 - DEBUG - Extracted pin ID (standard format): 370491506865543567
2025-07-16 11:14:12 - DEBUG - Found NEW pin 3/100: 370491506865543567
2025-07-16 11:14:12 - DEBUG - Extracting pin ID from URL: https://www.pinterest.com/pin/370491506865543567/
2025-07-16 11:14:12 - DEBUG - Extracted pin ID (standard format): 370491506865543567
2025-07-16 11:14:12 - DEBUG - Extracting pin ID from URL: https://www.pinterest.com/pin/8303580558181087/
2025-07-16 11:14:12 - DEBUG - Extracted pin ID (standard format): 8303580558181087
2025-07-16 11:14:12 - DEBUG - Found NEW pin 4/100: 8303580558181087
2025-07-16 11:14:12 - DEBUG - Extracting pin ID from URL: https://www.pinterest.com/pin/8303580558181087/
2025-07-16 11:14:12 - DEBUG - Extracted pin ID (standard format): 8303580558181087
2025-07-16 11:14:12 - DEBUG - Extracting pin ID from URL: https://www.pinterest.com/pin/31947478603069032/
2025-07-16 11:14:12 - DEBUG - Extracted pin ID (standard format): 31947478603069032
2025-07-16 11:14:12 - DEBUG - Found NEW pin 5/100: 31947478603069032
2025-07-16 11:14:12 - DEBUG - Extracting pin ID from URL: https://www.pinterest.com/pin/31947478603069032/
2025-07-16 11:14:12 - DEBUG - Extracted pin ID (standard format): 31947478603069032
2025-07-16 11:14:12 - DEBUG - Extracting pin ID from URL: https://www.pinterest.com/pin/380624606028356902/
2025-07-16 11:14:12 - DEBUG - Extracted pin ID (standard format): 380624606028356902
2025-07-16 11:14:12 - DEBUG - Found NEW pin 6/100: 380624606028356902
2025-07-16 11:14:13 - DEBUG - Extracting pin ID from URL: https://www.pinterest.com/pin/380624606028356902/
2025-07-16 11:14:13 - DEBUG - Extracted pin ID (standard format): 380624606028356902
2025-07-16 11:14:13 - DEBUG - Extracting pin ID from URL: https://www.pinterest.com/pin/89649848826793611/
2025-07-16 11:14:13 - DEBUG - Extracted pin ID (standard format): 89649848826793611
2025-07-16 11:14:13 - DEBUG - Found NEW pin 7/100: 89649848826793611
2025-07-16 11:14:13 - DEBUG - Extracting pin ID from URL: https://www.pinterest.com/pin/89649848826793611/
2025-07-16 11:14:13 - DEBUG - Extracted pin ID (standard format): 89649848826793611
2025-07-16 11:14:13 - DEBUG - Extracting pin ID from URL: https://www.pinterest.com/pin/414190497002894621/
2025-07-16 11:14:13 - DEBUG - Extracted pin ID (standard format): 414190497002894621
2025-07-16 11:14:13 - DEBUG - Found NEW pin 8/100: 414190497002894621
2025-07-16 11:14:13 - DEBUG - Extracting pin ID from URL: https://www.pinterest.com/pin/414190497002894621/
2025-07-16 11:14:13 - DEBUG - Extracted pin ID (standard format): 414190497002894621
2025-07-16 11:14:13 - DEBUG - Extracting pin ID from URL: https://www.pinterest.com/pin/216032113370607279/
2025-07-16 11:14:13 - DEBUG - Extracted pin ID (standard format): 216032113370607279
2025-07-16 11:14:13 - DEBUG - Found NEW pin 9/100: 216032113370607279
2025-07-16 11:14:13 - DEBUG - Extracting pin ID from URL: https://www.pinterest.com/pin/216032113370607279/
2025-07-16 11:14:13 - DEBUG - Extracted pin ID (standard format): 216032113370607279
2025-07-16 11:14:13 - DEBUG - Extracting pin ID from URL: https://www.pinterest.com/pin/705939310377929774/
2025-07-16 11:14:13 - DEBUG - Extracted pin ID (standard format): 705939310377929774
2025-07-16 11:14:13 - DEBUG - Found NEW pin 10/100: 705939310377929774
2025-07-16 11:14:13 - DEBUG - Extracting pin ID from URL: https://www.pinterest.com/pin/705939310377929774/
2025-07-16 11:14:13 - DEBUG - Extracted pin ID (standard format): 705939310377929774
2025-07-16 11:14:13 - DEBUG - Extracting pin ID from URL: https://www.pinterest.com/pin/468022586248322260/
2025-07-16 11:14:13 - DEBUG - Extracted pin ID (standard format): 468022586248322260
2025-07-16 11:14:13 - DEBUG - Found NEW pin 11/100: 468022586248322260
2025-07-16 11:14:13 - DEBUG - Extracting pin ID from URL: https://www.pinterest.com/pin/468022586248322260/
2025-07-16 11:14:13 - DEBUG - Extracted pin ID (standard format): 468022586248322260
2025-07-16 11:14:13 - DEBUG - Extracting pin ID from URL: https://www.pinterest.com/pin/180003317644305347/
2025-07-16 11:14:13 - DEBUG - Extracted pin ID (standard format): 180003317644305347
2025-07-16 11:14:13 - DEBUG - Found NEW pin 12/100: 180003317644305347
2025-07-16 11:14:13 - DEBUG - Extracting pin ID from URL: https://www.pinterest.com/pin/180003317644305347/
2025-07-16 11:14:13 - DEBUG - Extracted pin ID (standard format): 180003317644305347
2025-07-16 11:14:13 - DEBUG - Extracting pin ID from URL: https://www.pinterest.com/pin/12455336469886759/
2025-07-16 11:14:13 - DEBUG - Extracted pin ID (standard format): 12455336469886759
2025-07-16 11:14:13 - DEBUG - Found NEW pin 13/100: 12455336469886759
2025-07-16 11:14:13 - DEBUG - Extracting pin ID from URL: https://www.pinterest.com/pin/12455336469886759/
2025-07-16 11:14:13 - DEBUG - Extracted pin ID (standard format): 12455336469886759
2025-07-16 11:14:13 - DEBUG - Extracting pin ID from URL: https://www.pinterest.com/pin/151785449935812432/
2025-07-16 11:14:13 - DEBUG - Extracted pin ID (standard format): 151785449935812432
2025-07-16 11:14:13 - DEBUG - Found NEW pin 14/100: 151785449935812432
2025-07-16 11:14:13 - DEBUG - Extracting pin ID from URL: https://www.pinterest.com/pin/151785449935812432/
2025-07-16 11:14:13 - DEBUG - Extracted pin ID (standard format): 151785449935812432
2025-07-16 11:14:13 - DEBUG - Extracting pin ID from URL: https://www.pinterest.com/pin/690458186660613307/
2025-07-16 11:14:13 - DEBUG - Extracted pin ID (standard format): 690458186660613307
2025-07-16 11:14:13 - DEBUG - Found NEW pin 15/100: 690458186660613307
2025-07-16 11:14:13 - DEBUG - Extracting pin ID from URL: https://www.pinterest.com/pin/690458186660613307/
2025-07-16 11:14:13 - DEBUG - Extracted pin ID (standard format): 690458186660613307
2025-07-16 11:14:13 - DEBUG - Extracting pin ID from URL: https://www.pinterest.com/pin/313211349104280234/
2025-07-16 11:14:13 - DEBUG - Extracted pin ID (standard format): 313211349104280234
2025-07-16 11:14:13 - DEBUG - Found NEW pin 16/100: 313211349104280234
2025-07-16 11:14:13 - DEBUG - Extracting pin ID from URL: https://www.pinterest.com/pin/313211349104280234/
2025-07-16 11:14:13 - DEBUG - Extracted pin ID (standard format): 313211349104280234
2025-07-16 11:14:13 - DEBUG - Extracting pin ID from URL: https://www.pinterest.com/pin/575334921123049650/
2025-07-16 11:14:13 - DEBUG - Extracted pin ID (standard format): 575334921123049650
2025-07-16 11:14:13 - DEBUG - Found NEW pin 17/100: 575334921123049650
2025-07-16 11:14:13 - DEBUG - Extracting pin ID from URL: https://www.pinterest.com/pin/575334921123049650/
2025-07-16 11:14:13 - DEBUG - Extracted pin ID (standard format): 575334921123049650
2025-07-16 11:14:13 - DEBUG - Extracting pin ID from URL: https://www.pinterest.com/pin/890586895056706822/
2025-07-16 11:14:13 - DEBUG - Extracted pin ID (standard format): 890586895056706822
2025-07-16 11:14:13 - DEBUG - Found NEW pin 18/100: 890586895056706822
2025-07-16 11:14:13 - DEBUG - Extracting pin ID from URL: https://www.pinterest.com/pin/890586895056706822/
2025-07-16 11:14:13 - DEBUG - Extracted pin ID (standard format): 890586895056706822
2025-07-16 11:14:13 - DEBUG - Total pins on page: 36, NEW pins found: 18/100
2025-07-16 11:14:13 - DEBUG - Scrolling to load more pins (scroll #2)
2025-07-16 11:14:16 - DEBUG - Total pins on page: 36, NEW pins found: 18/100
2025-07-16 11:14:16 - DEBUG - Scrolling to load more pins (scroll #3)
2025-07-16 11:14:19 - DEBUG - Total pins on page: 36, NEW pins found: 18/100
2025-07-16 11:14:19 - DEBUG - Scrolling to load more pins (scroll #4)
2025-07-16 11:14:22 - DEBUG - Total pins on page: 36, NEW pins found: 18/100
2025-07-16 11:14:22 - DEBUG - Scrolling to load more pins (scroll #5)
2025-07-16 11:14:25 - DEBUG - Total pins on page: 36, NEW pins found: 18/100
2025-07-16 11:14:25 - DEBUG - Scrolling to load more pins (scroll #6)
2025-07-16 11:14:28 - DEBUG - No new pins loading from page, stopping scroll
2025-07-16 11:14:28 - INFO - ✅ Successfully extracted 18 NEW main pin URLs
2025-07-16 11:14:28 - INFO - 🔍 STEP 2: Getting 30 NEW similar pins from each of 18 main pins
2025-07-16 11:14:28 - DEBUG - Extracting pin ID from URL: https://www.pinterest.com/pin/626563366947762497/
2025-07-16 11:14:28 - DEBUG - Extracted pin ID (standard format): 626563366947762497
2025-07-16 11:14:28 - INFO - Processing main pin 1/18: 626563366947762497
2025-07-16 11:14:28 - DEBUG - Extracting pin ID from URL: https://www.pinterest.com/pin/626563366947762497/
2025-07-16 11:14:28 - DEBUG - Extracted pin ID (standard format): 626563366947762497
2025-07-16 11:14:28 - DEBUG - Getting 30 NEW similar pins from pin 626563366947762497
2025-07-16 11:14:29 - DEBUG - Navigating to pin page: https://www.pinterest.com/pin/626563366947762497/
2025-07-16 11:14:31 - DEBUG - Waiting for page to be fully loaded...
2025-07-16 11:14:31 - DEBUG - DOM content loaded
