2025-07-11 15:51:45 - INFO - Logging initialized. Log file: logs\pinterest_scraper_20250711_155145.log
2025-07-11 15:51:45 - INFO - Loaded 55 processed pins from history
2025-07-11 15:51:45 - INFO - Pinterest Scraper initialized
2025-07-11 15:51:45 - INFO - Found 55 previously processed pins
2025-07-11 15:51:45 - INFO - Starting Pinterest scraper - Keyword: 'Mexico Docs', Count: 10
2025-07-11 15:51:46 - INFO - Playwright initialized
2025-07-11 15:51:46 - INFO - Starting search for keyword: 'Mexico Docs' (target: 10 images)
2025-07-11 15:51:46 - DEBUG - Search URL: https://www.pinterest.com/search/pins/?q=Mexico+Docs
2025-07-11 15:51:46 - INFO - Navigating to search page
2025-07-11 15:51:48 - DEBUG - Waiting for initial page load
2025-07-11 15:51:53 - DEBUG - Extracting pin URLs from page
2025-07-11 15:51:53 - DEBUG - Extracting pin ID from URL: https://www.pinterest.com/pin/579205202120185045/
2025-07-11 15:51:53 - DEBUG - Extracted pin ID: 579205202120185045
2025-07-11 15:51:53 - DEBUG - Added pin URL 1: https://www.pinterest.com/pin/579205202120185045/
2025-07-11 15:51:53 - DEBUG - Extracting pin ID from URL: https://www.pinterest.com/pin/579205202120185045/
2025-07-11 15:51:53 - DEBUG - Extracted pin ID: 579205202120185045
2025-07-11 15:51:53 - DEBUG - Extracting pin ID from URL: https://www.pinterest.com/pin/37788084368666521/
2025-07-11 15:51:53 - DEBUG - Extracted pin ID: 37788084368666521
2025-07-11 15:51:53 - DEBUG - Added pin URL 2: https://www.pinterest.com/pin/37788084368666521/
2025-07-11 15:51:53 - DEBUG - Extracting pin ID from URL: https://www.pinterest.com/pin/37788084368666521/
2025-07-11 15:51:53 - DEBUG - Extracted pin ID: 37788084368666521
2025-07-11 15:51:53 - DEBUG - Extracting pin ID from URL: https://www.pinterest.com/pin/308426274498905068/
2025-07-11 15:51:53 - DEBUG - Extracted pin ID: 308426274498905068
2025-07-11 15:51:53 - DEBUG - Added pin URL 3: https://www.pinterest.com/pin/308426274498905068/
2025-07-11 15:51:53 - DEBUG - Extracting pin ID from URL: https://www.pinterest.com/pin/308426274498905068/
2025-07-11 15:51:53 - DEBUG - Extracted pin ID: 308426274498905068
2025-07-11 15:51:53 - DEBUG - Extracting pin ID from URL: https://www.pinterest.com/pin/17381148556053475/
2025-07-11 15:51:53 - DEBUG - Extracted pin ID: 17381148556053475
2025-07-11 15:51:53 - DEBUG - Added pin URL 4: https://www.pinterest.com/pin/17381148556053475/
2025-07-11 15:51:53 - DEBUG - Extracting pin ID from URL: https://www.pinterest.com/pin/17381148556053475/
2025-07-11 15:51:53 - DEBUG - Extracted pin ID: 17381148556053475
2025-07-11 15:51:53 - DEBUG - Extracting pin ID from URL: https://www.pinterest.com/pin/171277592072630763/
2025-07-11 15:51:53 - DEBUG - Extracted pin ID: 171277592072630763
2025-07-11 15:51:53 - DEBUG - Added pin URL 5: https://www.pinterest.com/pin/171277592072630763/
2025-07-11 15:51:53 - DEBUG - Extracting pin ID from URL: https://www.pinterest.com/pin/171277592072630763/
2025-07-11 15:51:53 - DEBUG - Extracted pin ID: 171277592072630763
2025-07-11 15:51:53 - DEBUG - Extracting pin ID from URL: https://www.pinterest.com/pin/380624606027912250/
2025-07-11 15:51:53 - DEBUG - Extracted pin ID: 380624606027912250
2025-07-11 15:51:53 - DEBUG - Added pin URL 6: https://www.pinterest.com/pin/380624606027912250/
2025-07-11 15:51:53 - DEBUG - Extracting pin ID from URL: https://www.pinterest.com/pin/380624606027912250/
2025-07-11 15:51:53 - DEBUG - Extracted pin ID: 380624606027912250
2025-07-11 15:51:53 - DEBUG - Extracting pin ID from URL: https://www.pinterest.com/pin/844493672599093/
2025-07-11 15:51:53 - DEBUG - Extracted pin ID: 844493672599093
2025-07-11 15:51:53 - DEBUG - Added pin URL 7: https://www.pinterest.com/pin/844493672599093/
2025-07-11 15:51:53 - DEBUG - Extracting pin ID from URL: https://www.pinterest.com/pin/844493672599093/
2025-07-11 15:51:53 - DEBUG - Extracted pin ID: 844493672599093
2025-07-11 15:51:53 - DEBUG - Extracting pin ID from URL: https://www.pinterest.com/pin/844493673053633/
2025-07-11 15:51:53 - DEBUG - Extracted pin ID: 844493673053633
2025-07-11 15:51:53 - DEBUG - Added pin URL 8: https://www.pinterest.com/pin/844493673053633/
2025-07-11 15:51:53 - DEBUG - Extracting pin ID from URL: https://www.pinterest.com/pin/844493673053633/
2025-07-11 15:51:53 - DEBUG - Extracted pin ID: 844493673053633
2025-07-11 15:51:53 - DEBUG - Extracting pin ID from URL: https://www.pinterest.com/pin/893401644867991791/
2025-07-11 15:51:53 - DEBUG - Extracted pin ID: 893401644867991791
2025-07-11 15:51:53 - DEBUG - Added pin URL 9: https://www.pinterest.com/pin/893401644867991791/
2025-07-11 15:51:53 - DEBUG - Extracting pin ID from URL: https://www.pinterest.com/pin/893401644867991791/
2025-07-11 15:51:53 - DEBUG - Extracted pin ID: 893401644867991791
2025-07-11 15:51:53 - DEBUG - Extracting pin ID from URL: https://www.pinterest.com/pin/480970435222891614/
2025-07-11 15:51:53 - DEBUG - Extracted pin ID: 480970435222891614
2025-07-11 15:51:53 - DEBUG - Added pin URL 10: https://www.pinterest.com/pin/480970435222891614/
2025-07-11 15:51:53 - INFO - Successfully extracted 10 unique pin URLs
2025-07-11 15:51:53 - DEBUG - Search browser closed
2025-07-11 15:51:53 - INFO - Processing 10 pins
2025-07-11 15:51:53 - INFO - Processing pin 1/10
2025-07-11 15:51:53 - DEBUG - Extracting pin ID from URL: https://www.pinterest.com/pin/579205202120185045/
2025-07-11 15:51:53 - DEBUG - Extracted pin ID: 579205202120185045
2025-07-11 15:51:53 - INFO - Pin 579205202120185045 already processed - skipping
2025-07-11 15:51:53 - INFO - Processing pin 2/10
2025-07-11 15:51:53 - DEBUG - Extracting pin ID from URL: https://www.pinterest.com/pin/37788084368666521/
2025-07-11 15:51:53 - DEBUG - Extracted pin ID: 37788084368666521
2025-07-11 15:51:53 - INFO - Starting download process for: https://www.pinterest.com/pin/37788084368666521/
2025-07-11 15:51:53 - DEBUG - Extracting pin ID from URL: https://www.pinterest.com/pin/37788084368666521/
2025-07-11 15:51:53 - DEBUG - Extracted pin ID: 37788084368666521
2025-07-11 15:51:53 - INFO - Processing new pin: 37788084368666521
2025-07-11 15:51:53 - DEBUG - Extracting image URL from pin page: https://www.pinterest.com/pin/37788084368666521/
2025-07-11 15:51:54 - DEBUG - Navigating to pin page
2025-07-11 15:51:58 - DEBUG - Waiting for og:image meta tag
2025-07-11 15:51:58 - DEBUG - Successfully extracted image URL: https://i.pinimg.com/736x/d6/3b/a8/d63ba87f134924632bd78b0de85d5e33.jpg
2025-07-11 15:51:59 - DEBUG - Browser closed
2025-07-11 15:51:59 - DEBUG - Getting highest quality URL for: https://i.pinimg.com/736x/d6/3b/a8/d63ba87f134924632bd78b0de85d5e33.jpg
2025-07-11 15:51:59 - DEBUG - Trying original quality URL: https://i.pinimg.com/736x/d6/3b/a8/d63ba87f134924632bd78b0de85d5e33.jpg
2025-07-11 15:51:59 - DEBUG - Original quality URL available
2025-07-11 15:51:59 - INFO - Downloading image from: https://i.pinimg.com/736x/d6/3b/a8/d63ba87f134924632bd78b0de85d5e33.jpg
2025-07-11 15:51:59 - DEBUG - Saved 56 processed pins to history
2025-07-11 15:51:59 - DEBUG - Marked pin 37788084368666521 as processed
2025-07-11 15:51:59 - INFO - Successfully downloaded pin 37788084368666521 - Size: 146668 bytes
2025-07-11 15:52:00 - INFO - Processing pin 3/10
2025-07-11 15:52:00 - DEBUG - Extracting pin ID from URL: https://www.pinterest.com/pin/308426274498905068/
2025-07-11 15:52:00 - DEBUG - Extracted pin ID: 308426274498905068
2025-07-11 15:52:00 - INFO - Pin 308426274498905068 already processed - skipping
2025-07-11 15:52:00 - INFO - Processing pin 4/10
2025-07-11 15:52:00 - DEBUG - Extracting pin ID from URL: https://www.pinterest.com/pin/17381148556053475/
2025-07-11 15:52:00 - DEBUG - Extracted pin ID: 17381148556053475
2025-07-11 15:52:00 - INFO - Starting download process for: https://www.pinterest.com/pin/17381148556053475/
2025-07-11 15:52:00 - DEBUG - Extracting pin ID from URL: https://www.pinterest.com/pin/17381148556053475/
2025-07-11 15:52:00 - DEBUG - Extracted pin ID: 17381148556053475
2025-07-11 15:52:00 - INFO - Processing new pin: 17381148556053475
2025-07-11 15:52:00 - DEBUG - Extracting image URL from pin page: https://www.pinterest.com/pin/17381148556053475/
2025-07-11 15:52:01 - DEBUG - Navigating to pin page
2025-07-11 15:52:04 - DEBUG - Waiting for og:image meta tag
2025-07-11 15:52:04 - DEBUG - Successfully extracted image URL: https://i.pinimg.com/736x/8a/cb/f5/8acbf52d52b11b60c286c31e4f8aed76.jpg
2025-07-11 15:52:05 - DEBUG - Browser closed
2025-07-11 15:52:05 - DEBUG - Getting highest quality URL for: https://i.pinimg.com/736x/8a/cb/f5/8acbf52d52b11b60c286c31e4f8aed76.jpg
2025-07-11 15:52:05 - DEBUG - Trying original quality URL: https://i.pinimg.com/736x/8a/cb/f5/8acbf52d52b11b60c286c31e4f8aed76.jpg
2025-07-11 15:52:06 - DEBUG - Original quality URL available
2025-07-11 15:52:06 - INFO - Downloading image from: https://i.pinimg.com/736x/8a/cb/f5/8acbf52d52b11b60c286c31e4f8aed76.jpg
2025-07-11 15:52:06 - DEBUG - Saved 57 processed pins to history
2025-07-11 15:52:06 - DEBUG - Marked pin 17381148556053475 as processed
2025-07-11 15:52:06 - INFO - Successfully downloaded pin 17381148556053475 - Size: 143615 bytes
2025-07-11 15:52:07 - INFO - Processing pin 5/10
2025-07-11 15:52:07 - DEBUG - Extracting pin ID from URL: https://www.pinterest.com/pin/171277592072630763/
2025-07-11 15:52:07 - DEBUG - Extracted pin ID: 171277592072630763
2025-07-11 15:52:07 - INFO - Starting download process for: https://www.pinterest.com/pin/171277592072630763/
2025-07-11 15:52:07 - DEBUG - Extracting pin ID from URL: https://www.pinterest.com/pin/171277592072630763/
2025-07-11 15:52:07 - DEBUG - Extracted pin ID: 171277592072630763
2025-07-11 15:52:07 - INFO - Processing new pin: 171277592072630763
2025-07-11 15:52:07 - DEBUG - Extracting image URL from pin page: https://www.pinterest.com/pin/171277592072630763/
2025-07-11 15:52:08 - DEBUG - Navigating to pin page
2025-07-11 15:52:11 - DEBUG - Waiting for og:image meta tag
2025-07-11 15:52:11 - DEBUG - Successfully extracted image URL: https://i.pinimg.com/736x/15/17/68/1517682945710b4b695b10bfba0af19c.jpg
2025-07-11 15:52:11 - DEBUG - Browser closed
2025-07-11 15:52:11 - DEBUG - Getting highest quality URL for: https://i.pinimg.com/736x/15/17/68/1517682945710b4b695b10bfba0af19c.jpg
2025-07-11 15:52:11 - DEBUG - Trying original quality URL: https://i.pinimg.com/736x/15/17/68/1517682945710b4b695b10bfba0af19c.jpg
2025-07-11 15:52:12 - DEBUG - Original quality URL available
2025-07-11 15:52:12 - INFO - Downloading image from: https://i.pinimg.com/736x/15/17/68/1517682945710b4b695b10bfba0af19c.jpg
2025-07-11 15:52:12 - DEBUG - Saved 58 processed pins to history
2025-07-11 15:52:12 - DEBUG - Marked pin 171277592072630763 as processed
2025-07-11 15:52:12 - INFO - Successfully downloaded pin 171277592072630763 - Size: 53800 bytes
2025-07-11 15:52:13 - INFO - Processing pin 6/10
2025-07-11 15:52:13 - DEBUG - Extracting pin ID from URL: https://www.pinterest.com/pin/380624606027912250/
2025-07-11 15:52:13 - DEBUG - Extracted pin ID: 380624606027912250
2025-07-11 15:52:13 - INFO - Starting download process for: https://www.pinterest.com/pin/380624606027912250/
2025-07-11 15:52:13 - DEBUG - Extracting pin ID from URL: https://www.pinterest.com/pin/380624606027912250/
2025-07-11 15:52:13 - DEBUG - Extracted pin ID: 380624606027912250
2025-07-11 15:52:13 - INFO - Processing new pin: 380624606027912250
2025-07-11 15:52:13 - DEBUG - Extracting image URL from pin page: https://www.pinterest.com/pin/380624606027912250/
2025-07-11 15:52:14 - DEBUG - Navigating to pin page
2025-07-11 15:52:17 - DEBUG - Waiting for og:image meta tag
2025-07-11 15:52:17 - DEBUG - Successfully extracted image URL: https://i.pinimg.com/736x/9e/e1/c2/9ee1c235c86ef86b47db69bf914ed86a.jpg
2025-07-11 15:52:17 - DEBUG - Browser closed
2025-07-11 15:52:17 - DEBUG - Getting highest quality URL for: https://i.pinimg.com/736x/9e/e1/c2/9ee1c235c86ef86b47db69bf914ed86a.jpg
2025-07-11 15:52:17 - DEBUG - Trying original quality URL: https://i.pinimg.com/736x/9e/e1/c2/9ee1c235c86ef86b47db69bf914ed86a.jpg
2025-07-11 15:52:17 - DEBUG - Original quality URL available
2025-07-11 15:52:17 - INFO - Downloading image from: https://i.pinimg.com/736x/9e/e1/c2/9ee1c235c86ef86b47db69bf914ed86a.jpg
2025-07-11 15:52:18 - DEBUG - Saved 59 processed pins to history
2025-07-11 15:52:18 - DEBUG - Marked pin 380624606027912250 as processed
2025-07-11 15:52:18 - INFO - Successfully downloaded pin 380624606027912250 - Size: 132479 bytes
2025-07-11 15:52:19 - INFO - Processing pin 7/10
2025-07-11 15:52:19 - DEBUG - Extracting pin ID from URL: https://www.pinterest.com/pin/844493672599093/
2025-07-11 15:52:19 - DEBUG - Extracted pin ID: 844493672599093
2025-07-11 15:52:19 - INFO - Pin 844493672599093 already processed - skipping
2025-07-11 15:52:19 - INFO - Processing pin 8/10
2025-07-11 15:52:19 - DEBUG - Extracting pin ID from URL: https://www.pinterest.com/pin/844493673053633/
2025-07-11 15:52:19 - DEBUG - Extracted pin ID: 844493673053633
2025-07-11 15:52:19 - INFO - Pin 844493673053633 already processed - skipping
2025-07-11 15:52:19 - INFO - Processing pin 9/10
2025-07-11 15:52:19 - DEBUG - Extracting pin ID from URL: https://www.pinterest.com/pin/893401644867991791/
2025-07-11 15:52:19 - DEBUG - Extracted pin ID: 893401644867991791
2025-07-11 15:52:19 - INFO - Starting download process for: https://www.pinterest.com/pin/893401644867991791/
2025-07-11 15:52:19 - DEBUG - Extracting pin ID from URL: https://www.pinterest.com/pin/893401644867991791/
2025-07-11 15:52:19 - DEBUG - Extracted pin ID: 893401644867991791
2025-07-11 15:52:19 - INFO - Processing new pin: 893401644867991791
2025-07-11 15:52:19 - DEBUG - Extracting image URL from pin page: https://www.pinterest.com/pin/893401644867991791/
2025-07-11 15:52:20 - DEBUG - Navigating to pin page
2025-07-11 15:52:27 - DEBUG - Waiting for og:image meta tag
2025-07-11 15:52:27 - DEBUG - Successfully extracted image URL: https://i.pinimg.com/736x/ea/1b/08/ea1b08247a3913cecdfa102c5a81b60a.jpg
2025-07-11 15:52:28 - DEBUG - Browser closed
2025-07-11 15:52:28 - DEBUG - Getting highest quality URL for: https://i.pinimg.com/736x/ea/1b/08/ea1b08247a3913cecdfa102c5a81b60a.jpg
2025-07-11 15:52:28 - DEBUG - Trying original quality URL: https://i.pinimg.com/736x/ea/1b/08/ea1b08247a3913cecdfa102c5a81b60a.jpg
2025-07-11 15:52:28 - DEBUG - Original quality URL available
2025-07-11 15:52:28 - INFO - Downloading image from: https://i.pinimg.com/736x/ea/1b/08/ea1b08247a3913cecdfa102c5a81b60a.jpg
2025-07-11 15:52:28 - DEBUG - Saved 60 processed pins to history
2025-07-11 15:52:28 - DEBUG - Marked pin 893401644867991791 as processed
2025-07-11 15:52:28 - INFO - Successfully downloaded pin 893401644867991791 - Size: 95026 bytes
2025-07-11 15:52:29 - INFO - Processing pin 10/10
2025-07-11 15:52:29 - DEBUG - Extracting pin ID from URL: https://www.pinterest.com/pin/480970435222891614/
2025-07-11 15:52:29 - DEBUG - Extracted pin ID: 480970435222891614
2025-07-11 15:52:29 - INFO - Starting download process for: https://www.pinterest.com/pin/480970435222891614/
2025-07-11 15:52:29 - DEBUG - Extracting pin ID from URL: https://www.pinterest.com/pin/480970435222891614/
2025-07-11 15:52:29 - DEBUG - Extracted pin ID: 480970435222891614
2025-07-11 15:52:29 - INFO - Processing new pin: 480970435222891614
2025-07-11 15:52:29 - DEBUG - Extracting image URL from pin page: https://www.pinterest.com/pin/480970435222891614/
2025-07-11 15:52:31 - DEBUG - Navigating to pin page
2025-07-11 15:52:34 - DEBUG - Waiting for og:image meta tag
2025-07-11 15:52:34 - DEBUG - Successfully extracted image URL: https://i.pinimg.com/736x/54/0a/f0/540af0a5539f3edaceb3ab58aebf07e0.jpg
2025-07-11 15:52:34 - DEBUG - Browser closed
2025-07-11 15:52:34 - DEBUG - Getting highest quality URL for: https://i.pinimg.com/736x/54/0a/f0/540af0a5539f3edaceb3ab58aebf07e0.jpg
2025-07-11 15:52:34 - DEBUG - Trying original quality URL: https://i.pinimg.com/736x/54/0a/f0/540af0a5539f3edaceb3ab58aebf07e0.jpg
2025-07-11 15:52:35 - DEBUG - Original quality URL available
2025-07-11 15:52:35 - INFO - Downloading image from: https://i.pinimg.com/736x/54/0a/f0/540af0a5539f3edaceb3ab58aebf07e0.jpg
2025-07-11 15:52:35 - DEBUG - Saved 61 processed pins to history
2025-07-11 15:52:35 - DEBUG - Marked pin 480970435222891614 as processed
2025-07-11 15:52:35 - INFO - Successfully downloaded pin 480970435222891614 - Size: 68901 bytes
2025-07-11 15:52:36 - INFO - === SCRAPING COMPLETED ===
2025-07-11 15:52:36 - INFO - Duration: 0:00:50.622590
2025-07-11 15:52:36 - INFO - Successful downloads: 6
2025-07-11 15:52:36 - INFO - Skipped duplicates: 4
2025-07-11 15:52:36 - INFO - Failed downloads: 0
2025-07-11 15:52:36 - INFO - Total processed pins in history: 61
