2025-07-14 00:06:06 - INFO - Logging initialized. Log file: logs\pinterest_multilevel_20250714_000605.log
2025-07-14 00:06:06 - INFO - Loaded 218 processed pins from history
2025-07-14 00:06:06 - INFO - Pinterest Multi-Level Scraper initialized
2025-07-14 00:06:06 - INFO - Found 218 previously processed pins
2025-07-14 00:06:06 - INFO - 🚀 Starting Pinterest Multi-Level Scraper
2025-07-14 00:06:06 - INFO - Keyword: 'Mexico Docs', Main pins: 3, Similar per main: 2
2025-07-14 00:06:06 - INFO - 🚀 Starting pin collection
2025-07-14 00:06:06 - INFO - 🔍 STEP 1: Getting 3 main pins for keyword: 'Mexico Docs'
2025-07-14 00:06:06 - DEBUG - Search URL: https://www.pinterest.com/search/pins/?q=Mexico+Docs
2025-07-14 00:06:07 - INFO - Navigating to search page
2025-07-14 00:06:08 - INFO - Setting page zoom to 25%
2025-07-14 00:06:08 - INFO - Waiting for page to fully load...
2025-07-14 00:06:08 - DEBUG - Waiting for page to be fully loaded...
2025-07-14 00:06:08 - DEBUG - DOM content loaded
2025-07-14 00:06:13 - DEBUG - Network idle achieved
2025-07-14 00:06:13 - DEBUG - Found selector: div[data-test-id='pin']
2025-07-14 00:06:15 - DEBUG - Page loading complete
2025-07-14 00:06:18 - DEBUG - Extracting main pin URLs from search page
2025-07-14 00:06:18 - DEBUG - Extracting pin ID from URL: https://www.pinterest.com/pin/579205202120185045/
2025-07-14 00:06:18 - DEBUG - Extracted pin ID (standard format): 579205202120185045
2025-07-14 00:06:18 - DEBUG - Extracting pin ID from URL: https://www.pinterest.com/pin/579205202120185045/
2025-07-14 00:06:18 - DEBUG - Extracted pin ID (standard format): 579205202120185045
2025-07-14 00:06:18 - DEBUG - Extracting pin ID from URL: https://www.pinterest.com/pin/37788084368666521/
2025-07-14 00:06:18 - DEBUG - Extracted pin ID (standard format): 37788084368666521
2025-07-14 00:06:18 - DEBUG - Extracting pin ID from URL: https://www.pinterest.com/pin/37788084368666521/
2025-07-14 00:06:18 - DEBUG - Extracted pin ID (standard format): 37788084368666521
2025-07-14 00:06:18 - DEBUG - Extracting pin ID from URL: https://www.pinterest.com/pin/308426274498905068/
2025-07-14 00:06:18 - DEBUG - Extracted pin ID (standard format): 308426274498905068
2025-07-14 00:06:18 - INFO - ✅ Successfully extracted 3 main pin URLs
2025-07-14 00:06:18 - INFO - 🔍 STEP 2: Getting similar pins from 3 main pins
2025-07-14 00:06:18 - DEBUG - Extracting pin ID from URL: https://www.pinterest.com/pin/37788084368666521/
2025-07-14 00:06:18 - DEBUG - Extracted pin ID (standard format): 37788084368666521
2025-07-14 00:06:18 - INFO - Processing main pin: 37788084368666521
2025-07-14 00:06:18 - DEBUG - Extracting pin ID from URL: https://www.pinterest.com/pin/37788084368666521/
2025-07-14 00:06:18 - DEBUG - Extracted pin ID (standard format): 37788084368666521
2025-07-14 00:06:18 - DEBUG - Getting similar pins from pin 37788084368666521
2025-07-14 00:06:20 - DEBUG - Navigating to pin page: https://www.pinterest.com/pin/37788084368666521/
2025-07-14 00:06:21 - DEBUG - Waiting for page to be fully loaded...
2025-07-14 00:06:21 - DEBUG - DOM content loaded
2025-07-14 00:06:41 - DEBUG - Network idle timeout: Timeout 20000ms exceeded.
2025-07-14 00:06:42 - DEBUG - Found selector: div[data-test-id='pin']
2025-07-14 00:06:44 - DEBUG - Page loading complete
2025-07-14 00:06:46 - DEBUG - Extracting pin ID from URL: https://www.pinterest.com/pin/37788084368666521/repin/
2025-07-14 00:06:46 - DEBUG - Extracted pin ID (standard format): 37788084368666521
2025-07-14 00:06:46 - DEBUG - Extracting pin ID from URL: https://www.pinterest.com/pin/422281211197425/
2025-07-14 00:06:46 - DEBUG - Extracted pin ID (standard format): 422281211197425
2025-07-14 00:06:46 - DEBUG - Extracting pin ID from URL: https://www.pinterest.com/pin/422281211197425/
2025-07-14 00:06:46 - DEBUG - Extracted pin ID (standard format): 422281211197425
2025-07-14 00:06:46 - DEBUG - Extracting pin ID from URL: https://www.pinterest.com/pin/2533343537430972/
2025-07-14 00:06:46 - DEBUG - Extracted pin ID (standard format): 2533343537430972
2025-07-14 00:06:46 - DEBUG - Extracting pin ID from URL: https://www.pinterest.com/pin/2533343537430972/
2025-07-14 00:06:46 - DEBUG - Extracted pin ID (standard format): 2533343537430972
2025-07-14 00:06:46 - DEBUG - Extracting pin ID from URL: https://www.pinterest.com/pin/117375134031226703/
2025-07-14 00:06:46 - DEBUG - Extracted pin ID (standard format): 117375134031226703
2025-07-14 00:06:46 - DEBUG - Extracting pin ID from URL: https://www.pinterest.com/pin/117375134031226703/
2025-07-14 00:06:46 - DEBUG - Extracted pin ID (standard format): 117375134031226703
2025-07-14 00:06:46 - DEBUG - Extracting pin ID from URL: https://www.pinterest.com/pin/14144186325050769/
2025-07-14 00:06:46 - DEBUG - Extracted pin ID (standard format): 14144186325050769
2025-07-14 00:06:46 - DEBUG - Extracting pin ID from URL: https://www.pinterest.com/pin/14144186325050769/
2025-07-14 00:06:46 - DEBUG - Extracted pin ID (standard format): 14144186325050769
2025-07-14 00:06:46 - DEBUG - Extracting pin ID from URL: https://www.pinterest.com/pin/36169603252951848/
2025-07-14 00:06:46 - DEBUG - Extracted pin ID (standard format): 36169603252951848
2025-07-14 00:06:46 - DEBUG - Extracting pin ID from URL: https://www.pinterest.com/pin/36169603252951848/
2025-07-14 00:06:46 - DEBUG - Extracted pin ID (standard format): 36169603252951848
2025-07-14 00:06:46 - DEBUG - Extracting pin ID from URL: https://www.pinterest.com/pin/2251868557900753/
2025-07-14 00:06:46 - DEBUG - Extracted pin ID (standard format): 2251868557900753
2025-07-14 00:06:46 - DEBUG - Extracting pin ID from URL: https://www.pinterest.com/pin/2251868557900753/
2025-07-14 00:06:46 - DEBUG - Extracted pin ID (standard format): 2251868557900753
2025-07-14 00:06:46 - DEBUG - Extracting pin ID from URL: https://www.pinterest.com/pin/el-telar-de-cintura-tradicin-milenaria-que-sigue-viva-mxico-desconocido-in-2024--13229392651635170/
2025-07-14 00:06:46 - DEBUG - Extracted pin ID (description format): 13229392651635170
2025-07-14 00:06:46 - DEBUG - Extracting pin ID from URL: https://www.pinterest.com/pin/el-telar-de-cintura-tradicin-milenaria-que-sigue-viva-mxico-desconocido-in-2024--13229392651635170/
2025-07-14 00:06:46 - DEBUG - Extracted pin ID (description format): 13229392651635170
2025-07-14 00:06:46 - DEBUG - Extracting pin ID from URL: https://www.pinterest.com/pin/29484572556589497/
2025-07-14 00:06:46 - DEBUG - Extracted pin ID (standard format): 29484572556589497
2025-07-14 00:06:46 - DEBUG - Extracting pin ID from URL: https://www.pinterest.com/pin/29484572556589497/
2025-07-14 00:06:46 - DEBUG - Extracted pin ID (standard format): 29484572556589497
2025-07-14 00:06:46 - DEBUG - Extracting pin ID from URL: https://www.pinterest.com/pin/9359111721626896/
2025-07-14 00:06:46 - DEBUG - Extracted pin ID (standard format): 9359111721626896
2025-07-14 00:06:46 - DEBUG - Extracting pin ID from URL: https://www.pinterest.com/pin/9359111721626896/
2025-07-14 00:06:46 - DEBUG - Extracted pin ID (standard format): 9359111721626896
2025-07-14 00:06:46 - DEBUG - Extracting pin ID from URL: https://www.pinterest.com/pin/weaving-the-third-eye-tai-dam--34128909671207523/
2025-07-14 00:06:46 - DEBUG - Extracted pin ID (description format): 34128909671207523
2025-07-14 00:06:46 - DEBUG - Extracting pin ID from URL: https://www.pinterest.com/pin/weaving-the-third-eye-tai-dam--34128909671207523/
2025-07-14 00:06:46 - DEBUG - Extracted pin ID (description format): 34128909671207523
2025-07-14 00:06:49 - DEBUG - Found 2 similar pins for pin 37788084368666521
2025-07-14 00:06:49 - DEBUG - Added 2 new similar pins from main pin 37788084368666521
2025-07-14 00:06:50 - ERROR - Critical error in run method: Set changed size during iteration
2025-07-14 00:06:50 - INFO - === MULTI-LEVEL SCRAPING COMPLETED ===
2025-07-14 00:06:50 - INFO - Duration: 0:00:44.503323
2025-07-14 00:06:50 - INFO - Main pins found: 3
2025-07-14 00:06:50 - INFO - Similar pins found: 0
2025-07-14 00:06:50 - INFO - Total unique pins: 0
2025-07-14 00:06:50 - INFO - Successful downloads: 0
2025-07-14 00:06:50 - INFO - Skipped duplicates: 0
2025-07-14 00:06:50 - INFO - Failed downloads: 0
2025-07-14 00:06:50 - INFO - Total processed pins in history: 218
