2025-07-16 11:05:14 - INFO - Logging initialized. Log file: logs\pinterest_multilevel_20250716_110514.log
2025-07-16 11:05:14 - ERROR - Error loading processed pins: Illegal trailing comma before end of array: line 236 column 23 (char 5469)
2025-07-16 11:05:14 - INFO - Pinterest Multi-Level Scraper initialized
2025-07-16 11:05:14 - INFO - Found 0 previously processed pins
2025-07-16 11:05:14 - INFO - 🚀 Starting Pinterest Multi-Level Scraper
2025-07-16 11:05:14 - INFO - Keyword: 'Australia Passport Number', Main pins: 100, Similar per main: 100
2025-07-16 11:05:14 - INFO - 🚀 Starting pin collection
2025-07-16 11:05:14 - INFO - 🔍 STEP 1: Getting 100 NEW main pins for keyword: 'Australia Passport Number'
2025-07-16 11:05:14 - DEBUG - Search URL: https://www.pinterest.com/search/pins/?q=Australia+Passport+Number
2025-07-16 11:05:15 - INFO - Setting page zoom to 25%
2025-07-16 11:05:15 - INFO - Navigating to search page
2025-07-16 11:05:16 - INFO - Waiting for page to fully load...
2025-07-16 11:05:16 - DEBUG - Waiting for page to be fully loaded...
2025-07-16 11:05:16 - DEBUG - DOM content loaded
2025-07-16 11:05:36 - DEBUG - Network idle timeout: Timeout 20000ms exceeded.
2025-07-16 11:05:37 - DEBUG - Found selector: div[data-test-id='pin']
2025-07-16 11:05:39 - DEBUG - Page loading complete
2025-07-16 11:05:42 - DEBUG - Scrolling to load more pins (scroll #1)
2025-07-16 11:05:45 - DEBUG - Extracting pin ID from URL: https://www.pinterest.com/pin/56435801576546634/
2025-07-16 11:05:45 - DEBUG - Extracted pin ID (standard format): 56435801576546634
2025-07-16 11:05:45 - DEBUG - Found NEW pin 1/100: 56435801576546634
2025-07-16 11:05:45 - DEBUG - Extracting pin ID from URL: https://www.pinterest.com/pin/56435801576546634/
2025-07-16 11:05:45 - DEBUG - Extracted pin ID (standard format): 56435801576546634
2025-07-16 11:05:45 - DEBUG - Extracting pin ID from URL: https://www.pinterest.com/pin/218495019395458251/
2025-07-16 11:05:45 - DEBUG - Extracted pin ID (standard format): 218495019395458251
2025-07-16 11:05:45 - DEBUG - Found NEW pin 2/100: 218495019395458251
2025-07-16 11:05:45 - DEBUG - Extracting pin ID from URL: https://www.pinterest.com/pin/218495019395458251/
2025-07-16 11:05:45 - DEBUG - Extracted pin ID (standard format): 218495019395458251
2025-07-16 11:05:45 - DEBUG - Extracting pin ID from URL: https://www.pinterest.com/pin/65372632085593771/
2025-07-16 11:05:45 - DEBUG - Extracted pin ID (standard format): 65372632085593771
2025-07-16 11:05:45 - DEBUG - Found NEW pin 3/100: 65372632085593771
2025-07-16 11:05:45 - DEBUG - Extracting pin ID from URL: https://www.pinterest.com/pin/65372632085593771/
2025-07-16 11:05:45 - DEBUG - Extracted pin ID (standard format): 65372632085593771
2025-07-16 11:05:45 - DEBUG - Extracting pin ID from URL: https://www.pinterest.com/pin/1053209062871558448/
2025-07-16 11:05:45 - DEBUG - Extracted pin ID (standard format): 1053209062871558448
2025-07-16 11:05:45 - DEBUG - Found NEW pin 4/100: 1053209062871558448
2025-07-16 11:05:45 - DEBUG - Extracting pin ID from URL: https://www.pinterest.com/pin/1053209062871558448/
2025-07-16 11:05:45 - DEBUG - Extracted pin ID (standard format): 1053209062871558448
2025-07-16 11:05:45 - DEBUG - Extracting pin ID from URL: https://www.pinterest.com/pin/1058064506203450790/
2025-07-16 11:05:45 - DEBUG - Extracted pin ID (standard format): 1058064506203450790
2025-07-16 11:05:45 - DEBUG - Found NEW pin 5/100: 1058064506203450790
2025-07-16 11:05:45 - DEBUG - Extracting pin ID from URL: https://www.pinterest.com/pin/1058064506203450790/
2025-07-16 11:05:45 - DEBUG - Extracted pin ID (standard format): 1058064506203450790
2025-07-16 11:05:45 - DEBUG - Extracting pin ID from URL: https://www.pinterest.com/pin/71635450322355361/
2025-07-16 11:05:45 - DEBUG - Extracted pin ID (standard format): 71635450322355361
2025-07-16 11:05:45 - DEBUG - Found NEW pin 6/100: 71635450322355361
2025-07-16 11:05:45 - DEBUG - Extracting pin ID from URL: https://www.pinterest.com/pin/71635450322355361/
2025-07-16 11:05:45 - DEBUG - Extracted pin ID (standard format): 71635450322355361
2025-07-16 11:05:45 - DEBUG - Extracting pin ID from URL: https://www.pinterest.com/pin/702913454366343586/
2025-07-16 11:05:45 - DEBUG - Extracted pin ID (standard format): 702913454366343586
2025-07-16 11:05:45 - DEBUG - Found NEW pin 7/100: 702913454366343586
2025-07-16 11:05:45 - DEBUG - Extracting pin ID from URL: https://www.pinterest.com/pin/702913454366343586/
2025-07-16 11:05:45 - DEBUG - Extracted pin ID (standard format): 702913454366343586
2025-07-16 11:05:45 - DEBUG - Extracting pin ID from URL: https://www.pinterest.com/pin/1759287348028903/
2025-07-16 11:05:45 - DEBUG - Extracted pin ID (standard format): 1759287348028903
2025-07-16 11:05:45 - DEBUG - Found NEW pin 8/100: 1759287348028903
2025-07-16 11:05:45 - DEBUG - Extracting pin ID from URL: https://www.pinterest.com/pin/1759287348028903/
2025-07-16 11:05:45 - DEBUG - Extracted pin ID (standard format): 1759287348028903
2025-07-16 11:05:45 - DEBUG - Extracting pin ID from URL: https://www.pinterest.com/pin/370491506865537613/
2025-07-16 11:05:45 - DEBUG - Extracted pin ID (standard format): 370491506865537613
2025-07-16 11:05:45 - DEBUG - Found NEW pin 9/100: 370491506865537613
2025-07-16 11:05:45 - DEBUG - Extracting pin ID from URL: https://www.pinterest.com/pin/370491506865537613/
2025-07-16 11:05:45 - DEBUG - Extracted pin ID (standard format): 370491506865537613
2025-07-16 11:05:45 - DEBUG - Extracting pin ID from URL: https://www.pinterest.com/pin/546694842291946275/
2025-07-16 11:05:45 - DEBUG - Extracted pin ID (standard format): 546694842291946275
2025-07-16 11:05:45 - DEBUG - Found NEW pin 10/100: 546694842291946275
2025-07-16 11:05:45 - DEBUG - Extracting pin ID from URL: https://www.pinterest.com/pin/546694842291946275/
2025-07-16 11:05:45 - DEBUG - Extracted pin ID (standard format): 546694842291946275
2025-07-16 11:05:45 - DEBUG - Extracting pin ID from URL: https://www.pinterest.com/pin/539446861634262622/
2025-07-16 11:05:45 - DEBUG - Extracted pin ID (standard format): 539446861634262622
2025-07-16 11:05:45 - DEBUG - Found NEW pin 11/100: 539446861634262622
2025-07-16 11:05:45 - DEBUG - Extracting pin ID from URL: https://www.pinterest.com/pin/539446861634262622/
2025-07-16 11:05:45 - DEBUG - Extracted pin ID (standard format): 539446861634262622
2025-07-16 11:05:45 - DEBUG - Extracting pin ID from URL: https://www.pinterest.com/pin/380061656073977701/
2025-07-16 11:05:45 - DEBUG - Extracted pin ID (standard format): 380061656073977701
2025-07-16 11:05:45 - DEBUG - Found NEW pin 12/100: 380061656073977701
2025-07-16 11:05:45 - DEBUG - Extracting pin ID from URL: https://www.pinterest.com/pin/380061656073977701/
2025-07-16 11:05:45 - DEBUG - Extracted pin ID (standard format): 380061656073977701
2025-07-16 11:05:45 - DEBUG - Extracting pin ID from URL: https://www.pinterest.com/pin/414120128253236037/
2025-07-16 11:05:45 - DEBUG - Extracted pin ID (standard format): 414120128253236037
2025-07-16 11:05:45 - DEBUG - Found NEW pin 13/100: 414120128253236037
2025-07-16 11:05:45 - DEBUG - Extracting pin ID from URL: https://www.pinterest.com/pin/414120128253236037/
2025-07-16 11:05:45 - DEBUG - Extracted pin ID (standard format): 414120128253236037
2025-07-16 11:05:45 - DEBUG - Extracting pin ID from URL: https://www.pinterest.com/pin/371687775517428887/
2025-07-16 11:05:45 - DEBUG - Extracted pin ID (standard format): 371687775517428887
2025-07-16 11:05:45 - DEBUG - Found NEW pin 14/100: 371687775517428887
2025-07-16 11:05:45 - DEBUG - Extracting pin ID from URL: https://www.pinterest.com/pin/371687775517428887/
2025-07-16 11:05:45 - DEBUG - Extracted pin ID (standard format): 371687775517428887
2025-07-16 11:05:45 - DEBUG - Extracting pin ID from URL: https://www.pinterest.com/pin/118078821474482995/
2025-07-16 11:05:45 - DEBUG - Extracted pin ID (standard format): 118078821474482995
2025-07-16 11:05:45 - DEBUG - Found NEW pin 15/100: 118078821474482995
2025-07-16 11:05:45 - DEBUG - Extracting pin ID from URL: https://www.pinterest.com/pin/118078821474482995/
2025-07-16 11:05:45 - DEBUG - Extracted pin ID (standard format): 118078821474482995
2025-07-16 11:05:45 - DEBUG - Extracting pin ID from URL: https://www.pinterest.com/pin/11540542793678658/
2025-07-16 11:05:45 - DEBUG - Extracted pin ID (standard format): 11540542793678658
2025-07-16 11:05:45 - DEBUG - Found NEW pin 16/100: 11540542793678658
2025-07-16 11:05:45 - DEBUG - Extracting pin ID from URL: https://www.pinterest.com/pin/11540542793678658/
2025-07-16 11:05:45 - DEBUG - Extracted pin ID (standard format): 11540542793678658
2025-07-16 11:05:45 - DEBUG - Extracting pin ID from URL: https://www.pinterest.com/pin/589267932531540801/
2025-07-16 11:05:45 - DEBUG - Extracted pin ID (standard format): 589267932531540801
2025-07-16 11:05:45 - DEBUG - Found NEW pin 17/100: 589267932531540801
2025-07-16 11:05:45 - DEBUG - Extracting pin ID from URL: https://www.pinterest.com/pin/589267932531540801/
2025-07-16 11:05:45 - DEBUG - Extracted pin ID (standard format): 589267932531540801
2025-07-16 11:05:45 - DEBUG - Extracting pin ID from URL: https://www.pinterest.com/pin/709739222536475653/
2025-07-16 11:05:45 - DEBUG - Extracted pin ID (standard format): 709739222536475653
2025-07-16 11:05:45 - DEBUG - Found NEW pin 18/100: 709739222536475653
2025-07-16 11:05:45 - DEBUG - Extracting pin ID from URL: https://www.pinterest.com/pin/709739222536475653/
2025-07-16 11:05:45 - DEBUG - Extracted pin ID (standard format): 709739222536475653
2025-07-16 11:05:45 - DEBUG - Extracting pin ID from URL: https://www.pinterest.com/pin/429671620716350731/
2025-07-16 11:05:45 - DEBUG - Extracted pin ID (standard format): 429671620716350731
2025-07-16 11:05:45 - DEBUG - Found NEW pin 19/100: 429671620716350731
2025-07-16 11:05:45 - DEBUG - Extracting pin ID from URL: https://www.pinterest.com/pin/429671620716350731/
2025-07-16 11:05:45 - DEBUG - Extracted pin ID (standard format): 429671620716350731
2025-07-16 11:05:45 - DEBUG - Extracting pin ID from URL: https://www.pinterest.com/pin/635359459966883909/
2025-07-16 11:05:45 - DEBUG - Extracted pin ID (standard format): 635359459966883909
2025-07-16 11:05:45 - DEBUG - Found NEW pin 20/100: 635359459966883909
2025-07-16 11:05:45 - DEBUG - Extracting pin ID from URL: https://www.pinterest.com/pin/635359459966883909/
2025-07-16 11:05:45 - DEBUG - Extracted pin ID (standard format): 635359459966883909
2025-07-16 11:05:45 - DEBUG - Extracting pin ID from URL: https://www.pinterest.com/pin/55872851621413542/
2025-07-16 11:05:45 - DEBUG - Extracted pin ID (standard format): 55872851621413542
2025-07-16 11:05:45 - DEBUG - Found NEW pin 21/100: 55872851621413542
2025-07-16 11:05:45 - DEBUG - Extracting pin ID from URL: https://www.pinterest.com/pin/55872851621413542/
2025-07-16 11:05:45 - DEBUG - Extracted pin ID (standard format): 55872851621413542
2025-07-16 11:05:45 - DEBUG - Total pins on page: 42, NEW pins found: 21/100
2025-07-16 11:05:50 - DEBUG - Scrolling to load more pins (scroll #2)
2025-07-16 11:05:53 - DEBUG - Total pins on page: 40, NEW pins found: 21/100
2025-07-16 11:05:58 - DEBUG - Scrolling to load more pins (scroll #3)
2025-07-16 11:06:01 - DEBUG - Total pins on page: 40, NEW pins found: 21/100
2025-07-16 11:06:06 - DEBUG - Scrolling to load more pins (scroll #4)
2025-07-16 11:06:09 - DEBUG - Extracting pin ID from URL: https://www.pinterest.com/pin/944911565538827168/
2025-07-16 11:06:09 - DEBUG - Extracted pin ID (standard format): 944911565538827168
2025-07-16 11:06:09 - DEBUG - Found NEW pin 22/100: 944911565538827168
2025-07-16 11:06:09 - DEBUG - Extracting pin ID from URL: https://www.pinterest.com/pin/944911565538827168/
2025-07-16 11:06:09 - DEBUG - Extracted pin ID (standard format): 944911565538827168
2025-07-16 11:06:09 - DEBUG - Extracting pin ID from URL: https://www.pinterest.com/pin/711779916097458202/
2025-07-16 11:06:09 - DEBUG - Extracted pin ID (standard format): 711779916097458202
2025-07-16 11:06:09 - DEBUG - Found NEW pin 23/100: 711779916097458202
2025-07-16 11:06:09 - DEBUG - Extracting pin ID from URL: https://www.pinterest.com/pin/711779916097458202/
2025-07-16 11:06:09 - DEBUG - Extracted pin ID (standard format): 711779916097458202
2025-07-16 11:06:09 - DEBUG - Total pins on page: 44, NEW pins found: 23/100
2025-07-16 11:06:14 - DEBUG - Scrolling to load more pins (scroll #5)
2025-07-16 11:06:17 - DEBUG - Total pins on page: 42, NEW pins found: 23/100
2025-07-16 11:06:22 - DEBUG - Scrolling to load more pins (scroll #6)
2025-07-16 11:06:25 - DEBUG - Extracting pin ID from URL: https://www.pinterest.com/pin/1107111520889007158/
2025-07-16 11:06:25 - DEBUG - Extracted pin ID (standard format): 1107111520889007158
2025-07-16 11:06:25 - DEBUG - Found NEW pin 24/100: 1107111520889007158
2025-07-16 11:06:25 - DEBUG - Extracting pin ID from URL: https://www.pinterest.com/pin/1107111520889007158/
2025-07-16 11:06:25 - DEBUG - Extracted pin ID (standard format): 1107111520889007158
2025-07-16 11:06:25 - DEBUG - Extracting pin ID from URL: https://www.pinterest.com/pin/391813236352698426/
2025-07-16 11:06:25 - DEBUG - Extracted pin ID (standard format): 391813236352698426
2025-07-16 11:06:25 - DEBUG - Found NEW pin 25/100: 391813236352698426
2025-07-16 11:06:25 - DEBUG - Extracting pin ID from URL: https://www.pinterest.com/pin/391813236352698426/
2025-07-16 11:06:25 - DEBUG - Extracted pin ID (standard format): 391813236352698426
2025-07-16 11:06:25 - DEBUG - Total pins on page: 46, NEW pins found: 25/100
2025-07-16 11:06:30 - DEBUG - Scrolling to load more pins (scroll #7)
2025-07-16 11:06:33 - DEBUG - Total pins on page: 46, NEW pins found: 25/100
2025-07-16 11:06:38 - DEBUG - Scrolling to load more pins (scroll #8)
2025-07-16 11:06:41 - DEBUG - Total pins on page: 44, NEW pins found: 25/100
2025-07-16 11:06:46 - DEBUG - Scrolling to load more pins (scroll #9)
2025-07-16 11:06:49 - DEBUG - Extracting pin ID from URL: https://www.pinterest.com/pin/577868195951100767/
2025-07-16 11:06:50 - DEBUG - Extracted pin ID (standard format): 577868195951100767
2025-07-16 11:06:50 - DEBUG - Found NEW pin 26/100: 577868195951100767
2025-07-16 11:06:50 - DEBUG - Extracting pin ID from URL: https://www.pinterest.com/pin/577868195951100767/
2025-07-16 11:06:50 - DEBUG - Extracted pin ID (standard format): 577868195951100767
2025-07-16 11:06:50 - DEBUG - Total pins on page: 46, NEW pins found: 26/100
2025-07-16 11:06:55 - DEBUG - Scrolling to load more pins (scroll #10)
2025-07-16 11:06:58 - DEBUG - Total pins on page: 44, NEW pins found: 26/100
2025-07-16 11:07:03 - DEBUG - Scrolling to load more pins (scroll #11)
2025-07-16 11:07:06 - DEBUG - Total pins on page: 42, NEW pins found: 26/100
2025-07-16 11:07:11 - DEBUG - Scrolling to load more pins (scroll #12)
2025-07-16 11:07:14 - DEBUG - Extracting pin ID from URL: https://www.pinterest.com/pin/21321798210146987/
2025-07-16 11:07:14 - DEBUG - Extracted pin ID (standard format): 21321798210146987
2025-07-16 11:07:14 - DEBUG - Found NEW pin 27/100: 21321798210146987
2025-07-16 11:07:14 - DEBUG - Extracting pin ID from URL: https://www.pinterest.com/pin/21321798210146987/
2025-07-16 11:07:14 - DEBUG - Extracted pin ID (standard format): 21321798210146987
2025-07-16 11:07:14 - DEBUG - Total pins on page: 44, NEW pins found: 27/100
2025-07-16 11:07:19 - DEBUG - Scrolling to load more pins (scroll #13)
2025-07-16 11:07:22 - DEBUG - Total pins on page: 42, NEW pins found: 27/100
2025-07-16 11:07:27 - DEBUG - Scrolling to load more pins (scroll #14)
2025-07-16 11:07:30 - DEBUG - Total pins on page: 38, NEW pins found: 27/100
2025-07-16 11:07:35 - DEBUG - Scrolling to load more pins (scroll #15)
2025-07-16 11:07:38 - DEBUG - Extracting pin ID from URL: https://www.pinterest.com/pin/354869645643943200/
2025-07-16 11:07:38 - DEBUG - Extracted pin ID (standard format): 354869645643943200
2025-07-16 11:07:38 - DEBUG - Found NEW pin 28/100: 354869645643943200
2025-07-16 11:07:38 - DEBUG - Extracting pin ID from URL: https://www.pinterest.com/pin/354869645643943200/
2025-07-16 11:07:38 - DEBUG - Extracted pin ID (standard format): 354869645643943200
2025-07-16 11:07:38 - DEBUG - Total pins on page: 40, NEW pins found: 28/100
2025-07-16 11:07:43 - DEBUG - Scrolling to load more pins (scroll #16)
2025-07-16 11:07:46 - DEBUG - Extracting pin ID from URL: https://www.pinterest.com/pin/155303888220446536/
2025-07-16 11:07:46 - DEBUG - Extracted pin ID (standard format): 155303888220446536
2025-07-16 11:07:46 - DEBUG - Found NEW pin 29/100: 155303888220446536
2025-07-16 11:07:46 - DEBUG - Extracting pin ID from URL: https://www.pinterest.com/pin/155303888220446536/
2025-07-16 11:07:46 - DEBUG - Extracted pin ID (standard format): 155303888220446536
2025-07-16 11:07:46 - DEBUG - Extracting pin ID from URL: https://www.pinterest.com/pin/840132505478209930/
2025-07-16 11:07:46 - DEBUG - Extracted pin ID (standard format): 840132505478209930
2025-07-16 11:07:46 - DEBUG - Found NEW pin 30/100: 840132505478209930
2025-07-16 11:07:46 - DEBUG - Extracting pin ID from URL: https://www.pinterest.com/pin/840132505478209930/
2025-07-16 11:07:46 - DEBUG - Extracted pin ID (standard format): 840132505478209930
2025-07-16 11:07:46 - DEBUG - Extracting pin ID from URL: https://www.pinterest.com/pin/261560690837714088/
2025-07-16 11:07:46 - DEBUG - Extracted pin ID (standard format): 261560690837714088
2025-07-16 11:07:46 - DEBUG - Found NEW pin 31/100: 261560690837714088
2025-07-16 11:07:47 - DEBUG - Extracting pin ID from URL: https://www.pinterest.com/pin/261560690837714088/
2025-07-16 11:07:47 - DEBUG - Extracted pin ID (standard format): 261560690837714088
2025-07-16 11:07:47 - DEBUG - Extracting pin ID from URL: https://www.pinterest.com/pin/731483164453139398/
2025-07-16 11:07:47 - DEBUG - Extracted pin ID (standard format): 731483164453139398
2025-07-16 11:07:47 - DEBUG - Found NEW pin 32/100: 731483164453139398
2025-07-16 11:07:47 - DEBUG - Extracting pin ID from URL: https://www.pinterest.com/pin/731483164453139398/
2025-07-16 11:07:47 - DEBUG - Extracted pin ID (standard format): 731483164453139398
2025-07-16 11:07:47 - DEBUG - Extracting pin ID from URL: https://www.pinterest.com/pin/155303888055038042/
2025-07-16 11:07:47 - DEBUG - Extracted pin ID (standard format): 155303888055038042
2025-07-16 11:07:47 - DEBUG - Found NEW pin 33/100: 155303888055038042
2025-07-16 11:07:47 - DEBUG - Extracting pin ID from URL: https://www.pinterest.com/pin/155303888055038042/
2025-07-16 11:07:47 - DEBUG - Extracted pin ID (standard format): 155303888055038042
2025-07-16 11:07:47 - DEBUG - Extracting pin ID from URL: https://www.pinterest.com/pin/395753886015038132/
2025-07-16 11:07:47 - DEBUG - Extracted pin ID (standard format): 395753886015038132
2025-07-16 11:07:47 - DEBUG - Found NEW pin 34/100: 395753886015038132
2025-07-16 11:07:47 - DEBUG - Extracting pin ID from URL: https://www.pinterest.com/pin/4607886209577911808/
2025-07-16 11:07:47 - DEBUG - Extracted pin ID (standard format): 4607886209577911808
2025-07-16 11:07:47 - DEBUG - Found NEW pin 35/100: 4607886209577911808
2025-07-16 11:08:17 - ERROR - Error during main pin search: Locator.get_attribute: Timeout 30000ms exceeded.
Call log:
  - waiting for locator("a[href^='/pin/']").nth(52)

2025-07-16 11:08:17 - ERROR - No main pins found
2025-07-16 11:08:17 - WARNING - No pins collected
