2025-07-11 15:40:17 - INFO - Logging initialized. Log file: logs\pinterest_scraper_20250711_154017.log
2025-07-11 15:40:18 - INFO - Loaded 25 processed pins from history
2025-07-11 15:40:18 - INFO - Pinterest Scraper initialized
2025-07-11 15:40:18 - INFO - Found 25 previously processed pins
2025-07-11 15:40:18 - INFO - Starting Pinterest scraper - Keyword: 'mexico documents', Count: 50
2025-07-11 15:40:18 - INFO - Playwright initialized
2025-07-11 15:40:18 - INFO - Starting search for keyword: 'mexico documents' (target: 50 images)
2025-07-11 15:40:18 - DEBUG - Search URL: https://www.pinterest.com/search/pins/?q=mexico+documents
2025-07-11 15:40:19 - INFO - Navigating to search page
2025-07-11 15:40:23 - DEBUG - Waiting for initial page load
2025-07-11 15:40:28 - DEBUG - Scrolling to load more pins (scroll #1)
2025-07-11 15:40:30 - DEBUG - Current pins found: 44
2025-07-11 15:40:30 - DEBUG - Scrolling to load more pins (scroll #2)
2025-07-11 15:40:32 - DEBUG - Current pins found: 40
2025-07-11 15:40:32 - DEBUG - Scrolling to load more pins (scroll #3)
2025-07-11 15:40:34 - DEBUG - Current pins found: 54
2025-07-11 15:40:34 - DEBUG - Extracting pin URLs from page
2025-07-11 15:40:35 - DEBUG - Extracting pin ID from URL: https://www.pinterest.com/pin/47217496091142273/
2025-07-11 15:40:35 - DEBUG - Extracted pin ID: 47217496091142273
2025-07-11 15:40:35 - DEBUG - Added pin URL 1: https://www.pinterest.com/pin/47217496091142273/
2025-07-11 15:40:35 - DEBUG - Extracting pin ID from URL: https://www.pinterest.com/pin/47217496091142273/
2025-07-11 15:40:35 - DEBUG - Extracted pin ID: 47217496091142273
2025-07-11 15:40:35 - DEBUG - Extracting pin ID from URL: https://www.pinterest.com/pin/155303888272841557/
2025-07-11 15:40:35 - DEBUG - Extracted pin ID: 155303888272841557
2025-07-11 15:40:35 - DEBUG - Added pin URL 2: https://www.pinterest.com/pin/155303888272841557/
2025-07-11 15:40:35 - DEBUG - Extracting pin ID from URL: https://www.pinterest.com/pin/155303888272841557/
2025-07-11 15:40:35 - DEBUG - Extracted pin ID: 155303888272841557
2025-07-11 15:40:35 - DEBUG - Extracting pin ID from URL: https://www.pinterest.com/pin/703687510559041484/
2025-07-11 15:40:35 - DEBUG - Extracted pin ID: 703687510559041484
2025-07-11 15:40:35 - DEBUG - Added pin URL 3: https://www.pinterest.com/pin/703687510559041484/
2025-07-11 15:40:35 - DEBUG - Extracting pin ID from URL: https://www.pinterest.com/pin/703687510559041484/
2025-07-11 15:40:35 - DEBUG - Extracted pin ID: 703687510559041484
2025-07-11 15:40:35 - DEBUG - Extracting pin ID from URL: https://www.pinterest.com/pin/357825132910432369/
2025-07-11 15:40:35 - DEBUG - Extracted pin ID: 357825132910432369
2025-07-11 15:40:35 - DEBUG - Added pin URL 4: https://www.pinterest.com/pin/357825132910432369/
2025-07-11 15:40:35 - DEBUG - Extracting pin ID from URL: https://www.pinterest.com/pin/357825132910432369/
2025-07-11 15:40:35 - DEBUG - Extracted pin ID: 357825132910432369
2025-07-11 15:40:35 - DEBUG - Extracting pin ID from URL: https://www.pinterest.com/pin/399272323224575839/
2025-07-11 15:40:35 - DEBUG - Extracted pin ID: 399272323224575839
2025-07-11 15:40:35 - DEBUG - Added pin URL 5: https://www.pinterest.com/pin/399272323224575839/
2025-07-11 15:40:35 - DEBUG - Extracting pin ID from URL: https://www.pinterest.com/pin/399272323224575839/
2025-07-11 15:40:35 - DEBUG - Extracted pin ID: 399272323224575839
2025-07-11 15:40:35 - DEBUG - Extracting pin ID from URL: https://www.pinterest.com/pin/226024475042376987/
2025-07-11 15:40:35 - DEBUG - Extracted pin ID: 226024475042376987
2025-07-11 15:40:35 - DEBUG - Added pin URL 6: https://www.pinterest.com/pin/226024475042376987/
2025-07-11 15:40:35 - DEBUG - Extracting pin ID from URL: https://www.pinterest.com/pin/226024475042376987/
2025-07-11 15:40:35 - DEBUG - Extracted pin ID: 226024475042376987
2025-07-11 15:40:35 - DEBUG - Extracting pin ID from URL: https://www.pinterest.com/pin/101049585381330659/
2025-07-11 15:40:35 - DEBUG - Extracted pin ID: 101049585381330659
2025-07-11 15:40:35 - DEBUG - Added pin URL 7: https://www.pinterest.com/pin/101049585381330659/
2025-07-11 15:40:35 - DEBUG - Extracting pin ID from URL: https://www.pinterest.com/pin/101049585381330659/
2025-07-11 15:40:35 - DEBUG - Extracted pin ID: 101049585381330659
2025-07-11 15:40:35 - DEBUG - Extracting pin ID from URL: https://www.pinterest.com/pin/646407352801201163/
2025-07-11 15:40:35 - DEBUG - Extracted pin ID: 646407352801201163
2025-07-11 15:40:35 - DEBUG - Added pin URL 8: https://www.pinterest.com/pin/646407352801201163/
2025-07-11 15:40:35 - DEBUG - Extracting pin ID from URL: https://www.pinterest.com/pin/646407352801201163/
2025-07-11 15:40:35 - DEBUG - Extracted pin ID: 646407352801201163
2025-07-11 15:40:35 - DEBUG - Extracting pin ID from URL: https://www.pinterest.com/pin/692498880242134513/
2025-07-11 15:40:35 - DEBUG - Extracted pin ID: 692498880242134513
2025-07-11 15:40:35 - DEBUG - Added pin URL 9: https://www.pinterest.com/pin/692498880242134513/
2025-07-11 15:40:35 - DEBUG - Extracting pin ID from URL: https://www.pinterest.com/pin/692498880242134513/
2025-07-11 15:40:35 - DEBUG - Extracted pin ID: 692498880242134513
2025-07-11 15:40:35 - DEBUG - Extracting pin ID from URL: https://www.pinterest.com/pin/170996117088936304/
2025-07-11 15:40:35 - DEBUG - Extracted pin ID: 170996117088936304
2025-07-11 15:40:35 - DEBUG - Added pin URL 10: https://www.pinterest.com/pin/170996117088936304/
2025-07-11 15:40:35 - DEBUG - Extracting pin ID from URL: https://www.pinterest.com/pin/170996117088936304/
2025-07-11 15:40:35 - DEBUG - Extracted pin ID: 170996117088936304
2025-07-11 15:40:35 - DEBUG - Extracting pin ID from URL: https://www.pinterest.com/pin/153403931053695335/
2025-07-11 15:40:35 - DEBUG - Extracted pin ID: 153403931053695335
2025-07-11 15:40:35 - DEBUG - Added pin URL 11: https://www.pinterest.com/pin/153403931053695335/
2025-07-11 15:40:35 - DEBUG - Extracting pin ID from URL: https://www.pinterest.com/pin/153403931053695335/
2025-07-11 15:40:35 - DEBUG - Extracted pin ID: 153403931053695335
2025-07-11 15:40:35 - DEBUG - Extracting pin ID from URL: https://www.pinterest.com/pin/699606123401755202/
2025-07-11 15:40:35 - DEBUG - Extracted pin ID: 699606123401755202
2025-07-11 15:40:35 - DEBUG - Added pin URL 12: https://www.pinterest.com/pin/699606123401755202/
2025-07-11 15:40:35 - DEBUG - Extracting pin ID from URL: https://www.pinterest.com/pin/699606123401755202/
2025-07-11 15:40:35 - DEBUG - Extracted pin ID: 699606123401755202
2025-07-11 15:40:35 - DEBUG - Extracting pin ID from URL: https://www.pinterest.com/pin/695313629991368064/
2025-07-11 15:40:35 - DEBUG - Extracted pin ID: 695313629991368064
2025-07-11 15:40:35 - DEBUG - Added pin URL 13: https://www.pinterest.com/pin/695313629991368064/
2025-07-11 15:40:35 - DEBUG - Extracting pin ID from URL: https://www.pinterest.com/pin/695313629991368064/
2025-07-11 15:40:35 - DEBUG - Extracted pin ID: 695313629991368064
2025-07-11 15:40:35 - DEBUG - Extracting pin ID from URL: https://www.pinterest.com/pin/558727897539454774/
2025-07-11 15:40:35 - DEBUG - Extracted pin ID: 558727897539454774
2025-07-11 15:40:35 - DEBUG - Added pin URL 14: https://www.pinterest.com/pin/558727897539454774/
2025-07-11 15:40:35 - DEBUG - Extracting pin ID from URL: https://www.pinterest.com/pin/558727897539454774/
2025-07-11 15:40:35 - DEBUG - Extracted pin ID: 558727897539454774
2025-07-11 15:40:35 - DEBUG - Extracting pin ID from URL: https://www.pinterest.com/pin/851813716990274488/
2025-07-11 15:40:35 - DEBUG - Extracted pin ID: 851813716990274488
2025-07-11 15:40:35 - DEBUG - Added pin URL 15: https://www.pinterest.com/pin/851813716990274488/
2025-07-11 15:40:35 - DEBUG - Extracting pin ID from URL: https://www.pinterest.com/pin/851813716990274488/
2025-07-11 15:40:35 - DEBUG - Extracted pin ID: 851813716990274488
2025-07-11 15:40:35 - DEBUG - Extracting pin ID from URL: https://www.pinterest.com/pin/918030705308670055/
2025-07-11 15:40:35 - DEBUG - Extracted pin ID: 918030705308670055
2025-07-11 15:40:35 - DEBUG - Added pin URL 16: https://www.pinterest.com/pin/918030705308670055/
2025-07-11 15:40:35 - DEBUG - Extracting pin ID from URL: https://www.pinterest.com/pin/918030705308670055/
2025-07-11 15:40:35 - DEBUG - Extracted pin ID: 918030705308670055
2025-07-11 15:40:35 - DEBUG - Extracting pin ID from URL: https://www.pinterest.com/pin/114701121732756291/
2025-07-11 15:40:35 - DEBUG - Extracted pin ID: 114701121732756291
2025-07-11 15:40:35 - DEBUG - Added pin URL 17: https://www.pinterest.com/pin/114701121732756291/
2025-07-11 15:40:35 - DEBUG - Extracting pin ID from URL: https://www.pinterest.com/pin/114701121732756291/
2025-07-11 15:40:35 - DEBUG - Extracted pin ID: 114701121732756291
2025-07-11 15:40:35 - DEBUG - Extracting pin ID from URL: https://www.pinterest.com/pin/912260468266002813/
2025-07-11 15:40:35 - DEBUG - Extracted pin ID: 912260468266002813
2025-07-11 15:40:35 - DEBUG - Added pin URL 18: https://www.pinterest.com/pin/912260468266002813/
2025-07-11 15:40:35 - DEBUG - Extracting pin ID from URL: https://www.pinterest.com/pin/912260468266002813/
2025-07-11 15:40:35 - DEBUG - Extracted pin ID: 912260468266002813
2025-07-11 15:40:35 - DEBUG - Extracting pin ID from URL: https://www.pinterest.com/pin/598415869249999478/
2025-07-11 15:40:35 - DEBUG - Extracted pin ID: 598415869249999478
2025-07-11 15:40:35 - DEBUG - Added pin URL 19: https://www.pinterest.com/pin/598415869249999478/
2025-07-11 15:40:35 - DEBUG - Extracting pin ID from URL: https://www.pinterest.com/pin/598415869249999478/
2025-07-11 15:40:35 - DEBUG - Extracted pin ID: 598415869249999478
2025-07-11 15:40:35 - DEBUG - Extracting pin ID from URL: https://www.pinterest.com/pin/4609786170239346176/
2025-07-11 15:40:35 - DEBUG - Extracted pin ID: 4609786170239346176
2025-07-11 15:40:35 - DEBUG - Added pin URL 20: https://www.pinterest.com/pin/4609786170239346176/
2025-07-11 15:40:35 - DEBUG - Extracting pin ID from URL: https://www.pinterest.com/pin/4609786170239346176/
2025-07-11 15:40:35 - DEBUG - Extracted pin ID: 4609786170239346176
2025-07-11 15:40:35 - DEBUG - Extracting pin ID from URL: https://www.pinterest.com/pin/2674081024846337/
2025-07-11 15:40:35 - DEBUG - Extracted pin ID: 2674081024846337
2025-07-11 15:40:35 - DEBUG - Added pin URL 21: https://www.pinterest.com/pin/2674081024846337/
2025-07-11 15:40:35 - DEBUG - Extracting pin ID from URL: https://www.pinterest.com/pin/2674081024846337/
2025-07-11 15:40:35 - DEBUG - Extracted pin ID: 2674081024846337
2025-07-11 15:40:35 - DEBUG - Extracting pin ID from URL: https://www.pinterest.com/pin/208361920252270156/
2025-07-11 15:40:35 - DEBUG - Extracted pin ID: 208361920252270156
2025-07-11 15:40:35 - DEBUG - Added pin URL 22: https://www.pinterest.com/pin/208361920252270156/
2025-07-11 15:40:35 - DEBUG - Extracting pin ID from URL: https://www.pinterest.com/pin/208361920252270156/
2025-07-11 15:40:35 - DEBUG - Extracted pin ID: 208361920252270156
2025-07-11 15:40:35 - DEBUG - Extracting pin ID from URL: https://www.pinterest.com/pin/1004021310679884876/
2025-07-11 15:40:35 - DEBUG - Extracted pin ID: 1004021310679884876
2025-07-11 15:40:35 - DEBUG - Added pin URL 23: https://www.pinterest.com/pin/1004021310679884876/
2025-07-11 15:40:35 - DEBUG - Extracting pin ID from URL: https://www.pinterest.com/pin/1004021310679884876/
2025-07-11 15:40:35 - DEBUG - Extracted pin ID: 1004021310679884876
2025-07-11 15:40:35 - DEBUG - Extracting pin ID from URL: https://www.pinterest.com/pin/66428163246785186/
2025-07-11 15:40:35 - DEBUG - Extracted pin ID: 66428163246785186
2025-07-11 15:40:35 - DEBUG - Added pin URL 24: https://www.pinterest.com/pin/66428163246785186/
2025-07-11 15:40:35 - DEBUG - Extracting pin ID from URL: https://www.pinterest.com/pin/66428163246785186/
2025-07-11 15:40:35 - DEBUG - Extracted pin ID: 66428163246785186
2025-07-11 15:40:35 - DEBUG - Extracting pin ID from URL: https://www.pinterest.com/pin/217791331975224141/
2025-07-11 15:40:35 - DEBUG - Extracted pin ID: 217791331975224141
2025-07-11 15:40:35 - DEBUG - Added pin URL 25: https://www.pinterest.com/pin/217791331975224141/
2025-07-11 15:40:35 - DEBUG - Extracting pin ID from URL: https://www.pinterest.com/pin/217791331975224141/
2025-07-11 15:40:35 - DEBUG - Extracted pin ID: 217791331975224141
2025-07-11 15:41:05 - ERROR - Error during search: Locator.get_attribute: Timeout 30000ms exceeded.
Call log:
  - waiting for locator("a[href^='/pin/']").nth(50)

2025-07-11 15:41:05 - DEBUG - Search browser closed
2025-07-11 15:41:05 - WARNING - No pin URLs found
