2025-07-14 02:27:50 - INFO - Logging initialized. Log file: logs\pinterest_multilevel_20250714_022750.log
2025-07-14 02:27:50 - INFO - Loaded 219 processed pins from history
2025-07-14 02:27:50 - INFO - Pinterest Multi-Level Scraper initialized
2025-07-14 02:27:50 - INFO - Found 219 previously processed pins
2025-07-14 02:27:50 - INFO - 🚀 Starting Pinterest Multi-Level Scraper
2025-07-14 02:27:50 - INFO - Keyword: 'Mexico Docs', Main pins: 4, Similar pins: Disabled
2025-07-14 02:27:50 - INFO - 🚀 Starting pin collection
2025-07-14 02:27:50 - INFO - 🔍 STEP 1: Getting 4 NEW main pins for keyword: 'Mexico Docs'
2025-07-14 02:27:50 - DEBUG - Search URL: https://www.pinterest.com/search/pins/?q=Mexico+Docs
2025-07-14 02:27:51 - INFO - Navigating to search page
2025-07-14 02:27:55 - INFO - Setting page zoom to 25%
2025-07-14 02:27:55 - INFO - Waiting for page to fully load...
2025-07-14 02:27:55 - DEBUG - Waiting for page to be fully loaded...
2025-07-14 02:27:55 - DEBUG - DOM content loaded
2025-07-14 02:27:58 - DEBUG - Network idle achieved
2025-07-14 02:27:58 - DEBUG - Found selector: div[data-test-id='pin']
2025-07-14 02:28:00 - DEBUG - Page loading complete
2025-07-14 02:28:03 - DEBUG - Scrolling to load more pins (scroll #1)
2025-07-14 02:28:06 - DEBUG - Extracting pin ID from URL: https://www.pinterest.com/pin/579205202120185045/
2025-07-14 02:28:06 - DEBUG - Extracted pin ID (standard format): 579205202120185045
2025-07-14 02:28:06 - DEBUG - Pin 579205202120185045 already processed - skipping
2025-07-14 02:28:06 - DEBUG - Skipped already processed pin: 579205202120185045
2025-07-14 02:28:06 - DEBUG - Extracting pin ID from URL: https://www.pinterest.com/pin/579205202120185045/
2025-07-14 02:28:06 - DEBUG - Extracted pin ID (standard format): 579205202120185045
2025-07-14 02:28:06 - DEBUG - Extracting pin ID from URL: https://www.pinterest.com/pin/37788084368666521/
2025-07-14 02:28:06 - DEBUG - Extracted pin ID (standard format): 37788084368666521
2025-07-14 02:28:06 - DEBUG - Pin 37788084368666521 already processed - skipping
2025-07-14 02:28:06 - DEBUG - Skipped already processed pin: 37788084368666521
2025-07-14 02:28:06 - DEBUG - Extracting pin ID from URL: https://www.pinterest.com/pin/37788084368666521/
2025-07-14 02:28:06 - DEBUG - Extracted pin ID (standard format): 37788084368666521
2025-07-14 02:28:06 - DEBUG - Extracting pin ID from URL: https://www.pinterest.com/pin/308426274498905068/
2025-07-14 02:28:06 - DEBUG - Extracted pin ID (standard format): 308426274498905068
2025-07-14 02:28:06 - DEBUG - Pin 308426274498905068 already processed - skipping
2025-07-14 02:28:06 - DEBUG - Skipped already processed pin: 308426274498905068
2025-07-14 02:28:06 - DEBUG - Extracting pin ID from URL: https://www.pinterest.com/pin/308426274498905068/
2025-07-14 02:28:06 - DEBUG - Extracted pin ID (standard format): 308426274498905068
2025-07-14 02:28:06 - DEBUG - Extracting pin ID from URL: https://www.pinterest.com/pin/205476801744462258/
2025-07-14 02:28:06 - DEBUG - Extracted pin ID (standard format): 205476801744462258
2025-07-14 02:28:06 - DEBUG - Pin 205476801744462258 already processed - skipping
2025-07-14 02:28:06 - DEBUG - Skipped already processed pin: 205476801744462258
2025-07-14 02:28:06 - DEBUG - Extracting pin ID from URL: https://www.pinterest.com/pin/205476801744462258/
2025-07-14 02:28:06 - DEBUG - Extracted pin ID (standard format): 205476801744462258
2025-07-14 02:28:06 - DEBUG - Extracting pin ID from URL: https://www.pinterest.com/pin/844493673053633/
2025-07-14 02:28:06 - DEBUG - Extracted pin ID (standard format): 844493673053633
2025-07-14 02:28:06 - DEBUG - Pin 844493673053633 already processed - skipping
2025-07-14 02:28:06 - DEBUG - Skipped already processed pin: 844493673053633
2025-07-14 02:28:06 - DEBUG - Extracting pin ID from URL: https://www.pinterest.com/pin/844493673053633/
2025-07-14 02:28:06 - DEBUG - Extracted pin ID (standard format): 844493673053633
2025-07-14 02:28:06 - DEBUG - Extracting pin ID from URL: https://www.pinterest.com/pin/844493672599093/
2025-07-14 02:28:06 - DEBUG - Extracted pin ID (standard format): 844493672599093
2025-07-14 02:28:06 - DEBUG - Pin 844493672599093 already processed - skipping
2025-07-14 02:28:06 - DEBUG - Skipped already processed pin: 844493672599093
2025-07-14 02:28:06 - DEBUG - Extracting pin ID from URL: https://www.pinterest.com/pin/844493672599093/
2025-07-14 02:28:06 - DEBUG - Extracted pin ID (standard format): 844493672599093
2025-07-14 02:28:06 - DEBUG - Extracting pin ID from URL: https://www.pinterest.com/pin/17381148556053475/
2025-07-14 02:28:06 - DEBUG - Extracted pin ID (standard format): 17381148556053475
2025-07-14 02:28:06 - DEBUG - Pin 17381148556053475 already processed - skipping
2025-07-14 02:28:06 - DEBUG - Skipped already processed pin: 17381148556053475
2025-07-14 02:28:06 - DEBUG - Extracting pin ID from URL: https://www.pinterest.com/pin/17381148556053475/
2025-07-14 02:28:06 - DEBUG - Extracted pin ID (standard format): 17381148556053475
2025-07-14 02:28:06 - DEBUG - Extracting pin ID from URL: https://www.pinterest.com/pin/171277592072630763/
2025-07-14 02:28:06 - DEBUG - Extracted pin ID (standard format): 171277592072630763
2025-07-14 02:28:06 - DEBUG - Pin 171277592072630763 already processed - skipping
2025-07-14 02:28:06 - DEBUG - Skipped already processed pin: 171277592072630763
2025-07-14 02:28:06 - DEBUG - Extracting pin ID from URL: https://www.pinterest.com/pin/171277592072630763/
2025-07-14 02:28:06 - DEBUG - Extracted pin ID (standard format): 171277592072630763
2025-07-14 02:28:06 - DEBUG - Extracting pin ID from URL: https://www.pinterest.com/pin/380624606027912250/
2025-07-14 02:28:06 - DEBUG - Extracted pin ID (standard format): 380624606027912250
2025-07-14 02:28:06 - DEBUG - Pin 380624606027912250 already processed - skipping
2025-07-14 02:28:06 - DEBUG - Skipped already processed pin: 380624606027912250
2025-07-14 02:28:06 - DEBUG - Extracting pin ID from URL: https://www.pinterest.com/pin/380624606027912250/
2025-07-14 02:28:06 - DEBUG - Extracted pin ID (standard format): 380624606027912250
2025-07-14 02:28:06 - DEBUG - Extracting pin ID from URL: https://www.pinterest.com/pin/998321442457588922/
2025-07-14 02:28:06 - DEBUG - Extracted pin ID (standard format): 998321442457588922
2025-07-14 02:28:06 - DEBUG - Found NEW pin 1/4: 998321442457588922
2025-07-14 02:28:06 - DEBUG - Extracting pin ID from URL: https://www.pinterest.com/pin/998321442457588922/
2025-07-14 02:28:06 - DEBUG - Extracted pin ID (standard format): 998321442457588922
2025-07-14 02:28:06 - DEBUG - Extracting pin ID from URL: https://www.pinterest.com/pin/265149496785729169/
2025-07-14 02:28:06 - DEBUG - Extracted pin ID (standard format): 265149496785729169
2025-07-14 02:28:06 - DEBUG - Found NEW pin 2/4: 265149496785729169
2025-07-14 02:28:06 - DEBUG - Extracting pin ID from URL: https://www.pinterest.com/pin/265149496785729169/
2025-07-14 02:28:06 - DEBUG - Extracted pin ID (standard format): 265149496785729169
2025-07-14 02:28:06 - DEBUG - Extracting pin ID from URL: https://www.pinterest.com/pin/357332551703263694/
2025-07-14 02:28:06 - DEBUG - Extracted pin ID (standard format): 357332551703263694
2025-07-14 02:28:06 - DEBUG - Found NEW pin 3/4: 357332551703263694
2025-07-14 02:28:06 - DEBUG - Extracting pin ID from URL: https://www.pinterest.com/pin/357332551703263694/
2025-07-14 02:28:06 - DEBUG - Extracted pin ID (standard format): 357332551703263694
2025-07-14 02:28:06 - DEBUG - Extracting pin ID from URL: https://www.pinterest.com/pin/4604789965783215104/
2025-07-14 02:28:06 - DEBUG - Extracted pin ID (standard format): 4604789965783215104
2025-07-14 02:28:06 - DEBUG - Found NEW pin 4/4: 4604789965783215104
2025-07-14 02:28:06 - DEBUG - Total pins on page: 30, NEW pins found: 4/4
2025-07-14 02:28:06 - INFO - ✅ Successfully extracted 4 NEW main pin URLs
2025-07-14 02:28:06 - INFO - ⏭️ Skipping similar pins extraction as per user request
2025-07-14 02:28:06 - INFO - ✅ Total unique pins collected: 4
2025-07-14 02:28:06 - INFO - 🔽 STEP 3: Downloading 4 pins
2025-07-14 02:28:06 - DEBUG - Extracting pin ID from URL: https://www.pinterest.com/pin/265149496785729169/
2025-07-14 02:28:06 - DEBUG - Extracted pin ID (standard format): 265149496785729169
2025-07-14 02:28:06 - DEBUG - Extracting pin ID from URL: https://www.pinterest.com/pin/265149496785729169/
2025-07-14 02:28:06 - DEBUG - Extracted pin ID (standard format): 265149496785729169
2025-07-14 02:28:06 - INFO - Processing pin: 265149496785729169
2025-07-14 02:28:06 - DEBUG - Extracting image URL from pin page: https://www.pinterest.com/pin/265149496785729169/
2025-07-14 02:28:07 - DEBUG - Navigating to pin page
2025-07-14 02:28:09 - DEBUG - Waiting for og:image meta tag
2025-07-14 02:28:09 - DEBUG - Successfully extracted image URL: https://i.pinimg.com/736x/42/fd/b1/42fdb178507a46b4ffe7d70115b8a375.jpg
2025-07-14 02:28:09 - DEBUG - Getting highest quality URL for: https://i.pinimg.com/736x/42/fd/b1/42fdb178507a46b4ffe7d70115b8a375.jpg
2025-07-14 02:28:09 - DEBUG - Original quality URL available
2025-07-14 02:28:09 - INFO - Downloading image from: https://i.pinimg.com/736x/42/fd/b1/42fdb178507a46b4ffe7d70115b8a375.jpg
2025-07-14 02:28:09 - DEBUG - Saved 220 processed pins to history
2025-07-14 02:28:09 - DEBUG - Marked pin 265149496785729169 as processed
2025-07-14 02:28:09 - INFO - Successfully downloaded pin 265149496785729169 - Size: 119724 bytes
2025-07-14 02:28:10 - DEBUG - Extracting pin ID from URL: https://www.pinterest.com/pin/357332551703263694/
2025-07-14 02:28:10 - DEBUG - Extracted pin ID (standard format): 357332551703263694
2025-07-14 02:28:10 - DEBUG - Extracting pin ID from URL: https://www.pinterest.com/pin/357332551703263694/
2025-07-14 02:28:10 - DEBUG - Extracted pin ID (standard format): 357332551703263694
2025-07-14 02:28:10 - INFO - Processing pin: 357332551703263694
2025-07-14 02:28:10 - DEBUG - Extracting image URL from pin page: https://www.pinterest.com/pin/357332551703263694/
2025-07-14 02:28:11 - DEBUG - Navigating to pin page
2025-07-14 02:28:12 - DEBUG - Waiting for og:image meta tag
2025-07-14 02:28:12 - DEBUG - Successfully extracted image URL: https://i.pinimg.com/736x/16/94/6d/16946d025d66d55dc49bcecb77b93dc6.jpg
2025-07-14 02:28:12 - DEBUG - Getting highest quality URL for: https://i.pinimg.com/736x/16/94/6d/16946d025d66d55dc49bcecb77b93dc6.jpg
2025-07-14 02:28:12 - DEBUG - Original quality URL available
2025-07-14 02:28:12 - INFO - Downloading image from: https://i.pinimg.com/736x/16/94/6d/16946d025d66d55dc49bcecb77b93dc6.jpg
2025-07-14 02:28:12 - DEBUG - Saved 221 processed pins to history
2025-07-14 02:28:12 - DEBUG - Marked pin 357332551703263694 as processed
2025-07-14 02:28:12 - INFO - Successfully downloaded pin 357332551703263694 - Size: 68449 bytes
2025-07-14 02:28:13 - DEBUG - Extracting pin ID from URL: https://www.pinterest.com/pin/998321442457588922/
2025-07-14 02:28:13 - DEBUG - Extracted pin ID (standard format): 998321442457588922
2025-07-14 02:28:13 - DEBUG - Extracting pin ID from URL: https://www.pinterest.com/pin/998321442457588922/
2025-07-14 02:28:13 - DEBUG - Extracted pin ID (standard format): 998321442457588922
2025-07-14 02:28:13 - INFO - Processing pin: 998321442457588922
2025-07-14 02:28:13 - DEBUG - Extracting image URL from pin page: https://www.pinterest.com/pin/998321442457588922/
2025-07-14 02:28:13 - DEBUG - Navigating to pin page
2025-07-14 02:28:15 - DEBUG - Waiting for og:image meta tag
2025-07-14 02:28:16 - DEBUG - Successfully extracted image URL: https://i.pinimg.com/736x/5f/ca/49/5fca49399b3674e516b8887684f1eb99.jpg
2025-07-14 02:28:16 - DEBUG - Getting highest quality URL for: https://i.pinimg.com/736x/5f/ca/49/5fca49399b3674e516b8887684f1eb99.jpg
2025-07-14 02:28:16 - DEBUG - Original quality URL available
2025-07-14 02:28:16 - INFO - Downloading image from: https://i.pinimg.com/736x/5f/ca/49/5fca49399b3674e516b8887684f1eb99.jpg
2025-07-14 02:28:16 - DEBUG - Saved 222 processed pins to history
2025-07-14 02:28:16 - DEBUG - Marked pin 998321442457588922 as processed
2025-07-14 02:28:16 - INFO - Successfully downloaded pin 998321442457588922 - Size: 16636 bytes
2025-07-14 02:28:16 - DEBUG - Extracting pin ID from URL: https://www.pinterest.com/pin/4604789965783215104/
2025-07-14 02:28:16 - DEBUG - Extracted pin ID (standard format): 4604789965783215104
2025-07-14 02:28:16 - DEBUG - Extracting pin ID from URL: https://www.pinterest.com/pin/4604789965783215104/
2025-07-14 02:28:16 - DEBUG - Extracted pin ID (standard format): 4604789965783215104
2025-07-14 02:28:16 - INFO - Processing pin: 4604789965783215104
2025-07-14 02:28:16 - DEBUG - Extracting image URL from pin page: https://www.pinterest.com/pin/4604789965783215104/
2025-07-14 02:28:17 - DEBUG - Navigating to pin page
2025-07-14 02:28:18 - DEBUG - Waiting for og:image meta tag
2025-07-14 02:28:18 - DEBUG - Successfully extracted image URL: https://i.pinimg.com/736x/8d/f0/a3/8df0a3d821913512b866e6a51311ad1c.jpg
2025-07-14 02:28:18 - DEBUG - Getting highest quality URL for: https://i.pinimg.com/736x/8d/f0/a3/8df0a3d821913512b866e6a51311ad1c.jpg
2025-07-14 02:28:18 - DEBUG - Original quality URL available
2025-07-14 02:28:18 - INFO - Downloading image from: https://i.pinimg.com/736x/8d/f0/a3/8df0a3d821913512b866e6a51311ad1c.jpg
2025-07-14 02:28:18 - DEBUG - Saved 223 processed pins to history
2025-07-14 02:28:18 - DEBUG - Marked pin 4604789965783215104 as processed
2025-07-14 02:28:18 - INFO - Successfully downloaded pin 4604789965783215104 - Size: 122555 bytes
2025-07-14 02:28:19 - INFO - === MULTI-LEVEL SCRAPING COMPLETED ===
2025-07-14 02:28:19 - INFO - Duration: 0:00:28.550251
2025-07-14 02:28:19 - INFO - Main pins found: 4
2025-07-14 02:28:19 - INFO - Similar pins found: 0
2025-07-14 02:28:19 - INFO - Total unique pins: 4
2025-07-14 02:28:19 - INFO - Successful downloads: 4
2025-07-14 02:28:19 - INFO - Skipped duplicates: 0
2025-07-14 02:28:19 - INFO - Failed downloads: 0
2025-07-14 02:28:19 - INFO - Total processed pins in history: 223
