2025-07-14 02:18:15 - INFO - Logging initialized. Log file: logs\pinterest_multilevel_20250714_021815.log
2025-07-14 02:18:15 - INFO - Loaded 219 processed pins from history
2025-07-14 02:18:15 - INFO - Pinterest Multi-Level Scraper initialized
2025-07-14 02:18:15 - INFO - Found 219 previously processed pins
2025-07-14 02:18:15 - INFO - 🚀 Starting Pinterest Multi-Level Scraper
2025-07-14 02:18:15 - INFO - Keyword: 'Mexico docs', Main pins: 3, Similar pins: Disabled
2025-07-14 02:18:15 - INFO - 🚀 Starting pin collection
2025-07-14 02:18:15 - INFO - 🔍 STEP 1: Getting 3 main pins for keyword: 'Mexico docs'
2025-07-14 02:18:15 - DEBUG - Search URL: https://www.pinterest.com/search/pins/?q=Mexico+docs
2025-07-14 02:18:16 - INFO - Navigating to search page
2025-07-14 02:18:17 - INFO - Setting page zoom to 25%
2025-07-14 02:18:17 - INFO - Waiting for page to fully load...
2025-07-14 02:18:17 - DEBUG - Waiting for page to be fully loaded...
2025-07-14 02:18:17 - DEBUG - DOM content loaded
2025-07-14 02:18:20 - DEBUG - Network idle achieved
2025-07-14 02:18:20 - DEBUG - Found selector: div[data-test-id='pin']
2025-07-14 02:18:22 - DEBUG - Page loading complete
2025-07-14 02:18:25 - DEBUG - Extracting main pin URLs from search page
2025-07-14 02:18:25 - DEBUG - Extracting pin ID from URL: https://www.pinterest.com/pin/210543351620708794/
2025-07-14 02:18:25 - DEBUG - Extracted pin ID (standard format): 210543351620708794
2025-07-14 02:18:25 - DEBUG - Extracting pin ID from URL: https://www.pinterest.com/pin/210543351620708794/
2025-07-14 02:18:25 - DEBUG - Extracted pin ID (standard format): 210543351620708794
2025-07-14 02:18:25 - DEBUG - Extracting pin ID from URL: https://www.pinterest.com/pin/844493673053633/
2025-07-14 02:18:25 - DEBUG - Extracted pin ID (standard format): 844493673053633
2025-07-14 02:18:25 - DEBUG - Extracting pin ID from URL: https://www.pinterest.com/pin/844493673053633/
2025-07-14 02:18:25 - DEBUG - Extracted pin ID (standard format): 844493673053633
2025-07-14 02:18:25 - DEBUG - Extracting pin ID from URL: https://www.pinterest.com/pin/653444227202441927/
2025-07-14 02:18:25 - DEBUG - Extracted pin ID (standard format): 653444227202441927
2025-07-14 02:18:25 - INFO - ✅ Successfully extracted 3 main pin URLs
2025-07-14 02:18:25 - INFO - ⏭️ Skipping similar pins extraction as per user request
2025-07-14 02:18:25 - INFO - ✅ Total unique pins collected: 3
2025-07-14 02:18:25 - INFO - 🔽 STEP 3: Downloading 3 pins
2025-07-14 02:18:25 - DEBUG - Extracting pin ID from URL: https://www.pinterest.com/pin/210543351620708794/
2025-07-14 02:18:25 - DEBUG - Extracted pin ID (standard format): 210543351620708794
2025-07-14 02:18:25 - DEBUG - Pin 210543351620708794 already processed - skipping
2025-07-14 02:18:25 - DEBUG - Extracting pin ID from URL: https://www.pinterest.com/pin/844493673053633/
2025-07-14 02:18:25 - DEBUG - Extracted pin ID (standard format): 844493673053633
2025-07-14 02:18:25 - DEBUG - Pin 844493673053633 already processed - skipping
2025-07-14 02:18:25 - DEBUG - Extracting pin ID from URL: https://www.pinterest.com/pin/653444227202441927/
2025-07-14 02:18:25 - DEBUG - Extracted pin ID (standard format): 653444227202441927
2025-07-14 02:18:25 - DEBUG - Pin 653444227202441927 already processed - skipping
2025-07-14 02:18:25 - INFO - === MULTI-LEVEL SCRAPING COMPLETED ===
2025-07-14 02:18:25 - INFO - Duration: 0:00:09.526848
2025-07-14 02:18:25 - INFO - Main pins found: 3
2025-07-14 02:18:25 - INFO - Similar pins found: 0
2025-07-14 02:18:25 - INFO - Total unique pins: 3
2025-07-14 02:18:25 - INFO - Successful downloads: 0
2025-07-14 02:18:25 - INFO - Skipped duplicates: 3
2025-07-14 02:18:25 - INFO - Failed downloads: 0
2025-07-14 02:18:25 - INFO - Total processed pins in history: 219
