2025-07-14 00:08:14 - INFO - Logging initialized. Log file: logs\pinterest_multilevel_20250714_000814.log
2025-07-14 00:08:14 - INFO - Loaded 218 processed pins from history
2025-07-14 00:08:14 - INFO - Pinterest Multi-Level Scraper initialized
2025-07-14 00:08:14 - INFO - Found 218 previously processed pins
2025-07-14 00:08:14 - INFO - 🚀 Starting Pinterest Multi-Level Scraper
2025-07-14 00:08:14 - INFO - Keyword: 'Mexico docs', Main pins: 5, Similar per main: 1
2025-07-14 00:08:14 - INFO - 🚀 Starting pin collection
2025-07-14 00:08:14 - INFO - 🔍 STEP 1: Getting 5 main pins for keyword: 'Mexico docs'
2025-07-14 00:08:14 - DEBUG - Search URL: https://www.pinterest.com/search/pins/?q=Mexico+docs
2025-07-14 00:08:16 - INFO - Navigating to search page
2025-07-14 00:08:17 - INFO - Setting page zoom to 25%
2025-07-14 00:08:17 - INFO - Waiting for page to fully load...
2025-07-14 00:08:17 - DEBUG - Waiting for page to be fully loaded...
2025-07-14 00:08:17 - DEBUG - DOM content loaded
2025-07-14 00:08:21 - DEBUG - Network idle achieved
2025-07-14 00:08:21 - DEBUG - Found selector: div[data-test-id='pin']
2025-07-14 00:08:23 - DEBUG - Page loading complete
2025-07-14 00:08:26 - DEBUG - Extracting main pin URLs from search page
2025-07-14 00:08:26 - DEBUG - Extracting pin ID from URL: https://www.pinterest.com/pin/210543351620708794/
2025-07-14 00:08:26 - DEBUG - Extracted pin ID (standard format): 210543351620708794
2025-07-14 00:08:26 - DEBUG - Extracting pin ID from URL: https://www.pinterest.com/pin/210543351620708794/
2025-07-14 00:08:26 - DEBUG - Extracted pin ID (standard format): 210543351620708794
2025-07-14 00:08:26 - DEBUG - Extracting pin ID from URL: https://www.pinterest.com/pin/844493673053633/
2025-07-14 00:08:26 - DEBUG - Extracted pin ID (standard format): 844493673053633
2025-07-14 00:08:26 - DEBUG - Extracting pin ID from URL: https://www.pinterest.com/pin/844493673053633/
2025-07-14 00:08:26 - DEBUG - Extracted pin ID (standard format): 844493673053633
2025-07-14 00:08:26 - DEBUG - Extracting pin ID from URL: https://www.pinterest.com/pin/653444227202441927/
2025-07-14 00:08:26 - DEBUG - Extracted pin ID (standard format): 653444227202441927
2025-07-14 00:08:26 - DEBUG - Extracting pin ID from URL: https://www.pinterest.com/pin/653444227202441927/
2025-07-14 00:08:26 - DEBUG - Extracted pin ID (standard format): 653444227202441927
2025-07-14 00:08:26 - DEBUG - Extracting pin ID from URL: https://www.pinterest.com/pin/763852786840439935/
2025-07-14 00:08:26 - DEBUG - Extracted pin ID (standard format): 763852786840439935
2025-07-14 00:08:26 - DEBUG - Extracting pin ID from URL: https://www.pinterest.com/pin/763852786840439935/
2025-07-14 00:08:26 - DEBUG - Extracted pin ID (standard format): 763852786840439935
2025-07-14 00:08:26 - DEBUG - Extracting pin ID from URL: https://www.pinterest.com/pin/844493672599093/
2025-07-14 00:08:26 - DEBUG - Extracted pin ID (standard format): 844493672599093
2025-07-14 00:08:26 - INFO - ✅ Successfully extracted 5 main pin URLs
2025-07-14 00:08:26 - INFO - 🔍 STEP 2: Getting similar pins from 5 main pins
2025-07-14 00:08:26 - DEBUG - Extracting pin ID from URL: https://www.pinterest.com/pin/844493672599093/
2025-07-14 00:08:26 - DEBUG - Extracted pin ID (standard format): 844493672599093
2025-07-14 00:08:26 - INFO - Processing main pin: 844493672599093
2025-07-14 00:08:26 - DEBUG - Extracting pin ID from URL: https://www.pinterest.com/pin/844493672599093/
2025-07-14 00:08:26 - DEBUG - Extracted pin ID (standard format): 844493672599093
2025-07-14 00:08:26 - DEBUG - Getting similar pins from pin 844493672599093
2025-07-14 00:08:28 - DEBUG - Navigating to pin page: https://www.pinterest.com/pin/844493672599093/
2025-07-14 00:08:29 - DEBUG - Waiting for page to be fully loaded...
2025-07-14 00:08:29 - DEBUG - DOM content loaded
2025-07-14 00:08:49 - DEBUG - Network idle timeout: Timeout 20000ms exceeded.
2025-07-14 00:08:49 - DEBUG - Found selector: div[data-test-id='pin']
2025-07-14 00:08:51 - DEBUG - Page loading complete
2025-07-14 00:08:53 - DEBUG - Extracting pin ID from URL: https://www.pinterest.com/pin/844493672599093/repin/
2025-07-14 00:08:53 - DEBUG - Extracted pin ID (standard format): 844493672599093
2025-07-14 00:08:53 - DEBUG - Extracting pin ID from URL: https://www.pinterest.com/pin/335447872271125503/
2025-07-14 00:08:53 - DEBUG - Extracted pin ID (standard format): 335447872271125503
2025-07-14 00:08:53 - DEBUG - Extracting pin ID from URL: https://www.pinterest.com/pin/335447872271125503/
2025-07-14 00:08:53 - DEBUG - Extracted pin ID (standard format): 335447872271125503
2025-07-14 00:08:53 - DEBUG - Extracting pin ID from URL: https://www.pinterest.com/pin/413064597092624602/
2025-07-14 00:08:53 - DEBUG - Extracted pin ID (standard format): 413064597092624602
2025-07-14 00:08:53 - DEBUG - Extracting pin ID from URL: https://www.pinterest.com/pin/413064597092624602/
2025-07-14 00:08:53 - DEBUG - Extracted pin ID (standard format): 413064597092624602
2025-07-14 00:08:53 - DEBUG - Extracting pin ID from URL: https://www.pinterest.com/pin/57139489017200072/
2025-07-14 00:08:53 - DEBUG - Extracted pin ID (standard format): 57139489017200072
2025-07-14 00:08:53 - DEBUG - Extracting pin ID from URL: https://www.pinterest.com/pin/57139489017200072/
2025-07-14 00:08:53 - DEBUG - Extracted pin ID (standard format): 57139489017200072
2025-07-14 00:08:53 - DEBUG - Extracting pin ID from URL: https://www.pinterest.com/pin/2181499812591705/
2025-07-14 00:08:53 - DEBUG - Extracted pin ID (standard format): 2181499812591705
2025-07-14 00:08:53 - DEBUG - Extracting pin ID from URL: https://www.pinterest.com/pin/2181499812591705/
2025-07-14 00:08:53 - DEBUG - Extracted pin ID (standard format): 2181499812591705
2025-07-14 00:08:53 - DEBUG - Extracting pin ID from URL: https://www.pinterest.com/pin/doc-martens--844493672561241/
2025-07-14 00:08:53 - DEBUG - Extracted pin ID (description format): 844493672561241
2025-07-14 00:08:53 - DEBUG - Extracting pin ID from URL: https://www.pinterest.com/pin/doc-martens--844493672561241/
2025-07-14 00:08:53 - DEBUG - Extracted pin ID (description format): 844493672561241
2025-07-14 00:08:53 - DEBUG - Extracting pin ID from URL: https://www.pinterest.com/pin/844493673011729/
2025-07-14 00:08:53 - DEBUG - Extracted pin ID (standard format): 844493673011729
2025-07-14 00:08:53 - DEBUG - Extracting pin ID from URL: https://www.pinterest.com/pin/844493673011729/
2025-07-14 00:08:53 - DEBUG - Extracted pin ID (standard format): 844493673011729
2025-07-14 00:08:53 - DEBUG - Extracting pin ID from URL: https://www.pinterest.com/pin/60235713760233863/
2025-07-14 00:08:53 - DEBUG - Extracted pin ID (standard format): 60235713760233863
2025-07-14 00:08:54 - DEBUG - Extracting pin ID from URL: https://www.pinterest.com/pin/60235713760233863/
2025-07-14 00:08:54 - DEBUG - Extracted pin ID (standard format): 60235713760233863
2025-07-14 00:08:54 - DEBUG - Extracting pin ID from URL: https://www.pinterest.com/pin/my-style-in-2025--15551561209026788/
2025-07-14 00:08:54 - DEBUG - Extracted pin ID (description format): 15551561209026788
2025-07-14 00:08:54 - DEBUG - Extracting pin ID from URL: https://www.pinterest.com/pin/my-style-in-2025--15551561209026788/
2025-07-14 00:08:54 - DEBUG - Extracted pin ID (description format): 15551561209026788
2025-07-14 00:08:54 - DEBUG - Extracting pin ID from URL: https://www.pinterest.com/pin/1548181181634169/
2025-07-14 00:08:54 - DEBUG - Extracted pin ID (standard format): 1548181181634169
2025-07-14 00:08:54 - DEBUG - Extracting pin ID from URL: https://www.pinterest.com/pin/1548181181634169/
2025-07-14 00:08:54 - DEBUG - Extracted pin ID (standard format): 1548181181634169
2025-07-14 00:08:54 - DEBUG - Extracting pin ID from URL: https://www.pinterest.com/pin/863283822365431537/
2025-07-14 00:08:54 - DEBUG - Extracted pin ID (standard format): 863283822365431537
2025-07-14 00:08:54 - DEBUG - Extracting pin ID from URL: https://www.pinterest.com/pin/863283822365431537/
2025-07-14 00:08:54 - DEBUG - Extracted pin ID (standard format): 863283822365431537
2025-07-14 00:08:54 - DEBUG - Extracting pin ID from URL: https://www.pinterest.com/pin/pingl-par-monilovesol-sur-dr-martens-outfits--844493674532522/
2025-07-14 00:08:54 - DEBUG - Extracted pin ID (description format): 844493674532522
2025-07-14 00:08:54 - DEBUG - Extracting pin ID from URL: https://www.pinterest.com/pin/pingl-par-monilovesol-sur-dr-martens-outfits--844493674532522/
2025-07-14 00:08:54 - DEBUG - Extracted pin ID (description format): 844493674532522
2025-07-14 00:09:24 - ERROR - Error getting similar pins from 844493672599093: Locator.get_attribute: Timeout 30000ms exceeded.
Call log:
  - waiting for locator("a[href^='/pin/']").nth(23)

2025-07-14 00:09:24 - DEBUG - Added 0 new similar pins from main pin 844493672599093
2025-07-14 00:09:25 - DEBUG - Extracting pin ID from URL: https://www.pinterest.com/pin/844493673053633/
2025-07-14 00:09:25 - DEBUG - Extracted pin ID (standard format): 844493673053633
2025-07-14 00:09:25 - INFO - Processing main pin: 844493673053633
2025-07-14 00:09:25 - DEBUG - Extracting pin ID from URL: https://www.pinterest.com/pin/844493673053633/
2025-07-14 00:09:25 - DEBUG - Extracted pin ID (standard format): 844493673053633
2025-07-14 00:09:25 - DEBUG - Getting similar pins from pin 844493673053633
2025-07-14 00:09:26 - DEBUG - Navigating to pin page: https://www.pinterest.com/pin/844493673053633/
2025-07-14 00:09:27 - DEBUG - Waiting for page to be fully loaded...
2025-07-14 00:09:27 - DEBUG - DOM content loaded
2025-07-14 00:09:32 - DEBUG - Network idle achieved
2025-07-14 00:09:32 - DEBUG - Found selector: div[data-test-id='pin']
2025-07-14 00:09:34 - DEBUG - Page loading complete
2025-07-14 00:09:36 - DEBUG - Extracting pin ID from URL: https://www.pinterest.com/pin/844493673053633/repin/
2025-07-14 00:09:36 - DEBUG - Extracted pin ID (standard format): 844493673053633
2025-07-14 00:09:36 - DEBUG - Extracting pin ID from URL: https://www.pinterest.com/pin/17099673581816611/
2025-07-14 00:09:36 - DEBUG - Extracted pin ID (standard format): 17099673581816611
2025-07-14 00:09:36 - DEBUG - Extracting pin ID from URL: https://www.pinterest.com/pin/17099673581816611/
2025-07-14 00:09:36 - DEBUG - Extracted pin ID (standard format): 17099673581816611
2025-07-14 00:09:36 - DEBUG - Extracting pin ID from URL: https://www.pinterest.com/pin/18295942230489807/
2025-07-14 00:09:36 - DEBUG - Extracted pin ID (standard format): 18295942230489807
2025-07-14 00:09:36 - DEBUG - Extracting pin ID from URL: https://www.pinterest.com/pin/18295942230489807/
2025-07-14 00:09:36 - DEBUG - Extracted pin ID (standard format): 18295942230489807
2025-07-14 00:09:36 - DEBUG - Extracting pin ID from URL: https://www.pinterest.com/pin/dr-martens-outfits--844493673038417/
2025-07-14 00:09:36 - DEBUG - Extracted pin ID (description format): 844493673038417
2025-07-14 00:09:36 - DEBUG - Extracting pin ID from URL: https://www.pinterest.com/pin/dr-martens-outfits--844493673038417/
2025-07-14 00:09:36 - DEBUG - Extracted pin ID (description format): 844493673038417
2025-07-14 00:09:36 - DEBUG - Extracting pin ID from URL: https://www.pinterest.com/pin/2744449769058928/
2025-07-14 00:09:36 - DEBUG - Extracted pin ID (standard format): 2744449769058928
2025-07-14 00:09:36 - DEBUG - Extracting pin ID from URL: https://www.pinterest.com/pin/2744449769058928/
2025-07-14 00:09:36 - DEBUG - Extracted pin ID (standard format): 2744449769058928
2025-07-14 00:09:36 - DEBUG - Extracting pin ID from URL: https://www.pinterest.com/pin/204350901837523665/
2025-07-14 00:09:36 - DEBUG - Extracted pin ID (standard format): 204350901837523665
2025-07-14 00:09:37 - DEBUG - Extracting pin ID from URL: https://www.pinterest.com/pin/204350901837523665/
2025-07-14 00:09:37 - DEBUG - Extracted pin ID (standard format): 204350901837523665
2025-07-14 00:09:37 - DEBUG - Extracting pin ID from URL: https://www.pinterest.com/pin/sndag--7318418139363865/
2025-07-14 00:09:37 - DEBUG - Extracted pin ID (description format): 7318418139363865
2025-07-14 00:09:37 - DEBUG - Extracting pin ID from URL: https://www.pinterest.com/pin/sndag--7318418139363865/
2025-07-14 00:09:37 - DEBUG - Extracted pin ID (description format): 7318418139363865
2025-07-14 00:09:37 - DEBUG - Extracting pin ID from URL: https://www.pinterest.com/pin/16747829861336043/
2025-07-14 00:09:37 - DEBUG - Extracted pin ID (standard format): 16747829861336043
2025-07-14 00:09:37 - DEBUG - Extracting pin ID from URL: https://www.pinterest.com/pin/16747829861336043/
2025-07-14 00:09:37 - DEBUG - Extracted pin ID (standard format): 16747829861336043
2025-07-14 00:09:37 - DEBUG - Extracting pin ID from URL: https://www.pinterest.com/pin/23784704277180844/
2025-07-14 00:09:37 - DEBUG - Extracted pin ID (standard format): 23784704277180844
2025-07-14 00:09:37 - DEBUG - Extracting pin ID from URL: https://www.pinterest.com/pin/23784704277180844/
2025-07-14 00:09:37 - DEBUG - Extracted pin ID (standard format): 23784704277180844
2025-07-14 00:09:37 - DEBUG - Extracting pin ID from URL: https://www.pinterest.com/pin/844493675058886/
2025-07-14 00:09:37 - DEBUG - Extracted pin ID (standard format): 844493675058886
2025-07-14 00:09:37 - DEBUG - Extracting pin ID from URL: https://www.pinterest.com/pin/844493675058886/
2025-07-14 00:09:37 - DEBUG - Extracted pin ID (standard format): 844493675058886
2025-07-14 00:09:37 - DEBUG - Extracting pin ID from URL: https://www.pinterest.com/pin/68748586109/
2025-07-14 00:09:37 - DEBUG - Extracted pin ID (standard format): 68748586109
2025-07-14 00:09:37 - DEBUG - Extracting pin ID from URL: https://www.pinterest.com/pin/68748586109/
2025-07-14 00:09:37 - DEBUG - Extracted pin ID (standard format): 68748586109
2025-07-14 00:09:37 - DEBUG - Extracting pin ID from URL: https://www.pinterest.com/pin/218213544441231422/
2025-07-14 00:09:37 - DEBUG - Extracted pin ID (standard format): 218213544441231422
2025-07-14 00:09:37 - DEBUG - Extracting pin ID from URL: https://www.pinterest.com/pin/218213544441231422/
2025-07-14 00:09:37 - DEBUG - Extracted pin ID (standard format): 218213544441231422
2025-07-14 00:09:37 - DEBUG - Extracting pin ID from URL: https://www.pinterest.com/pin/martens-in-2025--5629568278826472/
2025-07-14 00:09:37 - DEBUG - Extracted pin ID (description format): 5629568278826472
2025-07-14 00:09:37 - DEBUG - Extracting pin ID from URL: https://www.pinterest.com/pin/martens-in-2025--5629568278826472/
2025-07-14 00:09:37 - DEBUG - Extracted pin ID (description format): 5629568278826472
2025-07-14 00:09:37 - DEBUG - Extracting pin ID from URL: https://www.pinterest.com/pin/844493675287745/
2025-07-14 00:09:37 - DEBUG - Extracted pin ID (standard format): 844493675287745
2025-07-14 00:09:37 - DEBUG - Extracting pin ID from URL: https://www.pinterest.com/pin/844493675287745/
2025-07-14 00:09:37 - DEBUG - Extracted pin ID (standard format): 844493675287745
2025-07-14 00:09:37 - DEBUG - Extracting pin ID from URL: https://www.pinterest.com/pin/she-kills-monsters--844493673972851/
2025-07-14 00:09:37 - DEBUG - Extracted pin ID (description format): 844493673972851
2025-07-14 00:09:37 - DEBUG - Extracting pin ID from URL: https://www.pinterest.com/pin/she-kills-monsters--844493673972851/
2025-07-14 00:09:37 - DEBUG - Extracted pin ID (description format): 844493673972851
2025-07-14 00:09:37 - DEBUG - Found 1 similar pins for pin 844493673053633
2025-07-14 00:09:37 - DEBUG - Added 1 new similar pins from main pin 844493673053633
2025-07-14 00:09:38 - ERROR - Critical error in run method: Set changed size during iteration
2025-07-14 00:09:38 - INFO - === MULTI-LEVEL SCRAPING COMPLETED ===
2025-07-14 00:09:38 - INFO - Duration: 0:01:23.438717
2025-07-14 00:09:38 - INFO - Main pins found: 5
2025-07-14 00:09:38 - INFO - Similar pins found: 0
2025-07-14 00:09:38 - INFO - Total unique pins: 0
2025-07-14 00:09:38 - INFO - Successful downloads: 0
2025-07-14 00:09:38 - INFO - Skipped duplicates: 0
2025-07-14 00:09:38 - INFO - Failed downloads: 0
2025-07-14 00:09:38 - INFO - Total processed pins in history: 218
