2025-07-14 02:37:33 - INFO - Logging initialized. Log file: logs\pinterest_multilevel_20250714_023733.log
2025-07-14 02:37:33 - INFO - Loaded 223 processed pins from history
2025-07-14 02:37:33 - INFO - Pinterest Multi-Level Scraper initialized
2025-07-14 02:37:33 - INFO - Found 223 previously processed pins
2025-07-14 02:37:33 - INFO - 🚀 Starting Pinterest Multi-Level Scraper
2025-07-14 02:37:33 - INFO - Keyword: 'Mexico docs', Main pins: 3, Similar per main: 3
2025-07-14 02:37:33 - INFO - 🚀 Starting pin collection
2025-07-14 02:37:33 - INFO - 🔍 STEP 1: Getting 3 NEW main pins for keyword: 'Mexico docs'
2025-07-14 02:37:33 - DEBUG - Search URL: https://www.pinterest.com/search/pins/?q=Mexico+docs
2025-07-14 02:37:34 - INFO - Navigating to search page
2025-07-14 02:37:35 - INFO - Setting page zoom to 25%
2025-07-14 02:37:35 - INFO - Waiting for page to fully load...
2025-07-14 02:37:35 - DEBUG - Waiting for page to be fully loaded...
2025-07-14 02:37:35 - DEBUG - DOM content loaded
2025-07-14 02:37:38 - DEBUG - Network idle achieved
2025-07-14 02:37:38 - DEBUG - Found selector: div[data-test-id='pin']
2025-07-14 02:37:40 - DEBUG - Page loading complete
2025-07-14 02:37:43 - DEBUG - Scrolling to load more pins (scroll #1)
2025-07-14 02:37:46 - DEBUG - Extracting pin ID from URL: https://www.pinterest.com/pin/210543351620708794/
2025-07-14 02:37:46 - DEBUG - Extracted pin ID (standard format): 210543351620708794
2025-07-14 02:37:46 - DEBUG - Pin 210543351620708794 already processed - skipping
2025-07-14 02:37:46 - DEBUG - Skipped already processed pin: 210543351620708794
2025-07-14 02:37:46 - DEBUG - Extracting pin ID from URL: https://www.pinterest.com/pin/210543351620708794/
2025-07-14 02:37:46 - DEBUG - Extracted pin ID (standard format): 210543351620708794
2025-07-14 02:37:46 - DEBUG - Extracting pin ID from URL: https://www.pinterest.com/pin/844493673053633/
2025-07-14 02:37:46 - DEBUG - Extracted pin ID (standard format): 844493673053633
2025-07-14 02:37:46 - DEBUG - Pin 844493673053633 already processed - skipping
2025-07-14 02:37:46 - DEBUG - Skipped already processed pin: 844493673053633
2025-07-14 02:37:46 - DEBUG - Extracting pin ID from URL: https://www.pinterest.com/pin/844493673053633/
2025-07-14 02:37:46 - DEBUG - Extracted pin ID (standard format): 844493673053633
2025-07-14 02:37:46 - DEBUG - Extracting pin ID from URL: https://www.pinterest.com/pin/653444227202441927/
2025-07-14 02:37:46 - DEBUG - Extracted pin ID (standard format): 653444227202441927
2025-07-14 02:37:46 - DEBUG - Pin 653444227202441927 already processed - skipping
2025-07-14 02:37:46 - DEBUG - Skipped already processed pin: 653444227202441927
2025-07-14 02:37:46 - DEBUG - Extracting pin ID from URL: https://www.pinterest.com/pin/653444227202441927/
2025-07-14 02:37:46 - DEBUG - Extracted pin ID (standard format): 653444227202441927
2025-07-14 02:37:46 - DEBUG - Extracting pin ID from URL: https://www.pinterest.com/pin/763852786840439935/
2025-07-14 02:37:46 - DEBUG - Extracted pin ID (standard format): 763852786840439935
2025-07-14 02:37:46 - DEBUG - Pin 763852786840439935 already processed - skipping
2025-07-14 02:37:46 - DEBUG - Skipped already processed pin: 763852786840439935
2025-07-14 02:37:47 - DEBUG - Extracting pin ID from URL: https://www.pinterest.com/pin/763852786840439935/
2025-07-14 02:37:47 - DEBUG - Extracted pin ID (standard format): 763852786840439935
2025-07-14 02:37:47 - DEBUG - Extracting pin ID from URL: https://www.pinterest.com/pin/844493672599093/
2025-07-14 02:37:47 - DEBUG - Extracted pin ID (standard format): 844493672599093
2025-07-14 02:37:47 - DEBUG - Pin 844493672599093 already processed - skipping
2025-07-14 02:37:47 - DEBUG - Skipped already processed pin: 844493672599093
2025-07-14 02:37:47 - DEBUG - Extracting pin ID from URL: https://www.pinterest.com/pin/844493672599093/
2025-07-14 02:37:47 - DEBUG - Extracted pin ID (standard format): 844493672599093
2025-07-14 02:37:47 - DEBUG - Extracting pin ID from URL: https://www.pinterest.com/pin/119486196357952095/
2025-07-14 02:37:47 - DEBUG - Extracted pin ID (standard format): 119486196357952095
2025-07-14 02:37:47 - DEBUG - Pin 119486196357952095 already processed - skipping
2025-07-14 02:37:47 - DEBUG - Skipped already processed pin: 119486196357952095
2025-07-14 02:37:47 - DEBUG - Extracting pin ID from URL: https://www.pinterest.com/pin/119486196357952095/
2025-07-14 02:37:47 - DEBUG - Extracted pin ID (standard format): 119486196357952095
2025-07-14 02:37:47 - DEBUG - Extracting pin ID from URL: https://www.pinterest.com/pin/7459155629561612/
2025-07-14 02:37:47 - DEBUG - Extracted pin ID (standard format): 7459155629561612
2025-07-14 02:37:47 - DEBUG - Pin 7459155629561612 already processed - skipping
2025-07-14 02:37:47 - DEBUG - Skipped already processed pin: 7459155629561612
2025-07-14 02:37:47 - DEBUG - Extracting pin ID from URL: https://www.pinterest.com/pin/7459155629561612/
2025-07-14 02:37:47 - DEBUG - Extracted pin ID (standard format): 7459155629561612
2025-07-14 02:37:47 - DEBUG - Extracting pin ID from URL: https://www.pinterest.com/pin/281543724958877/
2025-07-14 02:37:47 - DEBUG - Extracted pin ID (standard format): 281543724958877
2025-07-14 02:37:47 - DEBUG - Pin 281543724958877 already processed - skipping
2025-07-14 02:37:47 - DEBUG - Skipped already processed pin: 281543724958877
2025-07-14 02:37:47 - DEBUG - Extracting pin ID from URL: https://www.pinterest.com/pin/281543724958877/
2025-07-14 02:37:47 - DEBUG - Extracted pin ID (standard format): 281543724958877
2025-07-14 02:37:47 - DEBUG - Extracting pin ID from URL: https://www.pinterest.com/pin/140806233531554/
2025-07-14 02:37:47 - DEBUG - Extracted pin ID (standard format): 140806233531554
2025-07-14 02:37:47 - DEBUG - Pin 140806233531554 already processed - skipping
2025-07-14 02:37:47 - DEBUG - Skipped already processed pin: 140806233531554
2025-07-14 02:37:47 - DEBUG - Extracting pin ID from URL: https://www.pinterest.com/pin/140806233531554/
2025-07-14 02:37:47 - DEBUG - Extracted pin ID (standard format): 140806233531554
2025-07-14 02:37:47 - DEBUG - Extracting pin ID from URL: https://www.pinterest.com/pin/37788084368666521/
2025-07-14 02:37:47 - DEBUG - Extracted pin ID (standard format): 37788084368666521
2025-07-14 02:37:47 - DEBUG - Pin 37788084368666521 already processed - skipping
2025-07-14 02:37:47 - DEBUG - Skipped already processed pin: 37788084368666521
2025-07-14 02:37:47 - DEBUG - Extracting pin ID from URL: https://www.pinterest.com/pin/37788084368666521/
2025-07-14 02:37:47 - DEBUG - Extracted pin ID (standard format): 37788084368666521
2025-07-14 02:37:47 - DEBUG - Extracting pin ID from URL: https://www.pinterest.com/pin/351912465831162/
2025-07-14 02:37:47 - DEBUG - Extracted pin ID (standard format): 351912465831162
2025-07-14 02:37:47 - DEBUG - Found NEW pin 1/3: 351912465831162
2025-07-14 02:37:47 - DEBUG - Extracting pin ID from URL: https://www.pinterest.com/pin/351912465831162/
2025-07-14 02:37:47 - DEBUG - Extracted pin ID (standard format): 351912465831162
2025-07-14 02:37:47 - DEBUG - Extracting pin ID from URL: https://www.pinterest.com/pin/3799980929923001/
2025-07-14 02:37:47 - DEBUG - Extracted pin ID (standard format): 3799980929923001
2025-07-14 02:37:47 - DEBUG - Found NEW pin 2/3: 3799980929923001
2025-07-14 02:37:47 - DEBUG - Extracting pin ID from URL: https://www.pinterest.com/pin/3799980929923001/
2025-07-14 02:37:47 - DEBUG - Extracted pin ID (standard format): 3799980929923001
2025-07-14 02:37:47 - DEBUG - Extracting pin ID from URL: https://www.pinterest.com/pin/308426274498905068/
2025-07-14 02:37:47 - DEBUG - Extracted pin ID (standard format): 308426274498905068
2025-07-14 02:37:47 - DEBUG - Pin 308426274498905068 already processed - skipping
2025-07-14 02:37:47 - DEBUG - Skipped already processed pin: 308426274498905068
2025-07-14 02:37:47 - DEBUG - Extracting pin ID from URL: https://www.pinterest.com/pin/308426274498905068/
2025-07-14 02:37:47 - DEBUG - Extracted pin ID (standard format): 308426274498905068
2025-07-14 02:37:47 - DEBUG - Extracting pin ID from URL: https://www.pinterest.com/pin/1548181175890599/
2025-07-14 02:37:47 - DEBUG - Extracted pin ID (standard format): 1548181175890599
2025-07-14 02:37:47 - DEBUG - Found NEW pin 3/3: 1548181175890599
2025-07-14 02:37:47 - DEBUG - Total pins on page: 32, NEW pins found: 3/3
2025-07-14 02:37:47 - INFO - ✅ Successfully extracted 3 NEW main pin URLs
2025-07-14 02:37:47 - INFO - 🔍 STEP 2: Getting 3 NEW similar pins from each of 3 main pins
2025-07-14 02:37:47 - DEBUG - Extracting pin ID from URL: https://www.pinterest.com/pin/351912465831162/
2025-07-14 02:37:47 - DEBUG - Extracted pin ID (standard format): 351912465831162
2025-07-14 02:37:47 - INFO - Processing main pin 1/3: 351912465831162
2025-07-14 02:37:47 - DEBUG - Extracting pin ID from URL: https://www.pinterest.com/pin/351912465831162/
2025-07-14 02:37:47 - DEBUG - Extracted pin ID (standard format): 351912465831162
2025-07-14 02:37:47 - DEBUG - Getting 3 NEW similar pins from pin 351912465831162
2025-07-14 02:37:47 - DEBUG - Navigating to pin page: https://www.pinterest.com/pin/351912465831162/
2025-07-14 02:37:48 - DEBUG - Waiting for page to be fully loaded...
2025-07-14 02:37:48 - DEBUG - DOM content loaded
2025-07-14 02:37:52 - DEBUG - Network idle achieved
2025-07-14 02:37:53 - DEBUG - Found selector: div[data-test-id='pin']
2025-07-14 02:37:55 - DEBUG - Page loading complete
2025-07-14 02:37:57 - DEBUG - Extracting pin ID from URL: https://www.pinterest.com/pin/351912465831162/repin/
2025-07-14 02:37:57 - DEBUG - Extracted pin ID (standard format): 351912465831162
2025-07-14 02:37:57 - DEBUG - Extracting pin ID from URL: https://www.pinterest.com/pin/140806234156449/
2025-07-14 02:37:57 - DEBUG - Extracted pin ID (standard format): 140806234156449
2025-07-14 02:37:57 - DEBUG - Found NEW similar pin 1/3: 140806234156449
2025-07-14 02:37:57 - DEBUG - Extracting pin ID from URL: https://www.pinterest.com/pin/140806234156449/
2025-07-14 02:37:57 - DEBUG - Extracted pin ID (standard format): 140806234156449
2025-07-14 02:37:57 - DEBUG - Extracting pin ID from URL: https://www.pinterest.com/pin/1618549862385156/
2025-07-14 02:37:57 - DEBUG - Extracted pin ID (standard format): 1618549862385156
2025-07-14 02:37:57 - DEBUG - Found NEW similar pin 2/3: 1618549862385156
2025-07-14 02:37:57 - DEBUG - Extracting pin ID from URL: https://www.pinterest.com/pin/1618549862385156/
2025-07-14 02:37:57 - DEBUG - Extracted pin ID (standard format): 1618549862385156
2025-07-14 02:37:57 - DEBUG - Extracting pin ID from URL: https://www.pinterest.com/pin/844493670233919/
2025-07-14 02:37:57 - DEBUG - Extracted pin ID (standard format): 844493670233919
2025-07-14 02:37:57 - DEBUG - Found NEW similar pin 3/3: 844493670233919
2025-07-14 02:37:57 - DEBUG - Found 3 NEW similar pins for pin 351912465831162
2025-07-14 02:37:57 - DEBUG - Added 3 new similar pins from main pin 351912465831162
2025-07-14 02:37:58 - DEBUG - Extracting pin ID from URL: https://www.pinterest.com/pin/3799980929923001/
2025-07-14 02:37:58 - DEBUG - Extracted pin ID (standard format): 3799980929923001
2025-07-14 02:37:58 - INFO - Processing main pin 2/3: 3799980929923001
2025-07-14 02:37:58 - DEBUG - Extracting pin ID from URL: https://www.pinterest.com/pin/3799980929923001/
2025-07-14 02:37:58 - DEBUG - Extracted pin ID (standard format): 3799980929923001
2025-07-14 02:37:58 - DEBUG - Getting 3 NEW similar pins from pin 3799980929923001
2025-07-14 02:37:58 - DEBUG - Navigating to pin page: https://www.pinterest.com/pin/3799980929923001/
2025-07-14 02:38:00 - DEBUG - Waiting for page to be fully loaded...
2025-07-14 02:38:00 - DEBUG - DOM content loaded
2025-07-14 02:38:04 - DEBUG - Network idle achieved
2025-07-14 02:38:04 - DEBUG - Found selector: div[data-test-id='pin']
2025-07-14 02:38:06 - DEBUG - Page loading complete
2025-07-14 02:38:08 - DEBUG - Extracting pin ID from URL: https://www.pinterest.com/pin/3799980929923001/repin/
2025-07-14 02:38:08 - DEBUG - Extracted pin ID (standard format): 3799980929923001
2025-07-14 02:38:08 - DEBUG - Extracting pin ID from URL: https://www.pinterest.com/pin/844493675655472/
2025-07-14 02:38:08 - DEBUG - Extracted pin ID (standard format): 844493675655472
2025-07-14 02:38:08 - DEBUG - Found NEW similar pin 1/3: 844493675655472
2025-07-14 02:38:08 - DEBUG - Extracting pin ID from URL: https://www.pinterest.com/pin/844493675655472/
2025-07-14 02:38:08 - DEBUG - Extracted pin ID (standard format): 844493675655472
2025-07-14 02:38:08 - DEBUG - Extracting pin ID from URL: https://www.pinterest.com/pin/19281104649676231/
2025-07-14 02:38:08 - DEBUG - Extracted pin ID (standard format): 19281104649676231
2025-07-14 02:38:08 - DEBUG - Found NEW similar pin 2/3: 19281104649676231
2025-07-14 02:38:08 - DEBUG - Extracting pin ID from URL: https://www.pinterest.com/pin/19281104649676231/
2025-07-14 02:38:08 - DEBUG - Extracted pin ID (standard format): 19281104649676231
2025-07-14 02:38:08 - DEBUG - Extracting pin ID from URL: https://www.pinterest.com/pin/57139489017200072/
2025-07-14 02:38:08 - DEBUG - Extracted pin ID (standard format): 57139489017200072
2025-07-14 02:38:08 - DEBUG - Pin 57139489017200072 already processed - skipping
2025-07-14 02:38:08 - DEBUG - Skipped already processed similar pin: 57139489017200072
2025-07-14 02:38:08 - DEBUG - Extracting pin ID from URL: https://www.pinterest.com/pin/57139489017200072/
2025-07-14 02:38:08 - DEBUG - Extracted pin ID (standard format): 57139489017200072
2025-07-14 02:38:08 - DEBUG - Extracting pin ID from URL: https://www.pinterest.com/pin/rcup-et-astuces--428827195767585356/
2025-07-14 02:38:08 - DEBUG - Extracted pin ID (description format): 428827195767585356
2025-07-14 02:38:08 - DEBUG - Found NEW similar pin 3/3: 428827195767585356
2025-07-14 02:38:08 - DEBUG - Found 3 NEW similar pins for pin 3799980929923001
2025-07-14 02:38:08 - DEBUG - Added 3 new similar pins from main pin 3799980929923001
2025-07-14 02:38:09 - DEBUG - Extracting pin ID from URL: https://www.pinterest.com/pin/1548181175890599/
2025-07-14 02:38:09 - DEBUG - Extracted pin ID (standard format): 1548181175890599
2025-07-14 02:38:09 - INFO - Processing main pin 3/3: 1548181175890599
2025-07-14 02:38:09 - DEBUG - Extracting pin ID from URL: https://www.pinterest.com/pin/1548181175890599/
2025-07-14 02:38:09 - DEBUG - Extracted pin ID (standard format): 1548181175890599
2025-07-14 02:38:09 - DEBUG - Getting 3 NEW similar pins from pin 1548181175890599
2025-07-14 02:38:10 - DEBUG - Navigating to pin page: https://www.pinterest.com/pin/1548181175890599/
2025-07-14 02:38:11 - DEBUG - Waiting for page to be fully loaded...
2025-07-14 02:38:11 - DEBUG - DOM content loaded
2025-07-14 02:38:15 - DEBUG - Network idle achieved
2025-07-14 02:38:15 - DEBUG - Found selector: div[data-test-id='pin']
2025-07-14 02:38:17 - DEBUG - Page loading complete
2025-07-14 02:38:19 - DEBUG - Extracting pin ID from URL: https://www.pinterest.com/pin/1548181175890599/repin/
2025-07-14 02:38:19 - DEBUG - Extracted pin ID (standard format): 1548181175890599
2025-07-14 02:38:19 - DEBUG - Extracting pin ID from URL: https://www.pinterest.com/pin/1013028509938589006/
2025-07-14 02:38:19 - DEBUG - Extracted pin ID (standard format): 1013028509938589006
2025-07-14 02:38:19 - DEBUG - Found NEW similar pin 1/3: 1013028509938589006
2025-07-14 02:38:19 - DEBUG - Extracting pin ID from URL: https://www.pinterest.com/pin/1013028509938589006/
2025-07-14 02:38:19 - DEBUG - Extracted pin ID (standard format): 1013028509938589006
2025-07-14 02:38:19 - DEBUG - Extracting pin ID from URL: https://www.pinterest.com/pin/18295942230489807/
2025-07-14 02:38:19 - DEBUG - Extracted pin ID (standard format): 18295942230489807
2025-07-14 02:38:19 - DEBUG - Pin 18295942230489807 already processed - skipping
2025-07-14 02:38:19 - DEBUG - Skipped already processed similar pin: 18295942230489807
2025-07-14 02:38:19 - DEBUG - Extracting pin ID from URL: https://www.pinterest.com/pin/18295942230489807/
2025-07-14 02:38:19 - DEBUG - Extracted pin ID (standard format): 18295942230489807
2025-07-14 02:38:19 - DEBUG - Extracting pin ID from URL: https://www.pinterest.com/pin/296956169203558976/
2025-07-14 02:38:19 - DEBUG - Extracted pin ID (standard format): 296956169203558976
2025-07-14 02:38:19 - DEBUG - Found NEW similar pin 2/3: 296956169203558976
2025-07-14 02:38:19 - DEBUG - Extracting pin ID from URL: https://www.pinterest.com/pin/296956169203558976/
2025-07-14 02:38:19 - DEBUG - Extracted pin ID (standard format): 296956169203558976
2025-07-14 02:38:19 - DEBUG - Extracting pin ID from URL: https://www.pinterest.com/pin/8444318046391712/
2025-07-14 02:38:19 - DEBUG - Extracted pin ID (standard format): 8444318046391712
2025-07-14 02:38:19 - DEBUG - Found NEW similar pin 3/3: 8444318046391712
2025-07-14 02:38:19 - DEBUG - Found 3 NEW similar pins for pin 1548181175890599
2025-07-14 02:38:19 - DEBUG - Added 3 new similar pins from main pin 1548181175890599
2025-07-14 02:38:20 - INFO - ✅ Total unique pins collected: 12
2025-07-14 02:38:20 - INFO - 🔽 STEP 3: Downloading 12 pins
2025-07-14 02:38:20 - DEBUG - Extracting pin ID from URL: https://www.pinterest.com/pin/844493675655472/
2025-07-14 02:38:20 - DEBUG - Extracted pin ID (standard format): 844493675655472
2025-07-14 02:38:20 - DEBUG - Extracting pin ID from URL: https://www.pinterest.com/pin/844493675655472/
2025-07-14 02:38:20 - DEBUG - Extracted pin ID (standard format): 844493675655472
2025-07-14 02:38:20 - INFO - Processing pin: 844493675655472
2025-07-14 02:38:20 - DEBUG - Extracting image URL from pin page: https://www.pinterest.com/pin/844493675655472/
2025-07-14 02:38:21 - DEBUG - Navigating to pin page
2025-07-14 02:38:22 - DEBUG - Waiting for og:image meta tag
2025-07-14 02:38:22 - DEBUG - Successfully extracted image URL: https://i.pinimg.com/736x/17/53/50/175350a48cf5acc3f222519534bacf16.jpg
2025-07-14 02:38:22 - DEBUG - Getting highest quality URL for: https://i.pinimg.com/736x/17/53/50/175350a48cf5acc3f222519534bacf16.jpg
2025-07-14 02:38:23 - DEBUG - Original quality URL available
2025-07-14 02:38:23 - INFO - Downloading image from: https://i.pinimg.com/736x/17/53/50/175350a48cf5acc3f222519534bacf16.jpg
2025-07-14 02:38:23 - DEBUG - Saved 224 processed pins to history
2025-07-14 02:38:23 - DEBUG - Marked pin 844493675655472 as processed
2025-07-14 02:38:23 - INFO - Successfully downloaded pin 844493675655472 - Size: 56857 bytes
2025-07-14 02:38:23 - DEBUG - Extracting pin ID from URL: https://www.pinterest.com/pin/844493670233919/
2025-07-14 02:38:23 - DEBUG - Extracted pin ID (standard format): 844493670233919
2025-07-14 02:38:23 - DEBUG - Extracting pin ID from URL: https://www.pinterest.com/pin/844493670233919/
2025-07-14 02:38:23 - DEBUG - Extracted pin ID (standard format): 844493670233919
2025-07-14 02:38:23 - INFO - Processing pin: 844493670233919
2025-07-14 02:38:23 - DEBUG - Extracting image URL from pin page: https://www.pinterest.com/pin/844493670233919/
2025-07-14 02:38:24 - DEBUG - Navigating to pin page
2025-07-14 02:38:25 - DEBUG - Waiting for og:image meta tag
2025-07-14 02:38:25 - DEBUG - Successfully extracted image URL: https://i.pinimg.com/736x/00/a6/05/00a60516aa095e11d59c833febf40186.jpg
2025-07-14 02:38:25 - DEBUG - Getting highest quality URL for: https://i.pinimg.com/736x/00/a6/05/00a60516aa095e11d59c833febf40186.jpg
2025-07-14 02:38:25 - DEBUG - Original quality URL available
2025-07-14 02:38:25 - INFO - Downloading image from: https://i.pinimg.com/736x/00/a6/05/00a60516aa095e11d59c833febf40186.jpg
2025-07-14 02:38:25 - DEBUG - Saved 225 processed pins to history
2025-07-14 02:38:25 - DEBUG - Marked pin 844493670233919 as processed
2025-07-14 02:38:25 - INFO - Successfully downloaded pin 844493670233919 - Size: 32744 bytes
2025-07-14 02:38:26 - DEBUG - Extracting pin ID from URL: https://www.pinterest.com/pin/3799980929923001/
2025-07-14 02:38:26 - DEBUG - Extracted pin ID (standard format): 3799980929923001
2025-07-14 02:38:26 - DEBUG - Extracting pin ID from URL: https://www.pinterest.com/pin/3799980929923001/
2025-07-14 02:38:26 - DEBUG - Extracted pin ID (standard format): 3799980929923001
2025-07-14 02:38:26 - INFO - Processing pin: 3799980929923001
2025-07-14 02:38:26 - DEBUG - Extracting image URL from pin page: https://www.pinterest.com/pin/3799980929923001/
2025-07-14 02:38:27 - DEBUG - Navigating to pin page
2025-07-14 02:38:28 - DEBUG - Waiting for og:image meta tag
2025-07-14 02:38:28 - DEBUG - Successfully extracted image URL: https://i.pinimg.com/736x/d8/64/0e/d8640e6dbc4943e22c1f8802ff789a50.jpg
2025-07-14 02:38:28 - DEBUG - Getting highest quality URL for: https://i.pinimg.com/736x/d8/64/0e/d8640e6dbc4943e22c1f8802ff789a50.jpg
2025-07-14 02:38:28 - DEBUG - Original quality URL available
2025-07-14 02:38:28 - INFO - Downloading image from: https://i.pinimg.com/736x/d8/64/0e/d8640e6dbc4943e22c1f8802ff789a50.jpg
2025-07-14 02:38:28 - DEBUG - Saved 226 processed pins to history
2025-07-14 02:38:28 - DEBUG - Marked pin 3799980929923001 as processed
2025-07-14 02:38:28 - INFO - Successfully downloaded pin 3799980929923001 - Size: 94775 bytes
2025-07-14 02:38:29 - DEBUG - Extracting pin ID from URL: https://www.pinterest.com/pin/19281104649676231/
2025-07-14 02:38:29 - DEBUG - Extracted pin ID (standard format): 19281104649676231
2025-07-14 02:38:29 - DEBUG - Extracting pin ID from URL: https://www.pinterest.com/pin/19281104649676231/
2025-07-14 02:38:29 - DEBUG - Extracted pin ID (standard format): 19281104649676231
2025-07-14 02:38:29 - INFO - Processing pin: 19281104649676231
2025-07-14 02:38:29 - DEBUG - Extracting image URL from pin page: https://www.pinterest.com/pin/19281104649676231/
2025-07-14 02:38:30 - DEBUG - Navigating to pin page
2025-07-14 02:38:31 - DEBUG - Waiting for og:image meta tag
2025-07-14 02:38:31 - DEBUG - Successfully extracted image URL: https://i.pinimg.com/736x/a9/8a/10/a98a10a953fff7b174582dcdec179857.jpg
2025-07-14 02:38:31 - DEBUG - Getting highest quality URL for: https://i.pinimg.com/736x/a9/8a/10/a98a10a953fff7b174582dcdec179857.jpg
2025-07-14 02:38:31 - DEBUG - Original quality URL available
2025-07-14 02:38:31 - INFO - Downloading image from: https://i.pinimg.com/736x/a9/8a/10/a98a10a953fff7b174582dcdec179857.jpg
2025-07-14 02:38:31 - DEBUG - Saved 227 processed pins to history
2025-07-14 02:38:31 - DEBUG - Marked pin 19281104649676231 as processed
2025-07-14 02:38:31 - INFO - Successfully downloaded pin 19281104649676231 - Size: 52997 bytes
2025-07-14 02:38:32 - DEBUG - Extracting pin ID from URL: https://www.pinterest.com/pin/rcup-et-astuces--428827195767585356/
2025-07-14 02:38:32 - DEBUG - Extracted pin ID (description format): 428827195767585356
2025-07-14 02:38:32 - DEBUG - Extracting pin ID from URL: https://www.pinterest.com/pin/rcup-et-astuces--428827195767585356/
2025-07-14 02:38:32 - DEBUG - Extracted pin ID (description format): 428827195767585356
2025-07-14 02:38:32 - INFO - Processing pin: 428827195767585356
2025-07-14 02:38:32 - DEBUG - Extracting image URL from pin page: https://www.pinterest.com/pin/rcup-et-astuces--428827195767585356/
2025-07-14 02:38:32 - DEBUG - Navigating to pin page
2025-07-14 02:38:34 - DEBUG - Waiting for og:image meta tag
2025-07-14 02:38:35 - DEBUG - Successfully extracted image URL: https://i.pinimg.com/736x/51/0c/81/510c81d60922808b6a6deb52655b6c06.jpg
2025-07-14 02:38:35 - DEBUG - Getting highest quality URL for: https://i.pinimg.com/736x/51/0c/81/510c81d60922808b6a6deb52655b6c06.jpg
2025-07-14 02:38:35 - DEBUG - Original quality URL available
2025-07-14 02:38:35 - INFO - Downloading image from: https://i.pinimg.com/736x/51/0c/81/510c81d60922808b6a6deb52655b6c06.jpg
2025-07-14 02:38:35 - DEBUG - Saved 228 processed pins to history
2025-07-14 02:38:35 - DEBUG - Marked pin 428827195767585356 as processed
2025-07-14 02:38:35 - INFO - Successfully downloaded pin 428827195767585356 - Size: 96497 bytes
2025-07-14 02:38:35 - DEBUG - Extracting pin ID from URL: https://www.pinterest.com/pin/296956169203558976/
2025-07-14 02:38:35 - DEBUG - Extracted pin ID (standard format): 296956169203558976
2025-07-14 02:38:35 - DEBUG - Extracting pin ID from URL: https://www.pinterest.com/pin/296956169203558976/
2025-07-14 02:38:35 - DEBUG - Extracted pin ID (standard format): 296956169203558976
2025-07-14 02:38:35 - INFO - Processing pin: 296956169203558976
2025-07-14 02:38:35 - DEBUG - Extracting image URL from pin page: https://www.pinterest.com/pin/296956169203558976/
2025-07-14 02:38:36 - DEBUG - Navigating to pin page
2025-07-14 02:38:37 - DEBUG - Waiting for og:image meta tag
2025-07-14 02:38:37 - DEBUG - Successfully extracted image URL: https://i.pinimg.com/736x/4f/32/2e/4f322efc78ae3fd2f1e8b54ebb12ddcd.jpg
2025-07-14 02:38:37 - DEBUG - Getting highest quality URL for: https://i.pinimg.com/736x/4f/32/2e/4f322efc78ae3fd2f1e8b54ebb12ddcd.jpg
2025-07-14 02:38:37 - DEBUG - Original quality URL available
2025-07-14 02:38:37 - INFO - Downloading image from: https://i.pinimg.com/736x/4f/32/2e/4f322efc78ae3fd2f1e8b54ebb12ddcd.jpg
2025-07-14 02:38:37 - DEBUG - Saved 229 processed pins to history
2025-07-14 02:38:37 - DEBUG - Marked pin 296956169203558976 as processed
2025-07-14 02:38:37 - INFO - Successfully downloaded pin 296956169203558976 - Size: 37399 bytes
2025-07-14 02:38:38 - DEBUG - Extracting pin ID from URL: https://www.pinterest.com/pin/140806234156449/
2025-07-14 02:38:38 - DEBUG - Extracted pin ID (standard format): 140806234156449
2025-07-14 02:38:38 - DEBUG - Extracting pin ID from URL: https://www.pinterest.com/pin/140806234156449/
2025-07-14 02:38:38 - DEBUG - Extracted pin ID (standard format): 140806234156449
2025-07-14 02:38:38 - INFO - Processing pin: 140806234156449
2025-07-14 02:38:38 - DEBUG - Extracting image URL from pin page: https://www.pinterest.com/pin/140806234156449/
2025-07-14 02:38:39 - DEBUG - Navigating to pin page
2025-07-14 02:38:40 - DEBUG - Waiting for og:image meta tag
2025-07-14 02:38:40 - DEBUG - Successfully extracted image URL: https://i.pinimg.com/736x/bf/75/8d/bf758d7f301ff2f89a21c952312c5287.jpg
2025-07-14 02:38:40 - DEBUG - Getting highest quality URL for: https://i.pinimg.com/736x/bf/75/8d/bf758d7f301ff2f89a21c952312c5287.jpg
2025-07-14 02:38:40 - DEBUG - Original quality URL available
2025-07-14 02:38:40 - INFO - Downloading image from: https://i.pinimg.com/736x/bf/75/8d/bf758d7f301ff2f89a21c952312c5287.jpg
2025-07-14 02:38:40 - DEBUG - Saved 230 processed pins to history
2025-07-14 02:38:40 - DEBUG - Marked pin 140806234156449 as processed
2025-07-14 02:38:40 - INFO - Successfully downloaded pin 140806234156449 - Size: 90180 bytes
2025-07-14 02:38:41 - DEBUG - Extracting pin ID from URL: https://www.pinterest.com/pin/1013028509938589006/
2025-07-14 02:38:41 - DEBUG - Extracted pin ID (standard format): 1013028509938589006
2025-07-14 02:38:41 - DEBUG - Extracting pin ID from URL: https://www.pinterest.com/pin/1013028509938589006/
2025-07-14 02:38:41 - DEBUG - Extracted pin ID (standard format): 1013028509938589006
2025-07-14 02:38:41 - INFO - Processing pin: 1013028509938589006
2025-07-14 02:38:41 - DEBUG - Extracting image URL from pin page: https://www.pinterest.com/pin/1013028509938589006/
2025-07-14 02:38:41 - DEBUG - Navigating to pin page
2025-07-14 02:38:43 - DEBUG - Waiting for og:image meta tag
2025-07-14 02:38:43 - DEBUG - Successfully extracted image URL: https://i.pinimg.com/736x/ee/ee/89/eeee8900f2ff646413a071f57df5dffa.jpg
2025-07-14 02:38:43 - DEBUG - Getting highest quality URL for: https://i.pinimg.com/736x/ee/ee/89/eeee8900f2ff646413a071f57df5dffa.jpg
2025-07-14 02:38:43 - DEBUG - Original quality URL available
2025-07-14 02:38:43 - INFO - Downloading image from: https://i.pinimg.com/736x/ee/ee/89/eeee8900f2ff646413a071f57df5dffa.jpg
2025-07-14 02:38:43 - DEBUG - Saved 231 processed pins to history
2025-07-14 02:38:43 - DEBUG - Marked pin 1013028509938589006 as processed
2025-07-14 02:38:43 - INFO - Successfully downloaded pin 1013028509938589006 - Size: 91239 bytes
2025-07-14 02:38:44 - DEBUG - Extracting pin ID from URL: https://www.pinterest.com/pin/351912465831162/
2025-07-14 02:38:44 - DEBUG - Extracted pin ID (standard format): 351912465831162
2025-07-14 02:38:44 - DEBUG - Extracting pin ID from URL: https://www.pinterest.com/pin/351912465831162/
2025-07-14 02:38:44 - DEBUG - Extracted pin ID (standard format): 351912465831162
2025-07-14 02:38:44 - INFO - Processing pin: 351912465831162
2025-07-14 02:38:44 - DEBUG - Extracting image URL from pin page: https://www.pinterest.com/pin/351912465831162/
2025-07-14 02:38:44 - DEBUG - Navigating to pin page
2025-07-14 02:38:45 - DEBUG - Waiting for og:image meta tag
2025-07-14 02:38:46 - DEBUG - Successfully extracted image URL: https://i.pinimg.com/736x/f5/2a/60/f52a609cbfe5db88fcc1a4334d183bc5.jpg
2025-07-14 02:38:46 - DEBUG - Getting highest quality URL for: https://i.pinimg.com/736x/f5/2a/60/f52a609cbfe5db88fcc1a4334d183bc5.jpg
2025-07-14 02:38:46 - DEBUG - Original quality URL available
2025-07-14 02:38:46 - INFO - Downloading image from: https://i.pinimg.com/736x/f5/2a/60/f52a609cbfe5db88fcc1a4334d183bc5.jpg
2025-07-14 02:38:46 - DEBUG - Saved 232 processed pins to history
2025-07-14 02:38:46 - DEBUG - Marked pin 351912465831162 as processed
2025-07-14 02:38:46 - INFO - Successfully downloaded pin 351912465831162 - Size: 71688 bytes
2025-07-14 02:38:46 - DEBUG - Extracting pin ID from URL: https://www.pinterest.com/pin/1548181175890599/
2025-07-14 02:38:46 - DEBUG - Extracted pin ID (standard format): 1548181175890599
2025-07-14 02:38:46 - DEBUG - Extracting pin ID from URL: https://www.pinterest.com/pin/1548181175890599/
2025-07-14 02:38:46 - DEBUG - Extracted pin ID (standard format): 1548181175890599
2025-07-14 02:38:46 - INFO - Processing pin: 1548181175890599
2025-07-14 02:38:46 - DEBUG - Extracting image URL from pin page: https://www.pinterest.com/pin/1548181175890599/
2025-07-14 02:38:47 - DEBUG - Navigating to pin page
2025-07-14 02:38:48 - DEBUG - Waiting for og:image meta tag
2025-07-14 02:38:48 - DEBUG - Successfully extracted image URL: https://i.pinimg.com/736x/d9/9c/7b/d99c7ba6f3fd9a099d6193829baec2e8.jpg
2025-07-14 02:38:49 - DEBUG - Getting highest quality URL for: https://i.pinimg.com/736x/d9/9c/7b/d99c7ba6f3fd9a099d6193829baec2e8.jpg
2025-07-14 02:38:49 - DEBUG - Original quality URL available
2025-07-14 02:38:49 - INFO - Downloading image from: https://i.pinimg.com/736x/d9/9c/7b/d99c7ba6f3fd9a099d6193829baec2e8.jpg
2025-07-14 02:38:49 - DEBUG - Saved 233 processed pins to history
2025-07-14 02:38:49 - DEBUG - Marked pin 1548181175890599 as processed
2025-07-14 02:38:49 - INFO - Successfully downloaded pin 1548181175890599 - Size: 145466 bytes
2025-07-14 02:38:49 - DEBUG - Extracting pin ID from URL: https://www.pinterest.com/pin/1618549862385156/
2025-07-14 02:38:49 - DEBUG - Extracted pin ID (standard format): 1618549862385156
2025-07-14 02:38:49 - DEBUG - Extracting pin ID from URL: https://www.pinterest.com/pin/1618549862385156/
2025-07-14 02:38:49 - DEBUG - Extracted pin ID (standard format): 1618549862385156
2025-07-14 02:38:49 - INFO - Processing pin: 1618549862385156
2025-07-14 02:38:49 - DEBUG - Extracting image URL from pin page: https://www.pinterest.com/pin/1618549862385156/
2025-07-14 02:38:50 - DEBUG - Navigating to pin page
2025-07-14 02:38:51 - DEBUG - Waiting for og:image meta tag
2025-07-14 02:38:51 - DEBUG - Successfully extracted image URL: https://i.pinimg.com/736x/67/2d/d8/672dd8c274e8d88a712946cc6c4207cc.jpg
2025-07-14 02:38:51 - DEBUG - Getting highest quality URL for: https://i.pinimg.com/736x/67/2d/d8/672dd8c274e8d88a712946cc6c4207cc.jpg
2025-07-14 02:38:51 - DEBUG - Original quality URL available
2025-07-14 02:38:51 - INFO - Downloading image from: https://i.pinimg.com/736x/67/2d/d8/672dd8c274e8d88a712946cc6c4207cc.jpg
2025-07-14 02:38:51 - DEBUG - Saved 234 processed pins to history
2025-07-14 02:38:51 - DEBUG - Marked pin 1618549862385156 as processed
2025-07-14 02:38:51 - INFO - Successfully downloaded pin 1618549862385156 - Size: 188113 bytes
2025-07-14 02:38:52 - DEBUG - Extracting pin ID from URL: https://www.pinterest.com/pin/8444318046391712/
2025-07-14 02:38:52 - DEBUG - Extracted pin ID (standard format): 8444318046391712
2025-07-14 02:38:52 - DEBUG - Extracting pin ID from URL: https://www.pinterest.com/pin/8444318046391712/
2025-07-14 02:38:52 - DEBUG - Extracted pin ID (standard format): 8444318046391712
2025-07-14 02:38:52 - INFO - Processing pin: 8444318046391712
2025-07-14 02:38:52 - DEBUG - Extracting image URL from pin page: https://www.pinterest.com/pin/8444318046391712/
2025-07-14 02:38:53 - DEBUG - Navigating to pin page
2025-07-14 02:38:54 - DEBUG - Waiting for og:image meta tag
2025-07-14 02:38:54 - DEBUG - Successfully extracted image URL: https://i.pinimg.com/736x/b2/a9/7d/b2a97d9534929590b5fed2bda47fbd86.jpg
2025-07-14 02:38:54 - DEBUG - Getting highest quality URL for: https://i.pinimg.com/736x/b2/a9/7d/b2a97d9534929590b5fed2bda47fbd86.jpg
2025-07-14 02:38:54 - DEBUG - Original quality URL available
2025-07-14 02:38:54 - INFO - Downloading image from: https://i.pinimg.com/736x/b2/a9/7d/b2a97d9534929590b5fed2bda47fbd86.jpg
2025-07-14 02:38:54 - DEBUG - Saved 235 processed pins to history
2025-07-14 02:38:54 - DEBUG - Marked pin 8444318046391712 as processed
2025-07-14 02:38:54 - INFO - Successfully downloaded pin 8444318046391712 - Size: 73506 bytes
2025-07-14 02:38:55 - INFO - === MULTI-LEVEL SCRAPING COMPLETED ===
2025-07-14 02:38:55 - INFO - Duration: 0:01:21.735799
2025-07-14 02:38:55 - INFO - Main pins found: 3
2025-07-14 02:38:55 - INFO - Similar pins found: 9
2025-07-14 02:38:55 - INFO - Total unique pins: 12
2025-07-14 02:38:55 - INFO - Successful downloads: 12
2025-07-14 02:38:55 - INFO - Skipped duplicates: 0
2025-07-14 02:38:55 - INFO - Failed downloads: 0
2025-07-14 02:38:55 - INFO - Total processed pins in history: 235
