2025-07-13 22:34:52 - INFO - Logging initialized. Log file: logs\pinterest_multilevel_20250713_223452.log
2025-07-13 22:34:52 - INFO - Loaded 217 processed pins from history
2025-07-13 22:34:52 - INFO - Pinterest Multi-Level Scraper initialized
2025-07-13 22:34:52 - INFO - Found 217 previously processed pins
2025-07-13 22:34:52 - INFO - 🚀 Starting Pinterest Multi-Level Scraper
2025-07-13 22:34:52 - INFO - Keyword: 'Mexico Docs', Main pins: 5, Similar per main: False
2025-07-13 22:34:52 - INFO - 🚀 Starting pin collection
2025-07-13 22:34:52 - INFO - 🔍 STEP 1: Getting 5 main pins for keyword: 'Mexico Docs'
2025-07-13 22:34:52 - DEBUG - Search URL: https://www.pinterest.com/search/pins/?q=Mexico+Docs
2025-07-13 22:34:53 - INFO - Navigating to search page
2025-07-13 22:34:54 - INFO - Setting page zoom to 25%
2025-07-13 22:34:55 - INFO - Waiting for page to fully load...
2025-07-13 22:34:55 - DEBUG - Waiting for page to be fully loaded...
2025-07-13 22:34:55 - DEBUG - DOM content loaded
2025-07-13 22:35:00 - DEBUG - Network idle achieved
2025-07-13 22:35:00 - DEBUG - Found selector: div[data-test-id='pin']
2025-07-13 22:35:02 - DEBUG - Page loading complete
2025-07-13 22:35:05 - DEBUG - Extracting main pin URLs from search page
2025-07-13 22:35:05 - DEBUG - Extracting pin ID from URL: https://www.pinterest.com/pin/579205202120185045/
2025-07-13 22:35:05 - DEBUG - Extracted pin ID (standard format): 579205202120185045
2025-07-13 22:35:05 - DEBUG - Extracting pin ID from URL: https://www.pinterest.com/pin/579205202120185045/
2025-07-13 22:35:05 - DEBUG - Extracted pin ID (standard format): 579205202120185045
2025-07-13 22:35:05 - DEBUG - Extracting pin ID from URL: https://www.pinterest.com/pin/37788084368666521/
2025-07-13 22:35:05 - DEBUG - Extracted pin ID (standard format): 37788084368666521
2025-07-13 22:35:06 - DEBUG - Extracting pin ID from URL: https://www.pinterest.com/pin/37788084368666521/
2025-07-13 22:35:06 - DEBUG - Extracted pin ID (standard format): 37788084368666521
2025-07-13 22:35:06 - DEBUG - Extracting pin ID from URL: https://www.pinterest.com/pin/308426274498905068/
2025-07-13 22:35:06 - DEBUG - Extracted pin ID (standard format): 308426274498905068
2025-07-13 22:35:06 - DEBUG - Extracting pin ID from URL: https://www.pinterest.com/pin/308426274498905068/
2025-07-13 22:35:06 - DEBUG - Extracted pin ID (standard format): 308426274498905068
2025-07-13 22:35:06 - DEBUG - Extracting pin ID from URL: https://www.pinterest.com/pin/205476801744462258/
2025-07-13 22:35:06 - DEBUG - Extracted pin ID (standard format): 205476801744462258
2025-07-13 22:35:06 - DEBUG - Extracting pin ID from URL: https://www.pinterest.com/pin/205476801744462258/
2025-07-13 22:35:06 - DEBUG - Extracted pin ID (standard format): 205476801744462258
2025-07-13 22:35:06 - DEBUG - Extracting pin ID from URL: https://www.pinterest.com/pin/844493672599093/
2025-07-13 22:35:06 - DEBUG - Extracted pin ID (standard format): 844493672599093
2025-07-13 22:35:06 - INFO - ✅ Successfully extracted 5 main pin URLs
2025-07-13 22:35:06 - INFO - 🔍 STEP 2: Getting similar pins from 5 main pins
2025-07-13 22:35:06 - DEBUG - Extracting pin ID from URL: https://www.pinterest.com/pin/579205202120185045/
2025-07-13 22:35:06 - DEBUG - Extracted pin ID (standard format): 579205202120185045
2025-07-13 22:35:06 - INFO - Processing main pin 1/5: 579205202120185045
2025-07-13 22:35:06 - DEBUG - Extracting pin ID from URL: https://www.pinterest.com/pin/579205202120185045/
2025-07-13 22:35:06 - DEBUG - Extracted pin ID (standard format): 579205202120185045
2025-07-13 22:35:06 - DEBUG - Getting similar pins from pin 579205202120185045
2025-07-13 22:35:07 - DEBUG - Navigating to pin page: https://www.pinterest.com/pin/579205202120185045/
2025-07-13 22:35:08 - DEBUG - Waiting for page to be fully loaded...
2025-07-13 22:35:08 - DEBUG - DOM content loaded
2025-07-13 22:35:28 - DEBUG - Network idle timeout: Timeout 20000ms exceeded.
2025-07-13 22:35:29 - DEBUG - Found selector: div[data-test-id='pin']
2025-07-13 22:35:31 - DEBUG - Page loading complete
2025-07-13 22:35:31 - DEBUG - Found 0 similar pins for pin 579205202120185045
2025-07-13 22:35:31 - DEBUG - Added 0 new similar pins from main pin 579205202120185045
2025-07-13 22:35:32 - DEBUG - Extracting pin ID from URL: https://www.pinterest.com/pin/37788084368666521/
2025-07-13 22:35:32 - DEBUG - Extracted pin ID (standard format): 37788084368666521
2025-07-13 22:35:32 - INFO - Processing main pin 2/5: 37788084368666521
2025-07-13 22:35:32 - DEBUG - Extracting pin ID from URL: https://www.pinterest.com/pin/37788084368666521/
2025-07-13 22:35:32 - DEBUG - Extracted pin ID (standard format): 37788084368666521
2025-07-13 22:35:32 - DEBUG - Getting similar pins from pin 37788084368666521
2025-07-13 22:35:34 - DEBUG - Navigating to pin page: https://www.pinterest.com/pin/37788084368666521/
2025-07-13 22:35:35 - DEBUG - Waiting for page to be fully loaded...
2025-07-13 22:35:35 - DEBUG - DOM content loaded
