2025-07-14 00:00:03 - INFO - Logging initialized. Log file: logs\pinterest_multilevel_20250714_000003.log
2025-07-14 00:00:03 - INFO - Loaded 217 processed pins from history
2025-07-14 00:00:03 - INFO - Pinterest Multi-Level Scraper initialized
2025-07-14 00:00:03 - INFO - Found 217 previously processed pins
2025-07-14 00:00:03 - INFO - 🚀 Starting Pinterest Multi-Level Scraper
2025-07-14 00:00:03 - INFO - Keyword: 'Mexico docs', Main pins: 5, Similar per main: 3
2025-07-14 00:00:03 - INFO - 🚀 Starting pin collection
2025-07-14 00:00:03 - INFO - 🔍 STEP 1: Getting 5 main pins for keyword: 'Mexico docs'
2025-07-14 00:00:03 - DEBUG - Search URL: https://www.pinterest.com/search/pins/?q=Mexico+docs
2025-07-14 00:00:05 - INFO - Navigating to search page
2025-07-14 00:00:09 - INFO - Setting page zoom to 25%
2025-07-14 00:00:09 - INFO - Waiting for page to fully load...
2025-07-14 00:00:09 - DEBUG - Waiting for page to be fully loaded...
2025-07-14 00:00:09 - DEBUG - DOM content loaded
2025-07-14 00:00:29 - DEBUG - Network idle timeout: Timeout 20000ms exceeded.
2025-07-14 00:00:29 - DEBUG - Found selector: div[data-test-id='pin']
2025-07-14 00:00:31 - DEBUG - Page loading complete
2025-07-14 00:00:34 - DEBUG - Extracting main pin URLs from search page
2025-07-14 00:00:34 - DEBUG - Extracting pin ID from URL: https://www.pinterest.com/pin/210543351620708794/
2025-07-14 00:00:34 - DEBUG - Extracted pin ID (standard format): 210543351620708794
2025-07-14 00:00:34 - DEBUG - Extracting pin ID from URL: https://www.pinterest.com/pin/210543351620708794/
2025-07-14 00:00:34 - DEBUG - Extracted pin ID (standard format): 210543351620708794
2025-07-14 00:00:34 - DEBUG - Extracting pin ID from URL: https://www.pinterest.com/pin/844493673053633/
2025-07-14 00:00:34 - DEBUG - Extracted pin ID (standard format): 844493673053633
2025-07-14 00:00:34 - DEBUG - Extracting pin ID from URL: https://www.pinterest.com/pin/844493673053633/
2025-07-14 00:00:34 - DEBUG - Extracted pin ID (standard format): 844493673053633
2025-07-14 00:00:34 - DEBUG - Extracting pin ID from URL: https://www.pinterest.com/pin/653444227202441927/
2025-07-14 00:00:34 - DEBUG - Extracted pin ID (standard format): 653444227202441927
2025-07-14 00:00:34 - DEBUG - Extracting pin ID from URL: https://www.pinterest.com/pin/653444227202441927/
2025-07-14 00:00:34 - DEBUG - Extracted pin ID (standard format): 653444227202441927
2025-07-14 00:00:34 - DEBUG - Extracting pin ID from URL: https://www.pinterest.com/pin/763852786840439935/
2025-07-14 00:00:34 - DEBUG - Extracted pin ID (standard format): 763852786840439935
2025-07-14 00:00:34 - DEBUG - Extracting pin ID from URL: https://www.pinterest.com/pin/763852786840439935/
2025-07-14 00:00:34 - DEBUG - Extracted pin ID (standard format): 763852786840439935
2025-07-14 00:00:34 - DEBUG - Extracting pin ID from URL: https://www.pinterest.com/pin/844493672599093/
2025-07-14 00:00:34 - DEBUG - Extracted pin ID (standard format): 844493672599093
2025-07-14 00:00:34 - INFO - ✅ Successfully extracted 5 main pin URLs
2025-07-14 00:00:34 - INFO - 🔍 STEP 2: Getting similar pins from 5 main pins
2025-07-14 00:00:34 - DEBUG - Extracting pin ID from URL: https://www.pinterest.com/pin/844493672599093/
2025-07-14 00:00:34 - DEBUG - Extracted pin ID (standard format): 844493672599093
2025-07-14 00:00:34 - INFO - Processing main pin: 844493672599093
2025-07-14 00:00:34 - DEBUG - Extracting pin ID from URL: https://www.pinterest.com/pin/844493672599093/
2025-07-14 00:00:34 - DEBUG - Extracted pin ID (standard format): 844493672599093
2025-07-14 00:00:34 - DEBUG - Getting similar pins from pin 844493672599093
2025-07-14 00:00:36 - DEBUG - Navigating to pin page: https://www.pinterest.com/pin/844493672599093/
2025-07-14 00:00:37 - DEBUG - Waiting for page to be fully loaded...
2025-07-14 00:00:37 - DEBUG - DOM content loaded
2025-07-14 00:00:57 - DEBUG - Network idle timeout: Timeout 20000ms exceeded.
2025-07-14 00:00:57 - DEBUG - Found selector: div[data-test-id='pin']
2025-07-14 00:00:59 - DEBUG - Page loading complete
2025-07-14 00:01:01 - DEBUG - Extracting pin ID from URL: https://www.pinterest.com/pin/844493672599093/repin/
2025-07-14 00:01:01 - DEBUG - Extracted pin ID (standard format): 844493672599093
2025-07-14 00:01:01 - DEBUG - Extracting pin ID from URL: https://www.pinterest.com/pin/20969954511686421/
2025-07-14 00:01:01 - DEBUG - Extracted pin ID (standard format): 20969954511686421
2025-07-14 00:01:01 - DEBUG - Extracting pin ID from URL: https://www.pinterest.com/pin/20969954511686421/
2025-07-14 00:01:01 - DEBUG - Extracted pin ID (standard format): 20969954511686421
2025-07-14 00:01:01 - DEBUG - Extracting pin ID from URL: https://www.pinterest.com/pin/413064597092624602/
2025-07-14 00:01:01 - DEBUG - Extracted pin ID (standard format): 413064597092624602
2025-07-14 00:01:01 - DEBUG - Extracting pin ID from URL: https://www.pinterest.com/pin/413064597092624602/
2025-07-14 00:01:01 - DEBUG - Extracted pin ID (standard format): 413064597092624602
2025-07-14 00:01:01 - DEBUG - Extracting pin ID from URL: https://www.pinterest.com/pin/57139489017200072/
2025-07-14 00:01:01 - DEBUG - Extracted pin ID (standard format): 57139489017200072
2025-07-14 00:01:01 - DEBUG - Extracting pin ID from URL: https://www.pinterest.com/pin/57139489017200072/
2025-07-14 00:01:01 - DEBUG - Extracted pin ID (standard format): 57139489017200072
2025-07-14 00:01:02 - DEBUG - Extracting pin ID from URL: https://www.pinterest.com/pin/2181499812591705/
2025-07-14 00:01:02 - DEBUG - Extracted pin ID (standard format): 2181499812591705
2025-07-14 00:01:02 - DEBUG - Extracting pin ID from URL: https://www.pinterest.com/pin/2181499812591705/
2025-07-14 00:01:02 - DEBUG - Extracted pin ID (standard format): 2181499812591705
2025-07-14 00:01:02 - DEBUG - Extracting pin ID from URL: https://www.pinterest.com/pin/doc-martens--844493672561241/
2025-07-14 00:01:02 - DEBUG - Extracted pin ID (description format): 844493672561241
2025-07-14 00:01:02 - DEBUG - Extracting pin ID from URL: https://www.pinterest.com/pin/doc-martens--844493672561241/
2025-07-14 00:01:02 - DEBUG - Extracted pin ID (description format): 844493672561241
2025-07-14 00:01:02 - DEBUG - Extracting pin ID from URL: https://www.pinterest.com/pin/844493673011729/
2025-07-14 00:01:02 - DEBUG - Extracted pin ID (standard format): 844493673011729
2025-07-14 00:01:02 - DEBUG - Extracting pin ID from URL: https://www.pinterest.com/pin/844493673011729/
2025-07-14 00:01:02 - DEBUG - Extracted pin ID (standard format): 844493673011729
2025-07-14 00:01:02 - DEBUG - Extracting pin ID from URL: https://www.pinterest.com/pin/60235713760233863/
2025-07-14 00:01:02 - DEBUG - Extracted pin ID (standard format): 60235713760233863
2025-07-14 00:01:02 - DEBUG - Extracting pin ID from URL: https://www.pinterest.com/pin/60235713760233863/
2025-07-14 00:01:02 - DEBUG - Extracted pin ID (standard format): 60235713760233863
2025-07-14 00:01:02 - DEBUG - Extracting pin ID from URL: https://www.pinterest.com/pin/my-style-in-2025--15551561209026788/
2025-07-14 00:01:02 - DEBUG - Extracted pin ID (description format): 15551561209026788
2025-07-14 00:01:02 - DEBUG - Extracting pin ID from URL: https://www.pinterest.com/pin/my-style-in-2025--15551561209026788/
2025-07-14 00:01:02 - DEBUG - Extracted pin ID (description format): 15551561209026788
2025-07-14 00:01:02 - DEBUG - Extracting pin ID from URL: https://www.pinterest.com/pin/1548181181634169/
2025-07-14 00:01:02 - DEBUG - Extracted pin ID (standard format): 1548181181634169
2025-07-14 00:01:02 - DEBUG - Extracting pin ID from URL: https://www.pinterest.com/pin/1548181181634169/
2025-07-14 00:01:02 - DEBUG - Extracted pin ID (standard format): 1548181181634169
2025-07-14 00:01:02 - DEBUG - Extracting pin ID from URL: https://www.pinterest.com/pin/149041068913695270/
2025-07-14 00:01:02 - DEBUG - Extracted pin ID (standard format): 149041068913695270
2025-07-14 00:01:02 - DEBUG - Extracting pin ID from URL: https://www.pinterest.com/pin/149041068913695270/
2025-07-14 00:01:02 - DEBUG - Extracted pin ID (standard format): 149041068913695270
2025-07-14 00:01:02 - DEBUG - Extracting pin ID from URL: https://www.pinterest.com/pin/351912466462651/
2025-07-14 00:01:02 - DEBUG - Extracted pin ID (standard format): 351912466462651
2025-07-14 00:01:02 - DEBUG - Extracting pin ID from URL: https://www.pinterest.com/pin/351912466462651/
2025-07-14 00:01:02 - DEBUG - Extracted pin ID (standard format): 351912466462651
2025-07-14 00:01:05 - DEBUG - Found 3 similar pins for pin 844493672599093
2025-07-14 00:01:05 - DEBUG - Added 3 new similar pins from main pin 844493672599093
2025-07-14 00:01:06 - ERROR - Critical error in run method: Set changed size during iteration
2025-07-14 00:01:06 - INFO - === MULTI-LEVEL SCRAPING COMPLETED ===
2025-07-14 00:01:06 - INFO - Duration: 0:01:02.595415
2025-07-14 00:01:06 - INFO - Main pins found: 5
2025-07-14 00:01:06 - INFO - Similar pins found: 0
2025-07-14 00:01:06 - INFO - Total unique pins: 0
2025-07-14 00:01:06 - INFO - Successful downloads: 0
2025-07-14 00:01:06 - INFO - Skipped duplicates: 0
2025-07-14 00:01:06 - INFO - Failed downloads: 0
2025-07-14 00:01:06 - INFO - Total processed pins in history: 217
