2025-07-13 22:20:51 - INFO - Logging initialized. Log file: logs\pinterest_multilevel_20250713_222051.log
2025-07-13 22:20:51 - INFO - Loaded 217 processed pins from history
2025-07-13 22:20:51 - INFO - Pinterest Multi-Level Scraper initialized
2025-07-13 22:20:51 - INFO - Found 217 previously processed pins
2025-07-13 22:20:51 - INFO - 🚀 Starting Pinterest Multi-Level Scraper
2025-07-13 22:20:51 - INFO - Keyword: 'Mexico docs', Main pins: 5, Similar per main: 5
2025-07-13 22:20:51 - INFO - 🚀 Starting pin collection
2025-07-13 22:20:51 - INFO - 🔍 STEP 1: Getting 5 main pins for keyword: 'Mexico docs'
2025-07-13 22:20:51 - DEBUG - Search URL: https://www.pinterest.com/search/pins/?q=Mexico+docs
2025-07-13 22:20:52 - INFO - Navigating to search page
2025-07-13 22:20:57 - INFO - Setting page zoom to 25%
2025-07-13 22:20:57 - INFO - Waiting for page to fully load...
2025-07-13 22:20:57 - DEBUG - Waiting for page to be fully loaded...
2025-07-13 22:20:57 - DEBUG - DOM content loaded
2025-07-13 22:21:02 - DEBUG - Network idle achieved
2025-07-13 22:21:02 - DEBUG - Found selector: div[data-test-id='pin']
2025-07-13 22:21:04 - DEBUG - Page loading complete
2025-07-13 22:21:07 - DEBUG - Extracting main pin URLs from search page
2025-07-13 22:21:07 - DEBUG - Extracting pin ID from URL: https://www.pinterest.com/pin/210543351620708794/
2025-07-13 22:21:07 - DEBUG - Extracted pin ID (standard format): 210543351620708794
2025-07-13 22:21:07 - DEBUG - Extracting pin ID from URL: https://www.pinterest.com/pin/210543351620708794/
2025-07-13 22:21:07 - DEBUG - Extracted pin ID (standard format): 210543351620708794
2025-07-13 22:21:07 - DEBUG - Extracting pin ID from URL: https://www.pinterest.com/pin/844493673053633/
2025-07-13 22:21:07 - DEBUG - Extracted pin ID (standard format): 844493673053633
2025-07-13 22:21:07 - DEBUG - Extracting pin ID from URL: https://www.pinterest.com/pin/844493673053633/
2025-07-13 22:21:07 - DEBUG - Extracted pin ID (standard format): 844493673053633
2025-07-13 22:21:07 - DEBUG - Extracting pin ID from URL: https://www.pinterest.com/pin/763852786840439935/
2025-07-13 22:21:07 - DEBUG - Extracted pin ID (standard format): 763852786840439935
2025-07-13 22:21:07 - DEBUG - Extracting pin ID from URL: https://www.pinterest.com/pin/763852786840439935/
2025-07-13 22:21:07 - DEBUG - Extracted pin ID (standard format): 763852786840439935
2025-07-13 22:21:07 - DEBUG - Extracting pin ID from URL: https://www.pinterest.com/pin/653444227202441927/
2025-07-13 22:21:07 - DEBUG - Extracted pin ID (standard format): 653444227202441927
2025-07-13 22:21:07 - DEBUG - Extracting pin ID from URL: https://www.pinterest.com/pin/653444227202441927/
2025-07-13 22:21:07 - DEBUG - Extracted pin ID (standard format): 653444227202441927
2025-07-13 22:21:07 - DEBUG - Extracting pin ID from URL: https://www.pinterest.com/pin/844493672599093/
2025-07-13 22:21:07 - DEBUG - Extracted pin ID (standard format): 844493672599093
2025-07-13 22:21:07 - INFO - ✅ Successfully extracted 5 main pin URLs
2025-07-13 22:21:28 - INFO - ⏭️ Skipping similar pins extraction as per user request
2025-07-13 22:21:28 - INFO - ✅ Total unique pins collected: 5
2025-07-13 22:21:28 - INFO - 🔽 STEP 3: Downloading 5 pins
2025-07-13 22:21:28 - DEBUG - Extracting pin ID from URL: https://www.pinterest.com/pin/844493672599093/
2025-07-13 22:21:28 - DEBUG - Extracted pin ID (standard format): 844493672599093
2025-07-13 22:21:28 - DEBUG - Pin 844493672599093 already processed - skipping
2025-07-13 22:21:28 - DEBUG - Extracting pin ID from URL: https://www.pinterest.com/pin/844493673053633/
2025-07-13 22:21:28 - DEBUG - Extracted pin ID (standard format): 844493673053633
2025-07-13 22:21:28 - DEBUG - Pin 844493673053633 already processed - skipping
2025-07-13 22:21:28 - DEBUG - Extracting pin ID from URL: https://www.pinterest.com/pin/653444227202441927/
2025-07-13 22:21:28 - DEBUG - Extracted pin ID (standard format): 653444227202441927
2025-07-13 22:21:28 - DEBUG - Pin 653444227202441927 already processed - skipping
2025-07-13 22:21:28 - DEBUG - Extracting pin ID from URL: https://www.pinterest.com/pin/210543351620708794/
2025-07-13 22:21:28 - DEBUG - Extracted pin ID (standard format): 210543351620708794
2025-07-13 22:21:28 - DEBUG - Pin 210543351620708794 already processed - skipping
2025-07-13 22:21:28 - DEBUG - Extracting pin ID from URL: https://www.pinterest.com/pin/763852786840439935/
2025-07-13 22:21:28 - DEBUG - Extracted pin ID (standard format): 763852786840439935
2025-07-13 22:21:28 - DEBUG - Pin 763852786840439935 already processed - skipping
2025-07-13 22:21:28 - INFO - === MULTI-LEVEL SCRAPING COMPLETED ===
2025-07-13 22:21:28 - INFO - Duration: 0:00:36.900187
2025-07-13 22:21:28 - INFO - Main pins found: 5
2025-07-13 22:21:28 - INFO - Similar pins found: 0
2025-07-13 22:21:28 - INFO - Total unique pins: 5
2025-07-13 22:21:28 - INFO - Successful downloads: 0
2025-07-13 22:21:28 - INFO - Skipped duplicates: 5
2025-07-13 22:21:28 - INFO - Failed downloads: 0
2025-07-13 22:21:28 - INFO - Total processed pins in history: 217
