2025-07-16 11:01:56 - INFO - Logging initialized. Log file: logs\pinterest_multilevel_20250716_110156.log
2025-07-16 11:01:56 - ERROR - Error loading processed pins: Illegal trailing comma before end of array: line 236 column 23 (char 5469)
2025-07-16 11:01:56 - INFO - Pinterest Multi-Level Scraper initialized
2025-07-16 11:01:56 - INFO - Found 0 previously processed pins
2025-07-16 11:01:56 - INFO - 🚀 Starting Pinterest Multi-Level Scraper
2025-07-16 11:01:56 - INFO - Keyword: 'Australia Passport Number', Main pins: 100, Similar per main: 100
2025-07-16 11:01:56 - INFO - 🚀 Starting pin collection
2025-07-16 11:01:56 - INFO - 🔍 STEP 1: Getting 100 NEW main pins for keyword: 'Australia Passport Number'
2025-07-16 11:01:56 - DEBUG - Search URL: https://www.pinterest.com/search/pins/?q=Australia+Passport+Number
2025-07-16 11:02:11 - INFO - Setting page zoom to 25%
2025-07-16 11:02:11 - INFO - Navigating to search page
2025-07-16 11:02:16 - INFO - Setting page zoom to 25%
2025-07-16 11:02:16 - INFO - Setting page zoom to 25%
2025-07-16 11:02:16 - INFO - Waiting for page to fully load...
2025-07-16 11:02:16 - DEBUG - Waiting for page to be fully loaded...
2025-07-16 11:02:16 - DEBUG - DOM content loaded
2025-07-16 11:02:36 - DEBUG - Network idle timeout: Timeout 20000ms exceeded.
2025-07-16 11:02:37 - DEBUG - Found selector: div[data-test-id='pin']
2025-07-16 11:02:39 - DEBUG - Page loading complete
2025-07-16 11:02:42 - DEBUG - Scrolling to load more pins (scroll #1)
2025-07-16 11:02:45 - DEBUG - Extracting pin ID from URL: https://www.pinterest.com/pin/626563366947762497/
2025-07-16 11:02:45 - DEBUG - Extracted pin ID (standard format): 626563366947762497
2025-07-16 11:02:45 - DEBUG - Found NEW pin 1/100: 626563366947762497
2025-07-16 11:02:45 - DEBUG - Extracting pin ID from URL: https://www.pinterest.com/pin/626563366947762497/
2025-07-16 11:02:45 - DEBUG - Extracted pin ID (standard format): 626563366947762497
2025-07-16 11:02:45 - DEBUG - Extracting pin ID from URL: https://www.pinterest.com/pin/1266706140370671/
2025-07-16 11:02:45 - DEBUG - Extracted pin ID (standard format): 1266706140370671
2025-07-16 11:02:45 - DEBUG - Found NEW pin 2/100: 1266706140370671
2025-07-16 11:02:45 - DEBUG - Extracting pin ID from URL: https://www.pinterest.com/pin/1266706140370671/
2025-07-16 11:02:45 - DEBUG - Extracted pin ID (standard format): 1266706140370671
2025-07-16 11:02:45 - DEBUG - Extracting pin ID from URL: https://www.pinterest.com/pin/370491506865543567/
2025-07-16 11:02:45 - DEBUG - Extracted pin ID (standard format): 370491506865543567
2025-07-16 11:02:45 - DEBUG - Found NEW pin 3/100: 370491506865543567
2025-07-16 11:02:45 - DEBUG - Extracting pin ID from URL: https://www.pinterest.com/pin/370491506865543567/
2025-07-16 11:02:45 - DEBUG - Extracted pin ID (standard format): 370491506865543567
2025-07-16 11:02:45 - DEBUG - Extracting pin ID from URL: https://www.pinterest.com/pin/8303580558181087/
2025-07-16 11:02:45 - DEBUG - Extracted pin ID (standard format): 8303580558181087
2025-07-16 11:02:45 - DEBUG - Found NEW pin 4/100: 8303580558181087
2025-07-16 11:02:45 - DEBUG - Extracting pin ID from URL: https://www.pinterest.com/pin/8303580558181087/
2025-07-16 11:02:45 - DEBUG - Extracted pin ID (standard format): 8303580558181087
2025-07-16 11:02:45 - DEBUG - Extracting pin ID from URL: https://www.pinterest.com/pin/31947478603069032/
2025-07-16 11:02:45 - DEBUG - Extracted pin ID (standard format): 31947478603069032
2025-07-16 11:02:45 - DEBUG - Found NEW pin 5/100: 31947478603069032
2025-07-16 11:02:45 - DEBUG - Extracting pin ID from URL: https://www.pinterest.com/pin/31947478603069032/
2025-07-16 11:02:45 - DEBUG - Extracted pin ID (standard format): 31947478603069032
2025-07-16 11:02:45 - DEBUG - Extracting pin ID from URL: https://www.pinterest.com/pin/380624606028356902/
2025-07-16 11:02:45 - DEBUG - Extracted pin ID (standard format): 380624606028356902
2025-07-16 11:02:45 - DEBUG - Found NEW pin 6/100: 380624606028356902
2025-07-16 11:02:45 - DEBUG - Extracting pin ID from URL: https://www.pinterest.com/pin/380624606028356902/
2025-07-16 11:02:45 - DEBUG - Extracted pin ID (standard format): 380624606028356902
2025-07-16 11:02:45 - DEBUG - Extracting pin ID from URL: https://www.pinterest.com/pin/89649848826793611/
2025-07-16 11:02:45 - DEBUG - Extracted pin ID (standard format): 89649848826793611
2025-07-16 11:02:45 - DEBUG - Found NEW pin 7/100: 89649848826793611
2025-07-16 11:02:45 - DEBUG - Extracting pin ID from URL: https://www.pinterest.com/pin/89649848826793611/
2025-07-16 11:02:45 - DEBUG - Extracted pin ID (standard format): 89649848826793611
2025-07-16 11:02:45 - DEBUG - Extracting pin ID from URL: https://www.pinterest.com/pin/414190497002894621/
2025-07-16 11:02:45 - DEBUG - Extracted pin ID (standard format): 414190497002894621
2025-07-16 11:02:45 - DEBUG - Found NEW pin 8/100: 414190497002894621
2025-07-16 11:02:45 - DEBUG - Extracting pin ID from URL: https://www.pinterest.com/pin/414190497002894621/
2025-07-16 11:02:45 - DEBUG - Extracted pin ID (standard format): 414190497002894621
2025-07-16 11:02:45 - DEBUG - Extracting pin ID from URL: https://www.pinterest.com/pin/216032113370607279/
2025-07-16 11:02:45 - DEBUG - Extracted pin ID (standard format): 216032113370607279
2025-07-16 11:02:45 - DEBUG - Found NEW pin 9/100: 216032113370607279
2025-07-16 11:02:45 - DEBUG - Extracting pin ID from URL: https://www.pinterest.com/pin/216032113370607279/
2025-07-16 11:02:45 - DEBUG - Extracted pin ID (standard format): 216032113370607279
2025-07-16 11:02:45 - DEBUG - Extracting pin ID from URL: https://www.pinterest.com/pin/705939310377929774/
2025-07-16 11:02:45 - DEBUG - Extracted pin ID (standard format): 705939310377929774
2025-07-16 11:02:45 - DEBUG - Found NEW pin 10/100: 705939310377929774
2025-07-16 11:02:45 - DEBUG - Extracting pin ID from URL: https://www.pinterest.com/pin/705939310377929774/
2025-07-16 11:02:45 - DEBUG - Extracted pin ID (standard format): 705939310377929774
2025-07-16 11:02:45 - DEBUG - Extracting pin ID from URL: https://www.pinterest.com/pin/468022586248322260/
2025-07-16 11:02:45 - DEBUG - Extracted pin ID (standard format): 468022586248322260
2025-07-16 11:02:45 - DEBUG - Found NEW pin 11/100: 468022586248322260
2025-07-16 11:02:45 - DEBUG - Extracting pin ID from URL: https://www.pinterest.com/pin/468022586248322260/
2025-07-16 11:02:45 - DEBUG - Extracted pin ID (standard format): 468022586248322260
2025-07-16 11:02:45 - DEBUG - Extracting pin ID from URL: https://www.pinterest.com/pin/180003317644305347/
2025-07-16 11:02:45 - DEBUG - Extracted pin ID (standard format): 180003317644305347
2025-07-16 11:02:45 - DEBUG - Found NEW pin 12/100: 180003317644305347
2025-07-16 11:02:45 - DEBUG - Extracting pin ID from URL: https://www.pinterest.com/pin/180003317644305347/
2025-07-16 11:02:45 - DEBUG - Extracted pin ID (standard format): 180003317644305347
2025-07-16 11:02:45 - DEBUG - Extracting pin ID from URL: https://www.pinterest.com/pin/12455336469886759/
2025-07-16 11:02:45 - DEBUG - Extracted pin ID (standard format): 12455336469886759
2025-07-16 11:02:45 - DEBUG - Found NEW pin 13/100: 12455336469886759
2025-07-16 11:02:45 - DEBUG - Extracting pin ID from URL: https://www.pinterest.com/pin/12455336469886759/
2025-07-16 11:02:45 - DEBUG - Extracted pin ID (standard format): 12455336469886759
2025-07-16 11:02:45 - DEBUG - Extracting pin ID from URL: https://www.pinterest.com/pin/151785449935812432/
2025-07-16 11:02:45 - DEBUG - Extracted pin ID (standard format): 151785449935812432
2025-07-16 11:02:45 - DEBUG - Found NEW pin 14/100: 151785449935812432
2025-07-16 11:02:45 - DEBUG - Extracting pin ID from URL: https://www.pinterest.com/pin/151785449935812432/
2025-07-16 11:02:45 - DEBUG - Extracted pin ID (standard format): 151785449935812432
2025-07-16 11:02:45 - DEBUG - Extracting pin ID from URL: https://www.pinterest.com/pin/690458186660613307/
2025-07-16 11:02:45 - DEBUG - Extracted pin ID (standard format): 690458186660613307
2025-07-16 11:02:45 - DEBUG - Found NEW pin 15/100: 690458186660613307
2025-07-16 11:02:45 - DEBUG - Extracting pin ID from URL: https://www.pinterest.com/pin/690458186660613307/
2025-07-16 11:02:45 - DEBUG - Extracted pin ID (standard format): 690458186660613307
2025-07-16 11:02:45 - DEBUG - Extracting pin ID from URL: https://www.pinterest.com/pin/313211349104280234/
2025-07-16 11:02:45 - DEBUG - Extracted pin ID (standard format): 313211349104280234
2025-07-16 11:02:45 - DEBUG - Found NEW pin 16/100: 313211349104280234
2025-07-16 11:02:45 - DEBUG - Extracting pin ID from URL: https://www.pinterest.com/pin/313211349104280234/
2025-07-16 11:02:45 - DEBUG - Extracted pin ID (standard format): 313211349104280234
2025-07-16 11:02:45 - DEBUG - Extracting pin ID from URL: https://www.pinterest.com/pin/575334921123049650/
2025-07-16 11:02:45 - DEBUG - Extracted pin ID (standard format): 575334921123049650
2025-07-16 11:02:45 - DEBUG - Found NEW pin 17/100: 575334921123049650
2025-07-16 11:02:45 - DEBUG - Extracting pin ID from URL: https://www.pinterest.com/pin/575334921123049650/
2025-07-16 11:02:45 - DEBUG - Extracted pin ID (standard format): 575334921123049650
2025-07-16 11:02:45 - DEBUG - Extracting pin ID from URL: https://www.pinterest.com/pin/890586895056706822/
2025-07-16 11:02:45 - DEBUG - Extracted pin ID (standard format): 890586895056706822
2025-07-16 11:02:45 - DEBUG - Found NEW pin 18/100: 890586895056706822
2025-07-16 11:02:45 - DEBUG - Extracting pin ID from URL: https://www.pinterest.com/pin/890586895056706822/
2025-07-16 11:02:45 - DEBUG - Extracted pin ID (standard format): 890586895056706822
2025-07-16 11:02:45 - DEBUG - Total pins on page: 36, NEW pins found: 18/100
2025-07-16 11:02:50 - DEBUG - Scrolling to load more pins (scroll #2)
2025-07-16 11:02:53 - DEBUG - Total pins on page: 36, NEW pins found: 18/100
2025-07-16 11:02:58 - DEBUG - Scrolling to load more pins (scroll #3)
2025-07-16 11:03:01 - DEBUG - Total pins on page: 36, NEW pins found: 18/100
2025-07-16 11:03:06 - DEBUG - Scrolling to load more pins (scroll #4)
2025-07-16 11:03:09 - DEBUG - Total pins on page: 36, NEW pins found: 18/100
2025-07-16 11:03:14 - DEBUG - Scrolling to load more pins (scroll #5)
2025-07-16 11:03:17 - DEBUG - Total pins on page: 36, NEW pins found: 18/100
2025-07-16 11:03:22 - DEBUG - Scrolling to load more pins (scroll #6)
2025-07-16 11:03:25 - DEBUG - No new pins loading from page, stopping scroll
2025-07-16 11:03:25 - INFO - ✅ Successfully extracted 18 NEW main pin URLs
2025-07-16 11:03:25 - INFO - 🔍 STEP 2: Getting 100 NEW similar pins from each of 18 main pins
2025-07-16 11:03:25 - DEBUG - Extracting pin ID from URL: https://www.pinterest.com/pin/626563366947762497/
2025-07-16 11:03:25 - DEBUG - Extracted pin ID (standard format): 626563366947762497
2025-07-16 11:03:25 - INFO - Processing main pin 1/18: 626563366947762497
2025-07-16 11:03:25 - DEBUG - Extracting pin ID from URL: https://www.pinterest.com/pin/626563366947762497/
2025-07-16 11:03:25 - DEBUG - Extracted pin ID (standard format): 626563366947762497
2025-07-16 11:03:25 - DEBUG - Getting 100 NEW similar pins from pin 626563366947762497
2025-07-16 11:03:27 - DEBUG - Navigating to pin page: https://www.pinterest.com/pin/626563366947762497/
2025-07-16 11:03:29 - DEBUG - Waiting for page to be fully loaded...
2025-07-16 11:03:29 - DEBUG - DOM content loaded
2025-07-16 11:03:49 - DEBUG - Network idle timeout: Timeout 20000ms exceeded.
2025-07-16 11:03:49 - DEBUG - Found selector: div[data-test-id='pin']
2025-07-16 11:03:51 - DEBUG - Page loading complete
2025-07-16 11:03:53 - DEBUG - Extracting pin ID from URL: https://www.pinterest.com/pin/626563366947762497/repin/
2025-07-16 11:03:53 - DEBUG - Extracted pin ID (standard format): 626563366947762497
2025-07-16 11:03:53 - DEBUG - Extracting pin ID from URL: https://www.pinterest.com/pin/633952085084560406/
2025-07-16 11:03:53 - DEBUG - Extracted pin ID (standard format): 633952085084560406
2025-07-16 11:03:53 - DEBUG - Found NEW similar pin 1/100: 633952085084560406
2025-07-16 11:03:53 - DEBUG - Extracting pin ID from URL: https://www.pinterest.com/pin/633952085084560406/
2025-07-16 11:03:53 - DEBUG - Extracted pin ID (standard format): 633952085084560406
2025-07-16 11:03:53 - DEBUG - Extracting pin ID from URL: https://www.pinterest.com/pin/pin-von-janmbaynesjan-baynes-auf-david--197525133649892310/
2025-07-16 11:03:53 - DEBUG - Extracted pin ID (description format): 197525133649892310
2025-07-16 11:03:53 - DEBUG - Found NEW similar pin 2/100: 197525133649892310
2025-07-16 11:03:53 - DEBUG - Extracting pin ID from URL: https://www.pinterest.com/pin/pin-von-janmbaynesjan-baynes-auf-david--197525133649892310/
2025-07-16 11:03:53 - DEBUG - Extracted pin ID (description format): 197525133649892310
2025-07-16 11:03:53 - DEBUG - Extracting pin ID from URL: https://www.pinterest.com/pin/589830882485178552/
2025-07-16 11:03:53 - DEBUG - Extracted pin ID (standard format): 589830882485178552
2025-07-16 11:03:53 - DEBUG - Found NEW similar pin 3/100: 589830882485178552
2025-07-16 11:03:53 - DEBUG - Extracting pin ID from URL: https://www.pinterest.com/pin/589830882485178552/
2025-07-16 11:03:53 - DEBUG - Extracted pin ID (standard format): 589830882485178552
2025-07-16 11:03:53 - DEBUG - Extracting pin ID from URL: https://www.pinterest.com/pin/319896379801274596/
2025-07-16 11:03:53 - DEBUG - Extracted pin ID (standard format): 319896379801274596
2025-07-16 11:03:53 - DEBUG - Found NEW similar pin 4/100: 319896379801274596
2025-07-16 11:03:53 - DEBUG - Extracting pin ID from URL: https://www.pinterest.com/pin/319896379801274596/
2025-07-16 11:03:53 - DEBUG - Extracted pin ID (standard format): 319896379801274596
2025-07-16 11:03:53 - DEBUG - Extracting pin ID from URL: https://www.pinterest.com/pin/520799144422486748/
2025-07-16 11:03:53 - DEBUG - Extracted pin ID (standard format): 520799144422486748
2025-07-16 11:03:53 - DEBUG - Found NEW similar pin 5/100: 520799144422486748
2025-07-16 11:03:53 - DEBUG - Extracting pin ID from URL: https://www.pinterest.com/pin/520799144422486748/
2025-07-16 11:03:53 - DEBUG - Extracted pin ID (standard format): 520799144422486748
2025-07-16 11:03:53 - DEBUG - Extracting pin ID from URL: https://www.pinterest.com/pin/aufenthaltsgenehmigung-in-2025--603693525088994784/
2025-07-16 11:03:53 - DEBUG - Extracted pin ID (description format): 603693525088994784
2025-07-16 11:03:53 - DEBUG - Found NEW similar pin 6/100: 603693525088994784
2025-07-16 11:03:53 - DEBUG - Extracting pin ID from URL: https://www.pinterest.com/pin/aufenthaltsgenehmigung-in-2025--603693525088994784/
2025-07-16 11:03:53 - DEBUG - Extracted pin ID (description format): 603693525088994784
2025-07-16 11:03:53 - DEBUG - Extracting pin ID from URL: https://www.pinterest.com/pin/934426622717035612/
2025-07-16 11:03:53 - DEBUG - Extracted pin ID (standard format): 934426622717035612
2025-07-16 11:03:53 - DEBUG - Found NEW similar pin 7/100: 934426622717035612
2025-07-16 11:03:53 - DEBUG - Extracting pin ID from URL: https://www.pinterest.com/pin/934426622717035612/
2025-07-16 11:03:53 - DEBUG - Extracted pin ID (standard format): 934426622717035612
2025-07-16 11:03:53 - DEBUG - Extracting pin ID from URL: https://www.pinterest.com/pin/782148660316316065/
2025-07-16 11:03:53 - DEBUG - Extracted pin ID (standard format): 782148660316316065
2025-07-16 11:03:53 - DEBUG - Found NEW similar pin 8/100: 782148660316316065
2025-07-16 11:03:53 - DEBUG - Extracting pin ID from URL: https://www.pinterest.com/pin/782148660316316065/
2025-07-16 11:03:53 - DEBUG - Extracted pin ID (standard format): 782148660316316065
2025-07-16 11:03:53 - DEBUG - Extracting pin ID from URL: https://www.pinterest.com/pin/611997036907412164/
2025-07-16 11:03:53 - DEBUG - Extracted pin ID (standard format): 611997036907412164
2025-07-16 11:03:53 - DEBUG - Found NEW similar pin 9/100: 611997036907412164
2025-07-16 11:03:53 - DEBUG - Extracting pin ID from URL: https://www.pinterest.com/pin/611997036907412164/
2025-07-16 11:03:53 - DEBUG - Extracted pin ID (standard format): 611997036907412164
2025-07-16 11:03:53 - DEBUG - Extracting pin ID from URL: https://www.pinterest.com/pin/370702613098488055/
2025-07-16 11:03:53 - DEBUG - Extracted pin ID (standard format): 370702613098488055
2025-07-16 11:03:53 - DEBUG - Found NEW similar pin 10/100: 370702613098488055
2025-07-16 11:03:53 - DEBUG - Extracting pin ID from URL: https://www.pinterest.com/pin/370702613098488055/
2025-07-16 11:03:53 - DEBUG - Extracted pin ID (standard format): 370702613098488055
2025-07-16 11:03:53 - DEBUG - Extracting pin ID from URL: https://www.pinterest.com/pin/628181848061163550/
2025-07-16 11:03:53 - DEBUG - Extracted pin ID (standard format): 628181848061163550
2025-07-16 11:03:53 - DEBUG - Found NEW similar pin 11/100: 628181848061163550
2025-07-16 11:03:53 - DEBUG - Extracting pin ID from URL: https://www.pinterest.com/pin/628181848061163550/
2025-07-16 11:03:53 - DEBUG - Extracted pin ID (standard format): 628181848061163550
2025-07-16 11:04:18 - DEBUG - No new similar pins loading from page. Found 11/100
2025-07-16 11:04:18 - DEBUG - Found 11 NEW similar pins for pin 626563366947762497
2025-07-16 11:04:18 - DEBUG - Added 11 new similar pins from main pin 626563366947762497
2025-07-16 11:04:19 - DEBUG - Extracting pin ID from URL: https://www.pinterest.com/pin/1266706140370671/
2025-07-16 11:04:19 - DEBUG - Extracted pin ID (standard format): 1266706140370671
2025-07-16 11:04:19 - INFO - Processing main pin 2/18: 1266706140370671
2025-07-16 11:04:19 - DEBUG - Extracting pin ID from URL: https://www.pinterest.com/pin/1266706140370671/
2025-07-16 11:04:19 - DEBUG - Extracted pin ID (standard format): 1266706140370671
2025-07-16 11:04:19 - DEBUG - Getting 100 NEW similar pins from pin 1266706140370671
2025-07-16 11:04:20 - DEBUG - Navigating to pin page: https://www.pinterest.com/pin/1266706140370671/
2025-07-16 11:04:22 - DEBUG - Waiting for page to be fully loaded...
2025-07-16 11:04:22 - DEBUG - DOM content loaded
