2025-07-13 23:50:00 - INFO - Logging initialized. Log file: logs\pinterest_multilevel_20250713_235000.log
2025-07-13 23:50:00 - INFO - Loaded 217 processed pins from history
2025-07-13 23:50:00 - INFO - Pinterest Multi-Level Scraper initialized
2025-07-13 23:50:00 - INFO - Found 217 previously processed pins
2025-07-13 23:50:00 - INFO - 🚀 Starting Pinterest Multi-Level Scraper
2025-07-13 23:50:00 - INFO - Keyword: 'mexico docs', Main pins: 5, Similar per main: -1
2025-07-13 23:50:00 - INFO - 🚀 Starting pin collection
2025-07-13 23:50:00 - INFO - 🔍 STEP 1: Getting 5 main pins for keyword: 'mexico docs'
2025-07-13 23:50:00 - DEBUG - Search URL: https://www.pinterest.com/search/pins/?q=mexico+docs
2025-07-13 23:50:01 - INFO - Navigating to search page
2025-07-13 23:50:02 - INFO - Setting page zoom to 25%
2025-07-13 23:50:03 - INFO - Waiting for page to fully load...
2025-07-13 23:50:03 - DEBUG - Waiting for page to be fully loaded...
2025-07-13 23:50:03 - DEBUG - DOM content loaded
2025-07-13 23:50:15 - DEBUG - Network idle achieved
2025-07-13 23:50:15 - DEBUG - Found selector: div[data-test-id='pin']
2025-07-13 23:50:17 - DEBUG - Page loading complete
2025-07-13 23:50:21 - DEBUG - Extracting main pin URLs from search page
2025-07-13 23:50:21 - DEBUG - Extracting pin ID from URL: https://www.pinterest.com/pin/308426274498905068/
2025-07-13 23:50:21 - DEBUG - Extracted pin ID (standard format): 308426274498905068
2025-07-13 23:50:21 - DEBUG - Extracting pin ID from URL: https://www.pinterest.com/pin/308426274498905068/
2025-07-13 23:50:21 - DEBUG - Extracted pin ID (standard format): 308426274498905068
2025-07-13 23:50:21 - DEBUG - Extracting pin ID from URL: https://www.pinterest.com/pin/596867756886370966/
2025-07-13 23:50:21 - DEBUG - Extracted pin ID (standard format): 596867756886370966
2025-07-13 23:50:21 - DEBUG - Extracting pin ID from URL: https://www.pinterest.com/pin/596867756886370966/
2025-07-13 23:50:21 - DEBUG - Extracted pin ID (standard format): 596867756886370966
2025-07-13 23:50:21 - DEBUG - Extracting pin ID from URL: https://www.pinterest.com/pin/119486196357952095/
2025-07-13 23:50:21 - DEBUG - Extracted pin ID (standard format): 119486196357952095
2025-07-13 23:50:21 - DEBUG - Extracting pin ID from URL: https://www.pinterest.com/pin/119486196357952095/
2025-07-13 23:50:21 - DEBUG - Extracted pin ID (standard format): 119486196357952095
2025-07-13 23:50:21 - DEBUG - Extracting pin ID from URL: https://www.pinterest.com/pin/844493672599093/
2025-07-13 23:50:21 - DEBUG - Extracted pin ID (standard format): 844493672599093
2025-07-13 23:50:21 - DEBUG - Extracting pin ID from URL: https://www.pinterest.com/pin/844493672599093/
2025-07-13 23:50:21 - DEBUG - Extracted pin ID (standard format): 844493672599093
2025-07-13 23:50:21 - DEBUG - Extracting pin ID from URL: https://www.pinterest.com/pin/579205202120185045/
2025-07-13 23:50:21 - DEBUG - Extracted pin ID (standard format): 579205202120185045
2025-07-13 23:50:21 - INFO - ✅ Successfully extracted 5 main pin URLs
2025-07-13 23:50:21 - INFO - ✅ Found 5 main pins
2025-07-13 23:50:21 - INFO - 🔽 STEP 3: Downloading 5 pins
2025-07-13 23:50:21 - DEBUG - Extracting pin ID from URL: https://www.pinterest.com/pin/579205202120185045/
2025-07-13 23:50:21 - DEBUG - Extracted pin ID (standard format): 579205202120185045
2025-07-13 23:50:21 - DEBUG - Pin 579205202120185045 already processed - skipping
2025-07-13 23:50:21 - DEBUG - Extracting pin ID from URL: https://www.pinterest.com/pin/596867756886370966/
2025-07-13 23:50:21 - DEBUG - Extracted pin ID (standard format): 596867756886370966
2025-07-13 23:50:21 - DEBUG - Pin 596867756886370966 already processed - skipping
2025-07-13 23:50:21 - DEBUG - Extracting pin ID from URL: https://www.pinterest.com/pin/844493672599093/
2025-07-13 23:50:21 - DEBUG - Extracted pin ID (standard format): 844493672599093
2025-07-13 23:50:21 - DEBUG - Pin 844493672599093 already processed - skipping
2025-07-13 23:50:21 - DEBUG - Extracting pin ID from URL: https://www.pinterest.com/pin/308426274498905068/
2025-07-13 23:50:21 - DEBUG - Extracted pin ID (standard format): 308426274498905068
2025-07-13 23:50:21 - DEBUG - Pin 308426274498905068 already processed - skipping
2025-07-13 23:50:21 - DEBUG - Extracting pin ID from URL: https://www.pinterest.com/pin/119486196357952095/
2025-07-13 23:50:21 - DEBUG - Extracted pin ID (standard format): 119486196357952095
2025-07-13 23:50:21 - DEBUG - Pin 119486196357952095 already processed - skipping
2025-07-13 23:50:21 - INFO - === MULTI-LEVEL SCRAPING COMPLETED ===
2025-07-13 23:50:21 - INFO - Duration: 0:00:20.604312
2025-07-13 23:50:21 - INFO - Main pins found: 5
2025-07-13 23:50:21 - INFO - Similar pins found: 0
2025-07-13 23:50:21 - INFO - Total unique pins: 0
2025-07-13 23:50:21 - INFO - Successful downloads: 0
2025-07-13 23:50:21 - INFO - Skipped duplicates: 5
2025-07-13 23:50:21 - INFO - Failed downloads: 0
2025-07-13 23:50:21 - INFO - Total processed pins in history: 217
