2025-07-14 16:59:56 - INFO - Logging initialized. Log file: logs\pinterest_multilevel_20250714_165956.log
2025-07-14 16:59:56 - INFO - Loaded 376 processed pins from history
2025-07-14 16:59:56 - INFO - Pinterest Multi-Level Scraper initialized
2025-07-14 16:59:56 - INFO - Found 376 previously processed pins
2025-07-14 16:59:56 - INFO - 🚀 Starting Pinterest Multi-Level Scraper
2025-07-14 16:59:56 - INFO - Keyword: 'Australia Passport Documents', Main pins: 100, Similar per main: 100
2025-07-14 16:59:56 - INFO - 🚀 Starting pin collection
2025-07-14 16:59:56 - INFO - 🔍 STEP 1: Getting 100 NEW main pins for keyword: 'Australia Passport Documents'
2025-07-14 16:59:56 - DEBUG - Search URL: https://www.pinterest.com/search/pins/?q=Australia+Passport+Documents
2025-07-14 16:59:57 - INFO - Navigating to search page
2025-07-14 16:59:59 - INFO - Setting page zoom to 25%
2025-07-14 16:59:59 - INFO - Waiting for page to fully load...
2025-07-14 16:59:59 - DEBUG - Waiting for page to be fully loaded...
2025-07-14 16:59:59 - DEBUG - DOM content loaded
2025-07-14 17:00:03 - DEBUG - Network idle achieved
2025-07-14 17:00:03 - DEBUG - Found selector: div[data-test-id='pin']
2025-07-14 17:00:05 - DEBUG - Page loading complete
2025-07-14 17:00:08 - DEBUG - Scrolling to load more pins (scroll #1)
2025-07-14 17:00:11 - DEBUG - Extracting pin ID from URL: https://www.pinterest.com/pin/626563366947762497/
2025-07-14 17:00:11 - DEBUG - Extracted pin ID (standard format): 626563366947762497
2025-07-14 17:00:11 - DEBUG - Pin 626563366947762497 already processed - skipping
2025-07-14 17:00:11 - DEBUG - Skipped already processed pin: 626563366947762497
2025-07-14 17:00:11 - DEBUG - Extracting pin ID from URL: https://www.pinterest.com/pin/626563366947762497/
2025-07-14 17:00:11 - DEBUG - Extracted pin ID (standard format): 626563366947762497
2025-07-14 17:00:11 - DEBUG - Extracting pin ID from URL: https://www.pinterest.com/pin/649714683776274995/
2025-07-14 17:00:11 - DEBUG - Extracted pin ID (standard format): 649714683776274995
2025-07-14 17:00:11 - DEBUG - Found NEW pin 1/100: 649714683776274995
2025-07-14 17:00:11 - DEBUG - Extracting pin ID from URL: https://www.pinterest.com/pin/649714683776274995/
2025-07-14 17:00:11 - DEBUG - Extracted pin ID (standard format): 649714683776274995
2025-07-14 17:00:12 - DEBUG - Extracting pin ID from URL: https://www.pinterest.com/pin/86623992826750640/
2025-07-14 17:00:12 - DEBUG - Extracted pin ID (standard format): 86623992826750640
2025-07-14 17:00:12 - DEBUG - Pin 86623992826750640 already processed - skipping
2025-07-14 17:00:12 - DEBUG - Skipped already processed pin: 86623992826750640
2025-07-14 17:00:12 - DEBUG - Extracting pin ID from URL: https://www.pinterest.com/pin/86623992826750640/
2025-07-14 17:00:12 - DEBUG - Extracted pin ID (standard format): 86623992826750640
2025-07-14 17:00:12 - DEBUG - Extracting pin ID from URL: https://www.pinterest.com/pin/31947478602985559/
2025-07-14 17:00:12 - DEBUG - Extracted pin ID (standard format): 31947478602985559
2025-07-14 17:00:12 - DEBUG - Pin 31947478602985559 already processed - skipping
2025-07-14 17:00:12 - DEBUG - Skipped already processed pin: 31947478602985559
2025-07-14 17:00:12 - DEBUG - Extracting pin ID from URL: https://www.pinterest.com/pin/31947478602985559/
2025-07-14 17:00:12 - DEBUG - Extracted pin ID (standard format): 31947478602985559
2025-07-14 17:00:12 - DEBUG - Extracting pin ID from URL: https://www.pinterest.com/pin/3025924745521283/
2025-07-14 17:00:12 - DEBUG - Extracted pin ID (standard format): 3025924745521283
2025-07-14 17:00:12 - DEBUG - Pin 3025924745521283 already processed - skipping
2025-07-14 17:00:12 - DEBUG - Skipped already processed pin: 3025924745521283
2025-07-14 17:00:12 - DEBUG - Extracting pin ID from URL: https://www.pinterest.com/pin/3025924745521283/
2025-07-14 17:00:12 - DEBUG - Extracted pin ID (standard format): 3025924745521283
2025-07-14 17:00:12 - DEBUG - Extracting pin ID from URL: https://www.pinterest.com/pin/856106210449693791/
2025-07-14 17:00:12 - DEBUG - Extracted pin ID (standard format): 856106210449693791
2025-07-14 17:00:12 - DEBUG - Found NEW pin 2/100: 856106210449693791
2025-07-14 17:00:12 - DEBUG - Extracting pin ID from URL: https://www.pinterest.com/pin/856106210449693791/
2025-07-14 17:00:12 - DEBUG - Extracted pin ID (standard format): 856106210449693791
2025-07-14 17:00:12 - DEBUG - Extracting pin ID from URL: https://www.pinterest.com/pin/1266706140370671/
2025-07-14 17:00:12 - DEBUG - Extracted pin ID (standard format): 1266706140370671
2025-07-14 17:00:12 - DEBUG - Pin 1266706140370671 already processed - skipping
2025-07-14 17:00:12 - DEBUG - Skipped already processed pin: 1266706140370671
2025-07-14 17:00:12 - DEBUG - Extracting pin ID from URL: https://www.pinterest.com/pin/1266706140370671/
2025-07-14 17:00:12 - DEBUG - Extracted pin ID (standard format): 1266706140370671
2025-07-14 17:00:12 - DEBUG - Extracting pin ID from URL: https://www.pinterest.com/pin/47850814785682648/
2025-07-14 17:00:12 - DEBUG - Extracted pin ID (standard format): 47850814785682648
2025-07-14 17:00:12 - DEBUG - Pin 47850814785682648 already processed - skipping
2025-07-14 17:00:12 - DEBUG - Skipped already processed pin: 47850814785682648
2025-07-14 17:00:12 - DEBUG - Extracting pin ID from URL: https://www.pinterest.com/pin/47850814785682648/
2025-07-14 17:00:12 - DEBUG - Extracted pin ID (standard format): 47850814785682648
2025-07-14 17:00:12 - DEBUG - Extracting pin ID from URL: https://www.pinterest.com/pin/371687775517428887/
2025-07-14 17:00:12 - DEBUG - Extracted pin ID (standard format): 371687775517428887
2025-07-14 17:00:12 - DEBUG - Pin 371687775517428887 already processed - skipping
2025-07-14 17:00:12 - DEBUG - Skipped already processed pin: 371687775517428887
2025-07-14 17:00:12 - DEBUG - Extracting pin ID from URL: https://www.pinterest.com/pin/371687775517428887/
2025-07-14 17:00:12 - DEBUG - Extracted pin ID (standard format): 371687775517428887
2025-07-14 17:00:12 - DEBUG - Extracting pin ID from URL: https://www.pinterest.com/pin/493144227967083156/
2025-07-14 17:00:12 - DEBUG - Extracted pin ID (standard format): 493144227967083156
2025-07-14 17:00:12 - DEBUG - Found NEW pin 3/100: 493144227967083156
2025-07-14 17:00:12 - DEBUG - Extracting pin ID from URL: https://www.pinterest.com/pin/493144227967083156/
2025-07-14 17:00:12 - DEBUG - Extracted pin ID (standard format): 493144227967083156
2025-07-14 17:00:12 - DEBUG - Extracting pin ID from URL: https://www.pinterest.com/pin/37928821857910185/
2025-07-14 17:00:12 - DEBUG - Extracted pin ID (standard format): 37928821857910185
2025-07-14 17:00:12 - DEBUG - Found NEW pin 4/100: 37928821857910185
2025-07-14 17:00:12 - DEBUG - Extracting pin ID from URL: https://www.pinterest.com/pin/37928821857910185/
2025-07-14 17:00:12 - DEBUG - Extracted pin ID (standard format): 37928821857910185
2025-07-14 17:00:12 - DEBUG - Extracting pin ID from URL: https://www.pinterest.com/pin/8303580558181087/
2025-07-14 17:00:12 - DEBUG - Extracted pin ID (standard format): 8303580558181087
2025-07-14 17:00:12 - DEBUG - Pin 8303580558181087 already processed - skipping
2025-07-14 17:00:12 - DEBUG - Skipped already processed pin: 8303580558181087
2025-07-14 17:00:12 - DEBUG - Extracting pin ID from URL: https://www.pinterest.com/pin/8303580558181087/
2025-07-14 17:00:12 - DEBUG - Extracted pin ID (standard format): 8303580558181087
2025-07-14 17:00:12 - DEBUG - Extracting pin ID from URL: https://www.pinterest.com/pin/625296729551032501/
2025-07-14 17:00:12 - DEBUG - Extracted pin ID (standard format): 625296729551032501
2025-07-14 17:00:12 - DEBUG - Pin 625296729551032501 already processed - skipping
2025-07-14 17:00:12 - DEBUG - Skipped already processed pin: 625296729551032501
2025-07-14 17:00:12 - DEBUG - Extracting pin ID from URL: https://www.pinterest.com/pin/625296729551032501/
2025-07-14 17:00:12 - DEBUG - Extracted pin ID (standard format): 625296729551032501
2025-07-14 17:00:12 - DEBUG - Extracting pin ID from URL: https://www.pinterest.com/pin/11540542793402313/
2025-07-14 17:00:12 - DEBUG - Extracted pin ID (standard format): 11540542793402313
2025-07-14 17:00:12 - DEBUG - Found NEW pin 5/100: 11540542793402313
2025-07-14 17:00:12 - DEBUG - Extracting pin ID from URL: https://www.pinterest.com/pin/11540542793402313/
2025-07-14 17:00:12 - DEBUG - Extracted pin ID (standard format): 11540542793402313
2025-07-14 17:00:12 - DEBUG - Extracting pin ID from URL: https://www.pinterest.com/pin/432556739221253974/
2025-07-14 17:00:12 - DEBUG - Extracted pin ID (standard format): 432556739221253974
2025-07-14 17:00:12 - DEBUG - Found NEW pin 6/100: 432556739221253974
2025-07-14 17:00:12 - DEBUG - Extracting pin ID from URL: https://www.pinterest.com/pin/432556739221253974/
2025-07-14 17:00:12 - DEBUG - Extracted pin ID (standard format): 432556739221253974
2025-07-14 17:00:12 - DEBUG - Extracting pin ID from URL: https://www.pinterest.com/pin/307933693290267508/
2025-07-14 17:00:12 - DEBUG - Extracted pin ID (standard format): 307933693290267508
2025-07-14 17:00:12 - DEBUG - Pin 307933693290267508 already processed - skipping
2025-07-14 17:00:12 - DEBUG - Skipped already processed pin: 307933693290267508
2025-07-14 17:00:12 - DEBUG - Extracting pin ID from URL: https://www.pinterest.com/pin/307933693290267508/
2025-07-14 17:00:12 - DEBUG - Extracted pin ID (standard format): 307933693290267508
2025-07-14 17:00:12 - DEBUG - Total pins on page: 32, NEW pins found: 6/100
2025-07-14 17:00:17 - DEBUG - Scrolling to load more pins (scroll #2)
2025-07-14 17:00:20 - DEBUG - Total pins on page: 32, NEW pins found: 6/100
2025-07-14 17:00:25 - DEBUG - Scrolling to load more pins (scroll #3)
2025-07-14 17:00:28 - DEBUG - Total pins on page: 32, NEW pins found: 6/100
2025-07-14 17:00:33 - DEBUG - Scrolling to load more pins (scroll #4)
2025-07-14 17:00:36 - DEBUG - Total pins on page: 32, NEW pins found: 6/100
2025-07-14 17:00:41 - DEBUG - Scrolling to load more pins (scroll #5)
2025-07-14 17:00:44 - DEBUG - Total pins on page: 32, NEW pins found: 6/100
2025-07-14 17:00:49 - DEBUG - Scrolling to load more pins (scroll #6)
2025-07-14 17:00:52 - DEBUG - No new pins loading from page, stopping scroll
2025-07-14 17:00:52 - INFO - ✅ Successfully extracted 6 NEW main pin URLs
2025-07-14 17:00:52 - INFO - 🔍 STEP 2: Getting 100 NEW similar pins from each of 6 main pins
2025-07-14 17:00:52 - DEBUG - Extracting pin ID from URL: https://www.pinterest.com/pin/649714683776274995/
2025-07-14 17:00:52 - DEBUG - Extracted pin ID (standard format): 649714683776274995
2025-07-14 17:00:52 - INFO - Processing main pin 1/6: 649714683776274995
2025-07-14 17:00:52 - DEBUG - Extracting pin ID from URL: https://www.pinterest.com/pin/649714683776274995/
2025-07-14 17:00:52 - DEBUG - Extracted pin ID (standard format): 649714683776274995
2025-07-14 17:00:52 - DEBUG - Getting 100 NEW similar pins from pin 649714683776274995
2025-07-14 17:00:53 - DEBUG - Navigating to pin page: https://www.pinterest.com/pin/649714683776274995/
2025-07-14 17:00:55 - DEBUG - Waiting for page to be fully loaded...
2025-07-14 17:00:55 - DEBUG - DOM content loaded
2025-07-14 17:00:58 - DEBUG - Network idle achieved
2025-07-14 17:01:08 - DEBUG - Selector div[data-test-id='pin'] not found: Page.wait_for_selector: Timeout 10000ms exceeded.
Call log:
  - waiting for locator("div[data-test-id='pin']")

2025-07-14 17:01:18 - DEBUG - Selector div[data-test-id='pinWrapper'] not found: Page.wait_for_selector: Timeout 10000ms exceeded.
Call log:
  - waiting for locator("div[data-test-id='pinWrapper']")

2025-07-14 17:01:18 - DEBUG - Found selector: div[role='button']
2025-07-14 17:01:20 - DEBUG - Page loading complete
2025-07-14 17:01:23 - DEBUG - Extracting pin ID from URL: https://www.pinterest.com/pin/649714683776274995/repin/
2025-07-14 17:01:23 - DEBUG - Extracted pin ID (standard format): 649714683776274995
2025-07-14 17:01:33 - DEBUG - No new similar pins loading from page. Found 0/100
2025-07-14 17:01:33 - DEBUG - Found 0 NEW similar pins for pin 649714683776274995
2025-07-14 17:01:33 - DEBUG - Added 0 new similar pins from main pin 649714683776274995
2025-07-14 17:01:34 - DEBUG - Extracting pin ID from URL: https://www.pinterest.com/pin/856106210449693791/
2025-07-14 17:01:34 - DEBUG - Extracted pin ID (standard format): 856106210449693791
2025-07-14 17:01:34 - INFO - Processing main pin 2/6: 856106210449693791
2025-07-14 17:01:34 - DEBUG - Extracting pin ID from URL: https://www.pinterest.com/pin/856106210449693791/
2025-07-14 17:01:34 - DEBUG - Extracted pin ID (standard format): 856106210449693791
2025-07-14 17:01:34 - DEBUG - Getting 100 NEW similar pins from pin 856106210449693791
2025-07-14 17:01:35 - DEBUG - Navigating to pin page: https://www.pinterest.com/pin/856106210449693791/
2025-07-14 17:01:37 - DEBUG - Waiting for page to be fully loaded...
2025-07-14 17:01:37 - DEBUG - DOM content loaded
2025-07-14 17:01:40 - DEBUG - Network idle achieved
2025-07-14 17:01:50 - DEBUG - Selector div[data-test-id='pin'] not found: Page.wait_for_selector: Timeout 10000ms exceeded.
Call log:
  - waiting for locator("div[data-test-id='pin']")

2025-07-14 17:02:00 - DEBUG - Selector div[data-test-id='pinWrapper'] not found: Page.wait_for_selector: Timeout 10000ms exceeded.
Call log:
  - waiting for locator("div[data-test-id='pinWrapper']")

2025-07-14 17:02:00 - DEBUG - Found selector: div[role='button']
2025-07-14 17:02:02 - DEBUG - Page loading complete
2025-07-14 17:02:04 - DEBUG - Extracting pin ID from URL: https://www.pinterest.com/pin/856106210449693791/repin/
2025-07-14 17:02:04 - DEBUG - Extracted pin ID (standard format): 856106210449693791
2025-07-14 17:02:14 - DEBUG - No new similar pins loading from page. Found 0/100
2025-07-14 17:02:14 - DEBUG - Found 0 NEW similar pins for pin 856106210449693791
2025-07-14 17:02:14 - DEBUG - Added 0 new similar pins from main pin 856106210449693791
2025-07-14 17:02:15 - DEBUG - Extracting pin ID from URL: https://www.pinterest.com/pin/493144227967083156/
2025-07-14 17:02:15 - DEBUG - Extracted pin ID (standard format): 493144227967083156
2025-07-14 17:02:15 - INFO - Processing main pin 3/6: 493144227967083156
2025-07-14 17:02:15 - DEBUG - Extracting pin ID from URL: https://www.pinterest.com/pin/493144227967083156/
2025-07-14 17:02:15 - DEBUG - Extracted pin ID (standard format): 493144227967083156
2025-07-14 17:02:15 - DEBUG - Getting 100 NEW similar pins from pin 493144227967083156
2025-07-14 17:02:17 - DEBUG - Navigating to pin page: https://www.pinterest.com/pin/493144227967083156/
2025-07-14 17:02:18 - DEBUG - Waiting for page to be fully loaded...
2025-07-14 17:02:18 - DEBUG - DOM content loaded
2025-07-14 17:02:22 - DEBUG - Network idle achieved
2025-07-14 17:02:32 - DEBUG - Selector div[data-test-id='pin'] not found: Page.wait_for_selector: Timeout 10000ms exceeded.
Call log:
  - waiting for locator("div[data-test-id='pin']")

2025-07-14 17:02:42 - DEBUG - Selector div[data-test-id='pinWrapper'] not found: Page.wait_for_selector: Timeout 10000ms exceeded.
Call log:
  - waiting for locator("div[data-test-id='pinWrapper']")

2025-07-14 17:02:42 - DEBUG - Found selector: div[role='button']
2025-07-14 17:02:44 - DEBUG - Page loading complete
2025-07-14 17:02:46 - DEBUG - Extracting pin ID from URL: https://www.pinterest.com/pin/493144227967083156/repin/
2025-07-14 17:02:46 - DEBUG - Extracted pin ID (standard format): 493144227967083156
2025-07-14 17:02:56 - DEBUG - No new similar pins loading from page. Found 0/100
2025-07-14 17:02:56 - DEBUG - Found 0 NEW similar pins for pin 493144227967083156
2025-07-14 17:02:56 - DEBUG - Added 0 new similar pins from main pin 493144227967083156
2025-07-14 17:02:57 - DEBUG - Extracting pin ID from URL: https://www.pinterest.com/pin/37928821857910185/
2025-07-14 17:02:57 - DEBUG - Extracted pin ID (standard format): 37928821857910185
2025-07-14 17:02:57 - INFO - Processing main pin 4/6: 37928821857910185
2025-07-14 17:02:57 - DEBUG - Extracting pin ID from URL: https://www.pinterest.com/pin/37928821857910185/
2025-07-14 17:02:57 - DEBUG - Extracted pin ID (standard format): 37928821857910185
2025-07-14 17:02:57 - DEBUG - Getting 100 NEW similar pins from pin 37928821857910185
2025-07-14 17:02:58 - DEBUG - Navigating to pin page: https://www.pinterest.com/pin/37928821857910185/
2025-07-14 17:03:00 - DEBUG - Waiting for page to be fully loaded...
2025-07-14 17:03:00 - DEBUG - DOM content loaded
2025-07-14 17:03:20 - DEBUG - Network idle timeout: Timeout 20000ms exceeded.
2025-07-14 17:03:20 - DEBUG - Found selector: div[data-test-id='pin']
2025-07-14 17:03:22 - DEBUG - Page loading complete
2025-07-14 17:03:24 - DEBUG - Extracting pin ID from URL: https://www.pinterest.com/pin/37928821857910185/repin/
2025-07-14 17:03:24 - DEBUG - Extracted pin ID (standard format): 37928821857910185
2025-07-14 17:03:24 - DEBUG - Extracting pin ID from URL: https://www.pinterest.com/pin/5629568278947665/
2025-07-14 17:03:24 - DEBUG - Extracted pin ID (standard format): 5629568278947665
2025-07-14 17:03:24 - DEBUG - Found NEW similar pin 1/100: 5629568278947665
2025-07-14 17:03:24 - DEBUG - Extracting pin ID from URL: https://www.pinterest.com/pin/5629568278947665/
2025-07-14 17:03:24 - DEBUG - Extracted pin ID (standard format): 5629568278947665
2025-07-14 17:03:24 - DEBUG - Extracting pin ID from URL: https://www.pinterest.com/pin/916271486703300868/
2025-07-14 17:03:24 - DEBUG - Extracted pin ID (standard format): 916271486703300868
2025-07-14 17:03:24 - DEBUG - Found NEW similar pin 2/100: 916271486703300868
2025-07-14 17:03:24 - DEBUG - Extracting pin ID from URL: https://www.pinterest.com/pin/916271486703300868/
2025-07-14 17:03:24 - DEBUG - Extracted pin ID (standard format): 916271486703300868
2025-07-14 17:03:24 - DEBUG - Extracting pin ID from URL: https://www.pinterest.com/pin/373658100353164337/
2025-07-14 17:03:24 - DEBUG - Extracted pin ID (standard format): 373658100353164337
2025-07-14 17:03:24 - DEBUG - Pin 373658100353164337 already processed - skipping
2025-07-14 17:03:24 - DEBUG - Skipped already processed similar pin: 373658100353164337
2025-07-14 17:03:24 - DEBUG - Extracting pin ID from URL: https://www.pinterest.com/pin/373658100353164337/
2025-07-14 17:03:24 - DEBUG - Extracted pin ID (standard format): 373658100353164337
2025-07-14 17:03:24 - DEBUG - Extracting pin ID from URL: https://www.pinterest.com/pin/9218374232335651/
2025-07-14 17:03:24 - DEBUG - Extracted pin ID (standard format): 9218374232335651
2025-07-14 17:03:24 - DEBUG - Found NEW similar pin 3/100: 9218374232335651
2025-07-14 17:03:24 - DEBUG - Extracting pin ID from URL: https://www.pinterest.com/pin/9218374232335651/
2025-07-14 17:03:24 - DEBUG - Extracted pin ID (standard format): 9218374232335651
2025-07-14 17:03:24 - DEBUG - Extracting pin ID from URL: https://www.pinterest.com/pin/625296729551032501/
2025-07-14 17:03:24 - DEBUG - Extracted pin ID (standard format): 625296729551032501
2025-07-14 17:03:24 - DEBUG - Pin 625296729551032501 already processed - skipping
2025-07-14 17:03:24 - DEBUG - Skipped already processed similar pin: 625296729551032501
2025-07-14 17:03:24 - DEBUG - Extracting pin ID from URL: https://www.pinterest.com/pin/625296729551032501/
2025-07-14 17:03:24 - DEBUG - Extracted pin ID (standard format): 625296729551032501
2025-07-14 17:03:24 - DEBUG - Extracting pin ID from URL: https://www.pinterest.com/pin/371687775517428887/
2025-07-14 17:03:24 - DEBUG - Extracted pin ID (standard format): 371687775517428887
2025-07-14 17:03:24 - DEBUG - Pin 371687775517428887 already processed - skipping
2025-07-14 17:03:24 - DEBUG - Skipped already processed similar pin: 371687775517428887
2025-07-14 17:03:24 - DEBUG - Extracting pin ID from URL: https://www.pinterest.com/pin/371687775517428887/
2025-07-14 17:03:24 - DEBUG - Extracted pin ID (standard format): 371687775517428887
2025-07-14 17:03:24 - DEBUG - Extracting pin ID from URL: https://www.pinterest.com/pin/103019910221860111/
2025-07-14 17:03:24 - DEBUG - Extracted pin ID (standard format): 103019910221860111
2025-07-14 17:03:24 - DEBUG - Pin 103019910221860111 already processed - skipping
2025-07-14 17:03:24 - DEBUG - Skipped already processed similar pin: 103019910221860111
2025-07-14 17:03:24 - DEBUG - Extracting pin ID from URL: https://www.pinterest.com/pin/103019910221860111/
2025-07-14 17:03:24 - DEBUG - Extracted pin ID (standard format): 103019910221860111
2025-07-14 17:03:24 - DEBUG - Extracting pin ID from URL: https://www.pinterest.com/pin/461407924342533510/
2025-07-14 17:03:24 - DEBUG - Extracted pin ID (standard format): 461407924342533510
2025-07-14 17:03:24 - DEBUG - Pin 461407924342533510 already processed - skipping
2025-07-14 17:03:24 - DEBUG - Skipped already processed similar pin: 461407924342533510
2025-07-14 17:03:24 - DEBUG - Extracting pin ID from URL: https://www.pinterest.com/pin/461407924342533510/
2025-07-14 17:03:24 - DEBUG - Extracted pin ID (standard format): 461407924342533510
2025-07-14 17:03:24 - DEBUG - Extracting pin ID from URL: https://www.pinterest.com/pin/546483736055310820/
2025-07-14 17:03:24 - DEBUG - Extracted pin ID (standard format): 546483736055310820
2025-07-14 17:03:24 - DEBUG - Found NEW similar pin 4/100: 546483736055310820
2025-07-14 17:03:24 - DEBUG - Extracting pin ID from URL: https://www.pinterest.com/pin/546483736055310820/
2025-07-14 17:03:24 - DEBUG - Extracted pin ID (standard format): 546483736055310820
2025-07-14 17:03:24 - DEBUG - Extracting pin ID from URL: https://www.pinterest.com/pin/985231164473049/
2025-07-14 17:03:24 - DEBUG - Extracted pin ID (standard format): 985231164473049
2025-07-14 17:03:24 - DEBUG - Pin 985231164473049 already processed - skipping
2025-07-14 17:03:24 - DEBUG - Skipped already processed similar pin: 985231164473049
2025-07-14 17:03:24 - DEBUG - Extracting pin ID from URL: https://www.pinterest.com/pin/985231164473049/
2025-07-14 17:03:24 - DEBUG - Extracted pin ID (standard format): 985231164473049
2025-07-14 17:03:24 - DEBUG - Extracting pin ID from URL: https://www.pinterest.com/pin/32932641019753241/
2025-07-14 17:03:24 - DEBUG - Extracted pin ID (standard format): 32932641019753241
2025-07-14 17:03:24 - DEBUG - Pin 32932641019753241 already processed - skipping
2025-07-14 17:03:24 - DEBUG - Skipped already processed similar pin: 32932641019753241
2025-07-14 17:03:24 - DEBUG - Extracting pin ID from URL: https://www.pinterest.com/pin/32932641019753241/
2025-07-14 17:03:24 - DEBUG - Extracted pin ID (standard format): 32932641019753241
2025-07-14 17:03:24 - DEBUG - Extracting pin ID from URL: https://www.pinterest.com/pin/my-cutouts--119415827617449271/
2025-07-14 17:03:24 - DEBUG - Extracted pin ID (description format): 119415827617449271
2025-07-14 17:03:24 - DEBUG - Found NEW similar pin 5/100: 119415827617449271
2025-07-14 17:03:24 - DEBUG - Extracting pin ID from URL: https://www.pinterest.com/pin/my-cutouts--119415827617449271/
2025-07-14 17:03:24 - DEBUG - Extracted pin ID (description format): 119415827617449271
2025-07-14 17:03:49 - DEBUG - No new similar pins loading from page. Found 5/100
2025-07-14 17:03:49 - DEBUG - Found 5 NEW similar pins for pin 37928821857910185
2025-07-14 17:03:49 - DEBUG - Added 5 new similar pins from main pin 37928821857910185
2025-07-14 17:03:50 - DEBUG - Extracting pin ID from URL: https://www.pinterest.com/pin/11540542793402313/
2025-07-14 17:03:50 - DEBUG - Extracted pin ID (standard format): 11540542793402313
2025-07-14 17:03:50 - INFO - Processing main pin 5/6: 11540542793402313
2025-07-14 17:03:50 - DEBUG - Extracting pin ID from URL: https://www.pinterest.com/pin/11540542793402313/
2025-07-14 17:03:50 - DEBUG - Extracted pin ID (standard format): 11540542793402313
2025-07-14 17:03:50 - DEBUG - Getting 100 NEW similar pins from pin 11540542793402313
2025-07-14 17:03:52 - DEBUG - Navigating to pin page: https://www.pinterest.com/pin/11540542793402313/
2025-07-14 17:03:53 - DEBUG - Waiting for page to be fully loaded...
2025-07-14 17:03:53 - DEBUG - DOM content loaded
2025-07-14 17:04:13 - DEBUG - Network idle timeout: Timeout 20000ms exceeded.
2025-07-14 17:04:13 - DEBUG - Found selector: div[data-test-id='pin']
2025-07-14 17:04:15 - DEBUG - Page loading complete
2025-07-14 17:04:17 - DEBUG - Extracting pin ID from URL: https://www.pinterest.com/pin/11540542793402313/repin/
2025-07-14 17:04:17 - DEBUG - Extracted pin ID (standard format): 11540542793402313
2025-07-14 17:04:17 - DEBUG - Extracting pin ID from URL: https://www.pinterest.com/pin/578079302213199466/
2025-07-14 17:04:17 - DEBUG - Extracted pin ID (standard format): 578079302213199466
2025-07-14 17:04:17 - DEBUG - Pin 578079302213199466 already processed - skipping
2025-07-14 17:04:17 - DEBUG - Skipped already processed similar pin: 578079302213199466
2025-07-14 17:04:17 - DEBUG - Extracting pin ID from URL: https://www.pinterest.com/pin/578079302213199466/
2025-07-14 17:04:17 - DEBUG - Extracted pin ID (standard format): 578079302213199466
2025-07-14 17:04:17 - DEBUG - Extracting pin ID from URL: https://www.pinterest.com/pin/31947478602985559/
2025-07-14 17:04:17 - DEBUG - Extracted pin ID (standard format): 31947478602985559
2025-07-14 17:04:17 - DEBUG - Pin 31947478602985559 already processed - skipping
2025-07-14 17:04:17 - DEBUG - Skipped already processed similar pin: 31947478602985559
2025-07-14 17:04:17 - DEBUG - Extracting pin ID from URL: https://www.pinterest.com/pin/31947478602985559/
2025-07-14 17:04:17 - DEBUG - Extracted pin ID (standard format): 31947478602985559
2025-07-14 17:04:17 - DEBUG - Extracting pin ID from URL: https://www.pinterest.com/pin/6966574420518141/
2025-07-14 17:04:17 - DEBUG - Extracted pin ID (standard format): 6966574420518141
2025-07-14 17:04:17 - DEBUG - Pin 6966574420518141 already processed - skipping
2025-07-14 17:04:17 - DEBUG - Skipped already processed similar pin: 6966574420518141
2025-07-14 17:04:17 - DEBUG - Extracting pin ID from URL: https://www.pinterest.com/pin/6966574420518141/
2025-07-14 17:04:17 - DEBUG - Extracted pin ID (standard format): 6966574420518141
2025-07-14 17:04:17 - DEBUG - Extracting pin ID from URL: https://www.pinterest.com/pin/865535622142067806/
2025-07-14 17:04:17 - DEBUG - Extracted pin ID (standard format): 865535622142067806
2025-07-14 17:04:17 - DEBUG - Found NEW similar pin 1/100: 865535622142067806
2025-07-14 17:04:17 - DEBUG - Extracting pin ID from URL: https://www.pinterest.com/pin/865535622142067806/
2025-07-14 17:04:17 - DEBUG - Extracted pin ID (standard format): 865535622142067806
2025-07-14 17:04:17 - DEBUG - Extracting pin ID from URL: https://www.pinterest.com/pin/281543725241386/
2025-07-14 17:04:17 - DEBUG - Extracted pin ID (standard format): 281543725241386
2025-07-14 17:04:17 - DEBUG - Found NEW similar pin 2/100: 281543725241386
2025-07-14 17:04:17 - DEBUG - Extracting pin ID from URL: https://www.pinterest.com/pin/281543725241386/
2025-07-14 17:04:17 - DEBUG - Extracted pin ID (standard format): 281543725241386
2025-07-14 17:04:17 - DEBUG - Extracting pin ID from URL: https://www.pinterest.com/pin/11540542793678658/
2025-07-14 17:04:17 - DEBUG - Extracted pin ID (standard format): 11540542793678658
2025-07-14 17:04:17 - DEBUG - Found NEW similar pin 3/100: 11540542793678658
2025-07-14 17:04:17 - DEBUG - Extracting pin ID from URL: https://www.pinterest.com/pin/11540542793678658/
2025-07-14 17:04:17 - DEBUG - Extracted pin ID (standard format): 11540542793678658
2025-07-14 17:04:17 - DEBUG - Extracting pin ID from URL: https://www.pinterest.com/pin/danicas-2025--414120128253236037/
2025-07-14 17:04:17 - DEBUG - Extracted pin ID (description format): 414120128253236037
2025-07-14 17:04:17 - DEBUG - Found NEW similar pin 4/100: 414120128253236037
2025-07-14 17:04:17 - DEBUG - Extracting pin ID from URL: https://www.pinterest.com/pin/danicas-2025--414120128253236037/
2025-07-14 17:04:17 - DEBUG - Extracted pin ID (description format): 414120128253236037
2025-07-14 17:04:17 - DEBUG - Extracting pin ID from URL: https://www.pinterest.com/pin/8162843069982548/
2025-07-14 17:04:17 - DEBUG - Extracted pin ID (standard format): 8162843069982548
2025-07-14 17:04:17 - DEBUG - Found NEW similar pin 5/100: 8162843069982548
2025-07-14 17:04:17 - DEBUG - Extracting pin ID from URL: https://www.pinterest.com/pin/8162843069982548/
2025-07-14 17:04:17 - DEBUG - Extracted pin ID (standard format): 8162843069982548
2025-07-14 17:04:17 - DEBUG - Extracting pin ID from URL: https://www.pinterest.com/pin/11047961582012851/
2025-07-14 17:04:17 - DEBUG - Extracted pin ID (standard format): 11047961582012851
2025-07-14 17:04:17 - DEBUG - Found NEW similar pin 6/100: 11047961582012851
2025-07-14 17:04:17 - DEBUG - Extracting pin ID from URL: https://www.pinterest.com/pin/11047961582012851/
2025-07-14 17:04:17 - DEBUG - Extracted pin ID (standard format): 11047961582012851
2025-07-14 17:04:17 - DEBUG - Extracting pin ID from URL: https://www.pinterest.com/pin/597712181837214565/
2025-07-14 17:04:17 - DEBUG - Extracted pin ID (standard format): 597712181837214565
2025-07-14 17:04:17 - DEBUG - Found NEW similar pin 7/100: 597712181837214565
2025-07-14 17:04:17 - DEBUG - Extracting pin ID from URL: https://www.pinterest.com/pin/597712181837214565/
2025-07-14 17:04:17 - DEBUG - Extracted pin ID (standard format): 597712181837214565
2025-07-14 17:04:17 - DEBUG - Extracting pin ID from URL: https://www.pinterest.com/pin/84301824269913915/
2025-07-14 17:04:17 - DEBUG - Extracted pin ID (standard format): 84301824269913915
2025-07-14 17:04:17 - DEBUG - Found NEW similar pin 8/100: 84301824269913915
2025-07-14 17:04:17 - DEBUG - Extracting pin ID from URL: https://www.pinterest.com/pin/84301824269913915/
2025-07-14 17:04:17 - DEBUG - Extracted pin ID (standard format): 84301824269913915
2025-07-14 17:04:17 - DEBUG - Extracting pin ID from URL: https://www.pinterest.com/pin/18366310975902906/
2025-07-14 17:04:17 - DEBUG - Extracted pin ID (standard format): 18366310975902906
2025-07-14 17:04:17 - DEBUG - Found NEW similar pin 9/100: 18366310975902906
2025-07-14 17:04:17 - DEBUG - Extracting pin ID from URL: https://www.pinterest.com/pin/18366310975902906/
2025-07-14 17:04:17 - DEBUG - Extracted pin ID (standard format): 18366310975902906
2025-07-14 17:04:42 - DEBUG - No new similar pins loading from page. Found 9/100
2025-07-14 17:04:42 - DEBUG - Found 9 NEW similar pins for pin 11540542793402313
2025-07-14 17:04:42 - DEBUG - Added 9 new similar pins from main pin 11540542793402313
2025-07-14 17:04:43 - DEBUG - Extracting pin ID from URL: https://www.pinterest.com/pin/432556739221253974/
2025-07-14 17:04:43 - DEBUG - Extracted pin ID (standard format): 432556739221253974
2025-07-14 17:04:43 - INFO - Processing main pin 6/6: 432556739221253974
2025-07-14 17:04:43 - DEBUG - Extracting pin ID from URL: https://www.pinterest.com/pin/432556739221253974/
2025-07-14 17:04:43 - DEBUG - Extracted pin ID (standard format): 432556739221253974
2025-07-14 17:04:43 - DEBUG - Getting 100 NEW similar pins from pin 432556739221253974
2025-07-14 17:04:45 - DEBUG - Navigating to pin page: https://www.pinterest.com/pin/432556739221253974/
2025-07-14 17:04:46 - DEBUG - Waiting for page to be fully loaded...
2025-07-14 17:04:46 - DEBUG - DOM content loaded
2025-07-14 17:05:06 - DEBUG - Network idle timeout: Timeout 20000ms exceeded.
2025-07-14 17:05:06 - DEBUG - Found selector: div[data-test-id='pin']
2025-07-14 17:05:08 - DEBUG - Page loading complete
2025-07-14 17:05:10 - DEBUG - Extracting pin ID from URL: https://www.pinterest.com/pin/432556739221253974/repin/
2025-07-14 17:05:10 - DEBUG - Extracted pin ID (standard format): 432556739221253974
2025-07-14 17:05:10 - DEBUG - Extracting pin ID from URL: https://www.pinterest.com/pin/450711875197921853/
2025-07-14 17:05:10 - DEBUG - Extracted pin ID (standard format): 450711875197921853
2025-07-14 17:05:10 - DEBUG - Pin 450711875197921853 already processed - skipping
2025-07-14 17:05:10 - DEBUG - Skipped already processed similar pin: 450711875197921853
2025-07-14 17:05:10 - DEBUG - Extracting pin ID from URL: https://www.pinterest.com/pin/450711875197921853/
2025-07-14 17:05:10 - DEBUG - Extracted pin ID (standard format): 450711875197921853
2025-07-14 17:05:10 - DEBUG - Extracting pin ID from URL: https://www.pinterest.com/pin/viaje-in-2025--168392473565003321/
2025-07-14 17:05:10 - DEBUG - Extracted pin ID (description format): 168392473565003321
2025-07-14 17:05:10 - DEBUG - Found NEW similar pin 1/100: 168392473565003321
2025-07-14 17:05:11 - DEBUG - Extracting pin ID from URL: https://www.pinterest.com/pin/viaje-in-2025--168392473565003321/
2025-07-14 17:05:11 - DEBUG - Extracted pin ID (description format): 168392473565003321
2025-07-14 17:05:11 - DEBUG - Extracting pin ID from URL: https://www.pinterest.com/pin/578079302213199466/
2025-07-14 17:05:11 - DEBUG - Extracted pin ID (standard format): 578079302213199466
2025-07-14 17:05:11 - DEBUG - Pin 578079302213199466 already processed - skipping
2025-07-14 17:05:11 - DEBUG - Skipped already processed similar pin: 578079302213199466
2025-07-14 17:05:11 - DEBUG - Extracting pin ID from URL: https://www.pinterest.com/pin/578079302213199466/
2025-07-14 17:05:11 - DEBUG - Extracted pin ID (standard format): 578079302213199466
2025-07-14 17:05:11 - DEBUG - Extracting pin ID from URL: https://www.pinterest.com/pin/583849539230766809/
2025-07-14 17:05:11 - DEBUG - Extracted pin ID (standard format): 583849539230766809
2025-07-14 17:05:11 - DEBUG - Pin 583849539230766809 already processed - skipping
2025-07-14 17:05:11 - DEBUG - Skipped already processed similar pin: 583849539230766809
2025-07-14 17:05:11 - DEBUG - Extracting pin ID from URL: https://www.pinterest.com/pin/583849539230766809/
2025-07-14 17:05:11 - DEBUG - Extracted pin ID (standard format): 583849539230766809
2025-07-14 17:05:11 - DEBUG - Extracting pin ID from URL: https://www.pinterest.com/pin/239324167991264689/
2025-07-14 17:05:11 - DEBUG - Extracted pin ID (standard format): 239324167991264689
2025-07-14 17:05:11 - DEBUG - Pin 239324167991264689 already processed - skipping
2025-07-14 17:05:11 - DEBUG - Skipped already processed similar pin: 239324167991264689
2025-07-14 17:05:11 - DEBUG - Extracting pin ID from URL: https://www.pinterest.com/pin/239324167991264689/
2025-07-14 17:05:11 - DEBUG - Extracted pin ID (standard format): 239324167991264689
2025-07-14 17:05:11 - DEBUG - Extracting pin ID from URL: https://www.pinterest.com/pin/168392473564189706/
2025-07-14 17:05:11 - DEBUG - Extracted pin ID (standard format): 168392473564189706
2025-07-14 17:05:11 - DEBUG - Found NEW similar pin 2/100: 168392473564189706
2025-07-14 17:05:11 - DEBUG - Extracting pin ID from URL: https://www.pinterest.com/pin/168392473564189706/
2025-07-14 17:05:11 - DEBUG - Extracted pin ID (standard format): 168392473564189706
2025-07-14 17:05:11 - DEBUG - Extracting pin ID from URL: https://www.pinterest.com/pin/travel-the-world-with-your-best-friend--598204763029466971/
2025-07-14 17:05:11 - DEBUG - Extracted pin ID (description format): 598204763029466971
2025-07-14 17:05:11 - DEBUG - Found NEW similar pin 3/100: 598204763029466971
2025-07-14 17:05:11 - DEBUG - Extracting pin ID from URL: https://www.pinterest.com/pin/travel-the-world-with-your-best-friend--598204763029466971/
2025-07-14 17:05:11 - DEBUG - Extracted pin ID (description format): 598204763029466971
2025-07-14 17:05:11 - DEBUG - Extracting pin ID from URL: https://www.pinterest.com/pin/38139928096496537/
2025-07-14 17:05:11 - DEBUG - Extracted pin ID (standard format): 38139928096496537
2025-07-14 17:05:11 - DEBUG - Pin 38139928096496537 already processed - skipping
2025-07-14 17:05:11 - DEBUG - Skipped already processed similar pin: 38139928096496537
2025-07-14 17:05:11 - DEBUG - Extracting pin ID from URL: https://www.pinterest.com/pin/38139928096496537/
2025-07-14 17:05:11 - DEBUG - Extracted pin ID (standard format): 38139928096496537
2025-07-14 17:05:11 - DEBUG - Extracting pin ID from URL: https://www.pinterest.com/pin/traval-in-2025--1034279870677374215/
2025-07-14 17:05:11 - DEBUG - Extracted pin ID (description format): 1034279870677374215
2025-07-14 17:05:11 - DEBUG - Found NEW similar pin 4/100: 1034279870677374215
2025-07-14 17:05:11 - DEBUG - Extracting pin ID from URL: https://www.pinterest.com/pin/traval-in-2025--1034279870677374215/
2025-07-14 17:05:11 - DEBUG - Extracted pin ID (description format): 1034279870677374215
2025-07-14 17:05:11 - DEBUG - Extracting pin ID from URL: https://www.pinterest.com/pin/367887863319765732/
2025-07-14 17:05:11 - DEBUG - Extracted pin ID (standard format): 367887863319765732
2025-07-14 17:05:11 - DEBUG - Pin 367887863319765732 already processed - skipping
2025-07-14 17:05:11 - DEBUG - Skipped already processed similar pin: 367887863319765732
2025-07-14 17:05:11 - DEBUG - Extracting pin ID from URL: https://www.pinterest.com/pin/367887863319765732/
2025-07-14 17:05:11 - DEBUG - Extracted pin ID (standard format): 367887863319765732
2025-07-14 17:05:11 - DEBUG - Extracting pin ID from URL: https://www.pinterest.com/pin/595671488252698706/
2025-07-14 17:05:11 - DEBUG - Extracted pin ID (standard format): 595671488252698706
2025-07-14 17:05:11 - DEBUG - Found NEW similar pin 5/100: 595671488252698706
2025-07-14 17:05:11 - DEBUG - Extracting pin ID from URL: https://www.pinterest.com/pin/595671488252698706/
2025-07-14 17:05:11 - DEBUG - Extracted pin ID (standard format): 595671488252698706
2025-07-14 17:05:36 - DEBUG - No new similar pins loading from page. Found 5/100
2025-07-14 17:05:36 - DEBUG - Found 5 NEW similar pins for pin 432556739221253974
2025-07-14 17:05:36 - DEBUG - Added 5 new similar pins from main pin 432556739221253974
2025-07-14 17:05:37 - INFO - ✅ Total unique pins collected: 25
2025-07-14 17:05:37 - INFO - 🔽 STEP 3: Downloading 25 pins
2025-07-14 17:05:37 - DEBUG - Extracting pin ID from URL: https://www.pinterest.com/pin/9218374232335651/
2025-07-14 17:05:37 - DEBUG - Extracted pin ID (standard format): 9218374232335651
2025-07-14 17:05:37 - DEBUG - Extracting pin ID from URL: https://www.pinterest.com/pin/9218374232335651/
2025-07-14 17:05:37 - DEBUG - Extracted pin ID (standard format): 9218374232335651
2025-07-14 17:05:37 - INFO - Processing pin: 9218374232335651
2025-07-14 17:05:37 - DEBUG - Extracting image URL from pin page: https://www.pinterest.com/pin/9218374232335651/
2025-07-14 17:05:38 - DEBUG - Navigating to pin page
2025-07-14 17:05:40 - DEBUG - Waiting for og:image meta tag
2025-07-14 17:05:40 - DEBUG - Successfully extracted image URL: https://i.pinimg.com/736x/f6/55/52/f65552d0cce5af317b6c36ef7301700b.jpg
2025-07-14 17:05:40 - DEBUG - Getting highest quality URL for: https://i.pinimg.com/736x/f6/55/52/f65552d0cce5af317b6c36ef7301700b.jpg
2025-07-14 17:05:40 - DEBUG - Original quality URL available
2025-07-14 17:05:40 - INFO - Downloading image from: https://i.pinimg.com/736x/f6/55/52/f65552d0cce5af317b6c36ef7301700b.jpg
2025-07-14 17:05:40 - DEBUG - Saved 377 processed pins to history
2025-07-14 17:05:40 - DEBUG - Marked pin 9218374232335651 as processed
2025-07-14 17:05:40 - INFO - Successfully downloaded pin 9218374232335651 - Size: 131490 bytes
2025-07-14 17:05:41 - DEBUG - Extracting pin ID from URL: https://www.pinterest.com/pin/597712181837214565/
2025-07-14 17:05:41 - DEBUG - Extracted pin ID (standard format): 597712181837214565
2025-07-14 17:05:41 - DEBUG - Extracting pin ID from URL: https://www.pinterest.com/pin/597712181837214565/
2025-07-14 17:05:41 - DEBUG - Extracted pin ID (standard format): 597712181837214565
2025-07-14 17:05:41 - INFO - Processing pin: 597712181837214565
2025-07-14 17:05:41 - DEBUG - Extracting image URL from pin page: https://www.pinterest.com/pin/597712181837214565/
2025-07-14 17:05:42 - DEBUG - Navigating to pin page
2025-07-14 17:05:44 - DEBUG - Waiting for og:image meta tag
2025-07-14 17:05:44 - DEBUG - Successfully extracted image URL: https://i.pinimg.com/736x/0f/e3/71/0fe3710ea3b240e7b1ca47d330c6fc26.jpg
2025-07-14 17:05:49 - DEBUG - Getting highest quality URL for: https://i.pinimg.com/736x/0f/e3/71/0fe3710ea3b240e7b1ca47d330c6fc26.jpg
2025-07-14 17:05:49 - DEBUG - Original quality URL available
2025-07-14 17:05:49 - INFO - Downloading image from: https://i.pinimg.com/736x/0f/e3/71/0fe3710ea3b240e7b1ca47d330c6fc26.jpg
2025-07-14 17:05:49 - DEBUG - Saved 378 processed pins to history
2025-07-14 17:05:49 - DEBUG - Marked pin 597712181837214565 as processed
2025-07-14 17:05:49 - INFO - Successfully downloaded pin 597712181837214565 - Size: 74330 bytes
2025-07-14 17:05:49 - DEBUG - Extracting pin ID from URL: https://www.pinterest.com/pin/my-cutouts--119415827617449271/
2025-07-14 17:05:49 - DEBUG - Extracted pin ID (description format): 119415827617449271
2025-07-14 17:05:49 - DEBUG - Extracting pin ID from URL: https://www.pinterest.com/pin/my-cutouts--119415827617449271/
2025-07-14 17:05:49 - DEBUG - Extracted pin ID (description format): 119415827617449271
2025-07-14 17:05:49 - INFO - Processing pin: 119415827617449271
2025-07-14 17:05:49 - DEBUG - Extracting image URL from pin page: https://www.pinterest.com/pin/my-cutouts--119415827617449271/
2025-07-14 17:05:51 - DEBUG - Navigating to pin page
2025-07-14 17:05:52 - DEBUG - Waiting for og:image meta tag
2025-07-14 17:05:52 - DEBUG - Successfully extracted image URL: https://i.pinimg.com/736x/a3/c6/cb/a3c6cb427568c9e75be0680300852ae6.jpg
2025-07-14 17:05:52 - DEBUG - Getting highest quality URL for: https://i.pinimg.com/736x/a3/c6/cb/a3c6cb427568c9e75be0680300852ae6.jpg
2025-07-14 17:05:52 - DEBUG - Original quality URL available
2025-07-14 17:05:52 - INFO - Downloading image from: https://i.pinimg.com/736x/a3/c6/cb/a3c6cb427568c9e75be0680300852ae6.jpg
2025-07-14 17:05:52 - DEBUG - Saved 379 processed pins to history
2025-07-14 17:05:52 - DEBUG - Marked pin 119415827617449271 as processed
2025-07-14 17:05:52 - INFO - Successfully downloaded pin 119415827617449271 - Size: 95347 bytes
2025-07-14 17:05:53 - DEBUG - Extracting pin ID from URL: https://www.pinterest.com/pin/84301824269913915/
2025-07-14 17:05:53 - DEBUG - Extracted pin ID (standard format): 84301824269913915
2025-07-14 17:05:53 - DEBUG - Extracting pin ID from URL: https://www.pinterest.com/pin/84301824269913915/
2025-07-14 17:05:53 - DEBUG - Extracted pin ID (standard format): 84301824269913915
2025-07-14 17:05:53 - INFO - Processing pin: 84301824269913915
2025-07-14 17:05:53 - DEBUG - Extracting image URL from pin page: https://www.pinterest.com/pin/84301824269913915/
2025-07-14 17:05:54 - DEBUG - Navigating to pin page
2025-07-14 17:05:59 - DEBUG - Waiting for og:image meta tag
2025-07-14 17:05:59 - DEBUG - Successfully extracted image URL: https://i.pinimg.com/736x/d9/56/ff/d956ffb3dda67536cc156af717a762e9.jpg
2025-07-14 17:06:01 - DEBUG - Getting highest quality URL for: https://i.pinimg.com/736x/d9/56/ff/d956ffb3dda67536cc156af717a762e9.jpg
2025-07-14 17:06:01 - DEBUG - Original quality URL available
2025-07-14 17:06:01 - INFO - Downloading image from: https://i.pinimg.com/736x/d9/56/ff/d956ffb3dda67536cc156af717a762e9.jpg
2025-07-14 17:06:01 - DEBUG - Saved 380 processed pins to history
2025-07-14 17:06:01 - DEBUG - Marked pin 84301824269913915 as processed
2025-07-14 17:06:01 - INFO - Successfully downloaded pin 84301824269913915 - Size: 188027 bytes
2025-07-14 17:06:02 - DEBUG - Extracting pin ID from URL: https://www.pinterest.com/pin/11047961582012851/
2025-07-14 17:06:02 - DEBUG - Extracted pin ID (standard format): 11047961582012851
2025-07-14 17:06:02 - DEBUG - Extracting pin ID from URL: https://www.pinterest.com/pin/11047961582012851/
2025-07-14 17:06:02 - DEBUG - Extracted pin ID (standard format): 11047961582012851
2025-07-14 17:06:02 - INFO - Processing pin: 11047961582012851
2025-07-14 17:06:02 - DEBUG - Extracting image URL from pin page: https://www.pinterest.com/pin/11047961582012851/
2025-07-14 17:06:03 - DEBUG - Navigating to pin page
2025-07-14 17:06:05 - DEBUG - Waiting for og:image meta tag
2025-07-14 17:06:05 - DEBUG - Successfully extracted image URL: https://i.pinimg.com/736x/d9/dc/da/d9dcda510ebd4b9c3d10f4d11b86d5b3.jpg
2025-07-14 17:06:05 - DEBUG - Getting highest quality URL for: https://i.pinimg.com/736x/d9/dc/da/d9dcda510ebd4b9c3d10f4d11b86d5b3.jpg
2025-07-14 17:06:05 - DEBUG - Original quality URL available
2025-07-14 17:06:05 - INFO - Downloading image from: https://i.pinimg.com/736x/d9/dc/da/d9dcda510ebd4b9c3d10f4d11b86d5b3.jpg
2025-07-14 17:06:05 - DEBUG - Saved 381 processed pins to history
2025-07-14 17:06:05 - DEBUG - Marked pin 11047961582012851 as processed
2025-07-14 17:06:05 - INFO - Successfully downloaded pin 11047961582012851 - Size: 126912 bytes
2025-07-14 17:06:05 - DEBUG - Extracting pin ID from URL: https://www.pinterest.com/pin/856106210449693791/
2025-07-14 17:06:05 - DEBUG - Extracted pin ID (standard format): 856106210449693791
2025-07-14 17:06:05 - DEBUG - Extracting pin ID from URL: https://www.pinterest.com/pin/856106210449693791/
2025-07-14 17:06:05 - DEBUG - Extracted pin ID (standard format): 856106210449693791
2025-07-14 17:06:05 - INFO - Processing pin: 856106210449693791
2025-07-14 17:06:05 - DEBUG - Extracting image URL from pin page: https://www.pinterest.com/pin/856106210449693791/
2025-07-14 17:06:07 - DEBUG - Navigating to pin page
2025-07-14 17:06:08 - DEBUG - Waiting for og:image meta tag
2025-07-14 17:06:08 - DEBUG - Successfully extracted image URL: https://i.pinimg.com/736x/da/ef/c6/daefc629a202faa80088a3814400a169.jpg
2025-07-14 17:06:09 - DEBUG - Getting highest quality URL for: https://i.pinimg.com/736x/da/ef/c6/daefc629a202faa80088a3814400a169.jpg
2025-07-14 17:06:10 - DEBUG - Original quality URL available
2025-07-14 17:06:10 - INFO - Downloading image from: https://i.pinimg.com/736x/da/ef/c6/daefc629a202faa80088a3814400a169.jpg
2025-07-14 17:06:10 - DEBUG - Saved 382 processed pins to history
2025-07-14 17:06:10 - DEBUG - Marked pin 856106210449693791 as processed
2025-07-14 17:06:10 - INFO - Successfully downloaded pin 856106210449693791 - Size: 84547 bytes
2025-07-14 17:06:10 - DEBUG - Extracting pin ID from URL: https://www.pinterest.com/pin/8162843069982548/
2025-07-14 17:06:10 - DEBUG - Extracted pin ID (standard format): 8162843069982548
2025-07-14 17:06:10 - DEBUG - Extracting pin ID from URL: https://www.pinterest.com/pin/8162843069982548/
2025-07-14 17:06:10 - DEBUG - Extracted pin ID (standard format): 8162843069982548
2025-07-14 17:06:10 - INFO - Processing pin: 8162843069982548
2025-07-14 17:06:10 - DEBUG - Extracting image URL from pin page: https://www.pinterest.com/pin/8162843069982548/
2025-07-14 17:06:12 - DEBUG - Navigating to pin page
2025-07-14 17:06:13 - DEBUG - Waiting for og:image meta tag
2025-07-14 17:06:14 - DEBUG - Successfully extracted image URL: https://i.pinimg.com/736x/29/cf/43/29cf433aa9b1d87843d98e0b46902618.jpg
2025-07-14 17:06:14 - DEBUG - Getting highest quality URL for: https://i.pinimg.com/736x/29/cf/43/29cf433aa9b1d87843d98e0b46902618.jpg
2025-07-14 17:06:14 - DEBUG - Original quality URL available
2025-07-14 17:06:14 - INFO - Downloading image from: https://i.pinimg.com/736x/29/cf/43/29cf433aa9b1d87843d98e0b46902618.jpg
2025-07-14 17:06:14 - DEBUG - Saved 383 processed pins to history
2025-07-14 17:06:14 - DEBUG - Marked pin 8162843069982548 as processed
2025-07-14 17:06:14 - INFO - Successfully downloaded pin 8162843069982548 - Size: 95077 bytes
2025-07-14 17:06:15 - DEBUG - Extracting pin ID from URL: https://www.pinterest.com/pin/916271486703300868/
2025-07-14 17:06:15 - DEBUG - Extracted pin ID (standard format): 916271486703300868
2025-07-14 17:06:15 - DEBUG - Extracting pin ID from URL: https://www.pinterest.com/pin/916271486703300868/
2025-07-14 17:06:15 - DEBUG - Extracted pin ID (standard format): 916271486703300868
2025-07-14 17:06:15 - INFO - Processing pin: 916271486703300868
2025-07-14 17:06:15 - DEBUG - Extracting image URL from pin page: https://www.pinterest.com/pin/916271486703300868/
2025-07-14 17:06:16 - DEBUG - Navigating to pin page
2025-07-14 17:06:18 - DEBUG - Waiting for og:image meta tag
2025-07-14 17:06:19 - DEBUG - Successfully extracted image URL: https://i.pinimg.com/736x/9c/a9/a8/9ca9a865301854939d845498564f9a51.jpg
2025-07-14 17:06:19 - DEBUG - Getting highest quality URL for: https://i.pinimg.com/736x/9c/a9/a8/9ca9a865301854939d845498564f9a51.jpg
2025-07-14 17:06:19 - DEBUG - Original quality URL available
2025-07-14 17:06:19 - INFO - Downloading image from: https://i.pinimg.com/736x/9c/a9/a8/9ca9a865301854939d845498564f9a51.jpg
2025-07-14 17:06:19 - DEBUG - Saved 384 processed pins to history
2025-07-14 17:06:19 - DEBUG - Marked pin 916271486703300868 as processed
2025-07-14 17:06:19 - INFO - Successfully downloaded pin 916271486703300868 - Size: 39501 bytes
2025-07-14 17:06:20 - DEBUG - Extracting pin ID from URL: https://www.pinterest.com/pin/18366310975902906/
2025-07-14 17:06:20 - DEBUG - Extracted pin ID (standard format): 18366310975902906
2025-07-14 17:06:20 - DEBUG - Extracting pin ID from URL: https://www.pinterest.com/pin/18366310975902906/
2025-07-14 17:06:20 - DEBUG - Extracted pin ID (standard format): 18366310975902906
2025-07-14 17:06:20 - INFO - Processing pin: 18366310975902906
2025-07-14 17:06:20 - DEBUG - Extracting image URL from pin page: https://www.pinterest.com/pin/18366310975902906/
2025-07-14 17:06:21 - DEBUG - Navigating to pin page
2025-07-14 17:06:24 - DEBUG - Waiting for og:image meta tag
2025-07-14 17:06:25 - DEBUG - Successfully extracted image URL: https://i.pinimg.com/736x/50/6c/b6/506cb6ad6330040e4ad34b3a34fd3380.jpg
2025-07-14 17:06:25 - DEBUG - Getting highest quality URL for: https://i.pinimg.com/736x/50/6c/b6/506cb6ad6330040e4ad34b3a34fd3380.jpg
2025-07-14 17:06:25 - DEBUG - Original quality URL available
2025-07-14 17:06:25 - INFO - Downloading image from: https://i.pinimg.com/736x/50/6c/b6/506cb6ad6330040e4ad34b3a34fd3380.jpg
2025-07-14 17:06:25 - DEBUG - Saved 385 processed pins to history
2025-07-14 17:06:25 - DEBUG - Marked pin 18366310975902906 as processed
2025-07-14 17:06:25 - INFO - Successfully downloaded pin 18366310975902906 - Size: 71892 bytes
2025-07-14 17:06:25 - DEBUG - Extracting pin ID from URL: https://www.pinterest.com/pin/865535622142067806/
2025-07-14 17:06:25 - DEBUG - Extracted pin ID (standard format): 865535622142067806
2025-07-14 17:06:25 - DEBUG - Extracting pin ID from URL: https://www.pinterest.com/pin/865535622142067806/
2025-07-14 17:06:25 - DEBUG - Extracted pin ID (standard format): 865535622142067806
2025-07-14 17:06:25 - INFO - Processing pin: 865535622142067806
2025-07-14 17:06:25 - DEBUG - Extracting image URL from pin page: https://www.pinterest.com/pin/865535622142067806/
2025-07-14 17:06:27 - DEBUG - Navigating to pin page
2025-07-14 17:06:28 - DEBUG - Waiting for og:image meta tag
2025-07-14 17:06:28 - DEBUG - Successfully extracted image URL: https://i.pinimg.com/736x/9a/26/c1/9a26c1ee536a715c32c1cc4ffa622802.jpg
2025-07-14 17:06:29 - DEBUG - Getting highest quality URL for: https://i.pinimg.com/736x/9a/26/c1/9a26c1ee536a715c32c1cc4ffa622802.jpg
2025-07-14 17:06:29 - DEBUG - Original quality URL available
2025-07-14 17:06:29 - INFO - Downloading image from: https://i.pinimg.com/736x/9a/26/c1/9a26c1ee536a715c32c1cc4ffa622802.jpg
2025-07-14 17:06:29 - DEBUG - Saved 386 processed pins to history
2025-07-14 17:06:29 - DEBUG - Marked pin 865535622142067806 as processed
2025-07-14 17:06:29 - INFO - Successfully downloaded pin 865535622142067806 - Size: 38952 bytes
2025-07-14 17:06:29 - DEBUG - Extracting pin ID from URL: https://www.pinterest.com/pin/11540542793402313/
2025-07-14 17:06:29 - DEBUG - Extracted pin ID (standard format): 11540542793402313
2025-07-14 17:06:29 - DEBUG - Extracting pin ID from URL: https://www.pinterest.com/pin/11540542793402313/
2025-07-14 17:06:30 - DEBUG - Extracted pin ID (standard format): 11540542793402313
2025-07-14 17:06:30 - INFO - Processing pin: 11540542793402313
2025-07-14 17:06:30 - DEBUG - Extracting image URL from pin page: https://www.pinterest.com/pin/11540542793402313/
2025-07-14 17:06:31 - DEBUG - Navigating to pin page
2025-07-14 17:06:33 - DEBUG - Waiting for og:image meta tag
2025-07-14 17:06:33 - DEBUG - Successfully extracted image URL: https://i.pinimg.com/736x/8f/37/52/8f3752c5518436b038798fe6ee1471d0.jpg
2025-07-14 17:06:33 - DEBUG - Getting highest quality URL for: https://i.pinimg.com/736x/8f/37/52/8f3752c5518436b038798fe6ee1471d0.jpg
2025-07-14 17:06:33 - DEBUG - Original quality URL available
2025-07-14 17:06:33 - INFO - Downloading image from: https://i.pinimg.com/736x/8f/37/52/8f3752c5518436b038798fe6ee1471d0.jpg
2025-07-14 17:06:33 - DEBUG - Saved 387 processed pins to history
2025-07-14 17:06:33 - DEBUG - Marked pin 11540542793402313 as processed
2025-07-14 17:06:33 - INFO - Successfully downloaded pin 11540542793402313 - Size: 84290 bytes
2025-07-14 17:06:33 - DEBUG - Extracting pin ID from URL: https://www.pinterest.com/pin/travel-the-world-with-your-best-friend--598204763029466971/
2025-07-14 17:06:33 - DEBUG - Extracted pin ID (description format): 598204763029466971
2025-07-14 17:06:33 - DEBUG - Extracting pin ID from URL: https://www.pinterest.com/pin/travel-the-world-with-your-best-friend--598204763029466971/
2025-07-14 17:06:33 - DEBUG - Extracted pin ID (description format): 598204763029466971
2025-07-14 17:06:33 - INFO - Processing pin: 598204763029466971
2025-07-14 17:06:33 - DEBUG - Extracting image URL from pin page: https://www.pinterest.com/pin/travel-the-world-with-your-best-friend--598204763029466971/
2025-07-14 17:06:35 - DEBUG - Navigating to pin page
2025-07-14 17:06:36 - DEBUG - Waiting for og:image meta tag
2025-07-14 17:06:36 - DEBUG - Successfully extracted image URL: https://i.pinimg.com/736x/8d/e8/36/8de8363d0029f940aaf5dfda8b0faec6.jpg
2025-07-14 17:06:36 - DEBUG - Getting highest quality URL for: https://i.pinimg.com/736x/8d/e8/36/8de8363d0029f940aaf5dfda8b0faec6.jpg
2025-07-14 17:06:36 - DEBUG - Original quality URL available
2025-07-14 17:06:36 - INFO - Downloading image from: https://i.pinimg.com/736x/8d/e8/36/8de8363d0029f940aaf5dfda8b0faec6.jpg
2025-07-14 17:06:36 - DEBUG - Saved 388 processed pins to history
2025-07-14 17:06:36 - DEBUG - Marked pin 598204763029466971 as processed
2025-07-14 17:06:36 - INFO - Successfully downloaded pin 598204763029466971 - Size: 98745 bytes
2025-07-14 17:06:37 - DEBUG - Extracting pin ID from URL: https://www.pinterest.com/pin/168392473564189706/
2025-07-14 17:06:37 - DEBUG - Extracted pin ID (standard format): 168392473564189706
2025-07-14 17:06:37 - DEBUG - Extracting pin ID from URL: https://www.pinterest.com/pin/168392473564189706/
2025-07-14 17:06:37 - DEBUG - Extracted pin ID (standard format): 168392473564189706
2025-07-14 17:06:37 - INFO - Processing pin: 168392473564189706
2025-07-14 17:06:37 - DEBUG - Extracting image URL from pin page: https://www.pinterest.com/pin/168392473564189706/
2025-07-14 17:06:38 - DEBUG - Navigating to pin page
2025-07-14 17:06:40 - DEBUG - Waiting for og:image meta tag
2025-07-14 17:06:40 - DEBUG - Successfully extracted image URL: https://i.pinimg.com/736x/7e/9c/56/7e9c5676fa93a996ae6523cd17f408ac.jpg
2025-07-14 17:06:40 - DEBUG - Getting highest quality URL for: https://i.pinimg.com/736x/7e/9c/56/7e9c5676fa93a996ae6523cd17f408ac.jpg
2025-07-14 17:06:40 - DEBUG - Original quality URL available
2025-07-14 17:06:40 - INFO - Downloading image from: https://i.pinimg.com/736x/7e/9c/56/7e9c5676fa93a996ae6523cd17f408ac.jpg
2025-07-14 17:06:40 - DEBUG - Saved 389 processed pins to history
2025-07-14 17:06:40 - DEBUG - Marked pin 168392473564189706 as processed
2025-07-14 17:06:40 - INFO - Successfully downloaded pin 168392473564189706 - Size: 162049 bytes
2025-07-14 17:06:41 - DEBUG - Extracting pin ID from URL: https://www.pinterest.com/pin/viaje-in-2025--168392473565003321/
2025-07-14 17:06:41 - DEBUG - Extracted pin ID (description format): 168392473565003321
2025-07-14 17:06:41 - DEBUG - Extracting pin ID from URL: https://www.pinterest.com/pin/viaje-in-2025--168392473565003321/
2025-07-14 17:06:41 - DEBUG - Extracted pin ID (description format): 168392473565003321
2025-07-14 17:06:41 - INFO - Processing pin: 168392473565003321
2025-07-14 17:06:41 - DEBUG - Extracting image URL from pin page: https://www.pinterest.com/pin/viaje-in-2025--168392473565003321/
2025-07-14 17:06:42 - DEBUG - Navigating to pin page
2025-07-14 17:06:43 - DEBUG - Waiting for og:image meta tag
2025-07-14 17:06:43 - DEBUG - Successfully extracted image URL: https://i.pinimg.com/736x/74/96/4a/74964aa7e697dec2fb248a1d5ebe6e90.jpg
2025-07-14 17:06:44 - DEBUG - Getting highest quality URL for: https://i.pinimg.com/736x/74/96/4a/74964aa7e697dec2fb248a1d5ebe6e90.jpg
2025-07-14 17:06:44 - DEBUG - Original quality URL available
2025-07-14 17:06:44 - INFO - Downloading image from: https://i.pinimg.com/736x/74/96/4a/74964aa7e697dec2fb248a1d5ebe6e90.jpg
2025-07-14 17:06:44 - DEBUG - Saved 390 processed pins to history
2025-07-14 17:06:44 - DEBUG - Marked pin 168392473565003321 as processed
2025-07-14 17:06:44 - INFO - Successfully downloaded pin 168392473565003321 - Size: 86529 bytes
2025-07-14 17:06:44 - DEBUG - Extracting pin ID from URL: https://www.pinterest.com/pin/traval-in-2025--1034279870677374215/
2025-07-14 17:06:44 - DEBUG - Extracted pin ID (description format): 1034279870677374215
2025-07-14 17:06:44 - DEBUG - Extracting pin ID from URL: https://www.pinterest.com/pin/traval-in-2025--1034279870677374215/
2025-07-14 17:06:44 - DEBUG - Extracted pin ID (description format): 1034279870677374215
2025-07-14 17:06:44 - INFO - Processing pin: 1034279870677374215
2025-07-14 17:06:44 - DEBUG - Extracting image URL from pin page: https://www.pinterest.com/pin/traval-in-2025--1034279870677374215/
2025-07-14 17:06:45 - DEBUG - Navigating to pin page
2025-07-14 17:06:47 - DEBUG - Waiting for og:image meta tag
2025-07-14 17:06:47 - DEBUG - Successfully extracted image URL: https://i.pinimg.com/736x/9b/74/79/9b747963832100a738d96412a0a48f47.jpg
2025-07-14 17:06:47 - DEBUG - Getting highest quality URL for: https://i.pinimg.com/736x/9b/74/79/9b747963832100a738d96412a0a48f47.jpg
2025-07-14 17:06:47 - DEBUG - Original quality URL available
2025-07-14 17:06:47 - INFO - Downloading image from: https://i.pinimg.com/736x/9b/74/79/9b747963832100a738d96412a0a48f47.jpg
2025-07-14 17:06:47 - DEBUG - Saved 391 processed pins to history
2025-07-14 17:06:47 - DEBUG - Marked pin 1034279870677374215 as processed
2025-07-14 17:06:47 - INFO - Successfully downloaded pin 1034279870677374215 - Size: 46107 bytes
2025-07-14 17:06:48 - DEBUG - Extracting pin ID from URL: https://www.pinterest.com/pin/danicas-2025--414120128253236037/
2025-07-14 17:06:48 - DEBUG - Extracted pin ID (description format): 414120128253236037
2025-07-14 17:06:48 - DEBUG - Extracting pin ID from URL: https://www.pinterest.com/pin/danicas-2025--414120128253236037/
2025-07-14 17:06:48 - DEBUG - Extracted pin ID (description format): 414120128253236037
2025-07-14 17:06:48 - INFO - Processing pin: 414120128253236037
2025-07-14 17:06:48 - DEBUG - Extracting image URL from pin page: https://www.pinterest.com/pin/danicas-2025--414120128253236037/
2025-07-14 17:06:49 - DEBUG - Navigating to pin page
2025-07-14 17:06:50 - DEBUG - Waiting for og:image meta tag
2025-07-14 17:06:51 - DEBUG - Successfully extracted image URL: https://i.pinimg.com/736x/fe/76/44/fe7644cc7518adc23be598983d9dcb50.jpg
2025-07-14 17:06:51 - DEBUG - Getting highest quality URL for: https://i.pinimg.com/736x/fe/76/44/fe7644cc7518adc23be598983d9dcb50.jpg
2025-07-14 17:06:51 - DEBUG - Original quality URL available
2025-07-14 17:06:51 - INFO - Downloading image from: https://i.pinimg.com/736x/fe/76/44/fe7644cc7518adc23be598983d9dcb50.jpg
2025-07-14 17:06:51 - DEBUG - Saved 392 processed pins to history
2025-07-14 17:06:51 - DEBUG - Marked pin 414120128253236037 as processed
2025-07-14 17:06:51 - INFO - Successfully downloaded pin 414120128253236037 - Size: 65921 bytes
2025-07-14 17:06:51 - DEBUG - Extracting pin ID from URL: https://www.pinterest.com/pin/37928821857910185/
2025-07-14 17:06:51 - DEBUG - Extracted pin ID (standard format): 37928821857910185
2025-07-14 17:06:51 - DEBUG - Extracting pin ID from URL: https://www.pinterest.com/pin/37928821857910185/
2025-07-14 17:06:51 - DEBUG - Extracted pin ID (standard format): 37928821857910185
2025-07-14 17:06:51 - INFO - Processing pin: 37928821857910185
2025-07-14 17:06:51 - DEBUG - Extracting image URL from pin page: https://www.pinterest.com/pin/37928821857910185/
2025-07-14 17:06:53 - DEBUG - Navigating to pin page
2025-07-14 17:06:54 - DEBUG - Waiting for og:image meta tag
2025-07-14 17:06:54 - DEBUG - Successfully extracted image URL: https://i.pinimg.com/736x/cd/27/e7/cd27e7f4bf1b56bd69f3be856473d7d4.jpg
2025-07-14 17:06:54 - DEBUG - Getting highest quality URL for: https://i.pinimg.com/736x/cd/27/e7/cd27e7f4bf1b56bd69f3be856473d7d4.jpg
2025-07-14 17:06:54 - DEBUG - Original quality URL available
2025-07-14 17:06:54 - INFO - Downloading image from: https://i.pinimg.com/736x/cd/27/e7/cd27e7f4bf1b56bd69f3be856473d7d4.jpg
2025-07-14 17:06:54 - DEBUG - Saved 393 processed pins to history
2025-07-14 17:06:54 - DEBUG - Marked pin 37928821857910185 as processed
2025-07-14 17:06:54 - INFO - Successfully downloaded pin 37928821857910185 - Size: 23682 bytes
2025-07-14 17:06:55 - DEBUG - Extracting pin ID from URL: https://www.pinterest.com/pin/281543725241386/
2025-07-14 17:06:55 - DEBUG - Extracted pin ID (standard format): 281543725241386
2025-07-14 17:06:55 - DEBUG - Extracting pin ID from URL: https://www.pinterest.com/pin/281543725241386/
2025-07-14 17:06:55 - DEBUG - Extracted pin ID (standard format): 281543725241386
2025-07-14 17:06:55 - INFO - Processing pin: 281543725241386
2025-07-14 17:06:55 - DEBUG - Extracting image URL from pin page: https://www.pinterest.com/pin/281543725241386/
2025-07-14 17:06:56 - DEBUG - Navigating to pin page
2025-07-14 17:06:58 - DEBUG - Waiting for og:image meta tag
2025-07-14 17:06:58 - DEBUG - Successfully extracted image URL: https://i.pinimg.com/736x/a1/f1/69/a1f169ad0e2e541d1bb027b0145eb8f0.jpg
2025-07-14 17:06:58 - DEBUG - Getting highest quality URL for: https://i.pinimg.com/736x/a1/f1/69/a1f169ad0e2e541d1bb027b0145eb8f0.jpg
2025-07-14 17:06:58 - DEBUG - Original quality URL available
2025-07-14 17:06:58 - INFO - Downloading image from: https://i.pinimg.com/736x/a1/f1/69/a1f169ad0e2e541d1bb027b0145eb8f0.jpg
2025-07-14 17:06:58 - DEBUG - Saved 394 processed pins to history
2025-07-14 17:06:58 - DEBUG - Marked pin 281543725241386 as processed
2025-07-14 17:06:58 - INFO - Successfully downloaded pin 281543725241386 - Size: 53406 bytes
2025-07-14 17:06:59 - DEBUG - Extracting pin ID from URL: https://www.pinterest.com/pin/432556739221253974/
2025-07-14 17:06:59 - DEBUG - Extracted pin ID (standard format): 432556739221253974
2025-07-14 17:06:59 - DEBUG - Extracting pin ID from URL: https://www.pinterest.com/pin/432556739221253974/
2025-07-14 17:06:59 - DEBUG - Extracted pin ID (standard format): 432556739221253974
2025-07-14 17:06:59 - INFO - Processing pin: 432556739221253974
2025-07-14 17:06:59 - DEBUG - Extracting image URL from pin page: https://www.pinterest.com/pin/432556739221253974/
2025-07-14 17:07:00 - DEBUG - Navigating to pin page
2025-07-14 17:07:02 - DEBUG - Waiting for og:image meta tag
2025-07-14 17:07:02 - DEBUG - Successfully extracted image URL: https://i.pinimg.com/736x/a8/dc/e4/a8dce44e1ce6ab38a19bf96d30ea012b.jpg
2025-07-14 17:07:02 - DEBUG - Getting highest quality URL for: https://i.pinimg.com/736x/a8/dc/e4/a8dce44e1ce6ab38a19bf96d30ea012b.jpg
2025-07-14 17:07:02 - DEBUG - Original quality URL available
2025-07-14 17:07:02 - INFO - Downloading image from: https://i.pinimg.com/736x/a8/dc/e4/a8dce44e1ce6ab38a19bf96d30ea012b.jpg
2025-07-14 17:07:02 - DEBUG - Saved 395 processed pins to history
2025-07-14 17:07:02 - DEBUG - Marked pin 432556739221253974 as processed
2025-07-14 17:07:02 - INFO - Successfully downloaded pin 432556739221253974 - Size: 48087 bytes
2025-07-14 17:07:03 - DEBUG - Extracting pin ID from URL: https://www.pinterest.com/pin/595671488252698706/
2025-07-14 17:07:03 - DEBUG - Extracted pin ID (standard format): 595671488252698706
2025-07-14 17:07:03 - DEBUG - Extracting pin ID from URL: https://www.pinterest.com/pin/595671488252698706/
2025-07-14 17:07:03 - DEBUG - Extracted pin ID (standard format): 595671488252698706
2025-07-14 17:07:03 - INFO - Processing pin: 595671488252698706
2025-07-14 17:07:03 - DEBUG - Extracting image URL from pin page: https://www.pinterest.com/pin/595671488252698706/
2025-07-14 17:07:04 - DEBUG - Navigating to pin page
2025-07-14 17:07:05 - DEBUG - Waiting for og:image meta tag
2025-07-14 17:07:05 - DEBUG - Successfully extracted image URL: https://i.pinimg.com/736x/6a/ec/14/6aec14fdeae9b091731dc85ea4183a5a.jpg
2025-07-14 17:07:05 - DEBUG - Getting highest quality URL for: https://i.pinimg.com/736x/6a/ec/14/6aec14fdeae9b091731dc85ea4183a5a.jpg
2025-07-14 17:07:06 - DEBUG - Original quality URL available
2025-07-14 17:07:06 - INFO - Downloading image from: https://i.pinimg.com/736x/6a/ec/14/6aec14fdeae9b091731dc85ea4183a5a.jpg
2025-07-14 17:07:06 - DEBUG - Saved 396 processed pins to history
2025-07-14 17:07:06 - DEBUG - Marked pin 595671488252698706 as processed
2025-07-14 17:07:06 - INFO - Successfully downloaded pin 595671488252698706 - Size: 90346 bytes
2025-07-14 17:07:06 - DEBUG - Extracting pin ID from URL: https://www.pinterest.com/pin/493144227967083156/
2025-07-14 17:07:06 - DEBUG - Extracted pin ID (standard format): 493144227967083156
2025-07-14 17:07:06 - DEBUG - Extracting pin ID from URL: https://www.pinterest.com/pin/493144227967083156/
2025-07-14 17:07:06 - DEBUG - Extracted pin ID (standard format): 493144227967083156
2025-07-14 17:07:06 - INFO - Processing pin: 493144227967083156
2025-07-14 17:07:06 - DEBUG - Extracting image URL from pin page: https://www.pinterest.com/pin/493144227967083156/
2025-07-14 17:07:07 - DEBUG - Navigating to pin page
2025-07-14 17:07:09 - DEBUG - Waiting for og:image meta tag
2025-07-14 17:07:09 - DEBUG - Successfully extracted image URL: https://i.pinimg.com/736x/b8/0f/76/b80f76bc78da4af3d2923d304a31558c.jpg
2025-07-14 17:07:10 - DEBUG - Getting highest quality URL for: https://i.pinimg.com/736x/b8/0f/76/b80f76bc78da4af3d2923d304a31558c.jpg
2025-07-14 17:07:10 - DEBUG - Original quality URL available
2025-07-14 17:07:10 - INFO - Downloading image from: https://i.pinimg.com/736x/b8/0f/76/b80f76bc78da4af3d2923d304a31558c.jpg
2025-07-14 17:07:10 - DEBUG - Saved 397 processed pins to history
2025-07-14 17:07:10 - DEBUG - Marked pin 493144227967083156 as processed
2025-07-14 17:07:10 - INFO - Successfully downloaded pin 493144227967083156 - Size: 70975 bytes
2025-07-14 17:07:10 - DEBUG - Extracting pin ID from URL: https://www.pinterest.com/pin/649714683776274995/
2025-07-14 17:07:10 - DEBUG - Extracted pin ID (standard format): 649714683776274995
2025-07-14 17:07:10 - DEBUG - Extracting pin ID from URL: https://www.pinterest.com/pin/649714683776274995/
2025-07-14 17:07:10 - DEBUG - Extracted pin ID (standard format): 649714683776274995
2025-07-14 17:07:10 - INFO - Processing pin: 649714683776274995
2025-07-14 17:07:10 - DEBUG - Extracting image URL from pin page: https://www.pinterest.com/pin/649714683776274995/
2025-07-14 17:07:11 - DEBUG - Navigating to pin page
2025-07-14 17:07:13 - DEBUG - Waiting for og:image meta tag
2025-07-14 17:07:13 - DEBUG - Successfully extracted image URL: https://i.pinimg.com/736x/32/35/53/3235535b6e0af1bdc9aff2f57e67cf2a.jpg
2025-07-14 17:07:13 - DEBUG - Getting highest quality URL for: https://i.pinimg.com/736x/32/35/53/3235535b6e0af1bdc9aff2f57e67cf2a.jpg
2025-07-14 17:07:13 - DEBUG - Original quality URL available
2025-07-14 17:07:13 - INFO - Downloading image from: https://i.pinimg.com/736x/32/35/53/3235535b6e0af1bdc9aff2f57e67cf2a.jpg
2025-07-14 17:07:13 - DEBUG - Saved 398 processed pins to history
2025-07-14 17:07:13 - DEBUG - Marked pin 649714683776274995 as processed
2025-07-14 17:07:13 - INFO - Successfully downloaded pin 649714683776274995 - Size: 22818 bytes
2025-07-14 17:07:14 - DEBUG - Extracting pin ID from URL: https://www.pinterest.com/pin/546483736055310820/
2025-07-14 17:07:14 - DEBUG - Extracted pin ID (standard format): 546483736055310820
2025-07-14 17:07:14 - DEBUG - Extracting pin ID from URL: https://www.pinterest.com/pin/546483736055310820/
2025-07-14 17:07:14 - DEBUG - Extracted pin ID (standard format): 546483736055310820
2025-07-14 17:07:14 - INFO - Processing pin: 546483736055310820
2025-07-14 17:07:14 - DEBUG - Extracting image URL from pin page: https://www.pinterest.com/pin/546483736055310820/
2025-07-14 17:07:15 - DEBUG - Navigating to pin page
2025-07-14 17:07:16 - DEBUG - Waiting for og:image meta tag
2025-07-14 17:07:16 - DEBUG - Successfully extracted image URL: https://i.pinimg.com/736x/41/91/b2/4191b2e11690280f023340f7a4394280.jpg
2025-07-14 17:07:16 - DEBUG - Getting highest quality URL for: https://i.pinimg.com/736x/41/91/b2/4191b2e11690280f023340f7a4394280.jpg
2025-07-14 17:07:16 - DEBUG - Original quality URL available
2025-07-14 17:07:16 - INFO - Downloading image from: https://i.pinimg.com/736x/41/91/b2/4191b2e11690280f023340f7a4394280.jpg
2025-07-14 17:07:16 - DEBUG - Saved 399 processed pins to history
2025-07-14 17:07:16 - DEBUG - Marked pin 546483736055310820 as processed
2025-07-14 17:07:16 - INFO - Successfully downloaded pin 546483736055310820 - Size: 71465 bytes
2025-07-14 17:07:17 - DEBUG - Extracting pin ID from URL: https://www.pinterest.com/pin/5629568278947665/
2025-07-14 17:07:17 - DEBUG - Extracted pin ID (standard format): 5629568278947665
2025-07-14 17:07:17 - DEBUG - Extracting pin ID from URL: https://www.pinterest.com/pin/5629568278947665/
2025-07-14 17:07:17 - DEBUG - Extracted pin ID (standard format): 5629568278947665
2025-07-14 17:07:17 - INFO - Processing pin: 5629568278947665
2025-07-14 17:07:17 - DEBUG - Extracting image URL from pin page: https://www.pinterest.com/pin/5629568278947665/
2025-07-14 17:07:18 - DEBUG - Navigating to pin page
2025-07-14 17:07:20 - DEBUG - Waiting for og:image meta tag
2025-07-14 17:07:20 - DEBUG - Successfully extracted image URL: https://i.pinimg.com/736x/0e/8c/fe/0e8cfef686df5b415bfb30965af40a2e.jpg
2025-07-14 17:07:20 - DEBUG - Getting highest quality URL for: https://i.pinimg.com/736x/0e/8c/fe/0e8cfef686df5b415bfb30965af40a2e.jpg
2025-07-14 17:07:20 - DEBUG - Original quality URL available
2025-07-14 17:07:20 - INFO - Downloading image from: https://i.pinimg.com/736x/0e/8c/fe/0e8cfef686df5b415bfb30965af40a2e.jpg
2025-07-14 17:07:20 - DEBUG - Saved 400 processed pins to history
2025-07-14 17:07:20 - DEBUG - Marked pin 5629568278947665 as processed
2025-07-14 17:07:20 - INFO - Successfully downloaded pin 5629568278947665 - Size: 149477 bytes
2025-07-14 17:07:20 - DEBUG - Extracting pin ID from URL: https://www.pinterest.com/pin/11540542793678658/
2025-07-14 17:07:20 - DEBUG - Extracted pin ID (standard format): 11540542793678658
2025-07-14 17:07:20 - DEBUG - Extracting pin ID from URL: https://www.pinterest.com/pin/11540542793678658/
2025-07-14 17:07:20 - DEBUG - Extracted pin ID (standard format): 11540542793678658
2025-07-14 17:07:20 - INFO - Processing pin: 11540542793678658
2025-07-14 17:07:20 - DEBUG - Extracting image URL from pin page: https://www.pinterest.com/pin/11540542793678658/
2025-07-14 17:07:22 - DEBUG - Navigating to pin page
2025-07-14 17:07:25 - DEBUG - Waiting for og:image meta tag
2025-07-14 17:07:26 - DEBUG - Successfully extracted image URL: https://i.pinimg.com/736x/cc/2c/c3/cc2cc3627f7536f8835b121ab2b7b3e9.jpg
2025-07-14 17:07:26 - DEBUG - Getting highest quality URL for: https://i.pinimg.com/736x/cc/2c/c3/cc2cc3627f7536f8835b121ab2b7b3e9.jpg
2025-07-14 17:07:26 - DEBUG - Original quality URL available
2025-07-14 17:07:26 - INFO - Downloading image from: https://i.pinimg.com/736x/cc/2c/c3/cc2cc3627f7536f8835b121ab2b7b3e9.jpg
2025-07-14 17:07:26 - DEBUG - Saved 401 processed pins to history
2025-07-14 17:07:26 - DEBUG - Marked pin 11540542793678658 as processed
2025-07-14 17:07:26 - INFO - Successfully downloaded pin 11540542793678658 - Size: 77882 bytes
2025-07-14 17:07:26 - INFO - === MULTI-LEVEL SCRAPING COMPLETED ===
2025-07-14 17:07:26 - INFO - Duration: 0:07:30.142839
2025-07-14 17:07:26 - INFO - Main pins found: 6
2025-07-14 17:07:26 - INFO - Similar pins found: 19
2025-07-14 17:07:26 - INFO - Total unique pins: 25
2025-07-14 17:07:26 - INFO - Successful downloads: 25
2025-07-14 17:07:26 - INFO - Skipped duplicates: 0
2025-07-14 17:07:26 - INFO - Failed downloads: 0
2025-07-14 17:07:26 - INFO - Total processed pins in history: 401
