2025-07-13 22:37:15 - INFO - Logging initialized. Log file: logs\pinterest_multilevel_20250713_223715.log
2025-07-13 22:37:15 - INFO - Loaded 217 processed pins from history
2025-07-13 22:37:15 - INFO - Pinterest Multi-Level Scraper initialized
2025-07-13 22:37:15 - INFO - Found 217 previously processed pins
2025-07-13 22:37:15 - INFO - 🚀 Starting Pinterest Multi-Level Scraper
2025-07-13 22:37:15 - INFO - Keyword: 'Mexico Docs', Main pins: 5, Similar per main: 5
2025-07-13 22:37:15 - INFO - 🚀 Starting pin collection
2025-07-13 22:37:15 - INFO - 🔍 STEP 1: Getting 5 main pins for keyword: 'Mexico Docs'
2025-07-13 22:37:15 - DEBUG - Search URL: https://www.pinterest.com/search/pins/?q=Mexico+Docs
2025-07-13 22:37:16 - INFO - Navigating to search page
2025-07-13 22:37:17 - INFO - Setting page zoom to 25%
2025-07-13 22:37:17 - INFO - Waiting for page to fully load...
2025-07-13 22:37:17 - DEBUG - Waiting for page to be fully loaded...
2025-07-13 22:37:17 - DEBUG - DOM content loaded
2025-07-13 22:37:21 - DEBUG - Network idle achieved
2025-07-13 22:37:22 - DEBUG - Found selector: div[data-test-id='pin']
2025-07-13 22:37:24 - DEBUG - Page loading complete
2025-07-13 22:37:27 - DEBUG - Extracting main pin URLs from search page
2025-07-13 22:37:27 - DEBUG - Extracting pin ID from URL: https://www.pinterest.com/pin/579205202120185045/
2025-07-13 22:37:27 - DEBUG - Extracted pin ID (standard format): 579205202120185045
2025-07-13 22:37:27 - DEBUG - Extracting pin ID from URL: https://www.pinterest.com/pin/579205202120185045/
2025-07-13 22:37:27 - DEBUG - Extracted pin ID (standard format): 579205202120185045
2025-07-13 22:37:27 - DEBUG - Extracting pin ID from URL: https://www.pinterest.com/pin/37788084368666521/
2025-07-13 22:37:27 - DEBUG - Extracted pin ID (standard format): 37788084368666521
2025-07-13 22:37:27 - DEBUG - Extracting pin ID from URL: https://www.pinterest.com/pin/37788084368666521/
2025-07-13 22:37:27 - DEBUG - Extracted pin ID (standard format): 37788084368666521
2025-07-13 22:37:27 - DEBUG - Extracting pin ID from URL: https://www.pinterest.com/pin/308426274498905068/
2025-07-13 22:37:27 - DEBUG - Extracted pin ID (standard format): 308426274498905068
2025-07-13 22:37:27 - DEBUG - Extracting pin ID from URL: https://www.pinterest.com/pin/308426274498905068/
2025-07-13 22:37:27 - DEBUG - Extracted pin ID (standard format): 308426274498905068
2025-07-13 22:37:27 - DEBUG - Extracting pin ID from URL: https://www.pinterest.com/pin/205476801744462258/
2025-07-13 22:37:27 - DEBUG - Extracted pin ID (standard format): 205476801744462258
2025-07-13 22:37:27 - DEBUG - Extracting pin ID from URL: https://www.pinterest.com/pin/205476801744462258/
2025-07-13 22:37:27 - DEBUG - Extracted pin ID (standard format): 205476801744462258
2025-07-13 22:37:27 - DEBUG - Extracting pin ID from URL: https://www.pinterest.com/pin/844493672599093/
2025-07-13 22:37:27 - DEBUG - Extracted pin ID (standard format): 844493672599093
2025-07-13 22:37:27 - INFO - ✅ Successfully extracted 5 main pin URLs
2025-07-13 22:37:27 - INFO - 🔍 STEP 2: Getting similar pins from 5 main pins
2025-07-13 22:37:27 - DEBUG - Extracting pin ID from URL: https://www.pinterest.com/pin/579205202120185045/
2025-07-13 22:37:27 - DEBUG - Extracted pin ID (standard format): 579205202120185045
2025-07-13 22:37:27 - INFO - Processing main pin 1/5: 579205202120185045
2025-07-13 22:37:27 - DEBUG - Extracting pin ID from URL: https://www.pinterest.com/pin/579205202120185045/
2025-07-13 22:37:27 - DEBUG - Extracted pin ID (standard format): 579205202120185045
2025-07-13 22:37:27 - DEBUG - Getting similar pins from pin 579205202120185045
2025-07-13 22:37:28 - DEBUG - Navigating to pin page: https://www.pinterest.com/pin/579205202120185045/
2025-07-13 22:37:30 - DEBUG - Waiting for page to be fully loaded...
2025-07-13 22:37:30 - DEBUG - DOM content loaded
2025-07-13 22:37:50 - DEBUG - Network idle timeout: Timeout 20000ms exceeded.
2025-07-13 22:37:50 - DEBUG - Found selector: div[data-test-id='pin']
2025-07-13 22:37:52 - DEBUG - Page loading complete
2025-07-13 22:37:54 - DEBUG - Extracting pin ID from URL: https://www.pinterest.com/pin/579205202120185045/repin/
2025-07-13 22:37:54 - DEBUG - Extracted pin ID (standard format): 579205202120185045
2025-07-13 22:37:54 - DEBUG - Extracting pin ID from URL: https://www.pinterest.com/pin/595460382016831562/
2025-07-13 22:37:54 - DEBUG - Extracted pin ID (standard format): 595460382016831562
2025-07-13 22:37:54 - DEBUG - Extracting pin ID from URL: https://www.pinterest.com/pin/595460382016831562/
2025-07-13 22:37:54 - DEBUG - Extracted pin ID (standard format): 595460382016831562
2025-07-13 22:37:54 - DEBUG - Extracting pin ID from URL: https://www.pinterest.com/pin/483222235037124425/
2025-07-13 22:37:54 - DEBUG - Extracted pin ID (standard format): 483222235037124425
2025-07-13 22:37:54 - DEBUG - Extracting pin ID from URL: https://www.pinterest.com/pin/483222235037124425/
2025-07-13 22:37:54 - DEBUG - Extracted pin ID (standard format): 483222235037124425
2025-07-13 22:37:54 - DEBUG - Extracting pin ID from URL: https://www.pinterest.com/pin/112941903148539691/
2025-07-13 22:37:54 - DEBUG - Extracted pin ID (standard format): 112941903148539691
2025-07-13 22:37:54 - DEBUG - Extracting pin ID from URL: https://www.pinterest.com/pin/112941903148539691/
2025-07-13 22:37:54 - DEBUG - Extracted pin ID (standard format): 112941903148539691
2025-07-13 22:37:54 - DEBUG - Extracting pin ID from URL: https://www.pinterest.com/pin/pin-em-mx--590182726205978495/
2025-07-13 22:37:54 - DEBUG - Extracted pin ID (description format): 590182726205978495
2025-07-13 22:37:54 - DEBUG - Extracting pin ID from URL: https://www.pinterest.com/pin/pin-em-mx--590182726205978495/
2025-07-13 22:37:54 - DEBUG - Extracted pin ID (description format): 590182726205978495
2025-07-13 22:37:54 - DEBUG - Extracting pin ID from URL: https://www.pinterest.com/pin/pin-en-mi-realidad--308426274498905068/
2025-07-13 22:37:54 - DEBUG - Extracted pin ID (description format): 308426274498905068
2025-07-13 22:37:54 - DEBUG - Extracting pin ID from URL: https://www.pinterest.com/pin/pin-en-mi-realidad--308426274498905068/
2025-07-13 22:37:54 - DEBUG - Extracted pin ID (description format): 308426274498905068
2025-07-13 22:37:54 - DEBUG - Extracting pin ID from URL: https://www.pinterest.com/pin/90705379986327220/
2025-07-13 22:37:54 - DEBUG - Extracted pin ID (standard format): 90705379986327220
2025-07-13 22:37:54 - DEBUG - Extracting pin ID from URL: https://www.pinterest.com/pin/90705379986327220/
2025-07-13 22:37:54 - DEBUG - Extracted pin ID (standard format): 90705379986327220
2025-07-13 22:37:54 - DEBUG - Extracting pin ID from URL: https://www.pinterest.com/pin/456974693460242511/
2025-07-13 22:37:54 - DEBUG - Extracted pin ID (standard format): 456974693460242511
2025-07-13 22:37:54 - DEBUG - Extracting pin ID from URL: https://www.pinterest.com/pin/456974693460242511/
2025-07-13 22:37:54 - DEBUG - Extracted pin ID (standard format): 456974693460242511
2025-07-13 22:37:54 - DEBUG - Extracting pin ID from URL: https://www.pinterest.com/pin/446419381830340392/
2025-07-13 22:37:54 - DEBUG - Extracted pin ID (standard format): 446419381830340392
2025-07-13 22:37:54 - DEBUG - Extracting pin ID from URL: https://www.pinterest.com/pin/446419381830340392/
2025-07-13 22:37:54 - DEBUG - Extracted pin ID (standard format): 446419381830340392
2025-07-13 22:37:54 - DEBUG - Extracting pin ID from URL: https://www.pinterest.com/pin/577657089734186827/
2025-07-13 22:37:54 - DEBUG - Extracted pin ID (standard format): 577657089734186827
2025-07-13 22:37:54 - DEBUG - Extracting pin ID from URL: https://www.pinterest.com/pin/577657089734186827/
2025-07-13 22:37:54 - DEBUG - Extracted pin ID (standard format): 577657089734186827
2025-07-13 22:37:54 - DEBUG - Extracting pin ID from URL: https://www.pinterest.com/pin/159948224259934829/
2025-07-13 22:37:54 - DEBUG - Extracted pin ID (standard format): 159948224259934829
2025-07-13 22:37:54 - DEBUG - Extracting pin ID from URL: https://www.pinterest.com/pin/159948224259934829/
2025-07-13 22:37:54 - DEBUG - Extracted pin ID (standard format): 159948224259934829
2025-07-13 22:37:54 - DEBUG - Extracting pin ID from URL: https://www.pinterest.com/pin/style--397301998396296227/
2025-07-13 22:37:54 - DEBUG - Extracted pin ID (description format): 397301998396296227
2025-07-13 22:37:54 - DEBUG - Extracting pin ID from URL: https://www.pinterest.com/pin/style--397301998396296227/
2025-07-13 22:37:54 - DEBUG - Extracted pin ID (description format): 397301998396296227
2025-07-13 22:37:54 - DEBUG - Extracting pin ID from URL: https://www.pinterest.com/pin/116882552825379285/
2025-07-13 22:37:54 - DEBUG - Extracted pin ID (standard format): 116882552825379285
2025-07-13 22:37:54 - DEBUG - Extracting pin ID from URL: https://www.pinterest.com/pin/116882552825379285/
2025-07-13 22:37:54 - DEBUG - Extracted pin ID (standard format): 116882552825379285
2025-07-13 22:37:57 - DEBUG - Found 5 similar pins for pin 579205202120185045
2025-07-13 22:37:57 - DEBUG - Added 5 new similar pins from main pin 579205202120185045
2025-07-13 22:37:58 - DEBUG - Extracting pin ID from URL: https://www.pinterest.com/pin/37788084368666521/
2025-07-13 22:37:58 - DEBUG - Extracted pin ID (standard format): 37788084368666521
2025-07-13 22:37:58 - INFO - Processing main pin 2/5: 37788084368666521
2025-07-13 22:37:58 - DEBUG - Extracting pin ID from URL: https://www.pinterest.com/pin/37788084368666521/
2025-07-13 22:37:58 - DEBUG - Extracted pin ID (standard format): 37788084368666521
2025-07-13 22:37:58 - DEBUG - Getting similar pins from pin 37788084368666521
2025-07-13 22:38:00 - DEBUG - Navigating to pin page: https://www.pinterest.com/pin/37788084368666521/
2025-07-13 22:38:02 - DEBUG - Waiting for page to be fully loaded...
2025-07-13 22:38:02 - DEBUG - DOM content loaded
2025-07-13 22:38:22 - DEBUG - Network idle timeout: Timeout 20000ms exceeded.
2025-07-13 22:38:22 - DEBUG - Found selector: div[data-test-id='pin']
2025-07-13 22:38:24 - DEBUG - Page loading complete
2025-07-13 22:38:26 - DEBUG - Extracting pin ID from URL: https://www.pinterest.com/pin/37788084368666521/repin/
2025-07-13 22:38:26 - DEBUG - Extracted pin ID (standard format): 37788084368666521
2025-07-13 22:38:26 - DEBUG - Extracting pin ID from URL: https://www.pinterest.com/pin/422281211197425/
2025-07-13 22:38:26 - DEBUG - Extracted pin ID (standard format): 422281211197425
2025-07-13 22:38:26 - DEBUG - Extracting pin ID from URL: https://www.pinterest.com/pin/422281211197425/
2025-07-13 22:38:26 - DEBUG - Extracted pin ID (standard format): 422281211197425
2025-07-13 22:38:26 - DEBUG - Extracting pin ID from URL: https://www.pinterest.com/pin/117375134031226703/
2025-07-13 22:38:26 - DEBUG - Extracted pin ID (standard format): 117375134031226703
2025-07-13 22:38:26 - DEBUG - Extracting pin ID from URL: https://www.pinterest.com/pin/117375134031226703/
2025-07-13 22:38:26 - DEBUG - Extracted pin ID (standard format): 117375134031226703
2025-07-13 22:38:26 - DEBUG - Extracting pin ID from URL: https://www.pinterest.com/pin/2533343537430972/
2025-07-13 22:38:26 - DEBUG - Extracted pin ID (standard format): 2533343537430972
2025-07-13 22:38:26 - DEBUG - Extracting pin ID from URL: https://www.pinterest.com/pin/2533343537430972/
2025-07-13 22:38:26 - DEBUG - Extracted pin ID (standard format): 2533343537430972
2025-07-13 22:38:26 - DEBUG - Extracting pin ID from URL: https://www.pinterest.com/pin/14144186325050769/
2025-07-13 22:38:26 - DEBUG - Extracted pin ID (standard format): 14144186325050769
2025-07-13 22:38:26 - DEBUG - Extracting pin ID from URL: https://www.pinterest.com/pin/14144186325050769/
2025-07-13 22:38:26 - DEBUG - Extracted pin ID (standard format): 14144186325050769
2025-07-13 22:38:26 - DEBUG - Extracting pin ID from URL: https://www.pinterest.com/pin/36169603252951848/
2025-07-13 22:38:26 - DEBUG - Extracted pin ID (standard format): 36169603252951848
2025-07-13 22:38:26 - DEBUG - Extracting pin ID from URL: https://www.pinterest.com/pin/36169603252951848/
2025-07-13 22:38:26 - DEBUG - Extracted pin ID (standard format): 36169603252951848
2025-07-13 22:38:26 - DEBUG - Extracting pin ID from URL: https://www.pinterest.com/pin/2251868557900753/
2025-07-13 22:38:26 - DEBUG - Extracted pin ID (standard format): 2251868557900753
2025-07-13 22:38:26 - DEBUG - Extracting pin ID from URL: https://www.pinterest.com/pin/2251868557900753/
2025-07-13 22:38:26 - DEBUG - Extracted pin ID (standard format): 2251868557900753
2025-07-13 22:38:26 - DEBUG - Extracting pin ID from URL: https://www.pinterest.com/pin/29484572556589497/
2025-07-13 22:38:26 - DEBUG - Extracted pin ID (standard format): 29484572556589497
2025-07-13 22:38:26 - DEBUG - Extracting pin ID from URL: https://www.pinterest.com/pin/29484572556589497/
2025-07-13 22:38:26 - DEBUG - Extracted pin ID (standard format): 29484572556589497
2025-07-13 22:38:26 - DEBUG - Extracting pin ID from URL: https://www.pinterest.com/pin/el-telar-de-cintura-tradicin-milenaria-que-sigue-viva-mxico-desconocido-in-2024--13229392651635170/
2025-07-13 22:38:26 - DEBUG - Extracted pin ID (description format): 13229392651635170
2025-07-13 22:38:26 - DEBUG - Extracting pin ID from URL: https://www.pinterest.com/pin/el-telar-de-cintura-tradicin-milenaria-que-sigue-viva-mxico-desconocido-in-2024--13229392651635170/
2025-07-13 22:38:26 - DEBUG - Extracted pin ID (description format): 13229392651635170
2025-07-13 22:38:26 - DEBUG - Extracting pin ID from URL: https://www.pinterest.com/pin/20130319_0239--1407443611878464/
2025-07-13 22:38:26 - DEBUG - Extracted pin ID (description format): 1407443611878464
2025-07-13 22:38:26 - DEBUG - Extracting pin ID from URL: https://www.pinterest.com/pin/20130319_0239--1407443611878464/
2025-07-13 22:38:26 - DEBUG - Extracted pin ID (description format): 1407443611878464
2025-07-13 22:38:26 - DEBUG - Extracting pin ID from URL: https://www.pinterest.com/pin/backstrap-loom-weaving-of-traditional-cloth-in-the-colonial-bolivian-city-of-sucre-near-two-of-the-co--18718154694227406/
2025-07-13 22:38:26 - DEBUG - Extracted pin ID (description format): 18718154694227406
2025-07-13 22:38:26 - DEBUG - Extracting pin ID from URL: https://www.pinterest.com/pin/backstrap-loom-weaving-of-traditional-cloth-in-the-colonial-bolivian-city-of-sucre-near-two-of-the-co--18718154694227406/
2025-07-13 22:38:26 - DEBUG - Extracted pin ID (description format): 18718154694227406
2025-07-13 22:38:29 - DEBUG - Found 5 similar pins for pin 37788084368666521
2025-07-13 22:38:29 - DEBUG - Added 5 new similar pins from main pin 37788084368666521
2025-07-13 22:38:30 - DEBUG - Extracting pin ID from URL: https://www.pinterest.com/pin/308426274498905068/
2025-07-13 22:38:30 - DEBUG - Extracted pin ID (standard format): 308426274498905068
2025-07-13 22:38:30 - INFO - Processing main pin 3/5: 308426274498905068
2025-07-13 22:38:30 - DEBUG - Extracting pin ID from URL: https://www.pinterest.com/pin/308426274498905068/
2025-07-13 22:38:30 - DEBUG - Extracted pin ID (standard format): 308426274498905068
2025-07-13 22:38:30 - DEBUG - Getting similar pins from pin 308426274498905068
2025-07-13 22:38:32 - DEBUG - Navigating to pin page: https://www.pinterest.com/pin/308426274498905068/
2025-07-13 22:38:33 - DEBUG - Waiting for page to be fully loaded...
2025-07-13 22:38:33 - DEBUG - DOM content loaded
2025-07-13 22:38:53 - DEBUG - Network idle timeout: Timeout 20000ms exceeded.
2025-07-13 22:38:53 - DEBUG - Found selector: div[data-test-id='pin']
2025-07-13 22:38:55 - DEBUG - Page loading complete
2025-07-13 22:38:57 - DEBUG - Extracting pin ID from URL: https://www.pinterest.com/pin/308426274498905068/repin/
2025-07-13 22:38:57 - DEBUG - Extracted pin ID (standard format): 308426274498905068
2025-07-13 22:38:57 - DEBUG - Extracting pin ID from URL: https://www.pinterest.com/pin/23643966789128851/
2025-07-13 22:38:57 - DEBUG - Extracted pin ID (standard format): 23643966789128851
2025-07-13 22:38:57 - DEBUG - Extracting pin ID from URL: https://www.pinterest.com/pin/23643966789128851/
2025-07-13 22:38:57 - DEBUG - Extracted pin ID (standard format): 23643966789128851
2025-07-13 22:38:57 - DEBUG - Extracting pin ID from URL: https://www.pinterest.com/pin/193936327699941060/
2025-07-13 22:38:57 - DEBUG - Extracted pin ID (standard format): 193936327699941060
2025-07-13 22:38:57 - DEBUG - Extracting pin ID from URL: https://www.pinterest.com/pin/193936327699941060/
2025-07-13 22:38:57 - DEBUG - Extracted pin ID (standard format): 193936327699941060
2025-07-13 22:38:57 - DEBUG - Extracting pin ID from URL: https://www.pinterest.com/pin/200269514674445747/
2025-07-13 22:38:57 - DEBUG - Extracted pin ID (standard format): 200269514674445747
2025-07-13 22:38:57 - DEBUG - Extracting pin ID from URL: https://www.pinterest.com/pin/200269514674445747/
2025-07-13 22:38:57 - DEBUG - Extracted pin ID (standard format): 200269514674445747
2025-07-13 22:38:57 - DEBUG - Extracting pin ID from URL: https://www.pinterest.com/pin/579205202120185045/
2025-07-13 22:38:57 - DEBUG - Extracted pin ID (standard format): 579205202120185045
2025-07-13 22:38:57 - DEBUG - Extracting pin ID from URL: https://www.pinterest.com/pin/579205202120185045/
2025-07-13 22:38:57 - DEBUG - Extracted pin ID (standard format): 579205202120185045
2025-07-13 22:38:57 - DEBUG - Extracting pin ID from URL: https://www.pinterest.com/pin/style--397301998396296227/
2025-07-13 22:38:57 - DEBUG - Extracted pin ID (description format): 397301998396296227
2025-07-13 22:38:57 - DEBUG - Extracting pin ID from URL: https://www.pinterest.com/pin/style--397301998396296227/
2025-07-13 22:38:57 - DEBUG - Extracted pin ID (description format): 397301998396296227
2025-07-13 22:38:57 - DEBUG - Extracting pin ID from URL: https://www.pinterest.com/pin/mind-yo-business--128563764358269135/
2025-07-13 22:38:57 - DEBUG - Extracted pin ID (description format): 128563764358269135
2025-07-13 22:38:57 - DEBUG - Extracting pin ID from URL: https://www.pinterest.com/pin/mind-yo-business--128563764358269135/
2025-07-13 22:38:57 - DEBUG - Extracted pin ID (description format): 128563764358269135
2025-07-13 22:38:57 - DEBUG - Extracting pin ID from URL: https://www.pinterest.com/pin/437552920066447091/
2025-07-13 22:38:57 - DEBUG - Extracted pin ID (standard format): 437552920066447091
2025-07-13 22:38:57 - DEBUG - Extracting pin ID from URL: https://www.pinterest.com/pin/437552920066447091/
2025-07-13 22:38:57 - DEBUG - Extracted pin ID (standard format): 437552920066447091
2025-07-13 22:38:57 - DEBUG - Extracting pin ID from URL: https://www.pinterest.com/pin/456974693460242511/
2025-07-13 22:38:57 - DEBUG - Extracted pin ID (standard format): 456974693460242511
2025-07-13 22:38:57 - DEBUG - Extracting pin ID from URL: https://www.pinterest.com/pin/456974693460242511/
2025-07-13 22:38:57 - DEBUG - Extracted pin ID (standard format): 456974693460242511
2025-07-13 22:38:57 - DEBUG - Extracting pin ID from URL: https://www.pinterest.com/pin/pin-em-mx--590182726205978495/
2025-07-13 22:38:57 - DEBUG - Extracted pin ID (description format): 590182726205978495
2025-07-13 22:38:57 - DEBUG - Extracting pin ID from URL: https://www.pinterest.com/pin/pin-em-mx--590182726205978495/
2025-07-13 22:38:57 - DEBUG - Extracted pin ID (description format): 590182726205978495
2025-07-13 22:38:57 - DEBUG - Extracting pin ID from URL: https://www.pinterest.com/pin/978618194031895037/
2025-07-13 22:38:57 - DEBUG - Extracted pin ID (standard format): 978618194031895037
2025-07-13 22:38:57 - DEBUG - Extracting pin ID from URL: https://www.pinterest.com/pin/978618194031895037/
2025-07-13 22:38:57 - DEBUG - Extracted pin ID (standard format): 978618194031895037
2025-07-13 22:38:57 - DEBUG - Extracting pin ID from URL: https://www.pinterest.com/pin/159948224259934829/
2025-07-13 22:38:57 - DEBUG - Extracted pin ID (standard format): 159948224259934829
2025-07-13 22:38:57 - DEBUG - Extracting pin ID from URL: https://www.pinterest.com/pin/159948224259934829/
2025-07-13 22:38:57 - DEBUG - Extracted pin ID (standard format): 159948224259934829
2025-07-13 22:38:57 - DEBUG - Extracting pin ID from URL: https://www.pinterest.com/pin/fuerzas-armadas-mxico-eduardo-sg--90705379987633865/
2025-07-13 22:38:57 - DEBUG - Extracted pin ID (description format): 90705379987633865
2025-07-13 22:38:57 - DEBUG - Extracting pin ID from URL: https://www.pinterest.com/pin/fuerzas-armadas-mxico-eduardo-sg--90705379987633865/
2025-07-13 22:38:57 - DEBUG - Extracted pin ID (description format): 90705379987633865
2025-07-13 22:39:00 - DEBUG - Found 5 similar pins for pin 308426274498905068
2025-07-13 22:39:01 - DEBUG - Added 4 new similar pins from main pin 308426274498905068
2025-07-13 22:39:02 - DEBUG - Extracting pin ID from URL: https://www.pinterest.com/pin/205476801744462258/
2025-07-13 22:39:02 - DEBUG - Extracted pin ID (standard format): 205476801744462258
2025-07-13 22:39:02 - INFO - Processing main pin 4/5: 205476801744462258
2025-07-13 22:39:02 - DEBUG - Extracting pin ID from URL: https://www.pinterest.com/pin/205476801744462258/
2025-07-13 22:39:02 - DEBUG - Extracted pin ID (standard format): 205476801744462258
2025-07-13 22:39:02 - DEBUG - Getting similar pins from pin 205476801744462258
2025-07-13 22:39:03 - DEBUG - Navigating to pin page: https://www.pinterest.com/pin/205476801744462258/
2025-07-13 22:39:04 - DEBUG - Waiting for page to be fully loaded...
2025-07-13 22:39:04 - DEBUG - DOM content loaded
