2025-07-16 14:34:48 - INFO - Logging initialized. Log file: logs\pinterest_multilevel_20250716_143448.log
2025-07-16 14:34:48 - INFO - Loaded 524 processed pins from history
2025-07-16 14:34:48 - INFO - Pinterest Multi-Level Scraper initialized
2025-07-16 14:34:48 - INFO - Found 524 previously processed pins
2025-07-16 14:34:48 - INFO - 🚀 Starting Pinterest Multi-Level Scraper
2025-07-16 14:34:48 - INFO - Keyword: 'Australia Passport Number', Main pins: 30, Similar per main: 20
2025-07-16 14:34:48 - INFO - 🚀 Starting pin collection
2025-07-16 14:34:48 - INFO - 🔍 STEP 1: Getting 30 NEW main pins for keyword: 'Australia Passport Number'
2025-07-16 14:34:48 - DEBUG - Search URL: https://www.pinterest.com/search/pins/?q=Australia+Passport+Number
2025-07-16 14:34:50 - INFO - Navigating to search page
2025-07-16 14:34:54 - INFO - Waiting for page to fully load...
2025-07-16 14:34:54 - DEBUG - Waiting for page to be fully loaded...
2025-07-16 14:34:54 - DEBUG - DOM content loaded
2025-07-16 14:35:24 - DEBUG - Network idle timeout: Timeout 30000ms exceeded.
2025-07-16 14:35:24 - DEBUG - Found selector: div[data-test-id='pin']
2025-07-16 14:35:29 - DEBUG - Page loading complete
2025-07-16 14:35:34 - DEBUG - Scrolling to load more pins (scroll #1)
2025-07-16 14:35:39 - DEBUG - Extracting pin ID from URL: https://www.pinterest.com/pin/414120128253236037/
2025-07-16 14:35:39 - DEBUG - Extracted pin ID (standard format): 414120128253236037
2025-07-16 14:35:39 - DEBUG - Pin 414120128253236037 already processed - skipping
2025-07-16 14:35:39 - DEBUG - Skipped already processed pin: 414120128253236037
2025-07-16 14:35:39 - DEBUG - Extracting pin ID from URL: https://www.pinterest.com/pin/414120128253236037/
2025-07-16 14:35:39 - DEBUG - Extracted pin ID (standard format): 414120128253236037
2025-07-16 14:35:39 - DEBUG - Extracting pin ID from URL: https://www.pinterest.com/pin/118078821474482995/
2025-07-16 14:35:39 - DEBUG - Extracted pin ID (standard format): 118078821474482995
2025-07-16 14:35:39 - DEBUG - Pin 118078821474482995 already processed - skipping
2025-07-16 14:35:39 - DEBUG - Skipped already processed pin: 118078821474482995
2025-07-16 14:35:39 - DEBUG - Extracting pin ID from URL: https://www.pinterest.com/pin/118078821474482995/
2025-07-16 14:35:39 - DEBUG - Extracted pin ID (standard format): 118078821474482995
2025-07-16 14:35:39 - DEBUG - Extracting pin ID from URL: https://www.pinterest.com/pin/709739222536475653/
2025-07-16 14:35:39 - DEBUG - Extracted pin ID (standard format): 709739222536475653
2025-07-16 14:35:39 - DEBUG - Pin 709739222536475653 already processed - skipping
2025-07-16 14:35:39 - DEBUG - Skipped already processed pin: 709739222536475653
2025-07-16 14:35:39 - DEBUG - Extracting pin ID from URL: https://www.pinterest.com/pin/709739222536475653/
2025-07-16 14:35:39 - DEBUG - Extracted pin ID (standard format): 709739222536475653
2025-07-16 14:35:39 - DEBUG - Extracting pin ID from URL: https://www.pinterest.com/pin/589267932531540801/
2025-07-16 14:35:39 - DEBUG - Extracted pin ID (standard format): 589267932531540801
2025-07-16 14:35:39 - DEBUG - Pin 589267932531540801 already processed - skipping
2025-07-16 14:35:39 - DEBUG - Skipped already processed pin: 589267932531540801
2025-07-16 14:35:39 - DEBUG - Extracting pin ID from URL: https://www.pinterest.com/pin/589267932531540801/
2025-07-16 14:35:39 - DEBUG - Extracted pin ID (standard format): 589267932531540801
2025-07-16 14:35:39 - DEBUG - Extracting pin ID from URL: https://www.pinterest.com/pin/11540542793678658/
2025-07-16 14:35:39 - DEBUG - Extracted pin ID (standard format): 11540542793678658
2025-07-16 14:35:39 - DEBUG - Pin 11540542793678658 already processed - skipping
2025-07-16 14:35:39 - DEBUG - Skipped already processed pin: 11540542793678658
2025-07-16 14:35:39 - DEBUG - Extracting pin ID from URL: https://www.pinterest.com/pin/11540542793678658/
2025-07-16 14:35:39 - DEBUG - Extracted pin ID (standard format): 11540542793678658
2025-07-16 14:35:39 - DEBUG - Extracting pin ID from URL: https://www.pinterest.com/pin/580894051971981706/
2025-07-16 14:35:39 - DEBUG - Extracted pin ID (standard format): 580894051971981706
2025-07-16 14:35:39 - DEBUG - Pin 580894051971981706 already processed - skipping
2025-07-16 14:35:39 - DEBUG - Skipped already processed pin: 580894051971981706
2025-07-16 14:35:39 - DEBUG - Extracting pin ID from URL: https://www.pinterest.com/pin/580894051971981706/
2025-07-16 14:35:39 - DEBUG - Extracted pin ID (standard format): 580894051971981706
2025-07-16 14:35:39 - DEBUG - Extracting pin ID from URL: https://www.pinterest.com/pin/351843789656833387/
2025-07-16 14:35:39 - DEBUG - Extracted pin ID (standard format): 351843789656833387
2025-07-16 14:35:39 - DEBUG - Pin 351843789656833387 already processed - skipping
2025-07-16 14:35:39 - DEBUG - Skipped already processed pin: 351843789656833387
2025-07-16 14:35:40 - DEBUG - Extracting pin ID from URL: https://www.pinterest.com/pin/351843789656833387/
2025-07-16 14:35:40 - DEBUG - Extracted pin ID (standard format): 351843789656833387
2025-07-16 14:35:40 - DEBUG - Extracting pin ID from URL: https://www.pinterest.com/pin/635359459966883909/
2025-07-16 14:35:40 - DEBUG - Extracted pin ID (standard format): 635359459966883909
2025-07-16 14:35:40 - DEBUG - Pin 635359459966883909 already processed - skipping
2025-07-16 14:35:40 - DEBUG - Skipped already processed pin: 635359459966883909
2025-07-16 14:35:40 - DEBUG - Extracting pin ID from URL: https://www.pinterest.com/pin/635359459966883909/
2025-07-16 14:35:40 - DEBUG - Extracted pin ID (standard format): 635359459966883909
2025-07-16 14:35:40 - DEBUG - Extracting pin ID from URL: https://www.pinterest.com/pin/429671620716350731/
2025-07-16 14:35:40 - DEBUG - Extracted pin ID (standard format): 429671620716350731
2025-07-16 14:35:40 - DEBUG - Pin 429671620716350731 already processed - skipping
2025-07-16 14:35:40 - DEBUG - Skipped already processed pin: 429671620716350731
2025-07-16 14:35:40 - DEBUG - Extracting pin ID from URL: https://www.pinterest.com/pin/429671620716350731/
2025-07-16 14:35:40 - DEBUG - Extracted pin ID (standard format): 429671620716350731
2025-07-16 14:35:40 - DEBUG - Extracting pin ID from URL: https://www.pinterest.com/pin/210613720069736252/
2025-07-16 14:35:40 - DEBUG - Extracted pin ID (standard format): 210613720069736252
2025-07-16 14:35:40 - DEBUG - Pin 210613720069736252 already processed - skipping
2025-07-16 14:35:40 - DEBUG - Skipped already processed pin: 210613720069736252
2025-07-16 14:35:40 - DEBUG - Extracting pin ID from URL: https://www.pinterest.com/pin/210613720069736252/
2025-07-16 14:35:40 - DEBUG - Extracted pin ID (standard format): 210613720069736252
2025-07-16 14:35:40 - DEBUG - Extracting pin ID from URL: https://www.pinterest.com/pin/200339883417373084/
2025-07-16 14:35:40 - DEBUG - Extracted pin ID (standard format): 200339883417373084
2025-07-16 14:35:40 - DEBUG - Pin 200339883417373084 already processed - skipping
2025-07-16 14:35:40 - DEBUG - Skipped already processed pin: 200339883417373084
2025-07-16 14:35:40 - DEBUG - Extracting pin ID from URL: https://www.pinterest.com/pin/200339883417373084/
2025-07-16 14:35:40 - DEBUG - Extracted pin ID (standard format): 200339883417373084
2025-07-16 14:35:41 - DEBUG - Extracting pin ID from URL: https://www.pinterest.com/pin/55872851621413542/
2025-07-16 14:35:41 - DEBUG - Extracted pin ID (standard format): 55872851621413542
2025-07-16 14:35:41 - DEBUG - Pin 55872851621413542 already processed - skipping
2025-07-16 14:35:41 - DEBUG - Skipped already processed pin: 55872851621413542
2025-07-16 14:35:41 - DEBUG - Extracting pin ID from URL: https://www.pinterest.com/pin/55872851621413542/
2025-07-16 14:35:41 - DEBUG - Extracted pin ID (standard format): 55872851621413542
2025-07-16 14:35:41 - DEBUG - Extracting pin ID from URL: https://www.pinterest.com/pin/2040762303339795/
2025-07-16 14:35:41 - DEBUG - Extracted pin ID (standard format): 2040762303339795
2025-07-16 14:35:41 - DEBUG - Pin 2040762303339795 already processed - skipping
2025-07-16 14:35:41 - DEBUG - Skipped already processed pin: 2040762303339795
2025-07-16 14:35:41 - DEBUG - Extracting pin ID from URL: https://www.pinterest.com/pin/2040762303339795/
2025-07-16 14:35:41 - DEBUG - Extracted pin ID (standard format): 2040762303339795
2025-07-16 14:35:41 - DEBUG - Extracting pin ID from URL: https://www.pinterest.com/pin/603693525088994848/
2025-07-16 14:35:41 - DEBUG - Extracted pin ID (standard format): 603693525088994848
2025-07-16 14:35:41 - DEBUG - Pin 603693525088994848 already processed - skipping
2025-07-16 14:35:41 - DEBUG - Skipped already processed pin: 603693525088994848
2025-07-16 14:35:41 - DEBUG - Extracting pin ID from URL: https://www.pinterest.com/pin/603693525088994848/
2025-07-16 14:35:41 - DEBUG - Extracted pin ID (standard format): 603693525088994848
2025-07-16 14:35:41 - DEBUG - Extracting pin ID from URL: https://www.pinterest.com/pin/196610339983974400/
2025-07-16 14:35:41 - DEBUG - Extracted pin ID (standard format): 196610339983974400
2025-07-16 14:35:41 - DEBUG - Pin 196610339983974400 already processed - skipping
2025-07-16 14:35:41 - DEBUG - Skipped already processed pin: 196610339983974400
2025-07-16 14:35:41 - DEBUG - Extracting pin ID from URL: https://www.pinterest.com/pin/196610339983974400/
2025-07-16 14:35:41 - DEBUG - Extracted pin ID (standard format): 196610339983974400
2025-07-16 14:35:41 - DEBUG - Extracting pin ID from URL: https://www.pinterest.com/pin/10133167905603279/
2025-07-16 14:35:41 - DEBUG - Extracted pin ID (standard format): 10133167905603279
2025-07-16 14:35:41 - DEBUG - Pin 10133167905603279 already processed - skipping
2025-07-16 14:35:41 - DEBUG - Skipped already processed pin: 10133167905603279
2025-07-16 14:35:41 - DEBUG - Extracting pin ID from URL: https://www.pinterest.com/pin/10133167905603279/
2025-07-16 14:35:41 - DEBUG - Extracted pin ID (standard format): 10133167905603279
2025-07-16 14:35:41 - DEBUG - Extracting pin ID from URL: https://www.pinterest.com/pin/582231058111070932/
2025-07-16 14:35:41 - DEBUG - Extracted pin ID (standard format): 582231058111070932
2025-07-16 14:35:41 - DEBUG - Pin 582231058111070932 already processed - skipping
2025-07-16 14:35:41 - DEBUG - Skipped already processed pin: 582231058111070932
2025-07-16 14:35:41 - DEBUG - Extracting pin ID from URL: https://www.pinterest.com/pin/582231058111070932/
2025-07-16 14:35:41 - DEBUG - Extracted pin ID (standard format): 582231058111070932
2025-07-16 14:35:41 - DEBUG - Extracting pin ID from URL: https://www.pinterest.com/pin/739434832585241906/
2025-07-16 14:35:41 - DEBUG - Extracted pin ID (standard format): 739434832585241906
2025-07-16 14:35:41 - DEBUG - Pin 739434832585241906 already processed - skipping
2025-07-16 14:35:41 - DEBUG - Skipped already processed pin: 739434832585241906
2025-07-16 14:35:41 - DEBUG - Extracting pin ID from URL: https://www.pinterest.com/pin/739434832585241906/
2025-07-16 14:35:41 - DEBUG - Extracted pin ID (standard format): 739434832585241906
2025-07-16 14:35:41 - DEBUG - Extracting pin ID from URL: https://www.pinterest.com/pin/111816003241457315/
2025-07-16 14:35:41 - DEBUG - Extracted pin ID (standard format): 111816003241457315
2025-07-16 14:35:41 - DEBUG - Pin 111816003241457315 already processed - skipping
2025-07-16 14:35:41 - DEBUG - Skipped already processed pin: 111816003241457315
2025-07-16 14:35:41 - DEBUG - Extracting pin ID from URL: https://www.pinterest.com/pin/111816003241457315/
2025-07-16 14:35:41 - DEBUG - Extracted pin ID (standard format): 111816003241457315
2025-07-16 14:35:41 - DEBUG - Extracting pin ID from URL: https://www.pinterest.com/pin/431782683043410114/
2025-07-16 14:35:41 - DEBUG - Extracted pin ID (standard format): 431782683043410114
2025-07-16 14:35:41 - DEBUG - Pin 431782683043410114 already processed - skipping
2025-07-16 14:35:41 - DEBUG - Skipped already processed pin: 431782683043410114
2025-07-16 14:35:41 - DEBUG - Extracting pin ID from URL: https://www.pinterest.com/pin/431782683043410114/
2025-07-16 14:35:41 - DEBUG - Extracted pin ID (standard format): 431782683043410114
2025-07-16 14:35:41 - DEBUG - Extracting pin ID from URL: https://www.pinterest.com/pin/421016265183685758/
2025-07-16 14:35:41 - DEBUG - Extracted pin ID (standard format): 421016265183685758
2025-07-16 14:35:41 - DEBUG - Pin 421016265183685758 already processed - skipping
2025-07-16 14:35:41 - DEBUG - Skipped already processed pin: 421016265183685758
2025-07-16 14:35:41 - DEBUG - Extracting pin ID from URL: https://www.pinterest.com/pin/421016265183685758/
2025-07-16 14:35:41 - DEBUG - Extracted pin ID (standard format): 421016265183685758
2025-07-16 14:35:41 - DEBUG - Extracting pin ID from URL: https://www.pinterest.com/pin/318348267424103742/
2025-07-16 14:35:41 - DEBUG - Extracted pin ID (standard format): 318348267424103742
2025-07-16 14:35:41 - DEBUG - Pin 318348267424103742 already processed - skipping
2025-07-16 14:35:41 - DEBUG - Skipped already processed pin: 318348267424103742
2025-07-16 14:35:41 - DEBUG - Extracting pin ID from URL: https://www.pinterest.com/pin/318348267424103742/
2025-07-16 14:35:41 - DEBUG - Extracted pin ID (standard format): 318348267424103742
2025-07-16 14:35:41 - DEBUG - Extracting pin ID from URL: https://www.pinterest.com/pin/604678687500780280/
2025-07-16 14:35:41 - DEBUG - Extracted pin ID (standard format): 604678687500780280
2025-07-16 14:35:41 - DEBUG - Pin 604678687500780280 already processed - skipping
2025-07-16 14:35:41 - DEBUG - Skipped already processed pin: 604678687500780280
2025-07-16 14:35:41 - DEBUG - Extracting pin ID from URL: https://www.pinterest.com/pin/604678687500780280/
2025-07-16 14:35:41 - DEBUG - Extracted pin ID (standard format): 604678687500780280
2025-07-16 14:35:41 - DEBUG - Extracting pin ID from URL: https://www.pinterest.com/pin/38139928096496537/
2025-07-16 14:35:41 - DEBUG - Extracted pin ID (standard format): 38139928096496537
2025-07-16 14:35:41 - DEBUG - Pin 38139928096496537 already processed - skipping
2025-07-16 14:35:41 - DEBUG - Skipped already processed pin: 38139928096496537
2025-07-16 14:35:41 - DEBUG - Extracting pin ID from URL: https://www.pinterest.com/pin/38139928096496537/
2025-07-16 14:35:41 - DEBUG - Extracted pin ID (standard format): 38139928096496537
2025-07-16 14:35:41 - DEBUG - Extracting pin ID from URL: https://www.pinterest.com/pin/988610555708787311/
2025-07-16 14:35:41 - DEBUG - Extracted pin ID (standard format): 988610555708787311
2025-07-16 14:35:41 - DEBUG - Pin 988610555708787311 already processed - skipping
2025-07-16 14:35:41 - DEBUG - Skipped already processed pin: 988610555708787311
2025-07-16 14:35:41 - DEBUG - Extracting pin ID from URL: https://www.pinterest.com/pin/988610555708787311/
2025-07-16 14:35:41 - DEBUG - Extracted pin ID (standard format): 988610555708787311
2025-07-16 14:35:41 - DEBUG - Extracting pin ID from URL: https://www.pinterest.com/pin/610800768251877446/
2025-07-16 14:35:41 - DEBUG - Extracted pin ID (standard format): 610800768251877446
2025-07-16 14:35:41 - DEBUG - Pin 610800768251877446 already processed - skipping
2025-07-16 14:35:41 - DEBUG - Skipped already processed pin: 610800768251877446
2025-07-16 14:35:41 - DEBUG - Extracting pin ID from URL: https://www.pinterest.com/pin/610800768251877446/
2025-07-16 14:35:41 - DEBUG - Extracted pin ID (standard format): 610800768251877446
2025-07-16 14:35:41 - DEBUG - Extracting pin ID from URL: https://www.pinterest.com/pin/584553226670169453/
2025-07-16 14:35:41 - DEBUG - Extracted pin ID (standard format): 584553226670169453
2025-07-16 14:35:41 - DEBUG - Pin 584553226670169453 already processed - skipping
2025-07-16 14:35:41 - DEBUG - Skipped already processed pin: 584553226670169453
2025-07-16 14:35:41 - DEBUG - Extracting pin ID from URL: https://www.pinterest.com/pin/584553226670169453/
2025-07-16 14:35:41 - DEBUG - Extracted pin ID (standard format): 584553226670169453
2025-07-16 14:35:41 - DEBUG - Extracting pin ID from URL: https://www.pinterest.com/pin/601160250299137757/
2025-07-16 14:35:41 - DEBUG - Extracted pin ID (standard format): 601160250299137757
2025-07-16 14:35:41 - DEBUG - Pin 601160250299137757 already processed - skipping
2025-07-16 14:35:41 - DEBUG - Skipped already processed pin: 601160250299137757
2025-07-16 14:35:41 - DEBUG - Extracting pin ID from URL: https://www.pinterest.com/pin/601160250299137757/
2025-07-16 14:35:41 - DEBUG - Extracted pin ID (standard format): 601160250299137757
2025-07-16 14:35:41 - DEBUG - Extracting pin ID from URL: https://www.pinterest.com/pin/146930006588045096/
2025-07-16 14:35:41 - DEBUG - Extracted pin ID (standard format): 146930006588045096
2025-07-16 14:35:41 - DEBUG - Pin 146930006588045096 already processed - skipping
2025-07-16 14:35:41 - DEBUG - Skipped already processed pin: 146930006588045096
2025-07-16 14:35:41 - DEBUG - Extracting pin ID from URL: https://www.pinterest.com/pin/146930006588045096/
2025-07-16 14:35:41 - DEBUG - Extracted pin ID (standard format): 146930006588045096
2025-07-16 14:35:41 - DEBUG - Extracting pin ID from URL: https://www.pinterest.com/pin/14988611254781449/
2025-07-16 14:35:41 - DEBUG - Extracted pin ID (standard format): 14988611254781449
2025-07-16 14:35:41 - DEBUG - Pin 14988611254781449 already processed - skipping
2025-07-16 14:35:41 - DEBUG - Skipped already processed pin: 14988611254781449
2025-07-16 14:35:41 - DEBUG - Extracting pin ID from URL: https://www.pinterest.com/pin/14988611254781449/
2025-07-16 14:35:41 - DEBUG - Extracted pin ID (standard format): 14988611254781449
2025-07-16 14:35:41 - DEBUG - Extracting pin ID from URL: https://www.pinterest.com/pin/180003317643174267/
2025-07-16 14:35:41 - DEBUG - Extracted pin ID (standard format): 180003317643174267
2025-07-16 14:35:41 - DEBUG - Pin 180003317643174267 already processed - skipping
2025-07-16 14:35:41 - DEBUG - Skipped already processed pin: 180003317643174267
2025-07-16 14:35:41 - DEBUG - Extracting pin ID from URL: https://www.pinterest.com/pin/180003317643174267/
2025-07-16 14:35:41 - DEBUG - Extracted pin ID (standard format): 180003317643174267
2025-07-16 14:35:41 - DEBUG - Extracting pin ID from URL: https://www.pinterest.com/pin/692147036496930726/
2025-07-16 14:35:41 - DEBUG - Extracted pin ID (standard format): 692147036496930726
2025-07-16 14:35:41 - DEBUG - Found NEW pin 1/30: 692147036496930726
2025-07-16 14:35:41 - DEBUG - Extracting pin ID from URL: https://www.pinterest.com/pin/692147036496930726/
2025-07-16 14:35:41 - DEBUG - Extracted pin ID (standard format): 692147036496930726
2025-07-16 14:35:41 - DEBUG - Extracting pin ID from URL: https://www.pinterest.com/pin/273523377363286530/
2025-07-16 14:35:41 - DEBUG - Extracted pin ID (standard format): 273523377363286530
2025-07-16 14:35:41 - DEBUG - Pin 273523377363286530 already processed - skipping
2025-07-16 14:35:41 - DEBUG - Skipped already processed pin: 273523377363286530
2025-07-16 14:35:41 - DEBUG - Extracting pin ID from URL: https://www.pinterest.com/pin/273523377363286530/
2025-07-16 14:35:41 - DEBUG - Extracted pin ID (standard format): 273523377363286530
2025-07-16 14:35:41 - DEBUG - Extracting pin ID from URL: https://www.pinterest.com/pin/617204323952917450/
2025-07-16 14:35:41 - DEBUG - Extracted pin ID (standard format): 617204323952917450
2025-07-16 14:35:41 - DEBUG - Found NEW pin 2/30: 617204323952917450
2025-07-16 14:35:41 - DEBUG - Extracting pin ID from URL: https://www.pinterest.com/pin/617204323952917450/
2025-07-16 14:35:41 - DEBUG - Extracted pin ID (standard format): 617204323952917450
2025-07-16 14:35:41 - DEBUG - Extracting pin ID from URL: https://www.pinterest.com/pin/953355814872472889/
2025-07-16 14:35:41 - DEBUG - Extracted pin ID (standard format): 953355814872472889
2025-07-16 14:35:41 - DEBUG - Found NEW pin 3/30: 953355814872472889
2025-07-16 14:35:41 - DEBUG - Extracting pin ID from URL: https://www.pinterest.com/pin/953355814872472889/
2025-07-16 14:35:41 - DEBUG - Extracted pin ID (standard format): 953355814872472889
2025-07-16 14:35:41 - DEBUG - Extracting pin ID from URL: https://www.pinterest.com/pin/279926933083405706/
2025-07-16 14:35:41 - DEBUG - Extracted pin ID (standard format): 279926933083405706
2025-07-16 14:35:41 - DEBUG - Pin 279926933083405706 already processed - skipping
2025-07-16 14:35:41 - DEBUG - Skipped already processed pin: 279926933083405706
2025-07-16 14:35:41 - DEBUG - Extracting pin ID from URL: https://www.pinterest.com/pin/279926933083405706/
2025-07-16 14:35:41 - DEBUG - Extracted pin ID (standard format): 279926933083405706
2025-07-16 14:35:41 - DEBUG - Extracting pin ID from URL: https://www.pinterest.com/pin/865113409663309397/
2025-07-16 14:35:41 - DEBUG - Extracted pin ID (standard format): 865113409663309397
2025-07-16 14:35:41 - DEBUG - Found NEW pin 4/30: 865113409663309397
2025-07-16 14:35:41 - DEBUG - Extracting pin ID from URL: https://www.pinterest.com/pin/865113409663309397/
2025-07-16 14:35:41 - DEBUG - Extracted pin ID (standard format): 865113409663309397
2025-07-16 14:35:41 - DEBUG - Total pins on page: 74, NEW pins found: 4/30
2025-07-16 14:35:49 - DEBUG - Scrolling to load more pins (scroll #2)
2025-07-16 14:35:53 - DEBUG - Extracting pin ID from URL: https://www.pinterest.com/pin/83598136830403541/
2025-07-16 14:35:53 - DEBUG - Extracted pin ID (standard format): 83598136830403541
2025-07-16 14:35:53 - DEBUG - Found NEW pin 5/30: 83598136830403541
2025-07-16 14:35:54 - DEBUG - Extracting pin ID from URL: https://www.pinterest.com/pin/83598136830403541/
2025-07-16 14:35:54 - DEBUG - Extracted pin ID (standard format): 83598136830403541
2025-07-16 14:35:54 - DEBUG - Extracting pin ID from URL: https://www.pinterest.com/pin/280700989268546796/
2025-07-16 14:35:54 - DEBUG - Extracted pin ID (standard format): 280700989268546796
2025-07-16 14:35:54 - DEBUG - Found NEW pin 6/30: 280700989268546796
2025-07-16 14:35:54 - DEBUG - Extracting pin ID from URL: https://www.pinterest.com/pin/280700989268546796/
2025-07-16 14:35:54 - DEBUG - Extracted pin ID (standard format): 280700989268546796
2025-07-16 14:35:54 - DEBUG - Extracting pin ID from URL: https://www.pinterest.com/pin/582442164347056452/
2025-07-16 14:35:54 - DEBUG - Extracted pin ID (standard format): 582442164347056452
2025-07-16 14:35:54 - DEBUG - Found NEW pin 7/30: 582442164347056452
2025-07-16 14:35:54 - DEBUG - Extracting pin ID from URL: https://www.pinterest.com/pin/582442164347056452/
2025-07-16 14:35:54 - DEBUG - Extracted pin ID (standard format): 582442164347056452
2025-07-16 14:35:54 - DEBUG - Extracting pin ID from URL: https://www.pinterest.com/pin/693061830186320589/
2025-07-16 14:35:54 - DEBUG - Extracted pin ID (standard format): 693061830186320589
2025-07-16 14:35:54 - DEBUG - Found NEW pin 8/30: 693061830186320589
2025-07-16 14:35:54 - DEBUG - Extracting pin ID from URL: https://www.pinterest.com/pin/693061830186320589/
2025-07-16 14:35:54 - DEBUG - Extracted pin ID (standard format): 693061830186320589
2025-07-16 14:35:54 - DEBUG - Extracting pin ID from URL: https://www.pinterest.com/pin/905645806319506238/
2025-07-16 14:35:54 - DEBUG - Extracted pin ID (standard format): 905645806319506238
2025-07-16 14:35:54 - DEBUG - Found NEW pin 9/30: 905645806319506238
2025-07-16 14:35:55 - DEBUG - Extracting pin ID from URL: https://www.pinterest.com/pin/905645806319506238/
2025-07-16 14:35:55 - DEBUG - Extracted pin ID (standard format): 905645806319506238
2025-07-16 14:35:55 - DEBUG - Extracting pin ID from URL: https://www.pinterest.com/pin/109001253469290529/
2025-07-16 14:35:55 - DEBUG - Extracted pin ID (standard format): 109001253469290529
2025-07-16 14:35:55 - DEBUG - Found NEW pin 10/30: 109001253469290529
2025-07-16 14:35:55 - DEBUG - Extracting pin ID from URL: https://www.pinterest.com/pin/545709679827725091/
2025-07-16 14:35:55 - DEBUG - Extracted pin ID (standard format): 545709679827725091
2025-07-16 14:35:55 - DEBUG - Found NEW pin 11/30: 545709679827725091
2025-07-16 14:36:25 - ERROR - Error during main pin search: Locator.get_attribute: Timeout 30000ms exceeded.
Call log:
  - waiting for locator("a[href^='/pin/']").nth(86)

2025-07-16 14:36:25 - ERROR - No main pins found
2025-07-16 14:36:25 - WARNING - No pins collected
