2025-07-14 17:46:47 - INFO - Logging initialized. Log file: logs\pinterest_multilevel_20250714_174647.log
2025-07-14 17:46:47 - INFO - Loaded 413 processed pins from history
2025-07-14 17:46:47 - INFO - Pinterest Multi-Level Scraper initialized
2025-07-14 17:46:47 - INFO - Found 413 previously processed pins
2025-07-14 17:46:47 - INFO - 🚀 Starting Pinterest Multi-Level Scraper
2025-07-14 17:46:47 - INFO - Keyword: 'Australia Passport number', Main pins: 200, Similar pins: Disabled
2025-07-14 17:46:47 - INFO - 🚀 Starting pin collection
2025-07-14 17:46:47 - INFO - 🔍 STEP 1: Getting 200 NEW main pins for keyword: 'Australia Passport number'
2025-07-14 17:46:47 - DEBUG - Search URL: https://www.pinterest.com/search/pins/?q=Australia+Passport+number
2025-07-14 17:46:48 - INFO - Navigating to search page
2025-07-14 17:46:49 - INFO - Setting page zoom to 25%
2025-07-14 17:46:49 - INFO - Waiting for page to fully load...
2025-07-14 17:46:49 - DEBUG - Waiting for page to be fully loaded...
2025-07-14 17:46:49 - DEBUG - DOM content loaded
2025-07-14 17:46:55 - DEBUG - Network idle achieved
2025-07-14 17:46:55 - DEBUG - Found selector: div[data-test-id='pin']
2025-07-14 17:46:57 - DEBUG - Page loading complete
2025-07-14 17:47:00 - DEBUG - Scrolling to load more pins (scroll #1)
2025-07-14 17:47:03 - DEBUG - Extracting pin ID from URL: https://www.pinterest.com/pin/626563366947762497/
2025-07-14 17:47:03 - DEBUG - Extracted pin ID (standard format): 626563366947762497
2025-07-14 17:47:03 - DEBUG - Pin 626563366947762497 already processed - skipping
2025-07-14 17:47:03 - DEBUG - Skipped already processed pin: 626563366947762497
2025-07-14 17:47:03 - DEBUG - Extracting pin ID from URL: https://www.pinterest.com/pin/626563366947762497/
2025-07-14 17:47:03 - DEBUG - Extracted pin ID (standard format): 626563366947762497
2025-07-14 17:47:03 - DEBUG - Extracting pin ID from URL: https://www.pinterest.com/pin/1266706140370671/
2025-07-14 17:47:03 - DEBUG - Extracted pin ID (standard format): 1266706140370671
2025-07-14 17:47:03 - DEBUG - Pin 1266706140370671 already processed - skipping
2025-07-14 17:47:03 - DEBUG - Skipped already processed pin: 1266706140370671
2025-07-14 17:47:03 - DEBUG - Extracting pin ID from URL: https://www.pinterest.com/pin/1266706140370671/
2025-07-14 17:47:03 - DEBUG - Extracted pin ID (standard format): 1266706140370671
2025-07-14 17:47:03 - DEBUG - Extracting pin ID from URL: https://www.pinterest.com/pin/370491506865543567/
2025-07-14 17:47:03 - DEBUG - Extracted pin ID (standard format): 370491506865543567
2025-07-14 17:47:03 - DEBUG - Pin 370491506865543567 already processed - skipping
2025-07-14 17:47:03 - DEBUG - Skipped already processed pin: 370491506865543567
2025-07-14 17:47:03 - DEBUG - Extracting pin ID from URL: https://www.pinterest.com/pin/370491506865543567/
2025-07-14 17:47:03 - DEBUG - Extracted pin ID (standard format): 370491506865543567
2025-07-14 17:47:03 - DEBUG - Extracting pin ID from URL: https://www.pinterest.com/pin/575334921123049650/
2025-07-14 17:47:03 - DEBUG - Extracted pin ID (standard format): 575334921123049650
2025-07-14 17:47:03 - DEBUG - Pin 575334921123049650 already processed - skipping
2025-07-14 17:47:03 - DEBUG - Skipped already processed pin: 575334921123049650
2025-07-14 17:47:03 - DEBUG - Extracting pin ID from URL: https://www.pinterest.com/pin/575334921123049650/
2025-07-14 17:47:03 - DEBUG - Extracted pin ID (standard format): 575334921123049650
2025-07-14 17:47:03 - DEBUG - Extracting pin ID from URL: https://www.pinterest.com/pin/8303580558181087/
2025-07-14 17:47:03 - DEBUG - Extracted pin ID (standard format): 8303580558181087
2025-07-14 17:47:03 - DEBUG - Pin 8303580558181087 already processed - skipping
2025-07-14 17:47:03 - DEBUG - Skipped already processed pin: 8303580558181087
2025-07-14 17:47:03 - DEBUG - Extracting pin ID from URL: https://www.pinterest.com/pin/8303580558181087/
2025-07-14 17:47:03 - DEBUG - Extracted pin ID (standard format): 8303580558181087
2025-07-14 17:47:03 - DEBUG - Extracting pin ID from URL: https://www.pinterest.com/pin/705939310377929774/
2025-07-14 17:47:03 - DEBUG - Extracted pin ID (standard format): 705939310377929774
2025-07-14 17:47:03 - DEBUG - Pin 705939310377929774 already processed - skipping
2025-07-14 17:47:03 - DEBUG - Skipped already processed pin: 705939310377929774
2025-07-14 17:47:03 - DEBUG - Extracting pin ID from URL: https://www.pinterest.com/pin/705939310377929774/
2025-07-14 17:47:03 - DEBUG - Extracted pin ID (standard format): 705939310377929774
2025-07-14 17:47:03 - DEBUG - Extracting pin ID from URL: https://www.pinterest.com/pin/414190497002894621/
2025-07-14 17:47:03 - DEBUG - Extracted pin ID (standard format): 414190497002894621
2025-07-14 17:47:03 - DEBUG - Pin 414190497002894621 already processed - skipping
2025-07-14 17:47:03 - DEBUG - Skipped already processed pin: 414190497002894621
2025-07-14 17:47:03 - DEBUG - Extracting pin ID from URL: https://www.pinterest.com/pin/414190497002894621/
2025-07-14 17:47:03 - DEBUG - Extracted pin ID (standard format): 414190497002894621
2025-07-14 17:47:03 - DEBUG - Extracting pin ID from URL: https://www.pinterest.com/pin/216032113370607279/
2025-07-14 17:47:03 - DEBUG - Extracted pin ID (standard format): 216032113370607279
2025-07-14 17:47:03 - DEBUG - Pin 216032113370607279 already processed - skipping
2025-07-14 17:47:03 - DEBUG - Skipped already processed pin: 216032113370607279
2025-07-14 17:47:03 - DEBUG - Extracting pin ID from URL: https://www.pinterest.com/pin/216032113370607279/
2025-07-14 17:47:03 - DEBUG - Extracted pin ID (standard format): 216032113370607279
2025-07-14 17:47:03 - DEBUG - Extracting pin ID from URL: https://www.pinterest.com/pin/89649848826793611/
2025-07-14 17:47:03 - DEBUG - Extracted pin ID (standard format): 89649848826793611
2025-07-14 17:47:03 - DEBUG - Found NEW pin 1/200: 89649848826793611
2025-07-14 17:47:03 - DEBUG - Extracting pin ID from URL: https://www.pinterest.com/pin/89649848826793611/
2025-07-14 17:47:03 - DEBUG - Extracted pin ID (standard format): 89649848826793611
2025-07-14 17:47:03 - DEBUG - Extracting pin ID from URL: https://www.pinterest.com/pin/200339883417373084/
2025-07-14 17:47:03 - DEBUG - Extracted pin ID (standard format): 200339883417373084
2025-07-14 17:47:03 - DEBUG - Pin 200339883417373084 already processed - skipping
2025-07-14 17:47:03 - DEBUG - Skipped already processed pin: 200339883417373084
2025-07-14 17:47:03 - DEBUG - Extracting pin ID from URL: https://www.pinterest.com/pin/200339883417373084/
2025-07-14 17:47:03 - DEBUG - Extracted pin ID (standard format): 200339883417373084
2025-07-14 17:47:03 - DEBUG - Extracting pin ID from URL: https://www.pinterest.com/pin/151785449935812432/
2025-07-14 17:47:03 - DEBUG - Extracted pin ID (standard format): 151785449935812432
2025-07-14 17:47:03 - DEBUG - Found NEW pin 2/200: 151785449935812432
2025-07-14 17:47:03 - DEBUG - Extracting pin ID from URL: https://www.pinterest.com/pin/151785449935812432/
2025-07-14 17:47:03 - DEBUG - Extracted pin ID (standard format): 151785449935812432
2025-07-14 17:47:03 - DEBUG - Extracting pin ID from URL: https://www.pinterest.com/pin/313211349104280234/
2025-07-14 17:47:03 - DEBUG - Extracted pin ID (standard format): 313211349104280234
2025-07-14 17:47:03 - DEBUG - Pin 313211349104280234 already processed - skipping
2025-07-14 17:47:03 - DEBUG - Skipped already processed pin: 313211349104280234
2025-07-14 17:47:03 - DEBUG - Extracting pin ID from URL: https://www.pinterest.com/pin/313211349104280234/
2025-07-14 17:47:03 - DEBUG - Extracted pin ID (standard format): 313211349104280234
2025-07-14 17:47:03 - DEBUG - Extracting pin ID from URL: https://www.pinterest.com/pin/429671620716350731/
2025-07-14 17:47:03 - DEBUG - Extracted pin ID (standard format): 429671620716350731
2025-07-14 17:47:03 - DEBUG - Pin 429671620716350731 already processed - skipping
2025-07-14 17:47:03 - DEBUG - Skipped already processed pin: 429671620716350731
2025-07-14 17:47:03 - DEBUG - Extracting pin ID from URL: https://www.pinterest.com/pin/429671620716350731/
2025-07-14 17:47:03 - DEBUG - Extracted pin ID (standard format): 429671620716350731
2025-07-14 17:47:03 - DEBUG - Extracting pin ID from URL: https://www.pinterest.com/pin/673569688055002900/
2025-07-14 17:47:03 - DEBUG - Extracted pin ID (standard format): 673569688055002900
2025-07-14 17:47:03 - DEBUG - Found NEW pin 3/200: 673569688055002900
2025-07-14 17:47:03 - DEBUG - Extracting pin ID from URL: https://www.pinterest.com/pin/673569688055002900/
2025-07-14 17:47:03 - DEBUG - Extracted pin ID (standard format): 673569688055002900
2025-07-14 17:47:03 - DEBUG - Extracting pin ID from URL: https://www.pinterest.com/pin/180003317644305347/
2025-07-14 17:47:03 - DEBUG - Extracted pin ID (standard format): 180003317644305347
2025-07-14 17:47:03 - DEBUG - Found NEW pin 4/200: 180003317644305347
2025-07-14 17:47:03 - DEBUG - Extracting pin ID from URL: https://www.pinterest.com/pin/180003317644305347/
2025-07-14 17:47:03 - DEBUG - Extracted pin ID (standard format): 180003317644305347
2025-07-14 17:47:03 - DEBUG - Extracting pin ID from URL: https://www.pinterest.com/pin/71635450322355361/
2025-07-14 17:47:03 - DEBUG - Extracted pin ID (standard format): 71635450322355361
2025-07-14 17:47:03 - DEBUG - Pin 71635450322355361 already processed - skipping
2025-07-14 17:47:03 - DEBUG - Skipped already processed pin: 71635450322355361
2025-07-14 17:47:03 - DEBUG - Extracting pin ID from URL: https://www.pinterest.com/pin/71635450322355361/
2025-07-14 17:47:03 - DEBUG - Extracted pin ID (standard format): 71635450322355361
2025-07-14 17:47:03 - DEBUG - Extracting pin ID from URL: https://www.pinterest.com/pin/625296729551032501/
2025-07-14 17:47:03 - DEBUG - Extracted pin ID (standard format): 625296729551032501
2025-07-14 17:47:03 - DEBUG - Pin 625296729551032501 already processed - skipping
2025-07-14 17:47:03 - DEBUG - Skipped already processed pin: 625296729551032501
2025-07-14 17:47:03 - DEBUG - Extracting pin ID from URL: https://www.pinterest.com/pin/625296729551032501/
2025-07-14 17:47:03 - DEBUG - Extracted pin ID (standard format): 625296729551032501
2025-07-14 17:47:03 - DEBUG - Extracting pin ID from URL: https://www.pinterest.com/pin/12455336469886759/
2025-07-14 17:47:03 - DEBUG - Extracted pin ID (standard format): 12455336469886759
2025-07-14 17:47:03 - DEBUG - Found NEW pin 5/200: 12455336469886759
2025-07-14 17:47:03 - DEBUG - Extracting pin ID from URL: https://www.pinterest.com/pin/12455336469886759/
2025-07-14 17:47:03 - DEBUG - Extracted pin ID (standard format): 12455336469886759
2025-07-14 17:47:03 - DEBUG - Total pins on page: 36, NEW pins found: 5/200
2025-07-14 17:47:03 - DEBUG - Scrolling to load more pins (scroll #2)
2025-07-14 17:47:06 - DEBUG - Total pins on page: 36, NEW pins found: 5/200
2025-07-14 17:47:06 - DEBUG - Scrolling to load more pins (scroll #3)
2025-07-14 17:47:09 - DEBUG - Total pins on page: 36, NEW pins found: 5/200
2025-07-14 17:47:09 - DEBUG - Scrolling to load more pins (scroll #4)
2025-07-14 17:47:12 - DEBUG - Total pins on page: 36, NEW pins found: 5/200
2025-07-14 17:47:12 - DEBUG - Scrolling to load more pins (scroll #5)
2025-07-14 17:47:15 - DEBUG - Total pins on page: 36, NEW pins found: 5/200
2025-07-14 17:47:15 - DEBUG - Scrolling to load more pins (scroll #6)
2025-07-14 17:47:18 - DEBUG - No new pins loading from page, stopping scroll
2025-07-14 17:47:18 - INFO - ✅ Successfully extracted 5 NEW main pin URLs
2025-07-14 17:47:19 - INFO - ⏭️ Skipping similar pins extraction as per user request
2025-07-14 17:47:19 - INFO - ✅ Total unique pins collected: 5
2025-07-14 17:47:19 - INFO - 🔽 STEP 3: Downloading 5 pins
2025-07-14 17:47:19 - DEBUG - Extracting pin ID from URL: https://www.pinterest.com/pin/673569688055002900/
2025-07-14 17:47:19 - DEBUG - Extracted pin ID (standard format): 673569688055002900
2025-07-14 17:47:19 - DEBUG - Extracting pin ID from URL: https://www.pinterest.com/pin/673569688055002900/
2025-07-14 17:47:19 - DEBUG - Extracted pin ID (standard format): 673569688055002900
2025-07-14 17:47:19 - INFO - Processing pin: 673569688055002900
2025-07-14 17:47:19 - DEBUG - Extracting image URL from pin page: https://www.pinterest.com/pin/673569688055002900/
2025-07-14 17:47:20 - DEBUG - Navigating to pin page
2025-07-14 17:47:22 - DEBUG - Waiting for og:image meta tag
2025-07-14 17:47:22 - DEBUG - Successfully extracted image URL: https://i.pinimg.com/736x/62/fb/cf/62fbcf46c7080c80ca23df86493a8018.jpg
2025-07-14 17:47:22 - DEBUG - Getting highest quality URL for: https://i.pinimg.com/736x/62/fb/cf/62fbcf46c7080c80ca23df86493a8018.jpg
2025-07-14 17:47:22 - DEBUG - Original quality URL available
2025-07-14 17:47:22 - INFO - Downloading image from: https://i.pinimg.com/736x/62/fb/cf/62fbcf46c7080c80ca23df86493a8018.jpg
2025-07-14 17:47:22 - DEBUG - Saved 414 processed pins to history
2025-07-14 17:47:22 - DEBUG - Marked pin 673569688055002900 as processed
2025-07-14 17:47:22 - INFO - Successfully downloaded pin 673569688055002900 - Size: 79214 bytes
2025-07-14 17:47:22 - DEBUG - Extracting pin ID from URL: https://www.pinterest.com/pin/151785449935812432/
2025-07-14 17:47:22 - DEBUG - Extracted pin ID (standard format): 151785449935812432
2025-07-14 17:47:22 - DEBUG - Extracting pin ID from URL: https://www.pinterest.com/pin/151785449935812432/
2025-07-14 17:47:22 - DEBUG - Extracted pin ID (standard format): 151785449935812432
2025-07-14 17:47:22 - INFO - Processing pin: 151785449935812432
2025-07-14 17:47:22 - DEBUG - Extracting image URL from pin page: https://www.pinterest.com/pin/151785449935812432/
2025-07-14 17:47:24 - DEBUG - Navigating to pin page
2025-07-14 17:47:25 - DEBUG - Waiting for og:image meta tag
2025-07-14 17:47:25 - DEBUG - Successfully extracted image URL: https://i.pinimg.com/736x/d4/7e/6e/d47e6ea9281e0b215ccb412df21e48a1.jpg
2025-07-14 17:47:26 - DEBUG - Getting highest quality URL for: https://i.pinimg.com/736x/d4/7e/6e/d47e6ea9281e0b215ccb412df21e48a1.jpg
2025-07-14 17:47:26 - DEBUG - Original quality URL available
2025-07-14 17:47:26 - INFO - Downloading image from: https://i.pinimg.com/736x/d4/7e/6e/d47e6ea9281e0b215ccb412df21e48a1.jpg
2025-07-14 17:47:26 - DEBUG - Saved 415 processed pins to history
2025-07-14 17:47:26 - DEBUG - Marked pin 151785449935812432 as processed
2025-07-14 17:47:26 - INFO - Successfully downloaded pin 151785449935812432 - Size: 85113 bytes
2025-07-14 17:47:26 - DEBUG - Extracting pin ID from URL: https://www.pinterest.com/pin/89649848826793611/
2025-07-14 17:47:26 - DEBUG - Extracted pin ID (standard format): 89649848826793611
2025-07-14 17:47:26 - DEBUG - Extracting pin ID from URL: https://www.pinterest.com/pin/89649848826793611/
2025-07-14 17:47:26 - DEBUG - Extracted pin ID (standard format): 89649848826793611
2025-07-14 17:47:26 - INFO - Processing pin: 89649848826793611
2025-07-14 17:47:26 - DEBUG - Extracting image URL from pin page: https://www.pinterest.com/pin/89649848826793611/
2025-07-14 17:47:28 - DEBUG - Navigating to pin page
2025-07-14 17:47:29 - DEBUG - Waiting for og:image meta tag
2025-07-14 17:47:29 - DEBUG - Successfully extracted image URL: https://i.pinimg.com/736x/ca/49/97/ca499736505664521672ef6da3b0b690.jpg
2025-07-14 17:47:29 - DEBUG - Getting highest quality URL for: https://i.pinimg.com/736x/ca/49/97/ca499736505664521672ef6da3b0b690.jpg
2025-07-14 17:47:29 - DEBUG - Original quality URL available
2025-07-14 17:47:29 - INFO - Downloading image from: https://i.pinimg.com/736x/ca/49/97/ca499736505664521672ef6da3b0b690.jpg
2025-07-14 17:47:30 - DEBUG - Saved 416 processed pins to history
2025-07-14 17:47:30 - DEBUG - Marked pin 89649848826793611 as processed
2025-07-14 17:47:30 - INFO - Successfully downloaded pin 89649848826793611 - Size: 35609 bytes
2025-07-14 17:47:30 - DEBUG - Extracting pin ID from URL: https://www.pinterest.com/pin/180003317644305347/
2025-07-14 17:47:30 - DEBUG - Extracted pin ID (standard format): 180003317644305347
2025-07-14 17:47:30 - DEBUG - Extracting pin ID from URL: https://www.pinterest.com/pin/180003317644305347/
2025-07-14 17:47:30 - DEBUG - Extracted pin ID (standard format): 180003317644305347
2025-07-14 17:47:30 - INFO - Processing pin: 180003317644305347
2025-07-14 17:47:30 - DEBUG - Extracting image URL from pin page: https://www.pinterest.com/pin/180003317644305347/
2025-07-14 17:47:31 - DEBUG - Navigating to pin page
2025-07-14 17:47:33 - DEBUG - Waiting for og:image meta tag
2025-07-14 17:47:33 - DEBUG - Successfully extracted image URL: https://i.pinimg.com/736x/e5/4e/e3/e54ee3139fa08dfa9af2e556400bb599.jpg
2025-07-14 17:47:33 - DEBUG - Getting highest quality URL for: https://i.pinimg.com/736x/e5/4e/e3/e54ee3139fa08dfa9af2e556400bb599.jpg
2025-07-14 17:47:33 - DEBUG - Original quality URL available
2025-07-14 17:47:33 - INFO - Downloading image from: https://i.pinimg.com/736x/e5/4e/e3/e54ee3139fa08dfa9af2e556400bb599.jpg
2025-07-14 17:47:33 - DEBUG - Saved 417 processed pins to history
2025-07-14 17:47:33 - DEBUG - Marked pin 180003317644305347 as processed
2025-07-14 17:47:33 - INFO - Successfully downloaded pin 180003317644305347 - Size: 43516 bytes
2025-07-14 17:47:34 - DEBUG - Extracting pin ID from URL: https://www.pinterest.com/pin/12455336469886759/
2025-07-14 17:47:34 - DEBUG - Extracted pin ID (standard format): 12455336469886759
2025-07-14 17:47:34 - DEBUG - Extracting pin ID from URL: https://www.pinterest.com/pin/12455336469886759/
2025-07-14 17:47:34 - DEBUG - Extracted pin ID (standard format): 12455336469886759
2025-07-14 17:47:34 - INFO - Processing pin: 12455336469886759
2025-07-14 17:47:34 - DEBUG - Extracting image URL from pin page: https://www.pinterest.com/pin/12455336469886759/
2025-07-14 17:47:35 - DEBUG - Navigating to pin page
2025-07-14 17:47:37 - DEBUG - Waiting for og:image meta tag
2025-07-14 17:47:37 - DEBUG - Successfully extracted image URL: https://i.pinimg.com/736x/cb/7a/71/cb7a71e77a0dffae7a1c9fa5c08ee5e7.jpg
2025-07-14 17:47:37 - DEBUG - Getting highest quality URL for: https://i.pinimg.com/736x/cb/7a/71/cb7a71e77a0dffae7a1c9fa5c08ee5e7.jpg
2025-07-14 17:47:37 - DEBUG - Original quality URL available
2025-07-14 17:47:37 - INFO - Downloading image from: https://i.pinimg.com/736x/cb/7a/71/cb7a71e77a0dffae7a1c9fa5c08ee5e7.jpg
2025-07-14 17:47:37 - DEBUG - Saved 418 processed pins to history
2025-07-14 17:47:37 - DEBUG - Marked pin 12455336469886759 as processed
2025-07-14 17:47:37 - INFO - Successfully downloaded pin 12455336469886759 - Size: 141485 bytes
2025-07-14 17:47:38 - INFO - === MULTI-LEVEL SCRAPING COMPLETED ===
2025-07-14 17:47:38 - INFO - Duration: 0:00:50.822943
2025-07-14 17:47:38 - INFO - Main pins found: 5
2025-07-14 17:47:38 - INFO - Similar pins found: 0
2025-07-14 17:47:38 - INFO - Total unique pins: 5
2025-07-14 17:47:38 - INFO - Successful downloads: 5
2025-07-14 17:47:38 - INFO - Skipped duplicates: 0
2025-07-14 17:47:38 - INFO - Failed downloads: 0
2025-07-14 17:47:38 - INFO - Total processed pins in history: 418
