2025-07-14 00:02:52 - INFO - Logging initialized. Log file: logs\pinterest_multilevel_20250714_000252.log
2025-07-14 00:02:52 - INFO - Loaded 217 processed pins from history
2025-07-14 00:02:52 - INFO - Pinterest Multi-Level Scraper initialized
2025-07-14 00:02:52 - INFO - Found 217 previously processed pins
2025-07-14 00:02:52 - INFO - 🚀 Starting Pinterest Multi-Level Scraper
2025-07-14 00:02:52 - INFO - Keyword: 'Mexico Docs', Main pins: 5, Similar per main: -1
2025-07-14 00:02:52 - INFO - 🚀 Starting pin collection
2025-07-14 00:02:52 - INFO - 🔍 STEP 1: Getting 5 main pins for keyword: 'Mexico Docs'
2025-07-14 00:02:52 - DEBUG - Search URL: https://www.pinterest.com/search/pins/?q=Mexico+Docs
2025-07-14 00:02:54 - INFO - Navigating to search page
2025-07-14 00:02:55 - INFO - Setting page zoom to 25%
2025-07-14 00:02:55 - INFO - Waiting for page to fully load...
2025-07-14 00:02:55 - DEBUG - Waiting for page to be fully loaded...
2025-07-14 00:02:55 - DEBUG - DOM content loaded
2025-07-14 00:03:00 - DEBUG - Network idle achieved
2025-07-14 00:03:00 - DEBUG - Found selector: div[data-test-id='pin']
2025-07-14 00:03:02 - DEBUG - Page loading complete
2025-07-14 00:03:05 - DEBUG - Extracting main pin URLs from search page
2025-07-14 00:03:05 - DEBUG - Extracting pin ID from URL: https://www.pinterest.com/pin/579205202120185045/
2025-07-14 00:03:05 - DEBUG - Extracted pin ID (standard format): 579205202120185045
2025-07-14 00:03:05 - DEBUG - Extracting pin ID from URL: https://www.pinterest.com/pin/579205202120185045/
2025-07-14 00:03:05 - DEBUG - Extracted pin ID (standard format): 579205202120185045
2025-07-14 00:03:05 - DEBUG - Extracting pin ID from URL: https://www.pinterest.com/pin/37788084368666521/
2025-07-14 00:03:05 - DEBUG - Extracted pin ID (standard format): 37788084368666521
2025-07-14 00:03:05 - DEBUG - Extracting pin ID from URL: https://www.pinterest.com/pin/37788084368666521/
2025-07-14 00:03:05 - DEBUG - Extracted pin ID (standard format): 37788084368666521
2025-07-14 00:03:05 - DEBUG - Extracting pin ID from URL: https://www.pinterest.com/pin/308426274498905068/
2025-07-14 00:03:05 - DEBUG - Extracted pin ID (standard format): 308426274498905068
2025-07-14 00:03:05 - DEBUG - Extracting pin ID from URL: https://www.pinterest.com/pin/308426274498905068/
2025-07-14 00:03:05 - DEBUG - Extracted pin ID (standard format): 308426274498905068
2025-07-14 00:03:05 - DEBUG - Extracting pin ID from URL: https://www.pinterest.com/pin/205476801744462258/
2025-07-14 00:03:05 - DEBUG - Extracted pin ID (standard format): 205476801744462258
2025-07-14 00:03:05 - DEBUG - Extracting pin ID from URL: https://www.pinterest.com/pin/205476801744462258/
2025-07-14 00:03:05 - DEBUG - Extracted pin ID (standard format): 205476801744462258
2025-07-14 00:03:05 - DEBUG - Extracting pin ID from URL: https://www.pinterest.com/pin/844493672599093/
2025-07-14 00:03:05 - DEBUG - Extracted pin ID (standard format): 844493672599093
2025-07-14 00:03:05 - INFO - ✅ Successfully extracted 5 main pin URLs
2025-07-14 00:03:05 - INFO - ✅ Found 5 main pins
2025-07-14 00:03:05 - INFO - 🔽 STEP 3: Downloading 5 pins
2025-07-14 00:03:05 - DEBUG - Extracting pin ID from URL: https://www.pinterest.com/pin/37788084368666521/
2025-07-14 00:03:05 - DEBUG - Extracted pin ID (standard format): 37788084368666521
2025-07-14 00:03:05 - DEBUG - Pin 37788084368666521 already processed - skipping
2025-07-14 00:03:05 - DEBUG - Extracting pin ID from URL: https://www.pinterest.com/pin/308426274498905068/
2025-07-14 00:03:05 - DEBUG - Extracted pin ID (standard format): 308426274498905068
2025-07-14 00:03:05 - DEBUG - Pin 308426274498905068 already processed - skipping
2025-07-14 00:03:05 - DEBUG - Extracting pin ID from URL: https://www.pinterest.com/pin/844493672599093/
2025-07-14 00:03:05 - DEBUG - Extracted pin ID (standard format): 844493672599093
2025-07-14 00:03:05 - DEBUG - Pin 844493672599093 already processed - skipping
2025-07-14 00:03:05 - DEBUG - Extracting pin ID from URL: https://www.pinterest.com/pin/579205202120185045/
2025-07-14 00:03:05 - DEBUG - Extracted pin ID (standard format): 579205202120185045
2025-07-14 00:03:05 - DEBUG - Pin 579205202120185045 already processed - skipping
2025-07-14 00:03:05 - DEBUG - Extracting pin ID from URL: https://www.pinterest.com/pin/205476801744462258/
2025-07-14 00:03:05 - DEBUG - Extracted pin ID (standard format): 205476801744462258
2025-07-14 00:03:05 - DEBUG - Extracting pin ID from URL: https://www.pinterest.com/pin/205476801744462258/
2025-07-14 00:03:05 - DEBUG - Extracted pin ID (standard format): 205476801744462258
2025-07-14 00:03:05 - INFO - Processing pin: 205476801744462258
2025-07-14 00:03:05 - DEBUG - Extracting image URL from pin page: https://www.pinterest.com/pin/205476801744462258/
2025-07-14 00:03:07 - DEBUG - Navigating to pin page
2025-07-14 00:03:08 - DEBUG - Waiting for og:image meta tag
2025-07-14 00:03:08 - DEBUG - Successfully extracted image URL: https://i.pinimg.com/736x/04/40/cf/0440cf286826e9fa60c570c058defdc8.jpg
2025-07-14 00:03:08 - DEBUG - Getting highest quality URL for: https://i.pinimg.com/736x/04/40/cf/0440cf286826e9fa60c570c058defdc8.jpg
2025-07-14 00:03:08 - DEBUG - Original quality URL available
2025-07-14 00:03:08 - INFO - Downloading image from: https://i.pinimg.com/736x/04/40/cf/0440cf286826e9fa60c570c058defdc8.jpg
2025-07-14 00:03:09 - DEBUG - Saved 218 processed pins to history
2025-07-14 00:03:09 - DEBUG - Marked pin 205476801744462258 as processed
2025-07-14 00:03:09 - INFO - Successfully downloaded pin 205476801744462258 - Size: 50754 bytes
2025-07-14 00:03:09 - INFO - === MULTI-LEVEL SCRAPING COMPLETED ===
2025-07-14 00:03:09 - INFO - Duration: 0:00:16.695465
2025-07-14 00:03:09 - INFO - Main pins found: 5
2025-07-14 00:03:09 - INFO - Similar pins found: 0
2025-07-14 00:03:09 - INFO - Total unique pins: 0
2025-07-14 00:03:09 - INFO - Successful downloads: 1
2025-07-14 00:03:09 - INFO - Skipped duplicates: 4
2025-07-14 00:03:09 - INFO - Failed downloads: 0
2025-07-14 00:03:09 - INFO - Total processed pins in history: 218
